%  How to use:
%
%  ExportedModel takes 3 inputs and returns 3 outputs.
%
%  [t x rInfo] = ExportedModel(tspan,solver,options)
%  INPUTS: 
%  tspan - the time vector for the simulation. It can contain every time point, 
%  or just the start and end (e.g. [0 1 2 3] or [0 100]).
%  solver - the function handle for the odeN solver you wish to use (e.g. @ode23s).
%  options - this is the options structure returned from the MATLAB odeset
%  function used for setting tolerances and other parameters for the solver.
%  
%  OUTPUTS: 
%  t - the time vector that corresponds with the solution. If tspan only contains
%  the start and end times, t will contain points spaced out by the solver.
%  x - the simulation results.
%  rInfo - a structure containing information about the model. The fields
%  within rInfo are: 
%     stoich - the stoichiometry matrix of the model 
%     floatingSpecies - a cell array containing floating species name, initial
%     value, and indicator of the units being inconcentration or amount
%     compartments - a cell array containing compartment names and volumes
%     params - a cell array containing parameter names and values
%     boundarySpecies - a cell array containing boundary species name, initial
%     value, and indicator of the units being inconcentration or amount
%     rateRules - a cell array containing the names of variables used in a rate rule
%
%  Sample function call:
%     options = odeset('RelTol',1e-12,'AbsTol',1e-9);
%     [t x rInfo] = ExportedModel(linspace(0,100,100),@ode23s,options);
%
function [t x rInfo] = ExportedModel(tspan,solver,options)
    % initial conditions
    [x rInfo] = model();

    % initial assignments

    % assignment rules

    % run simulation
    [t x] = feval(solver,@model,tspan,x,options);

    % assignment rules

function [xdot rInfo] = model(time,x)

% List of Compartments 

% Global Parameters 
rInfo.g_p1 = 1;		% compartment
rInfo.g_p2 = 0;		% reaction1
rInfo.g_p3 = 1;		% k1
rInfo.g_p4 = 0;		% S2
rInfo.g_p5 = 0;		% S1

if (nargin == 0)

    % set initial conditions
   xdot(1) = rInfo.g_p5;
   xdot(2) = rInfo.g_p4;

   % reaction info structure
   rInfo.stoich = [
   ];

   rInfo.floatingSpecies = {		% Each row: [Species Name, Initial Value, isAmount (1 for amount, 0 for concentration)]
   };

   rInfo.compartments = {		% Each row: [Compartment Name, Value]
   };

   rInfo.params = {		% Each row: [Parameter Name, Value]
      'compartment' , 1
      'reaction1' , 0
      'k1' , 1
      'S2' , 0
      'S1' , 0
   };

   rInfo.boundarySpecies = {		% Each row: [Species Name, Initial Value, isAmount (1 for amount, 0 for concentration)]
   };

   rInfo.rateRules = { 		 % List of variables involved in a rate rule 
   'S1';
   'S2';
   };

else

    % listOfRules
   rInfo.g_p2 = rInfo.g_p1*rInfo.g_p3*rInfo.g_p5;
   rInfo.g_p5 = rInfo.g_p2*-1/rInfo.g_p1;
   rInfo.g_p4 = rInfo.g_p2/rInfo.g_p1;

    % calculate rates of change

   xdot = [
   rInfo.g_p2*-1/rInfo.g_p1;
   rInfo.g_p2/rInfo.g_p1;
   ];
end;


%listOfSupportedFunctions
function z = pow (x,y) 
    z = x^y; 


function z = sqr (x) 
    z = x*x; 


function z = piecewise(varargin) 
		numArgs = nargin; 
		result = 0; 
		foundResult = 0; 
		for k=1:2: numArgs-1 
			if varargin{k+1} == 1 
				result = varargin{k}; 
				foundResult = 1; 
				break; 
			end 
		end 
		if foundResult == 0 
			result = varargin{numArgs}; 
		end 
		z = result; 


function z = gt(a,b) 
   if a > b 
   	  z = 1; 
   else 
      z = 0; 
   end 


function z = lt(a,b) 
   if a < b 
   	  z = 1; 
   else 
      z = 0; 
   end 


function z = geq(a,b) 
   if a >= b 
   	  z = 1; 
   else 
      z = 0; 
   end 


function z = leq(a,b) 
   if a <= b 
   	  z = 1; 
   else 
      z = 0; 
   end 


function z = neq(a,b) 
   if a ~= b 
   	  z = 1; 
   else 
      z = 0; 
   end 


function z = and(varargin) 
		result = 1;		 
		for k=1:nargin 
		   if varargin{k} ~= 1 
		      result = 0; 
		      break; 
		   end 
		end 
		z = result; 


function z = or(varargin) 
		result = 0;		 
		for k=1:nargin 
		   if varargin{k} ~= 0 
		      result = 1; 
		      break; 
		   end 
		end 
		z = result; 


function z = xor(varargin) 
		foundZero = 0; 
		foundOne = 0; 
		for k = 1:nargin 
			if varargin{k} == 0 
			   foundZero = 1; 
			else 
			   foundOne = 1; 
			end 
		end 
		if foundZero && foundOne 
			z = 1; 
		else 
		  z = 0; 
		end 
		 


function z = not(a) 
   if a == 1 
   	  z = 0; 
   else 
      z = 1; 
   end 


function z = root(a,b) 
	z = a^(1/b); 
 


