Optimizer Tuning Parameters:
    Algorithm       ggopt
    Max # runs      20
    Min RMS error   0.0
    Min par step    0.0
    Max # iter      10
    Min gradient    0.0
    Relative error  0.0

Parameters to Vary:
   Parameter        Start     
       a0         1.11485E1   
       a1        26.87070084  
       a2           -4.401    
       b0           .9023     
       b1         2.7609999   
       b2        -0.48480001  

Data to Match:
   Curve        Par/Expr         Point Wgts     Curve Wgt   
  NoiseT            X                1              1       
  NoiseX            T                1              1       

Optimization Results:
   termination status   Met # calls stopping criterion
   # evaluations        20
   best RMS error       7.383 on run #19

   RMS and relative RMS (RRMS) error for each curve at run #19:
     Curve           RMS            RRMS     
     NoiseT         1.223            -       
     NoiseX        11.5057           -       

   best parameter values:
   Parm        value       +/- 1SD     90%       95%       99%   
    a0        11.1485       2.194     3.626     4.326     5.706  
    a1      26.60199301     1.014     1.676       2       2.637  
    a2        -4.44501      .0981     .1621     .1935     .2552  
    b0         .9023        2.194     3.626     4.326     5.706  
    b1         2.761        1.014     1.676       2       2.637  
    b2        -0.4848       .0981     .1621     .1935     .2552  

Correlation matrix: (condition number=2.083E4)
              a0        a1        a2        b0        b1        b2    
    a0         1      -0.8611    .7379       0         0         0    
    a1      -0.8611      1      -0.9677     -0        -0        -0    
    a2       .7379    -0.9677      1         0         0         0    
    b0         0         0         0         1      -0.8611    .7379  
    b1        -0        -0        -0      -0.8611      1      -0.9677 
    b2         0         0         0       .7379    -0.9677      1    

   run#       a0        a1        a2        b0        b1        b2     RMS error
     1      11.1485   26.8707   -4.401     .9023     2.761    -0.4848    8.807  
     2       11.26    26.8707   -4.401     .9023     2.761    -0.4848    8.836  
     3      11.1485   27.1394   -4.401     .9023     2.761    -0.4848    9.519  
     4      11.1485   26.8707   -4.445     .9023     2.761    -0.4848    7.883  
     5      11.1485   26.8707   -4.401     .9113     2.761    -0.4848    8.807  
     6      11.1485   26.8707   -4.401     .9023     2.789    -0.4848    8.799  
     7      11.1485   26.8707   -4.401     .9023     2.761    -0.4896    8.82   
     8      11.037    26.8707   -4.401     .9023     2.761    -0.4848    8.779  
     9      11.1485   26.602    -4.401     .9023     2.761    -0.4848    8.182  
    10      11.1485   26.8707   -4.357     .9023     2.761    -0.4848    9.845  
    11      11.1485   26.8707   -4.401     .8933     2.761    -0.4848    8.808  
    12      11.1485   26.8707   -4.401     .9023     2.733    -0.4848    8.817  
    13      11.1485   26.8707   -4.401     .9023     2.761     -0.48     8.797  
    14      11.037    27.1394   -4.401     .9023     2.761    -0.4848    9.485  
    15      11.037    26.8707   -4.445     .9023     2.761    -0.4848    7.862  
    16      11.037    26.8707   -4.401     .9113     2.761    -0.4848    8.779  
    17      11.037    26.8707   -4.401     .9023     2.789    -0.4848    8.771  
    18      11.037    26.8707   -4.401     .9023     2.761    -0.4896    8.793  
    19      11.1485   26.602    -4.445     .9023     2.761    -0.4848    7.383  
    20      11.1485   26.602    -4.401     .9113     2.761    -0.4848    8.182  

