t.min = { 0 } sec
t.max = { 10 } sec
t.ct = { 11 } dimensionless
t.delta = { 1 } sec
C1.vol = { 10 } liter
C2.vol = { 5 } liter
C1.A__init = { 0 } mM
C2.A__init = { 0 } mM
t = { 0 1 2 3 4 5 6 7 8 9 10 } sec
J1.A(t) = { (0,0) (1,0) (2,0) (3,0) (4,0) (5,0) (6,0) (7,0) (8,0) (9,0) (10,0) } mM
J1.F2wgt(t) = { (0,2) (1,2) (2,2) (3,2) (4,2) (5,2) (6,2) (7,2) (8,2) (9,2) (10,2) } dimensionless
J1.F3wgt(t) = { (0,1) (1,1) (2,1) (3,1) (4,1) (5,1) (6,1) (7,1) (8,1) (9,1) (10,1) } dimensionless
J2.A(t) = { (0,0) (1,.06449301) (2,.12482668) (3,.18126925) (4,.23407166) (5,.28346869) (6,.32967995) (7,.37291091) (8,.41335378) (9,.45118836) (10,.48658288) } mM
C1.A(t) = { (0,0) (1,.09673952) (2,.18724002) (3,.27190387) (4,.35110749) (5,.42520303) (6,.49451993) (7,.55936637) (8,.62003067) (9,.67678255) (10,.72987432) } mM
C2.A(t) = { (0,0) (1,0) (2,0) (3,0) (4,0) (5,0) (6,0) (7,0) (8,0) (9,0) (10,0) } mM
Q1.flux(t) = { (0,1) (1,1) (2,1) (3,1) (4,1) (5,1) (6,1) (7,1) (8,1) (9,1) (10,1) } mmol/sec
F1.flow(t) = { (0,1) (1,1) (2,1) (3,1) (4,1) (5,1) (6,1) (7,1) (8,1) (9,1) (10,1) } liter/sec
F1.A(t) = { (0,0) (1,0) (2,0) (3,0) (4,0) (5,0) (6,0) (7,0) (8,0) (9,0) (10,0) } mM
F2.flow(t) = { (0,.66666667) (1,.66666667) (2,.66666667) (3,.66666667) (4,.66666667) (5,.66666667) (6,.66666667) (7,.66666667) (8,.66666667) (9,.66666667) (10,.66666667) } liter/sec
F2.A(t) = { (0,0) (1,0) (2,0) (3,0) (4,0) (5,0) (6,0) (7,0) (8,0) (9,0) (10,0) } mM
F3.flow(t) = { (0,.33333333) (1,.33333333) (2,.33333333) (3,.33333333) (4,.33333333) (5,.33333333) (6,.33333333) (7,.33333333) (8,.33333333) (9,.33333333) (10,.33333333) } liter/sec
F3.A(t) = { (0,0) (1,0) (2,0) (3,0) (4,0) (5,0) (6,0) (7,0) (8,0) (9,0) (10,0) } mM
F4.flow(t) = { (0,.66666667) (1,.66666667) (2,.66666667) (3,.66666667) (4,.66666667) (5,.66666667) (6,.66666667) (7,.66666667) (8,.66666667) (9,.66666667) (10,.66666667) } liter/sec
F4.A(t) = { (0,0) (1,.09673952) (2,.18724002) (3,.27190387) (4,.35110749) (5,.42520303) (6,.49451993) (7,.55936637) (8,.62003067) (9,.67678255) (10,.72987432) } mM
F5.flow(t) = { (0,.33333333) (1,.33333333) (2,.33333333) (3,.33333333) (4,.33333333) (5,.33333333) (6,.33333333) (7,.33333333) (8,.33333333) (9,.33333333) (10,.33333333) } liter/sec
F5.A(t) = { (0,0) (1,0) (2,0) (3,0) (4,0) (5,0) (6,0) (7,0) (8,0) (9,0) (10,0) } mM
F6.flow(t) = { (0,1) (1,1) (2,1) (3,1) (4,1) (5,1) (6,1) (7,1) (8,1) (9,1) (10,1) } liter/sec
F6.A(t) = { (0,0) (1,.06449301) (2,.12482668) (3,.18126925) (4,.23407166) (5,.28346869) (6,.32967995) (7,.37291091) (8,.41335378) (9,.45118836) (10,.48658288) } mM
C1.A:t(t) = { (0,.1) (1,.0935507) (2,.08751733) (3,.08187308) (4,.07659283) (5,.07165313) (6,.067032) (7,.06270891) (8,.05866462) (9,.05488116) (10,.05134171) } mM/sec
C2.A:t(t) = { (0,0) (1,0) (2,0) (3,0) (4,0) (5,0) (6,0) (7,0) (8,0) (9,0) (10,0) } mM/sec
