"time"	"Cin"	"Cout"	
"sec"	"dimensionless"	"Molar"	
0	1	0	
.1	.9048	0	
.2	.8187	0	
.3	.7408	0	
.4	.6703	0	
.5	.6065	0	
.6	.5488	0	
.7	.4966	0	
.8	.4493	0	
.9	.4066	0	
1	.3679	0	
1.1	.3329	0	
1.2	.3012	0	
1.3	.2725	0	
1.4	.2466	6.091E-4	
1.5	.2231	.0026	
1.6	.2019	.0079	
1.7	.1827	.0108	
1.8	.1653	.0183	
1.9	.1496	.0229	
2	.1353	.0355	
2.1	.1225	.034	
2.2	.1108	.0626	
2.3	.1003	.0606	
2.4	.0907	.0654	
2.5	.0821	.1054	
2.6	.0743	.1009	
2.7	.0672	.1005	
2.8	.0608	.1434	
2.9	.055	.1575	
3	.0498	.1566	
3.1	.045	.1519	
3.2	.0408	.1875	
3.3	.0369	.2242	
3.4	.0334	.2217	
3.5	.0302	.2153	
3.6	.0273	.1981	
3.7	.0247	.2241	
3.8	.0224	.2818	
3.9	.0202	.2763	
4	.0183	.2676	
4.1	.0166	.2511	
4.2	.015	.2197	
4.3	.0136	.2088	
4.4	.0123	.2964	
4.5	.0111	.2917	
4.6	.0101	.2772	
4.7	.0091	.2706	
4.8	.0082	.2386	
4.9	.0074	.2275	
5	.0067	.1664	
5.1	.0061	.1964	
5.2	.0055	.2513	
5.3	.005	.2381	
5.4	.0045	.2272	
5.5	.0041	.2241	
5.6	.0037	.1928	
5.7	.0033	.1835	
5.8	.003	.1792	
5.9	.0027	.1213	
6	.0025	.1166	
6.1	.0022	.1358	
6.2	.002	.1607	
6.3	.0018	.1527	
6.4	.0017	.146	
6.5	.0015	.1416	
6.6	.0014	.1249	
6.7	.0012	.1169	
6.8	.0011	.1135	
6.9	.001	.1037	
7	9.119E-4	.0816	
7.1	8.251E-4	.0675	
7.2	7.466E-4	.0673	
7.3	6.755E-4	.0633	
7.4	6.113E-4	.0642	
7.5	5.531E-4	.073	
7.6	5.005E-4	.0728	
7.7	4.528E-4	.0725	
7.8	4.097E-4	.0723	
7.9	3.707E-4	.0611	
8	3.355E-4	.057	
8.1	3.035E-4	.049	
8.2	2.747E-4	.0481	
8.3	2.485E-4	.0478	
8.4	2.249E-4	.0476	
8.5	2.035E-4	.0343	
8.6	1.841E-4	.0294	
8.7	1.666E-4	.0285	
8.8	1.507E-4	.0206	
8.9	1.364E-4	.0192	
9	1.234E-4	.0191	
9.1	1.117E-4	.0228	
9.2	1.01E-4	.0289	
9.3	9.142E-5	.0285	
9.4	8.272E-5	.028	
9.5	7.485E-5	.0272	
9.6	6.773E-5	.0201	
9.7	6.128E-5	.0179	
9.8	5.545E-5	.0179	
9.9	5.017E-5	.0179	
10	4.54E-5	.0175	
10.1	4.108E-5	.0174	
10.2	3.717E-5	.0172	
10.3	3.363E-5	.0167	
10.4	3.043E-5	.0143	
10.5	2.754E-5	.0087	
10.6	2.492E-5	.007	
10.7	2.254E-5	.0056	
10.8	2.04E-5	.0056	
10.9	1.846E-5	.0056	
11	1.67E-5	.0055	
11.1	1.511E-5	.0053	
11.2	1.367E-5	.0052	
11.3	1.237E-5	.0051	
11.4	1.12E-5	.008	
11.5	1.013E-5	.0083	
11.6	9.166E-6	.0083	
11.7	8.294E-6	.0072	
11.8	7.505E-6	.0053	
11.9	6.79E-6	.0053	
12	6.144E-6	.0053	
12.1	5.56E-6	.0053	
12.2	5.03E-6	.0053	
12.3	4.552E-6	.0051	
12.4	4.119E-6	.0051	
12.5	3.727E-6	.005	
12.6	3.372E-6	.005	
12.7	3.051E-6	.0049	
12.8	2.761E-6	.0047	
12.9	2.498E-6	.0047	
13	2.26E-6	.003	
13.1	2.045E-6	.0013	
13.2	1.851E-6	.0012	
13.3	1.674E-6	.0012	
13.4	1.515E-6	.0012	
13.5	1.371E-6	.0011	
13.6	1.24E-6	.0011	
13.7	1.122E-6	.0011	
13.8	1.016E-6	.0011	
13.9	0	.001	
14	0	.001	
14.1	0	.001	
14.2	0	.001	
14.3	0	9.941E-4	
14.4	0	.002	
14.5	0	.002	
14.6	0	.0018	
14.7	0	.0014	
14.8	0	.0014	
14.9	0	.0014	
15	0	.0014	
15.1	0	.0014	
15.2	0	.0014	
15.3	0	.0014	
15.4	0	.0014	
15.5	0	.0014	
15.6	0	.0014	
15.7	0	.0013	
15.8	0	.0013	
15.9	0	.0013	
16	0	.0013	
16.1	0	.0013	
16.2	0	.0013	
16.3	0	.0012	
16.4	0	7.623E-4	
16.5	0	1.984E-4	
16.6	0	1.981E-4	
16.7	0	1.964E-4	
16.8	0	1.957E-4	
16.9	0	1.951E-4	
17	0	1.835E-4	
17.1	0	1.802E-4	
17.2	0	1.801E-4	
17.3	0	1.801E-4	
17.4	0	1.801E-4	
17.5	0	1.799E-4	
17.6	0	1.789E-4	
17.7	0	1.785E-4	
17.8	0	1.785E-4	
17.9	0	1.641E-4	
18	0	1.569E-4	
18.1	0	1.558E-4	
18.2	0	1.555E-4	
18.3	0	4.61E-4	
18.4	0	4.9E-4	
18.5	0	3.821E-4	
18.6	0	3.638E-4	
18.7	0	3.637E-4	
18.8	0	3.637E-4	
18.9	0	3.637E-4	
19	0	3.637E-4	
19.1	0	3.635E-4	
19.2	0	3.632E-4	
19.3	0	3.631E-4	
19.4	0	3.63E-4	
19.5	0	3.614E-4	
19.6	0	3.582E-4	
19.7	0	3.579E-4	
19.8	0	3.579E-4	
19.9	0	3.579E-4	
20	0	3.578E-4	
20.1	0	3.578E-4	
20.2	0	3.577E-4	
20.3	0	3.576E-4	
20.4	0	3.576E-4	
20.5	0	3.531E-4	
20.6	0	3.415E-4	
20.7	0	3.415E-4	
20.8	0	3.415E-4	
20.9	0	1.047E-4	
21	0	2.833E-5	
21.1	0	2.827E-5	
21.2	0	2.748E-5	
21.3	0	2.743E-5	
21.4	0	2.741E-5	
21.5	0	2.741E-5	
21.6	0	2.741E-5	
21.7	0	2.741E-5	
21.8	0	2.741E-5	
21.9	0	2.741E-5	
22	0	2.74E-5	
22.1	0	2.739E-5	
22.2	0	2.736E-5	
22.3	0	2.733E-5	
22.4	0	2.732E-5	
22.5	0	2.732E-5	
22.6	0	2.585E-5	
22.7	0	2.526E-5	
22.8	0	2.513E-5	
22.9	0	2.509E-5	
23	0	2.509E-5	
23.1	0	5.145E-5	
23.2	0	1.247E-4	
23.3	0	1.247E-4	
23.4	0	1.247E-4	
23.5	0	1.11E-4	
23.6	0	1.018E-4	
23.7	0	1.018E-4	
23.8	0	1.018E-4	
23.9	0	1.018E-4	
24	0	1.018E-4	
24.1	0	1.018E-4	
24.2	0	1.018E-4	
24.3	0	1.018E-4	
24.4	0	1.018E-4	
24.5	0	1.018E-4	
24.6	0	1.017E-4	
24.7	0	1.015E-4	
24.8	0	1.015E-4	
24.9	0	1.015E-4	
25	0	1.015E-4	
25.1	0	1.015E-4	
25.2	0	1.015E-4	
25.3	0	1.015E-4	
25.4	0	1.015E-4	
25.5	0	1.015E-4	
25.6	0	1.015E-4	
25.7	0	1.015E-4	
25.8	0	1.015E-4	
25.9	0	1.015E-4	
26	0	1.015E-4	
26.1	0	1.007E-4	
26.2	0	9.981E-5	
26.3	0	9.981E-5	
26.4	0	8.45E-5	
26.5	0	3.811E-6	
26.6	0	3.811E-6	
26.7	0	3.792E-6	
26.8	0	3.777E-6	
26.9	0	3.778E-6	
27	0	3.778E-6	
27.1	0	3.778E-6	
27.2	0	3.778E-6	
27.3	0	3.777E-6	
27.4	0	3.777E-6	
27.5	0	3.777E-6	
27.6	0	3.777E-6	
27.7	0	3.776E-6	
27.8	0	3.776E-6	
27.9	0	3.776E-6	
28	0	3.776E-6	
28.1	0	3.776E-6	
28.2	0	3.776E-6	
28.3	0	3.776E-6	
28.4	0	3.776E-6	
28.5	0	2.372E-5	
28.6	0	3.331E-5	
28.7	0	3.327E-5	
28.8	0	3.318E-5	
28.9	0	3.318E-5	
29	0	3.318E-5	
29.1	0	3.318E-5	
29.2	0	3.318E-5	
29.3	0	3.318E-5	
29.4	0	3.318E-5	
29.5	0	3.318E-5	
29.6	0	3.318E-5	
29.7	0	3.299E-5	
29.8	0	2.968E-5	
29.9	0	2.968E-5	
30	0	2.968E-5	
