"time"	"Cin_vascular"	"Cout_v"	
0	1	0	
.1	.9048	0	
.2	.8187	0	
.3	.7408	0	
.4	.6703	0	
.5	.6065	0	
.6	.5488	.0026	
.7	.4966	.0134	
.8	.4493	.0312	
.9	.4066	.0584	
1	.3679	.0914	
1.1	.3329	.1258	
1.2	.3012	.195	
1.3	.2725	.2105	
1.4	.2466	.3049	
1.5	.2231	.2876	
1.6	.2019	.4033	
1.7	.1827	.3932	
1.8	.1653	.3868	
1.9	.1496	.4724	
2	.1353	.4413	
2.1	.1225	.3913	
2.2	.1108	.4629	
2.3	.1003	.4455	
2.4	.0907	.4042	
2.5	.0821	.3596	
2.6	.0743	.3689	
2.7	.0672	.3696	
2.8	.0608	.3392	
2.9	.055	.3126	
3	.0498	.2715	
3.1	.045	.2562	
3.2	.0408	.2548	
3.3	.0369	.2475	
3.4	.0334	.219	
3.5	.0302	.196	
3.6	.0273	.1844	
3.7	.0247	.1641	
3.8	.0224	.1409	
3.9	.0202	.1454	
4	.0183	.1412	
4.1	.0166	.1192	
4.2	.015	.1105	
4.3	.0136	.1041	
4.4	.0123	.0964	
4.5	.0111	.0815	
4.6	.0101	.0719	
4.7	.0091	.0686	
4.8	.0082	.0632	
4.9	.0074	.0631	
5	.0067	.0554	
5.1	.0061	.0488	
5.2	.0055	.0471	
5.3	.005	.0427	
5.4	.0045	.0396	
5.5	.0041	.0363	
5.6	.0037	.0299	
5.7	.0033	.0265	
5.8	.003	.0258	
5.9	.0027	.0237	
6	.0025	.0209	
6.1	.0022	.02	
6.2	.002	.0193	
6.3	.0018	.0173	
6.4	.0017	.0148	
6.5	.0015	.0144	
6.6	.0014	.0137	
6.7	.0012	.0123	
6.8	.0011	.0113	
6.9	.001	.0103	
7	9.119E-4	.0088	
7.1	8.251E-4	.0078	
7.2	7.466E-4	.0072	
7.3	6.755E-4	.0061	
7.4	6.113E-4	.006	
7.5	5.531E-4	.0055	
7.6	5.005E-4	.0051	
7.7	4.528E-4	.0046	
7.8	4.097E-4	.0044	
7.9	3.707E-4	.004	
8	3.355E-4	.0037	
8.1	3.035E-4	.0036	
8.2	2.747E-4	.0033	
8.3	2.485E-4	.003	
8.4	2.249E-4	.0027	
8.5	2.035E-4	.0026	
8.6	1.841E-4	.0024	
8.7	1.666E-4	.0023	
8.8	1.507E-4	.002	
8.9	1.364E-4	.0018	
9	1.234E-4	.0014	
9.1	1.117E-4	.0012	
9.2	1.01E-4	.0011	
9.3	9.142E-5	.0011	
9.4	8.272E-5	.001	
9.5	7.485E-5	9.523E-4	
9.6	6.773E-5	8.777E-4	
9.7	6.128E-5	7.741E-4	
9.8	5.545E-5	6.9E-4	
9.9	5.017E-5	7.826E-4	
10	4.54E-5	8.086E-4	
10.1	4.108E-5	6.298E-4	
10.2	3.717E-5	6.015E-4	
10.3	3.363E-5	5.91E-4	
10.4	3.043E-5	5.671E-4	
10.5	2.754E-5	5.151E-4	
10.6	2.492E-5	4.722E-4	
10.7	2.254E-5	4.481E-4	
10.8	2.04E-5	4.396E-4	
10.9	1.846E-5	4.265E-4	
11	1.67E-5	4.066E-4	
11.1	1.511E-5	3.98E-4	
11.2	1.367E-5	3.419E-4	
11.3	1.237E-5	2.571E-4	
11.4	1.12E-5	1.723E-4	
11.5	1.013E-5	1.577E-4	
11.6	9.166E-6	1.556E-4	
11.7	8.294E-6	1.447E-4	
11.8	7.505E-6	1.37E-4	
11.9	6.79E-6	1.284E-4	
12	6.144E-6	1.234E-4	
12.1	5.56E-6	1.192E-4	
12.2	5.03E-6	1.598E-4	
12.3	4.552E-6	1.57E-4	
12.4	4.119E-6	1.468E-4	
12.5	3.727E-6	1.444E-4	
12.6	3.372E-6	1.4E-4	
12.7	3.051E-6	1.284E-4	
12.8	2.761E-6	1.02E-4	
12.9	2.498E-6	9.888E-5	
13	2.26E-6	9.806E-5	
13.1	2.045E-6	9.687E-5	
13.2	1.851E-6	9.319E-5	
13.3	1.674E-6	9.013E-5	
13.4	1.515E-6	8.719E-5	
13.5	1.371E-6	8.381E-5	
13.6	1.24E-6	8.259E-5	
13.7	1.122E-6	8.156E-5	
13.8	1.016E-6	8.134E-5	
13.9	0	6.834E-5	
14	0	3.119E-5	
14.1	0	3.876E-5	
14.2	0	3.782E-5	
14.3	0	3.749E-5	
14.4	0	3.72E-5	
14.5	0	3.64E-5	
14.6	0	3.479E-5	
14.7	0	3.414E-5	
14.8	0	3.398E-5	
14.9	0	3.373E-5	
15	0	3.324E-5	
15.1	0	3.281E-5	
15.2	0	3.262E-5	
15.3	0	3.248E-5	
15.4	0	3.228E-5	
15.5	0	3.203E-5	
15.6	0	3.007E-5	
15.7	0	2.288E-5	
15.8	0	2.084E-5	
15.9	0	2.067E-5	
16	0	2.057E-5	
16.1	0	1.49E-5	
16.2	0	5.734E-6	
16.3	0	5.648E-6	
16.4	0	5.592E-6	
16.5	0	5.545E-6	
16.6	0	5.491E-6	
16.7	0	5.421E-6	
16.8	0	5.188E-6	
16.9	0	5.115E-6	
17	0	4.727E-6	
17.1	0	4.583E-6	
17.2	0	4.57E-6	
17.3	0	4.546E-6	
17.4	0	4.037E-6	
17.5	0	3.019E-6	
17.6	0	2.994E-6	
17.7	0	2.962E-6	
17.8	0	2.949E-6	
17.9	0	2.902E-6	
18	0	2.871E-6	
18.1	0	2.518E-6	
18.2	0	0	
18.3	0	0	
18.4	0	0	
18.5	0	0	
18.6	0	0	
18.7	0	0	
18.8	0	0	
18.9	0	0	
19	0	0	
19.1	0	0	
19.2	0	0	
19.3	0	0	
19.4	0	0	
19.5	0	0	
19.6	0	0	
19.7	0	0	
19.8	0	0	
19.9	0	0	
20	0	0	
20.1	0	0	
20.2	0	0	
20.3	0	0	
20.4	0	0	
20.5	0	0	
20.6	0	0	
20.7	0	0	
20.8	0	0	
20.9	0	0	
21	0	0	
21.1	0	0	
21.2	0	0	
21.3	0	0	
21.4	0	0	
21.5	0	0	
21.6	0	0	
21.7	0	0	
21.8	0	0	
21.9	0	0	
22	0	0	
22.1	0	0	
22.2	0	0	
22.3	0	0	
22.4	0	0	
22.5	0	0	
22.6	0	0	
22.7	0	0	
22.8	0	0	
22.9	0	0	
23	0	0	
23.1	0	0	
23.2	0	0	
23.3	0	0	
23.4	0	0	
23.5	0	0	
23.6	0	0	
23.7	0	0	
23.8	0	0	
23.9	0	0	
24	0	0	
24.1	0	0	
24.2	0	0	
24.3	0	0	
24.4	0	0	
24.5	0	0	
24.6	0	0	
24.7	0	0	
24.8	0	0	
24.9	0	0	
25	0	0	
25.1	0	0	
25.2	0	0	
25.3	0	0	
25.4	0	0	
25.5	0	0	
25.6	0	0	
25.7	0	0	
25.8	0	0	
25.9	0	0	
26	0	0	
26.1	0	0	
26.2	0	0	
26.3	0	0	
26.4	0	0	
26.5	0	0	
26.6	0	0	
26.7	0	0	
26.8	0	0	
26.9	0	0	
27	0	0	
27.1	0	0	
27.2	0	0	
27.3	0	0	
27.4	0	0	
27.5	0	0	
27.6	0	0	
27.7	0	0	
27.8	0	0	
27.9	0	0	
28	0	0	
28.1	0	0	
28.2	0	0	
28.3	0	0	
28.4	0	0	
28.5	0	0	
28.6	0	0	
28.7	0	0	
28.8	0	0	
28.9	0	0	
29	0	0	
29.1	0	0	
29.2	0	0	
29.3	0	0	
29.4	0	0	
29.5	0	0	
29.6	0	0	
29.7	0	0	
29.8	0	0	
29.9	0	0	
30	0	0	
