       t             u1             u2             u3             u4       
                                                                           
      -1              0              0              0              0       
     -0.9           1E-3           1E-3            .1             .01      
     -0.8           .008           .008            .2             .04      
     -0.7           .027           .027            .3             .09      
     -0.6           .064           .064            .4             .16      
     -0.5           .125           .125            .5             .25      
     -0.4           .216           .216            .6             .36      
     -0.3           .343           .343            .7             .49      
     -0.2           .512           .512            .8             .64      
     -0.1           .729           .729            .9             .81      
       0              1              1              1              1       
      .1            .729           .729            .9             .81      
      .2            .512           .512            .8             .64      
      .3            .343           .343            .7             .49      
      .4            .216           .216            .6             .36      
      .5            .125           .125            .5             .25      
      .6            .064           .064            .4             .16      
      .7            .027           .027            .3             .09      
      .8            .008           .008            .2             .04      
      .9            .001           .001            .1             .01      
       1              0              0              0              0       

      uu                      
       s              t       
                              
                     -1            -0.9           -0.8           -0.7           -0.6           -0.5           -0.4           -0.3           -0.2           -0.1             0             .1             .2             .3             .4             .5             .6             .7             .8             .9              1       
      -1              0              0              0              0              0              0              0              0              0              0              0              0              0              0              0              0              0              0              0              0              0       
     -0.9             0            1E-3           .002           .003           .004           .005           .006           .007           .008           .009            .01           .009           .008           .007           .006           .005           .004           .003           .002           .001             0       
     -0.8             0            .004           .008           .012           .016            .02           .024           .028           .032           .036            .04           .036           .032           .028           .024            .02           .016           .012           .008           .004             0       
     -0.7             0            .009           .018           .027           .036           .045           .054           .063           .072           .081            .09           .081           .072           .063           .054           .045           .036           .027           .018           .009             0       
     -0.6             0            .016           .032           .048           .064            .08           .096           .112           .128           .144            .16           .144           .128           .112           .096            .08           .064           .048           .032           .016             0       
     -0.5             0            .025            .05           .075            .1            .125            .15           .175            .2            .225            .25           .225            .2            .175            .15           .125            .1            .075            .05           .025             0       
     -0.4             0            .036           .072           .108           .144            .18           .216           .252           .288           .324            .36           .324           .288           .252           .216            .18           .144           .108           .072           .036             0       
     -0.3             0            .049           .098           .147           .196           .245           .294           .343           .392           .441            .49           .441           .392           .343           .294           .245           .196           .147           .098           .049             0       
     -0.2             0            .064           .128           .192           .256            .32           .384           .448           .512           .576            .64           .576           .512           .448           .384            .32           .256           .192           .128           .064             0       
     -0.1             0            .081           .162           .243           .324           .405           .486           .567           .648           .729            .81           .729           .648           .567           .486           .405           .324           .243           .162           .081             0       
       0              0             .1             .2             .3             .4             .5             .6             .7             .8             .9              1             .9             .8             .7             .6             .5             .4             .3             .2             .1              0       
      .1              0            .081           .162           .243           .324           .405           .486           .567           .648           .729            .81           .729           .648           .567           .486           .405           .324           .243           .162           .081             0       
      .2              0            .064           .128           .192           .256            .32           .384           .448           .512           .576            .64           .576           .512           .448           .384            .32           .256           .192           .128           .064             0       
      .3              0            .049           .098           .147           .196           .245           .294           .343           .392           .441            .49           .441           .392           .343           .294           .245           .196           .147           .098           .049             0       
      .4              0            .036           .072           .108           .144            .18           .216           .252           .288           .324            .36           .324           .288           .252           .216            .18           .144           .108           .072           .036             0       
      .5              0            .025            .05           .075            .1            .125            .15           .175            .2            .225            .25           .225            .2            .175            .15           .125            .1            .075            .05           .025             0       
      .6              0            .016           .032           .048           .064            .08           .096           .112           .128           .144            .16           .144           .128           .112           .096            .08           .064           .048           .032           .016             0       
      .7              0            .009           .018           .027           .036           .045           .054           .063           .072           .081            .09           .081           .072           .063           .054           .045           .036           .027           .018           .009             0       
      .8              0            .004           .008           .012           .016            .02           .024           .028           .032           .036            .04           .036           .032           .028           .024            .02           .016           .012           .008           .004             0       
      .9              0            .001           .002           .003           .004           .005           .006           .007           .008           .009            .01           .009           .008           .007           .006           .005           .004           .003           .002           .001             0       
       1              0              0              0              0              0              0              0              0              0              0              0              0              0              0              0              0              0              0              0              0              0       

