// JSim generated model JS100imp_quad
 
import java.lang.Math;
import JSim.util.*;
import JSim.expr.*;
import JSim.data.*;
import JSim.jruntime.*;
import JSim.aserver.*;
import JSim.nml.math.NatMath;
 
// JS100imp_quad model
public class JS100imp_quad extends RTModel {

    // variable declarations
    public RTRealNVar JSa;
    public RTRealNVar JSb;
    public RTRealNVar JSc;
    public RTRealNVar JSu;
     
    // F&P declarations
    
    // solver declarations
    public Fzero2Problem__u fzero2problem__u;
     
    // RT model constructor
    public JS100imp_quad(UnitNList u,ASServer.Messenger m) throws Xcept {
        super("JS100imp_quad", u, m);
         
        // units used in model
        units.add("dimensionless", Unit.parse(this, "1  dimensionless"));
        units.add("radian", Unit.parse(this, "1  dimensionless"));
         
        // var instantiation
        JSa = new RTRealNVar(this, "a","dimensionless",1,null);
        JSb = new RTRealNVar(this, "b","dimensionless",1,null);
        JSc = new RTRealNVar(this, "c","dimensionless",1,null);
        JSu = new RTRealNVar(this, "u","dimensionless",2,null);
         
        // input defaults
        JSa.setDefault("1");
        JSb.setDefault("-5");
        JSc.setDefault("6");
        
        // F&P initialization
        
        // solver instantiation
        fzero2problem__u = new Fzero2Problem__u(this);
        
    }
    
    // simple main methods
    public boolean defaultUnitCorrect() { return false; }
    public boolean allowMPRuns() { return true; }
    public void mainline(RTContext ctxt) throws Xcept { ((XContext) ctxt).mainline(); }
    public RTContext newRunContext(int threadInx, int nproc, RTDataStore s) { return new XContext(this, threadInx, nproc, s); }
    
    // every Nth point support
    public boolean runTimeNthSupported(RTRealDomain x) {
        return true;
    }
    
    // Implicit block solving [u]
    public class Fzero2Problem__u extends Fzero2Problem {
        public Fzero2Problem__u(RTModel m) throws Xcept {
            super(m, "Fzero2Problem__u",1);
        }
        public void setBounds(RTContext ctxt,double[] vmin,double[] vmax,double[] vguess) throws Xcept {
            ((XContext) ctxt).setBounds__u(vmin,vmax,vguess);
        }
        public void calcZero(RTContext ctxt,double[] val,double[] zero) throws Xcept {
            ((XContext) ctxt).calcZero__u(val,zero);
            ncallbacks++;
        }
        public void export(RTContext ctxt,double[] val) throws Xcept {
            ((XContext) ctxt).export__u(val);
        }
    }
     
    // model-specific context
    public class XContext extends RTContext {
        // global caches
        private double js0a;
        private double js0b;
        private double js0c;
        private double js1u;
        
        // context constructor
        public XContext(RTModel m, int threadInx, int nproc, RTDataStore s) { super(m, threadInx, nproc, s, false); }
        
        // trace NaN causes abort?
        public boolean abortNaN() { return false; }
        
        // ctxt mainline
        public void mainline() throws Xcept {
            js0c = realVal(JSc);
            js0b = realVal(JSb);
            js0a = realVal(JSa);
            fzero2problem__u.solve(this);
        }
        
        // ctxt methods for Fzero2Problem__u
        public void setBounds__u(double[] vmin,double[] vmax,double[] vguess) throws Xcept {
        }
        public void calcZero__u(double[] vals,double[] zeroes) throws Xcept {
            js1u=vals[0];
            zeroes[0]=(((js0a*NatMath.pow(js1u,2))+(js0b*js1u))+js0c);
        }
        public void export__u(double[] vals) throws Xcept {
            set(JSu,vals[0]);
        }
        // ctxt methods for F&P
    }
     
}


