// JSim generated model JS100integ_new_nest
 
import java.lang.Math;
import JSim.util.*;
import JSim.expr.*;
import JSim.data.*;
import JSim.jruntime.*;
import JSim.aserver.*;
import JSim.nml.math.NatMath;
 
// JS100integ_new_nest model
public class JS100integ_new_nest extends RTModel {

    // variable declarations
    public RTRealDomain JSt;
    public RTRealNVar JSt__min;
    public RTRealNVar JSt__max;
    public RTIntNVar JSt__ct;
    public RTRealNVar JSt__delta;
    public RTRealDomain JSx;
    public RTRealNVar JSx__min;
    public RTRealNVar JSx__max;
    public RTIntNVar JSx__ct;
    public RTRealNVar JSx__delta;
    public RTRealNVar JSu;
    public RTRealNVar JSintegral__call0;
    public RTRealNVar JSintegral__call1;
    public RTRealNVar JSw;
     
    // F&P declarations
    public RTXFunc JSintegral;
    public RTXFuncCall JSintegral__1;
    public RTXFuncCall JSintegral__2;
    
    // solver declarations
     
    // RT model constructor
    public JS100integ_new_nest(UnitNList u,ASServer.Messenger m) throws Xcept {
        super("JS100integ_new_nest", u, m);
         
        // units used in model
        units.add("dimensionless", Unit.parse(this, "1  dimensionless"));
        units.add("radian", Unit.parse(this, "1  dimensionless"));
         
        // var instantiation
        JSt__min = new RTRealNVar(this, "t.min","dimensionless",1,null);
        JSt__max = new RTRealNVar(this, "t.max","dimensionless",1,null);
        JSt__ct = new RTIntNVar(this, "t.ct","dimensionless",2,null);
        JSt__delta = new RTRealNVar(this, "t.delta","dimensionless",1,null);
        JSx__min = new RTRealNVar(this, "x.min","dimensionless",1,null);
        JSx__max = new RTRealNVar(this, "x.max","dimensionless",1,null);
        JSx__ct = new RTIntNVar(this, "x.ct","dimensionless",2,null);
        JSx__delta = new RTRealNVar(this, "x.delta","dimensionless",1,null);
        JSintegral__call1 = new RTRealNVar(this, "integral__call1","dimensionless",4,null);
        JSintegral__call1.setPrivate();
        JSw = new RTRealNVar(this, "w","dimensionless",4,null);
        JSt = new RTRealDomain(this, "t","dimensionless",2,JSt__min,JSt__max,JSt__delta,JSt__ct);
        JSx = new RTRealDomain(this, "x","dimensionless",2,JSx__min,JSx__max,JSx__delta,JSx__ct);
        JSu = new RTRealNVar(this, "u","dimensionless",3,new RTRealDomain[] {JSt,JSx});
        JSintegral__call0 = new RTRealNVar(this, "integral__call0","dimensionless",4,new RTRealDomain[] {JSt});
        JSintegral__call0.setPrivate();
         
        // input defaults
        JSt__min.setDefault("1");
        JSt__max.setDefault("3");
        JSt__delta.setDefault("1");
        JSx__min.setDefault("1");
        JSx__max.setDefault("2");
        JSx__delta.setDefault("1");
        
        // F&P initialization
        JSintegral = new JSim.jruntime.RTXIntegral(this, "integral");
        JSintegral__1 = new RTXFuncCall(JSintegral);
        new RTXFuncArg(JSintegral__1, new RTRealDomain[] {JSx}, JSu, true);
        JSintegral__2 = new RTXFuncCall(JSintegral);
        new RTXFuncArg(JSintegral__2, new RTRealDomain[] {JSt}) {
            protected double getRealVal(RTContext ctxt) throws Xcept {
                return ((XContext) ctxt).JSintegral__2_0_getRealVal();
            }
        };
        
        // solver instantiation
        
    }
    
    // simple main methods
    public boolean defaultUnitCorrect() { return false; }
    public boolean allowMPRuns() { return true; }
    public void mainline(RTContext ctxt) throws Xcept { ((XContext) ctxt).mainline(); }
    public RTContext newRunContext(int threadInx, int nproc, RTDataStore s) { return new XContext(this, threadInx, nproc, s); }
    
    // every Nth point support
    public boolean runTimeNthSupported(RTRealDomain x) {
        String xname = x.name();
        if (xname.equals("t")) return false;
        if (xname.equals("x")) return false;
        return true;
    }
    
    // model-specific context
    public class XContext extends RTContext {
        // global caches
        private double js0t__min;
        private double js0t__max;
        private double js0t__delta;
        private double js0x__min;
        private double js0x__max;
        private double js0x__delta;
        
        // context constructor
        public XContext(RTModel m, int threadInx, int nproc, RTDataStore s) { super(m, threadInx, nproc, s, false); }
        
        // trace NaN causes abort?
        public boolean abortNaN() { return false; }
        
        // ctxt mainline
        public void mainline() throws Xcept {
            js0x__delta = realVal(JSx__delta);
            js0x__max = realVal(JSx__max);
            js0x__min = realVal(JSx__min);
            js0t__delta = realVal(JSt__delta);
            js0t__max = realVal(JSt__max);
            js0t__min = realVal(JSt__min);
            set(JSx__ct,(((js0x__max-js0x__min)/js0x__delta)+1.5));
            set(JSx__max,js0x__max = (js0x__min+(js0x__delta*(realVal(JSx__ct)-1))));
            setDomain(JSx);
            set(JSt__ct,(((js0t__max-js0t__min)/js0t__delta)+1.5));
            set(JSt__max,js0t__max = (js0t__min+(js0t__delta*(realVal(JSt__ct)-1))));
            setDomain(JSt);
            startPhase(3, JSt);
            for (setLHBC(JSt); isSet(JSt); moveRight(JSt)) loop__0t();
            startPhase(4, null);
            setLHBC(JSt);
            set(JSintegral__call0,JSintegral__1.realVal(this));
            set(JSintegral__call1,JSintegral__2.realVal(this));
            set(JSw,realVal(JSintegral__call1));
        }
        
        // ctxt loop iteration for domain t
        public void loop__0t() throws Xcept {
            setLHBC(JSx);
            set(JSu,(realVal(JSt)+realVal(JSx)));
            for (setLHBC(JSx); isSet(JSx); moveRight(JSx)) loop__0t__0x();
            set(JSintegral__call0,JSintegral__1.realVal(this));
            interruptCheck();
            updatePhase(JSt);
        }
        
        // ctxt loop iteration for domain x
        public void loop__0t__0x() throws Xcept {
            set(JSu,(realVal(JSt)+realVal(JSx)));
            interruptCheck();
        }
        
        // ctxt methods for F&P
        protected double JSintegral__1_0_getRealVal() throws Xcept {
            return realVal(JSu);
        }
        protected double JSintegral__2_0_getRealVal() throws Xcept {
            return realVal(JSintegral__call0);
        }
    }
     
}


