// JSim generated model JS100ode_3pass_auxpu
 
import java.lang.Math;
import JSim.util.*;
import JSim.expr.*;
import JSim.data.*;
import JSim.jruntime.*;
import JSim.aserver.*;
import JSim.nml.math.NatMath;
 
// JS100ode_3pass_auxpu model
public class JS100ode_3pass_auxpu extends RTModel {

    // variable declarations
    public RTRealDomain JSt;
    public RTRealNVar JSt__min;
    public RTRealNVar JSt__max;
    public RTIntNVar JSt__ct;
    public RTRealNVar JSt__delta;
    public RTRealNVar JSu;
    public RTRealNVar JSv;
    public RTRealNVar JSw;
    public RTRealNVar JSuf;
    public RTRealNVar JSvf;
    public RTRealNVar JSv1;
    public RTRealNVar JSv2;
    public RTRealNVar JSw1;
    public RTRealNVar JSw2;
    public RTRealNVar JSu__Dt;
    public RTRealNVar JSv__Dt;
    public RTRealNVar JSw__Dt;
    public RTRealNVar JSu__init;
     
    // F&P declarations
    
    // solver declarations
    public ODE1Problem__u ode1problem__u;
    public ODE1Problem__v ode1problem__v;
    public ODE1Problem__w ode1problem__w;
     
    // RT model constructor
    public JS100ode_3pass_auxpu(UnitNList u,ASServer.Messenger m) throws Xcept {
        super("JS100ode_3pass_auxpu", u, m);
         
        // units used in model
        units.add("dimensionless", Unit.parse(this, "1  dimensionless"));
        units.add("radian", Unit.parse(this, "1  dimensionless"));
         
        // var instantiation
        JSt__min = new RTRealNVar(this, "t.min","dimensionless",1,null);
        JSt__max = new RTRealNVar(this, "t.max","dimensionless",1,null);
        JSt__ct = new RTIntNVar(this, "t.ct","dimensionless",2,null);
        JSt__delta = new RTRealNVar(this, "t.delta","dimensionless",1,null);
        JSuf = new RTRealNVar(this, "uf","dimensionless",4,null);
        JSvf = new RTRealNVar(this, "vf","dimensionless",6,null);
        JSu__init = new RTRealNVar(this, "u__init","dimensionless",1,null);
        JSt = new RTRealDomain(this, "t","dimensionless",2,JSt__min,JSt__max,JSt__delta,JSt__ct);
        JSu = new RTRealNVar(this, "u","dimensionless",3,new RTRealDomain[] {JSt});
        JSv = new RTRealNVar(this, "v","dimensionless",5,new RTRealDomain[] {JSt});
        JSw = new RTRealNVar(this, "w","dimensionless",7,new RTRealDomain[] {JSt});
        JSv1 = new RTRealNVar(this, "v1","dimensionless",5,new RTRealDomain[] {JSt});
        JSv2 = new RTRealNVar(this, "v2","dimensionless",5,new RTRealDomain[] {JSt});
        JSw1 = new RTRealNVar(this, "w1","dimensionless",7,new RTRealDomain[] {JSt});
        JSw2 = new RTRealNVar(this, "w2","dimensionless",7,new RTRealDomain[] {JSt});
        JSu__Dt = new RTRealNVar(this, "u:t","dimensionless",3,new RTRealDomain[] {JSt});
        JSv__Dt = new RTRealNVar(this, "v:t","dimensionless",5,new RTRealDomain[] {JSt});
        JSw__Dt = new RTRealNVar(this, "w:t","dimensionless",7,new RTRealDomain[] {JSt});
         
        // input defaults
        JSt__min.setDefault("0");
        JSt__max.setDefault("5");
        JSt__delta.setDefault(".2");
        JSu__init.setDefault("1");
        
        // F&P initialization
        
        // solver instantiation
        ode1problem__u = new ODE1Problem__u(this);
        ode1problem__v = new ODE1Problem__v(this);
        ode1problem__w = new ODE1Problem__w(this);
        
    }
    
    // simple main methods
    public boolean defaultUnitCorrect() { return false; }
    public boolean allowMPRuns() { return true; }
    public void mainline(RTContext ctxt) throws Xcept { ((XContext) ctxt).mainline(); }
    public RTContext newRunContext(int threadInx, int nproc, RTDataStore s) { return new XContext(this, threadInx, nproc, s); }
    
    // every Nth point support
    public boolean runTimeNthSupported(RTRealDomain x) {
        String xname = x.name();
        if (xname.equals("t")) return false;
        return true;
    }
    
    // ODE problem solving [u]
    public class ODE1Problem__u extends ODE1Problem {
        public ODE1Problem__u(RTModel m) throws Xcept {
            super(m, "ODE1Problem__u");
            setup(JSt, new RTRealNVar[] {JSu});
        }
        public void evaluate(RTContext ctxt, double t, double[] u, double[] udot) throws Xcept {
            ((XContext) ctxt).evaluate__u(t, u, udot);
            interruptCheck(ctxt, t, udot);
            ncallbacks++;
        }
    }
     
    // ODE problem solving [v]
    public class ODE1Problem__v extends ODE1Problem {
        public ODE1Problem__v(RTModel m) throws Xcept {
            super(m, "ODE1Problem__v");
            setup(JSt, new RTRealNVar[] {JSv});
        }
        public void evaluate(RTContext ctxt, double t, double[] u, double[] udot) throws Xcept {
            ((XContext) ctxt).evaluate__v(t, u, udot);
            interruptCheck(ctxt, t, udot);
            ncallbacks++;
        }
    }
     
    // ODE problem solving [w]
    public class ODE1Problem__w extends ODE1Problem {
        public ODE1Problem__w(RTModel m) throws Xcept {
            super(m, "ODE1Problem__w");
            setup(JSt, new RTRealNVar[] {JSw});
        }
        public void evaluate(RTContext ctxt, double t, double[] u, double[] udot) throws Xcept {
            ((XContext) ctxt).evaluate__w(t, u, udot);
            interruptCheck(ctxt, t, udot);
            ncallbacks++;
        }
    }
     
    // model-specific context
    public class XContext extends RTContext {
        // global caches
        private double js0t__min;
        private double js0t__max;
        private double js0t__delta;
        private double js0u__init;
        private double js2t;
        private double js2u;
        private double js2u__Dt;
        private double js2v;
        private double js2v__Dt;
        private double js2w;
        private double js2w__Dt;
        
        // context constructor
        public XContext(RTModel m, int threadInx, int nproc, RTDataStore s) { super(m, threadInx, nproc, s, false); }
        
        // trace NaN causes abort?
        public boolean abortNaN() { return false; }
        
        // ctxt mainline
        public void mainline() throws Xcept {
            js0u__init = realVal(JSu__init);
            js0t__delta = realVal(JSt__delta);
            js0t__max = realVal(JSt__max);
            js0t__min = realVal(JSt__min);
            set(JSt__ct,(((js0t__max-js0t__min)/js0t__delta)+1.5));
            set(JSt__max,js0t__max = (js0t__min+(js0t__delta*(realVal(JSt__ct)-1))));
            setDomain(JSt);
            setLHBC(JSt);
            set(JSu,js0u__init);
            startPhase(3, JSt);
            for (setLHBC(JSt); isSet(JSt); moveRight(JSt)) loop__0t();
            startPhase(4, null);
            setRHBC(JSt);
            set(JSuf,realVal(JSu));
            setLHBC(JSt);
            set(JSv,realVal(JSuf));
            startPhase(5, JSt);
            for (setLHBC(JSt); isSet(JSt); moveRight(JSt)) loop__1t();
            startPhase(6, null);
            setRHBC(JSt);
            set(JSvf,realVal(JSv2));
            setLHBC(JSt);
            set(JSw,realVal(JSvf));
            startPhase(7, JSt);
            for (setLHBC(JSt); isSet(JSt); moveRight(JSt)) loop__2t();
            startPhase(8, null);
        }
        
        // ctxt loop iteration for domain t
        public void loop__0t() throws Xcept {
            set(JSu__Dt,(realVal(JSu)*(-1)));
            ode1problem__u.solve(this);
            interruptCheck();
            updatePhase(JSt);
        }
        
        // ctxt ODE evaluate
        public void evaluate__u(double t,double[] u,double[] udot) throws Xcept {
            js2t = t;
            js2u = u[0];
            js2u__Dt = (js2u*(-1));
            udot[0] = js2u__Dt;
        }
        
        // ctxt loop iteration for domain t
        public void loop__1t() throws Xcept {
            set(JSv__Dt,(realVal(JSv)*(-1)));
            set(JSv1,(realVal(JSv)+1));
            set(JSv2,(realVal(JSv1)+1));
            ode1problem__v.solve(this);
            interruptCheck();
            updatePhase(JSt);
        }
        
        // ctxt ODE evaluate
        public void evaluate__v(double t,double[] u,double[] udot) throws Xcept {
            js2t = t;
            js2v = u[0];
            js2v__Dt = (js2v*(-1));
            udot[0] = js2v__Dt;
        }
        
        // ctxt loop iteration for domain t
        public void loop__2t() throws Xcept {
            set(JSw__Dt,(realVal(JSw)*(-1)));
            set(JSw1,(realVal(JSw)+1));
            set(JSw2,(realVal(JSw1)+1));
            ode1problem__w.solve(this);
            interruptCheck();
            updatePhase(JSt);
        }
        
        // ctxt ODE evaluate
        public void evaluate__w(double t,double[] u,double[] udot) throws Xcept {
            js2t = t;
            js2w = u[0];
            js2w__Dt = (js2w*(-1));
            udot[0] = js2w__Dt;
        }
        
        // ctxt methods for F&P
    }
     
}


