// JSim generated model JS100pde_query
 
import java.lang.Math;
import JSim.util.*;
import JSim.expr.*;
import JSim.data.*;
import JSim.jruntime.*;
import JSim.aserver.*;
import JSim.nml.math.NatMath;
 
// JS100pde_query model
public class JS100pde_query extends RTModel {

    // variable declarations
    public RTRealDomain JSt;
    public RTRealNVar JSt__min;
    public RTRealNVar JSt__max;
    public RTIntNVar JSt__ct;
    public RTRealNVar JSt__delta;
    public RTRealDomain JSx;
    public RTRealNVar JSx__min;
    public RTRealNVar JSx__max;
    public RTIntNVar JSx__ct;
    public RTRealNVar JSx__delta;
    public RTRealDomain JSx2;
    public RTRealNVar JSx2__min;
    public RTRealNVar JSx2__max;
    public RTIntNVar JSx2__ct;
    public RTRealNVar JSx2__delta;
    public RTRealNVar JSA;
    public RTRealNVar JSAout;
    public RTRealNVar JSB;
    public RTRealNVar JSA__init;
     
    // F&P declarations
    
    // solver declarations
    public PDE1Problem__B pde1problem__b;
    public PDE1Problem__A pde1problem__a;
     
    // RT model constructor
    public JS100pde_query(UnitNList u,ASServer.Messenger m) throws Xcept {
        super("JS100pde_query", u, m);
         
        // units used in model
        units.add("dimensionless", Unit.parse(this, "1  dimensionless"));
        units.add("radian", Unit.parse(this, "1  dimensionless"));
         
        // var instantiation
        JSt__min = new RTRealNVar(this, "t.min","dimensionless",1,null);
        JSt__max = new RTRealNVar(this, "t.max","dimensionless",1,null);
        JSt__ct = new RTIntNVar(this, "t.ct","dimensionless",2,null);
        JSt__delta = new RTRealNVar(this, "t.delta","dimensionless",1,null);
        JSx__min = new RTRealNVar(this, "x.min","dimensionless",1,null);
        JSx__max = new RTRealNVar(this, "x.max","dimensionless",1,null);
        JSx__ct = new RTIntNVar(this, "x.ct","dimensionless",1,null);
        JSx__delta = new RTRealNVar(this, "x.delta","dimensionless",2,null);
        JSx2__min = new RTRealNVar(this, "x2.min","dimensionless",1,null);
        JSx2__max = new RTRealNVar(this, "x2.max","dimensionless",1,null);
        JSx2__ct = new RTIntNVar(this, "x2.ct","dimensionless",1,null);
        JSx2__delta = new RTRealNVar(this, "x2.delta","dimensionless",2,null);
        JSt = new RTRealDomain(this, "t","dimensionless",2,JSt__min,JSt__max,JSt__delta,JSt__ct);
        JSx = new RTRealDomain(this, "x","dimensionless",2,JSx__min,JSx__max,JSx__delta,JSx__ct);
        JSx2 = new RTRealDomain(this, "x2","dimensionless",2,JSx2__min,JSx2__max,JSx2__delta,JSx2__ct);
        JSA = new RTRealNVar(this, "A","dimensionless",7,new RTRealDomain[] {JSt,JSx});
        JSAout = new RTRealNVar(this, "Aout","dimensionless",7,new RTRealDomain[] {JSt});
        JSB = new RTRealNVar(this, "B","dimensionless",7,new RTRealDomain[] {JSt,JSx2});
        JSA__init = new RTRealNVar(this, "A__init","dimensionless",1,new RTRealDomain[] {JSx});
         
        // input defaults
        JSt__min.setDefault("0");
        JSt__max.setDefault("30");
        JSt__delta.setDefault(".05");
        JSx__min.setDefault("0");
        JSx__max.setDefault("1");
        JSx__ct.setDefault("2");
        JSx2__min.setDefault("0");
        JSx2__max.setDefault("1");
        JSx2__ct.setDefault("2");
        JSA__init.setDefault("0");
        
        // F&P initialization
        
        // solver instantiation
        pde1problem__b = new PDE1Problem__B(this);
        pde1problem__a = new PDE1Problem__A(this);
        
    }
    
    // simple main methods
    public boolean defaultUnitCorrect() { return false; }
    public boolean allowMPRuns() { return true; }
    public void mainline(RTContext ctxt) throws Xcept { ((XContext) ctxt).mainline(); }
    public RTContext newRunContext(int threadInx, int nproc, RTDataStore s) { return new XContext(this, threadInx, nproc, s); }
    
    // every Nth point support
    public boolean runTimeNthSupported(RTRealDomain x) {
        String xname = x.name();
        if (xname.equals("t")) return false;
        if (xname.equals("x")) return false;
        if (xname.equals("x2")) return false;
        return true;
    }
    
    // PDE problem solving [B]
    public class PDE1Problem__B extends PDE1Problem {
        public PDE1Problem__B(RTModel m) throws Xcept {
            super(m, "PDE1Problem__B");
            setup(JSt,JSx2,0,
                new RTRealNVar[] {JSB},
                new RTRealNVar[] {null},
                new RTRealNVar[] {null},
                new RTRealNVar[] {null},
                new RTRealNVar[] {null},
                null, null);
            setSolvedVars(new ASVar[] {JSB});
        }
        public boolean usesPDESolver(int which) {
            switch(which) {
            case ASModel.PDE_LSFEA: return true;
            case ASModel.PDE_MacCormack: return true;
            case ASModel.PDE_Toms731: return true;
            default: return false;
            }
        }
        public void common_LHB(RTContext ctxt,double t,double[] us,double[] f1s,double[] f2s,double[] f3s) throws Xcept {
            npdeCallbacks[ProfileData.common_LHB]++;
            ((XContext) ctxt).common_LHB__B(t,us,f1s,f2s,f3s);
        }
        public void common_RHB(RTContext ctxt,double t,double[] us,double[] f1s,double[] f2s,double[] f3s) throws Xcept {
            npdeCallbacks[ProfileData.common_RHB]++;
            ((XContext) ctxt).common_RHB__B(t,us,f1s,f2s,f3s);
        }
        public void LSFEA_tstep(RTContext ctxt,double t,double x,double[] us,double[] uts) throws Xcept {
            npdeCallbacks[ProfileData.LSFEA_tstep]++;
            ((XContext) ctxt).LSFEA_tstep__B(t,x,us,uts);
        }
        public void LSFEA_xstep(RTContext ctxt,double t,double x,double[] us,double[] uxcoefs,double[] uxxcoefs) throws Xcept {
            npdeCallbacks[ProfileData.LSFEA_xstep]++;
            ((XContext) ctxt).LSFEA_xstep__B(t,x,us,uxcoefs,uxxcoefs);
        }
        public void MacCormack_State(RTContext ctxt,double t,double x,double[] us,double[] cxs,double[] cxxs,double[] srcs) throws Xcept {
            npdeCallbacks[ProfileData.MacCormack_State]++;
            ((XContext) ctxt).MacCormack_State__B(t,x,us,cxs,cxxs,srcs);
        }
        public void Toms731_State(RTContext ctxt,double t,double x,double[] us,double[] uxs,double[] cs,double[] qs,double[] rs) throws Xcept {
            npdeCallbacks[ProfileData.Toms731_State]++;
            ((XContext) ctxt).Toms731_State__B(t,x,us,uxs,cs,qs,rs);
        }
        public void Toms731_LHB(RTContext ctxt,double t,double[] us,double[] uxs,double[] betas,double[] gammas) throws Xcept {
            npdeCallbacks[ProfileData.Toms731_LHB]++;
            ((XContext) ctxt).Toms731_LHB__B(t,us,uxs,betas,gammas);
        }
        public void Toms731_RHB(RTContext ctxt,double t,double[] us,double[] uxs,double[] betas,double[] gammas) throws Xcept {
            npdeCallbacks[ProfileData.Toms731_RHB]++;
            ((XContext) ctxt).Toms731_RHB__B(t,us,uxs,betas,gammas);
        }
    }
    
    // PDE problem solving [A]
    public class PDE1Problem__A extends PDE1Problem {
        public PDE1Problem__A(RTModel m) throws Xcept {
            super(m, "PDE1Problem__A");
            setup(JSt,JSx,0,
                new RTRealNVar[] {JSA},
                new RTRealNVar[] {null},
                new RTRealNVar[] {null},
                new RTRealNVar[] {null},
                new RTRealNVar[] {null},
                null, null);
            setSolvedVars(new ASVar[] {JSA});
        }
        public boolean usesPDESolver(int which) {
            switch(which) {
            case ASModel.PDE_LSFEA: return true;
            case ASModel.PDE_MacCormack: return true;
            case ASModel.PDE_Toms731: return true;
            default: return false;
            }
        }
        public void common_LHB(RTContext ctxt,double t,double[] us,double[] f1s,double[] f2s,double[] f3s) throws Xcept {
            npdeCallbacks[ProfileData.common_LHB]++;
            ((XContext) ctxt).common_LHB__A(t,us,f1s,f2s,f3s);
        }
        public void common_RHB(RTContext ctxt,double t,double[] us,double[] f1s,double[] f2s,double[] f3s) throws Xcept {
            npdeCallbacks[ProfileData.common_RHB]++;
            ((XContext) ctxt).common_RHB__A(t,us,f1s,f2s,f3s);
        }
        public void LSFEA_tstep(RTContext ctxt,double t,double x,double[] us,double[] uts) throws Xcept {
            npdeCallbacks[ProfileData.LSFEA_tstep]++;
            ((XContext) ctxt).LSFEA_tstep__A(t,x,us,uts);
        }
        public void LSFEA_xstep(RTContext ctxt,double t,double x,double[] us,double[] uxcoefs,double[] uxxcoefs) throws Xcept {
            npdeCallbacks[ProfileData.LSFEA_xstep]++;
            ((XContext) ctxt).LSFEA_xstep__A(t,x,us,uxcoefs,uxxcoefs);
        }
        public void MacCormack_State(RTContext ctxt,double t,double x,double[] us,double[] cxs,double[] cxxs,double[] srcs) throws Xcept {
            npdeCallbacks[ProfileData.MacCormack_State]++;
            ((XContext) ctxt).MacCormack_State__A(t,x,us,cxs,cxxs,srcs);
        }
        public void Toms731_State(RTContext ctxt,double t,double x,double[] us,double[] uxs,double[] cs,double[] qs,double[] rs) throws Xcept {
            npdeCallbacks[ProfileData.Toms731_State]++;
            ((XContext) ctxt).Toms731_State__A(t,x,us,uxs,cs,qs,rs);
        }
        public void Toms731_LHB(RTContext ctxt,double t,double[] us,double[] uxs,double[] betas,double[] gammas) throws Xcept {
            npdeCallbacks[ProfileData.Toms731_LHB]++;
            ((XContext) ctxt).Toms731_LHB__A(t,us,uxs,betas,gammas);
        }
        public void Toms731_RHB(RTContext ctxt,double t,double[] us,double[] uxs,double[] betas,double[] gammas) throws Xcept {
            npdeCallbacks[ProfileData.Toms731_RHB]++;
            ((XContext) ctxt).Toms731_RHB__A(t,us,uxs,betas,gammas);
        }
    }
    
    // model-specific context
    public class XContext extends RTContext {
        // global caches
        private double js0t__min;
        private double js0t__max;
        private double js0t__delta;
        private double js0x__min;
        private double js0x__max;
        private double js0x__ct;
        private double js0x2__min;
        private double js0x2__max;
        private double js0x2__ct;
        private double js2B__Dx2;
        private double js2t;
        private double js2x2;
        private double js2B;
        private double js2A__Dx;
        private double js2x;
        private double js2A;
        
        // context constructor
        public XContext(RTModel m, int threadInx, int nproc, RTDataStore s) { super(m, threadInx, nproc, s, false); }
        
        // trace NaN causes abort?
        public boolean abortNaN() { return false; }
        
        // ctxt mainline
        public void mainline() throws Xcept {
            js0x2__ct = realVal(JSx2__ct);
            js0x2__max = realVal(JSx2__max);
            js0x2__min = realVal(JSx2__min);
            js0x__ct = realVal(JSx__ct);
            js0x__max = realVal(JSx__max);
            js0x__min = realVal(JSx__min);
            js0t__delta = realVal(JSt__delta);
            js0t__max = realVal(JSt__max);
            js0t__min = realVal(JSt__min);
            set(JSx2__delta,((js0x2__max-js0x2__min)/(js0x2__ct-1)));
            set(JSx2__max,js0x2__max = (js0x2__min+(realVal(JSx2__delta)*(js0x2__ct-1))));
            setDomain(JSx2);
            set(JSx__delta,((js0x__max-js0x__min)/(js0x__ct-1)));
            set(JSx__max,js0x__max = (js0x__min+(realVal(JSx__delta)*(js0x__ct-1))));
            setDomain(JSx);
            set(JSt__ct,(((js0t__max-js0t__min)/js0t__delta)+1.5));
            set(JSt__max,js0t__max = (js0t__min+(js0t__delta*(realVal(JSt__ct)-1))));
            setDomain(JSt);
            startPhase(3, JSx);
            for (setLHBC(JSx); isSet(JSx); moveRight(JSx)) loop__0x();
            startPhase(4, null);
            setLHBC(JSt);
            setRHBC(JSx);
            set(JSAout,realVal(JSA));
            startPhase(5, JSx2);
            for (setLHBC(JSx2); isSet(JSx2); moveRight(JSx2)) loop__1x2();
            startPhase(6, null);
            startPhase(7, JSt);
            for (setLHBC(JSt); isSet(JSt); moveRight(JSt)) loop__2t();
            startPhase(8, null);
        }
        
        // ctxt loop iteration for domain x
        public void loop__0x() throws Xcept {
            // input parm: A__init=0
            setLHBC(JSt);
            set(JSA,realVal(JSA__init));
            interruptCheck();
            updatePhase(JSx);
        }
        
        // ctxt loop iteration for domain x2
        public void loop__1x2() throws Xcept {
            setLHBC(JSt);
            set(JSB,realVal(JSAout));
            interruptCheck();
            updatePhase(JSx2);
        }
        
        // ctxt loop iteration for domain t
        public void loop__2t() throws Xcept {
            setRHBC(JSx);
            set(JSAout,realVal(JSA));
            pde1problem__b.solve(this);
            pde1problem__a.solve(this);
            interruptCheck();
            updatePhase(JSt);
        }
        
        public void LSFEA_tstep__B(double t,double x,double[] us,double[] uts) throws Xcept {
            js2t=t;
            js2B=us[0];
            js2x2=x;
            interruptCheck();
            uts[0]=0;
        }
        public void LSFEA_xstep__B(double t,double x,double[] us,double[] uxcoefs,double[] uxxcoefs) throws Xcept {
            js2t=t;
            js2B=us[0];
            js2x2=x;
            interruptCheck();
            uxcoefs[0]=0;
            uxxcoefs[0]=1;
        }
        public void MacCormack_State__B(double t,double x,double[] us,double[] cxs,double[] cxxs,double[] srcs) throws Xcept {
            js2t=t;
            js2B=us[0];
            js2x2=x;
            interruptCheck();
            cxs[0]=0;
            cxxs[0]=1;
            srcs[0]=0;
        }
        public void Toms731_State__B(double t,double x,double[] us,double[] uxs,double[] cs,double[] qs,double[] rs) throws Xcept {
            js2t=t;
            js2B=us[0];
            js2x2=x;
            js2B__Dx2=uxs[0];
            interruptCheck();
            cs[0]=1;
            qs[0]=0;
            rs[0]=js2B__Dx2;
        }
        public void common_LHB__B(double t,double[] us,double[] f1s,double[] f2s,double[] f3s) throws Xcept {
            js2t=t;
            js2B=us[0];
            js2x2=js0x2__min;
            interruptCheck();
            f1s[0]=0;
            f2s[0]=1;
            f3s[0]=0;
        }
        public void Toms731_LHB__B(double t,double[] us,double[] uxs,double[] betas,double[] gammas) throws Xcept {
            js2t=t;
            js2B=us[0];
            js2B__Dx2=uxs[0];
            js2x2=js0x2__min;
            interruptCheck();
            betas[0]=1;
            gammas[0]=0;
        }
        public void common_RHB__B(double t,double[] us,double[] f1s,double[] f2s,double[] f3s) throws Xcept {
            js2t=t;
            js2B=us[0];
            js2x2=js0x2__max;
            interruptCheck();
            f1s[0]=0;
            f2s[0]=1;
            f3s[0]=0;
        }
        public void Toms731_RHB__B(double t,double[] us,double[] uxs,double[] betas,double[] gammas) throws Xcept {
            js2t=t;
            js2B=us[0];
            js2B__Dx2=uxs[0];
            js2x2=js0x2__max;
            interruptCheck();
            betas[0]=1;
            gammas[0]=0;
        }
        
        public void LSFEA_tstep__A(double t,double x,double[] us,double[] uts) throws Xcept {
            js2t=t;
            js2A=us[0];
            js2x=x;
            interruptCheck();
            uts[0]=((realVal(JSB, new double[] {js2t,js0x2__max})*(-1))*(-1));
        }
        public void LSFEA_xstep__A(double t,double x,double[] us,double[] uxcoefs,double[] uxxcoefs) throws Xcept {
            js2t=t;
            js2A=us[0];
            js2x=x;
            interruptCheck();
            uxcoefs[0]=0;
            uxxcoefs[0]=((-1)*(-1));
        }
        public void MacCormack_State__A(double t,double x,double[] us,double[] cxs,double[] cxxs,double[] srcs) throws Xcept {
            js2t=t;
            js2A=us[0];
            js2x=x;
            interruptCheck();
            cxs[0]=0;
            cxxs[0]=((-1)*(-1));
            srcs[0]=((realVal(JSB, new double[] {js2t,js0x2__max})*(-1))*(-1));
        }
        public void Toms731_State__A(double t,double x,double[] us,double[] uxs,double[] cs,double[] qs,double[] rs) throws Xcept {
            js2t=t;
            js2A=us[0];
            js2x=x;
            js2A__Dx=uxs[0];
            interruptCheck();
            cs[0]=1;
            qs[0]=(realVal(JSB, new double[] {js2t,js0x2__max})*(-1));
            rs[0]=js2A__Dx;
        }
        public void common_LHB__A(double t,double[] us,double[] f1s,double[] f2s,double[] f3s) throws Xcept {
            js2t=t;
            js2A=us[0];
            js2x=js0x__min;
            interruptCheck();
            f1s[0]=0;
            f2s[0]=1;
            f3s[0]=0;
        }
        public void Toms731_LHB__A(double t,double[] us,double[] uxs,double[] betas,double[] gammas) throws Xcept {
            js2t=t;
            js2A=us[0];
            js2A__Dx=uxs[0];
            js2x=js0x__min;
            interruptCheck();
            betas[0]=1;
            gammas[0]=0;
        }
        public void common_RHB__A(double t,double[] us,double[] f1s,double[] f2s,double[] f3s) throws Xcept {
            js2t=t;
            js2A=us[0];
            js2x=js0x__max;
            interruptCheck();
            f1s[0]=0;
            f2s[0]=1;
            f3s[0]=0;
        }
        public void Toms731_RHB__A(double t,double[] us,double[] uxs,double[] betas,double[] gammas) throws Xcept {
            js2t=t;
            js2A=us[0];
            js2A__Dx=uxs[0];
            js2x=js0x__max;
            interruptCheck();
            betas[0]=1;
            gammas[0]=0;
        }
        
        // ctxt methods for F&P
    }
     
}


