==== Planner Log ====
Plan options=[maxBuildTime=120, maxImplicitBlock=10, initNaN=false, abortNaN=false, traceNaN=false, traceVars=, ignoreAllOverspec=false, ignoreAllUnderspec=false, splitBlocks=false, parallelize=false]
Loading Variables
  add var: realDomain t
  add var: real t.min
  add var: real t.max
  add var: int t.ct
  add var: real t.delta
  add var: realDomain x
  add var: real x.min
  add var: real x.max
  add var: int x.ct
  add var: real x.delta
  add var: real D
  add var: real B
  add var: real f1
  add var: real f2
  add var: real u0
  add var: real u(t,x)
  add var: real u:x(t,x)
  add var: real u:t(t,x)
  add var: real u:x:x(t,x)
Loading Constraints
  t.min=0 :: [t.min]
  t.max=3 :: [t.max]
  t.delta=.1 :: [t.delta]
  x.min=0 :: [x.min]
  x.max=1 :: [x.max]
  x.delta=.05 :: [x.delta]
  D=1 :: [D]
  B=1 :: [B]
  f1=1 :: [f1]
  f2=1 :: [f2]
  u0=0 :: [u0]
  when (t=t.min) u=u0 :: [u(t.min), u0]
  when (x=x.min) (f1*u+f2*u:x)=t :: [f1, u(x.min), f2, u:x(x.min), t]
  when (x=x.max) u:x=0 :: [u:x(x.max)]
  u:t=(D*u:x:x-B*u:x) :: [u:t, D, u:x:x, B, u:x]
Input      phase completed with 0 errors, 0 warnings.

Toolbox phase starting ...
  add tool: domain t
  add tool: domain x
Toolbox phase - cycle 1:
  check eqn: t.min=0; [t.min]
  add tool: t.min=0
  check eqn: t.max=3; [t.max]
  add tool: t.max=3
  check eqn: t.delta=.1; [t.delta]
  add tool: t.delta=.1
  add tool: t.ct=(t.max-t.min)/t.delta+1.5
  check eqn: x.min=0; [x.min]
  add tool: x.min=0
  check eqn: x.max=1; [x.max]
  add tool: x.max=1
  check eqn: x.delta=.05; [x.delta]
  add tool: x.delta=.05
  add tool: x.ct=(x.max-x.min)/x.delta+1.5
  check eqn: D=1; [D]
  add tool: D=1
  check eqn: B=1; [B]
  add tool: B=1
  check eqn: f1=1; [f1]
  add tool: f1=1
  check eqn: f2=1; [f2]
  add tool: f2=1
  check eqn: u0=0; [u0]
  add tool: u0=0
  check eqn: when (t=t.min) u=u0; [u(t.min)]
  add tool: u(t.min)=u0
  check eqn: when (x=x.min) (f1*u+f2*u:x)=t; [u(x.min), u:x(x.min)]
  check eqn: when (x=x.max) u:x=0; [u:x(x.max)]
  add tool: u:x(x.max)=0
  check eqn: u:t=(D*u:x:x-B*u:x); [u:t, u:x:x]
  add tool: PDE u: []
  updated PDE(u) with u(t.min)=u0
  updated PDE(u) with u:x(x.max)=0
Toolbox phase - cycle 1:
  check eqn: when (x=x.min) (f1*u+f2*u:x)=t; [u(x.min), u:x(x.min)]
  check eqn: u:t=(D*u:x:x-B*u:x); [u:t, u:x:x]
Toolbox phase - cycle 2:
Toolbox phase - cycle 3:
  updated PDE(u) with when (x=x.min) (f1*u+f2*u:x)=t
  updated PDE(u) with u:t=(D*u:x:x-B*u:x)
    u is now entirely solved
Toolbox phase - cycle 1:
Toolbox phase - all cycles completed
PDE(u) factors:  D=D*(-1)*(-1) P=B*u:x*(-1)*(-1)*(-1) B=B*(-1)*(-1)*(-1)*(-1) S=0
  LHBC F1=f1 F2=f2 F3=t*(-1)*(-1)
  RHBC F1=0 F2=1 F3=0
  Solver LSFEA supported
  Solver MacCormack supported
  Solver Toms731 supported
  checking PDE(u) D=D*(-1)*(-1) for differentiability ...
  setting Dx=0+0
  Tom731  C=1 Q=B*u:x R=D*u:x
  Toms731 LHBC:  Beta=if (f2=0) 0 else 1 Gamma=if (f2=0) 0 else 1
  Toms731 RHBC:  Beta=1 Gamma=1
Toolbox    phase completed with 0 errors, 0 warnings.

Sequencing phase starting ...
Tools to sequence:
  @t PDE-1D u: u:t=(D*u:x:x-B*u:x) :: [u, u(t.max), u(x.max), u(x.min)]<<[D, B, f1, f2, t, u(t.min)]
  u0=0 :: [u0]<<[]
  f2=1 :: [f2]<<[]
  f1=1 :: [f1]<<[]
  B=1 :: [B]<<[]
  D=1 :: [D]<<[]
  x.delta=.05 :: [x.delta]<<[]
  x.ct=(x.max-x.min)/x.delta+1.5 :: [x.ct]<<[x.max, x.min, x.delta]
  x.max=1 :: [x.max]<<[]
  x.min=0 :: [x.min]<<[]
  domain x :: [x]<<[x.min, x.max, x.ct, x.delta]
  t.delta=.1 :: [t.delta]<<[]
  t.ct=(t.max-t.min)/t.delta+1.5 :: [t.ct]<<[t.max, t.min, t.delta]
  t.max=3 :: [t.max]<<[]
  t.min=0 :: [t.min]<<[]
  domain t :: [t]<<[t.min, t.max, t.ct, t.delta]
  @x u(t.min)=u0 :: [u(t.min)]<<[u0]
Events to seqence:
Relations to sequence:
Creating vuTools map ...
Adding reuse & query tools ...
Creating MainGraph ...
loopOrder=[t, x]
  addNode u seqLoops=(t) phase=t#1 fft=t
  addNode u0 seqLoops=() phase=main fft=null
  addNode f2 seqLoops=() phase=main fft=null
  addNode f1 seqLoops=() phase=main fft=null
  addNode B seqLoops=() phase=main fft=null
  addNode D seqLoops=() phase=main fft=null
  addNode x.delta seqLoops=() phase=main fft=null
  addNode x.ct seqLoops=() phase=main fft=null
  addNode x.max seqLoops=() phase=main fft=null
  addNode x.min seqLoops=() phase=main fft=null
  addNode x seqLoops=() phase=main fft=null
  addNode t.delta seqLoops=() phase=main fft=null
  addNode t.ct seqLoops=() phase=main fft=null
  addNode t.max seqLoops=() phase=main fft=null
  addNode t.min seqLoops=() phase=main fft=null
  addNode t seqLoops=() phase=main fft=null
  addNode u(t.min) seqLoops=(x) phase=x#1 fft=null
Saving graph pullfinder
Building mainline block ...
Mainline block graph:
building block for phase main
  adding u0=0 to main
  adding f2=1 to main
  adding f1=1 to main
  adding B=1 to main
  adding D=1 to main
  adding x.delta=.05 to main
  adding x.max=1 to main
  adding x.min=0 to main
  adding t.delta=.1 to main
  adding t.max=3 to main
  adding t.min=0 to main
  adding x.ct=(x.max-x.min)/x.delta+1.5 to main
  adding domain x to main
  adding t.ct=(t.max-t.min)/t.delta+1.5 to main
  adding domain t to main
  subphase t#1 entryEdge=u(t.min)->u
  subphase x#1 entryEdge=null
building block for phase x#1
  adding u(t.min)=u0 to loop-x
  adding loop-x to main
  subphase t#1 entryEdge=null
building block for phase t#1
  adding PDE Block-t(x) [u] to loop-t
  adding loop-t to main
Building PDE Block-t(x) [u] ...
PDE solver LSFEA: supported
PDE solver MacCormack: supported
PDE solver Toms731: supported
Building PDE BC x=x.min [u] ...
Building PDE BC x=x.max [u] ...
Sequencing phase completed with 0 errors, 0 warnings.

==== Main Calculation Block ====
main
  u0=0
  f2=1
  f1=1
  B=1
  D=1
  x.delta=.05
  x.max=1
  x.min=0
  t.delta=.1
  t.max=3
  t.min=0
  x.ct=(x.max-x.min)/x.delta+1.5
  domain x
  t.ct=(t.max-t.min)/t.delta+1.5
  domain t
  loop-x
    u(t.min)=u0
  loop-t
    PDE Block-t(x) vmus=[t, x, u]
      PDE BC x=x.min vmus=[t, u]
      PDE BC x=x.max vmus=[t, u]

