// JSim generated model JS100proc_fill
 
import java.lang.Math;
import JSim.util.*;
import JSim.expr.*;
import JSim.data.*;
import JSim.jruntime.*;
import JSim.aserver.*;
import JSim.nml.math.NatMath;
 
// JS100proc_fill model
public class JS100proc_fill extends RTModel {

    // variable declarations
    public RTRealDomain JSt;
    public RTRealNVar JSt__min;
    public RTRealNVar JSt__max;
    public RTIntNVar JSt__ct;
    public RTRealNVar JSt__delta;
    public RTRealNVar JSa;
    public RTRealNVar JSv;
     
    // F&P declarations
    public RTXFunc JSfill;
    public RTXFuncCall JSfill__1;
    
    // solver declarations
     
    // RT model constructor
    public JS100proc_fill(UnitNList u,ASServer.Messenger m) throws Xcept {
        super("JS100proc_fill", u, m);
         
        // units used in model
        units.add("dimensionless", Unit.parse(this, "1  dimensionless"));
        units.add("radian", Unit.parse(this, "1  dimensionless"));
         
        // var instantiation
        JSt__min = new RTRealNVar(this, "t.min","dimensionless",1,null);
        JSt__max = new RTRealNVar(this, "t.max","dimensionless",1,null);
        JSt__ct = new RTIntNVar(this, "t.ct","dimensionless",2,null);
        JSt__delta = new RTRealNVar(this, "t.delta","dimensionless",1,null);
        JSa = new RTRealNVar(this, "a","dimensionless",1,null);
        JSt = new RTRealDomain(this, "t","dimensionless",2,JSt__min,JSt__max,JSt__delta,JSt__ct);
        JSv = new RTRealNVar(this, "v","dimensionless",2,new RTRealDomain[] {JSt});
         
        // input defaults
        JSt__min.setDefault("0");
        JSt__max.setDefault("6");
        JSt__delta.setDefault("2");
        JSa.setDefault("12");
        
        // F&P initialization
        JSfill = new JSfill__class(this, "fill");
        JSfill__1 = new RTXFuncCall(JSfill);
        new RTXFuncArg(JSfill__1, new RTRealDomain[] {}, JSa, true);
        new RTXFuncArg(JSfill__1, new RTRealDomain[] {JSt}, JSv, false);
        
        // solver instantiation
        
    }
    
    // simple main methods
    public boolean defaultUnitCorrect() { return false; }
    public boolean allowMPRuns() { return true; }
    public void mainline(RTContext ctxt) throws Xcept { ((XContext) ctxt).mainline(); }
    public RTContext newRunContext(int threadInx, int nproc, RTDataStore s) { return new XContext(this, threadInx, nproc, s); }
    
    // every Nth point support
    public boolean runTimeNthSupported(RTRealDomain x) {
        String xname = x.name();
        if (xname.equals("t")) return false;
        return true;
    }
    
    // JSfill__class definition
    public static class JSfill__class extends RTXFunc {
        public JSfill__class(RTModel m, String n) throws Xcept { super(m, n); }
        public void voidCalculate(RealNData[] jsargs) throws Xcept {
            RealNData a = jsargs[0];
            RealNData v = jsargs[1];
            // copy maincode here
            
	    double aval = a.realVal();
	    RegularGridData t = (RegularGridData) v.grid(0);
	    for (int i=0; i<t.ct(); i++) 
		v.set(i, aval);
	
            
        }
    }
    
    // model-specific context
    public class XContext extends RTContext {
        // global caches
        private double js0t__min;
        private double js0t__max;
        private double js0t__delta;
        private double js0a;
        
        // context constructor
        public XContext(RTModel m, int threadInx, int nproc, RTDataStore s) { super(m, threadInx, nproc, s, false); }
        
        // trace NaN causes abort?
        public boolean abortNaN() { return false; }
        
        // ctxt mainline
        public void mainline() throws Xcept {
            js0a = realVal(JSa);
            js0t__delta = realVal(JSt__delta);
            js0t__max = realVal(JSt__max);
            js0t__min = realVal(JSt__min);
            set(JSt__ct,(((js0t__max-js0t__min)/js0t__delta)+1.5));
            set(JSt__max,js0t__max = (js0t__min+(js0t__delta*(realVal(JSt__ct)-1))));
            setDomain(JSt);
            JSfill__1.voidVal(this);
        }
        
        // ctxt methods for F&P
        protected double JSfill__1_0_getRealVal() throws Xcept {
            return realVal(JSa);
        }
        protected double JSfill__1_1_getRealVal() throws Xcept {
            return realVal(JSv);
        }
    }
     
}


