// JSim generated model JS100xfunc_int_expr
 
import java.lang.Math;
import JSim.util.*;
import JSim.expr.*;
import JSim.data.*;
import JSim.jruntime.*;
import JSim.aserver.*;
import JSim.nml.math.NatMath;
 
// JS100xfunc_int_expr model
public class JS100xfunc_int_expr extends RTModel {

    // variable declarations
    public RTRealDomain JSt;
    public RTRealNVar JSt__min;
    public RTRealNVar JSt__max;
    public RTIntNVar JSt__ct;
    public RTRealNVar JSt__delta;
    public RTRealNVar JSu;
    public RTRealNVar JSv;
    public RTRealNVar JSw;
     
    // F&P declarations
    public RTXFunc JSintegrate;
    public RTXFuncCall JSintegrate__1;
    
    // solver declarations
     
    // RT model constructor
    public JS100xfunc_int_expr(UnitNList u,ASServer.Messenger m) throws Xcept {
        super("JS100xfunc_int_expr", u, m);
         
        // units used in model
        units.add("dimensionless", Unit.parse(this, "1  dimensionless"));
        units.add("radian", Unit.parse(this, "1  dimensionless"));
         
        // var instantiation
        JSt__min = new RTRealNVar(this, "t.min","dimensionless",1,null);
        JSt__max = new RTRealNVar(this, "t.max","dimensionless",1,null);
        JSt__ct = new RTIntNVar(this, "t.ct","dimensionless",2,null);
        JSt__delta = new RTRealNVar(this, "t.delta","dimensionless",1,null);
        JSw = new RTRealNVar(this, "w","dimensionless",4,null);
        JSt = new RTRealDomain(this, "t","dimensionless",2,JSt__min,JSt__max,JSt__delta,JSt__ct);
        JSu = new RTRealNVar(this, "u","dimensionless",3,new RTRealDomain[] {JSt});
        JSv = new RTRealNVar(this, "v","dimensionless",3,new RTRealDomain[] {JSt});
         
        // input defaults
        JSt__min.setDefault("0");
        JSt__max.setDefault("6");
        JSt__delta.setDefault("2");
        
        // F&P initialization
        JSintegrate = new JSintegrate__class(this, "integrate");
        JSintegrate__1 = new RTXFuncCall(JSintegrate);
        new RTXFuncArg(JSintegrate__1, new RTRealDomain[] {JSt}) {
            protected double getRealVal(RTContext ctxt) throws Xcept {
                return ((XContext) ctxt).JSintegrate__1_0_getRealVal();
            }
        };
        
        // solver instantiation
        
    }
    
    // simple main methods
    public boolean defaultUnitCorrect() { return false; }
    public boolean allowMPRuns() { return true; }
    public void mainline(RTContext ctxt) throws Xcept { ((XContext) ctxt).mainline(); }
    public RTContext newRunContext(int threadInx, int nproc, RTDataStore s) { return new XContext(this, threadInx, nproc, s); }
    
    // every Nth point support
    public boolean runTimeNthSupported(RTRealDomain x) {
        String xname = x.name();
        if (xname.equals("t")) return false;
        return true;
    }
    
    // JSintegrate__class definition
    public static class JSintegrate__class extends RTXFunc {
        public JSintegrate__class(RTModel m, String n) throws Xcept { super(m, n); }
        public double realCalculate(RealNData[] jsargs) throws Xcept {
            RealNData u = jsargs[0];
            // copy maincode here
            
	    RegularGridData t = (RegularGridData) u.grid(0);
	    int[] inx = new int[1];

	    // calculate
	    double tot = 0;
	    for (int i=0; i<t.ct(); i++) {
		int mult = 2;
		if (i==0 || i==t.ct()-1) mult = 1;
		inx[0] = i;
		tot += mult*u.realVal(inx);
	    }
	    tot *= (t.max() - t.min()) / (2*(t.ct() - 1));
	    return tot;	
	
            
        }
    }
    
    // model-specific context
    public class XContext extends RTContext {
        // global caches
        private double js0t__min;
        private double js0t__max;
        private double js0t__delta;
        
        // context constructor
        public XContext(RTModel m, int threadInx, int nproc, RTDataStore s) { super(m, threadInx, nproc, s, false); }
        
        // trace NaN causes abort?
        public boolean abortNaN() { return false; }
        
        // ctxt mainline
        public void mainline() throws Xcept {
            js0t__delta = realVal(JSt__delta);
            js0t__max = realVal(JSt__max);
            js0t__min = realVal(JSt__min);
            set(JSt__ct,(((js0t__max-js0t__min)/js0t__delta)+1.5));
            set(JSt__max,js0t__max = (js0t__min+(js0t__delta*(realVal(JSt__ct)-1))));
            setDomain(JSt);
            setLHBC(JSt);
            set(JSu,(realVal(JSt)*realVal(JSt)));
            setLHBC(JSt);
            set(JSv,(realVal(JSu)+realVal(JSt)));
            startPhase(3, JSt);
            for (setLHBC(JSt); isSet(JSt); moveRight(JSt)) loop__0t();
            startPhase(4, null);
            set(JSw,JSintegrate__1.realVal(this));
        }
        
        // ctxt loop iteration for domain t
        public void loop__0t() throws Xcept {
            set(JSu,(realVal(JSt)*realVal(JSt)));
            set(JSv,(realVal(JSu)+realVal(JSt)));
            interruptCheck();
            updatePhase(JSt);
        }
        
        // ctxt methods for F&P
        protected double JSintegrate__1_0_getRealVal() throws Xcept {
            return (realVal(JSu)+realVal(JSv));
        }
    }
     
}


