// JSim generated model JS100xfunc_sumout
 
import java.lang.Math;
import JSim.util.*;
import JSim.expr.*;
import JSim.data.*;
import JSim.jruntime.*;
import JSim.aserver.*;
import JSim.nml.math.NatMath;
 
// JS100xfunc_sumout model
public class JS100xfunc_sumout extends RTModel {

    // variable declarations
    public RTRealDomain JSt;
    public RTRealNVar JSt__min;
    public RTRealNVar JSt__max;
    public RTIntNVar JSt__ct;
    public RTRealNVar JSt__delta;
    public RTRealNVar JSu;
    public RTRealNVar JSu1;
    public RTRealNVar JSv;
     
    // F&P declarations
    public RTXFunc JSmysum;
    public RTXFuncCall JSmysum__1;
    
    // solver declarations
     
    // RT model constructor
    public JS100xfunc_sumout(UnitNList u,ASServer.Messenger m) throws Xcept {
        super("JS100xfunc_sumout", u, m);
         
        // units used in model
        units.add("dimensionless", Unit.parse(this, "1  dimensionless"));
        units.add("radian", Unit.parse(this, "1  dimensionless"));
         
        // var instantiation
        JSt__min = new RTRealNVar(this, "t.min","dimensionless",1,null);
        JSt__max = new RTRealNVar(this, "t.max","dimensionless",1,null);
        JSt__ct = new RTIntNVar(this, "t.ct","dimensionless",2,null);
        JSt__delta = new RTRealNVar(this, "t.delta","dimensionless",1,null);
        JSv = new RTRealNVar(this, "v","dimensionless",4,null);
        JSt = new RTRealDomain(this, "t","dimensionless",2,JSt__min,JSt__max,JSt__delta,JSt__ct);
        JSu = new RTRealNVar(this, "u","dimensionless",3,new RTRealDomain[] {JSt});
        JSu1 = new RTRealNVar(this, "u1","dimensionless",3,new RTRealDomain[] {JSt});
         
        // input defaults
        JSt__min.setDefault("0");
        JSt__max.setDefault("6");
        JSt__delta.setDefault("2");
        
        // F&P initialization
        JSmysum = new JSmysum__class(this, "mysum");
        JSmysum__1 = new RTXFuncCall(JSmysum);
        new RTXFuncArg(JSmysum__1, new RTRealDomain[] {JSt}) {
            protected double getRealVal(RTContext ctxt) throws Xcept {
                return ((XContext) ctxt).JSmysum__1_0_getRealVal();
            }
        };
        
        // solver instantiation
        
    }
    
    // simple main methods
    public boolean defaultUnitCorrect() { return false; }
    public boolean allowMPRuns() { return true; }
    public void mainline(RTContext ctxt) throws Xcept { ((XContext) ctxt).mainline(); }
    public RTContext newRunContext(int threadInx, int nproc, RTDataStore s) { return new XContext(this, threadInx, nproc, s); }
    
    // every Nth point support
    public boolean runTimeNthSupported(RTRealDomain x) {
        String xname = x.name();
        if (xname.equals("t")) return false;
        return true;
    }
    
    // JSmysum__class definition
    public static class JSmysum__class extends RTXFunc {
        public JSmysum__class(RTModel m, String n) throws Xcept { super(m, n); }
        public double realCalculate(RealNData[] jsargs) throws Xcept {
            RealNData u = jsargs[0];
            // copy maincode here
            
	    RegularGridData t = (RegularGridData) u.grid(0);
	    double tot = 0;
	    for (int i=0; i<t.ct(); i++) 
		tot += u.realVal(i);
	    return tot;	
	
            
        }
    }
    
    // model-specific context
    public class XContext extends RTContext {
        // global caches
        private double js0t__min;
        private double js0t__max;
        private double js0t__delta;
        
        // context constructor
        public XContext(RTModel m, int threadInx, int nproc, RTDataStore s) { super(m, threadInx, nproc, s, false); }
        
        // trace NaN causes abort?
        public boolean abortNaN() { return false; }
        
        // ctxt mainline
        public void mainline() throws Xcept {
            js0t__delta = realVal(JSt__delta);
            js0t__max = realVal(JSt__max);
            js0t__min = realVal(JSt__min);
            set(JSt__ct,(((js0t__max-js0t__min)/js0t__delta)+1.5));
            set(JSt__max,js0t__max = (js0t__min+(js0t__delta*(realVal(JSt__ct)-1))));
            setDomain(JSt);
            startPhase(3, JSt);
            for (setLHBC(JSt); isSet(JSt); moveRight(JSt)) loop__0t();
            startPhase(4, null);
            set(JSv,JSmysum__1.realVal(this));
        }
        
        // ctxt loop iteration for domain t
        public void loop__0t() throws Xcept {
            set(JSu,(realVal(JSt)*realVal(JSt)));
            set(JSu1,realVal(JSu, new double[] {(6-realVal(JSt))}));
            interruptCheck();
            updatePhase(JSt);
        }
        
        // ctxt methods for F&P
        protected double JSmysum__1_0_getRealVal() throws Xcept {
            return realVal(JSu, new double[] {(6-realVal(JSt))});
        }
    }
     
}


