t.min = { 0 } sec
t.max = { 10 } sec
t.ct = { 11 } dimensionless
t.delta = { 1 } sec
C1.vol = { 10 } liter
C2.vol = { 5 } liter
C1.A__init = { 0 } mM
C2.A__init = { 0 } mM
t = { 0 1 2 3 4 5 6 7 8 9 10 } sec
C1.A(t) = { (0,0) (1,.09516258) (2,.18126925) (3,.25918178) (4,.32967995) (5,.39346934) (6,.45118836) (7,.5034147) (8,.55067104) (9,.59343034) (10,.63212056) } mM
C2.A(t) = { (0,0) (1,.00905592) (2,.03285854) (3,.0671752) (4,.10868887) (5,.15481812) (6,.20357094) (7,.25342636) (8,.30323859) (9,.35215957) (10,.3995764) } mM
Q1.flux(t) = { (0,1) (1,1) (2,1) (3,1) (4,1) (5,1) (6,1) (7,1) (8,1) (9,1) (10,1) } mmol/sec
F1.flow(t) = { (0,1) (1,1) (2,1) (3,1) (4,1) (5,1) (6,1) (7,1) (8,1) (9,1) (10,1) } liter/sec
F1.A(t) = { (0,0) (1,0) (2,0) (3,0) (4,0) (5,0) (6,0) (7,0) (8,0) (9,0) (10,0) } mM
F2.flow(t) = { (0,1) (1,1) (2,1) (3,1) (4,1) (5,1) (6,1) (7,1) (8,1) (9,1) (10,1) } liter/sec
F2.A(t) = { (0,0) (1,.09516258) (2,.18126925) (3,.25918178) (4,.32967995) (5,.39346934) (6,.45118836) (7,.5034147) (8,.55067104) (9,.59343034) (10,.63212056) } mM
F3.flow(t) = { (0,1) (1,1) (2,1) (3,1) (4,1) (5,1) (6,1) (7,1) (8,1) (9,1) (10,1) } liter/sec
F3.A(t) = { (0,0) (1,.00905592) (2,.03285854) (3,.0671752) (4,.10868887) (5,.15481812) (6,.20357094) (7,.25342636) (8,.30323859) (9,.35215957) (10,.3995764) } mM
C1.A:t(t) = { (0,.1) (1,.09048374) (2,.08187308) (3,.07408182) (4,.067032) (5,.06065307) (6,.05488116) (7,.04965853) (8,.0449329) (9,.04065697) (10,.03678794) } mM/sec
C2.A:t(t) = { (0,0) (1,.01722133) (2,.02968214) (3,.03840132) (4,.04419822) (5,.04773024) (6,.04952348) (7,.04999767) (8,.04948649) (9,.04825415) (10,.04650883) } mM/sec
