t.min = { 0 } sec
t.max = { 10 } sec
t.ct = { 11 } dimensionless
t.delta = { 1 } sec
C1.vol = { 10 } liter
C2.vol = { 5 } liter
C1.A__init = { 0 } mM
C2.A__init = { 0 } mM
C2.B__init = { 0 } mM
t = { 0 1 2 3 4 5 6 7 8 9 10 } sec
C1.A(t) = { (0,0) (1,.09516258) (2,.18126925) (3,.25918178) (4,.32967995) (5,.39346934) (6,.45118836) (7,.5034147) (8,.55067104) (9,.59343034) (10,.63212056) } mM
C2.A(t) = { (0,0) (1,.00713485) (2,.02292321) (3,.04376803) (4,.06787931) (5,.09398123) (6,.12110613) (7,.14852081) (8,.17567722) (9,.20217387) (10,.22772468) } mM
C2.B(t) = { (0,0) (1,.00192107) (2,.00993533) (3,.02340716) (4,.04080957) (5,.06083689) (6,.08246481) (7,.10490555) (8,.12756137) (9,.1499857) (10,.17185172) } mM
Q1.flux(t) = { (0,1) (1,1) (2,1) (3,1) (4,1) (5,1) (6,1) (7,1) (8,1) (9,1) (10,1) } mmol/sec
Q2.kf(t) = { (0,1) (1,1) (2,1) (3,1) (4,1) (5,1) (6,1) (7,1) (8,1) (9,1) (10,1) } 1/sec
Q2.kb(t) = { (0,1) (1,1) (2,1) (3,1) (4,1) (5,1) (6,1) (7,1) (8,1) (9,1) (10,1) } 1/sec
F1.flow(t) = { (0,1) (1,1) (2,1) (3,1) (4,1) (5,1) (6,1) (7,1) (8,1) (9,1) (10,1) } liter/sec
F1.A(t) = { (0,0) (1,0) (2,0) (3,0) (4,0) (5,0) (6,0) (7,0) (8,0) (9,0) (10,0) } mM
F1.B(t) = { (0,0) (1,0) (2,0) (3,0) (4,0) (5,0) (6,0) (7,0) (8,0) (9,0) (10,0) } mM
F2.flow(t) = { (0,1) (1,1) (2,1) (3,1) (4,1) (5,1) (6,1) (7,1) (8,1) (9,1) (10,1) } liter/sec
F2.A(t) = { (0,0) (1,.09516258) (2,.18126925) (3,.25918178) (4,.32967995) (5,.39346934) (6,.45118836) (7,.5034147) (8,.55067104) (9,.59343034) (10,.63212056) } mM
F2.B(t) = { (0,0) (1,0) (2,0) (3,0) (4,0) (5,0) (6,0) (7,0) (8,0) (9,0) (10,0) } mM
F3.flow(t) = { (0,1) (1,1) (2,1) (3,1) (4,1) (5,1) (6,1) (7,1) (8,1) (9,1) (10,1) } liter/sec
F3.A(t) = { (0,0) (1,.00713485) (2,.02292321) (3,.04376803) (4,.06787931) (5,.09398123) (6,.12110613) (7,.14852081) (8,.17567722) (9,.20217387) (10,.22772468) } mM
F3.B(t) = { (0,0) (1,.00192107) (2,.00993533) (3,.02340716) (4,.04080957) (5,.06083689) (6,.08246481) (7,.10490555) (8,.12756137) (9,.1499857) (10,.17185172) } mM
C1.A:t(t) = { (0,.1) (1,.09048374) (2,.08187308) (3,.07408182) (4,.067032) (5,.06065307) (6,.05488116) (7,.04965853) (8,.0449329) (9,.04065697) (10,.03678794) } mM/sec
C2.A:t(t) = { (0,0) (1,.01239177) (2,.01868132) (3,.02272188) (4,.02529039) (5,.02675328) (6,.02737512) (7,.02736352) (8,.02688291) (9,.02606312) (10,.02500622) } mM/sec
C2.B:t(t) = { (0,0) (1,.00482957) (2,.01100082) (3,.01567943) (4,.01890783) (5,.02097696) (6,.02214836) (7,.02263414) (8,.02260358) (9,.02219103) (10,.02150261) } mM/sec
