       r              v       
                              
       0              1       
      .05             1       
      .1              1       
      .15             1       
      .2              1       
      .25             1       
      .3              1       
      .35             1       
      .4              1       
      .45             1       
      .5              1       
      .55             1       
      .6              1       
      .65             1       
      .7              1       
      .75             1       
      .8              1       
      .85             1       
      .9              1       
      .95             1       
       1              1       

       w                      
       r              s       
                              
                      0             .05            .1             .15            .2             .25            .3             .35            .4             .45            .5             .55            .6             .65            .7             .75            .8             .85            .9             .95             1       
       0              1              1              1              1              1              1              1              1              1              1              1              1              1              1              1              1              1              1              1              1              1       
      .05             1              1              1              1              1              1              1              1              1              1              1              1              1              1              1              1              1              1              1              1              1       
      .1              1              1              1              1              1              1              1              1              1              1              1              1              1              1              1              1              1              1              1              1              1       
      .15             1              1              1              1              1              1              1              1              1              1              1              1              1              1              1              1              1              1              1              1              1       
      .2              1              1              1              1              1              1              1              1              1              1              1              1              1              1              1              1              1              1              1              1              1       
      .25             1              1              1              1              1              1              1              1              1              1              1              1              1              1              1              1              1              1              1              1              1       
      .3              1              1              1              1              1              1              1              1              1              1              1              1              1              1              1              1              1              1              1              1              1       
      .35             1              1              1              1              1              1              1              1              1              1              1              1              1              1              1              1              1              1              1              1              1       
      .4              1              1              1              1              1              1              1              1              1              1              1              1              1              1              1              1              1              1              1              1              1       
      .45             1              1              1              1              1              1              1              1              1              1              1              1              1              1              1              1              1              1              1              1              1       
      .5              1              1              1              1              1              1              1              1              1              1              1              1              1              1              1              1              1              1              1              1              1       
      .55             1              1              1              1              1              1              1              1              1              1              1              1              1              1              1              1              1              1              1              1              1       
      .6              1              1              1              1              1              1              1              1              1              1              1              1              1              1              1              1              1              1              1              1              1       
      .65             1              1              1              1              1              1              1              1              1              1              1              1              1              1              1              1              1              1              1              1              1       
      .7              1              1              1              1              1              1              1              1              1              1              1              1              1              1              1              1              1              1              1              1              1       
      .75             1              1              1              1              1              1              1              1              1              1              1              1              1              1              1              1              1              1              1              1              1       
      .8              1              1              1              1              1              1              1              1              1              1              1              1              1              1              1              1              1              1              1              1              1       
      .85             1              1              1              1              1              1              1              1              1              1              1              1              1              1              1              1              1              1              1              1              1       
      .9              1              1              1              1              1              1              1              1              1              1              1              1              1              1              1              1              1              1              1              1              1       
      .95             1              1              1              1              1              1              1              1              1              1              1              1              1              1              1              1              1              1              1              1              1       
       1              1              1              1              1              1              1              1              1              1              1              1              1              1              1              1              1              1              1              1              1              1       

