       t             u1             u2             u3             u4       
                                                                           
       0              1         10.42477796     5.712389          2.5      
      .3          2.2424778      9.7823002      6.012389       3.4424778   
      .6          3.4849556      9.1398224      6.312389       4.3849556   
      .9          4.7274334      8.4973446      6.612389       5.3274334   
      1.2         5.9699112      7.8548668      6.912389       6.2699112   
      1.5         7.212389       7.212389       7.212389       7.212389    
      1.8         8.4548668      6.5699112      7.512389       8.1548668   
      2.1         9.6973446      5.9274334      7.812389       9.0973446   
      2.4        10.93982237     5.2849556      8.112389      10.03982237  
      2.7         1.21823E1      4.6424778      8.412389       1.09823E1   
       3         13.42477796         4          8.712389      11.92477796  

       v                      
       s              t       
                              
                      0             .3             .6             .9             1.2            1.5            1.8            2.1            2.4            2.7             3       
       0              1          1.9424778      2.8849556      3.8274334      4.7699112      5.712389       6.6548668      7.5973446      8.5398224      9.4823002     10.42477796  
      .3             1.3         2.2424778      3.1849556      4.1274334      5.0699112      6.012389       6.9548668      7.8973446      8.8398224      9.7823002     10.72477796  
      .6             1.6         2.5424778      3.4849556      4.4274334      5.3699112      6.312389       7.2548668      8.1973446      9.1398224      1.00823E1     11.02477796  
      .9             1.9         2.8424778      3.7849556      4.7274334      5.6699112      6.612389       7.5548668      8.4973446      9.4398224      1.03823E1     11.32477796  
      1.2            2.2         3.1424778      4.0849556      5.0274334      5.9699112      6.912389       7.8548668      8.7973446      9.7398224      1.06823E1     11.62477796  
      1.5            2.5         3.4424778      4.3849556      5.3274334      6.2699112      7.212389       8.1548668      9.0973446     10.03982237     1.09823E1     11.92477796  
      1.8            2.8         3.7424778      4.6849556      5.6274334      6.5699112      7.512389       8.4548668      9.3973446     10.33982237     1.12823E1     12.22477796  
      2.1            3.1         4.0424778      4.9849556      5.9274334      6.8699112      7.812389       8.7548668      9.6973446     10.63982237     1.15823E1     12.52477796  
      2.4            3.4         4.3424778      5.2849556      6.2274334      7.1699112      8.112389       9.0548668      9.9973446     10.93982237     1.18823E1     12.82477796  
      2.7            3.7         4.6424778      5.5849556      6.5274334      7.4699112      8.412389       9.3548668     10.29734457    11.23982237     1.21823E1     13.12477796  
       3              4          4.9424778      5.8849556      6.8274334      7.7699112      8.712389       9.6548668     10.59734457    11.53982237     1.24823E1     13.42477796  

       w                      
       x              y       
                              
                      0              1              2              3       
       0              1          4.1415927      7.2831853     10.42477796  
       1              2          5.1415927      8.2831853     11.42477796  
       2              3          6.1415927      9.2831853     12.42477796  
       3              4          7.1415927     10.28318531    13.42477796  

