       t             u1             u2             u3             u4       
                                                                           
       0              1         10.42477796     5.712389         6.16      
      .3          2.6084778      1.01483E1      6.378389       6.7364778   
      .6          4.2169556      9.8718224      7.044389       7.3129556   
      .9          5.8254334      9.5953446      7.710389       7.8894334   
      1.2         7.4339112      9.3188668      8.376389       8.4659112   
      1.5         9.042389       9.042389       9.042389       9.042389    
      1.8        10.65086678     8.7659112      9.708389       9.6188668   
      2.1        12.25934457     8.4894334     10.37438898    10.19534457  
      2.4        13.86782237     8.2129556     11.04038898    10.77182237  
      2.7         1.54763E1      7.9364778     11.70638898     1.13483E1   
       3         17.08477796       7.66        12.37238898    11.92477796  

       w                      
       x              y       
                              
                      0              1              2              3       
       0              1          4.1415927      7.2831853     10.42477796  
       1            3.22         6.3615927      9.5031853     12.64477796  
       2            5.44         8.5815927     11.72318531    14.86477796  
       3            7.66        10.80159265    13.94318531    17.08477796  

   v(r,s,r)                   
       r              s       
                              
                      0             .3             .6             .9             1.2            1.5            1.8            2.1            2.4            2.7             3       
       0              1          1.9424778      2.8849556      3.8274334      4.7699112      5.712389       6.6548668      7.5973446      8.5398224      9.4823002     10.42477796  
      .3            1.666        2.6084778      3.5509556      4.4934334      5.4359112      6.378389       7.3208668      8.2633446      9.2058224      1.01483E1     11.09077796  
      .6            2.332        3.2744778      4.2169556      5.1594334      6.1019112      7.044389       7.9868668      8.9293446      9.8718224      1.08143E1     11.75677796  
      .9            2.998        3.9404778      4.8829556      5.8254334      6.7679112      7.710389       8.6528668      9.5953446     10.53782237     1.14803E1     12.42277796  
      1.2           3.664        4.6064778      5.5489556      6.4914334      7.4339112      8.376389       9.3188668     10.26134457    11.20382237     1.21463E1     13.08877796  
      1.5           4.33         5.2724778      6.2149556      7.1574334      8.0999112      9.042389       9.9848668     10.92734457    11.86982237     1.28123E1     13.75477796  
      1.8           4.996        5.9384778      6.8809556      7.8234334      8.7659112      9.708389      10.65086678    11.59334457    12.53582237     1.34783E1     14.42077796  
      2.1           5.662        6.6044778      7.5469556      8.4894334      9.4319112     10.37438898    11.31686678    12.25934457    13.20182237     1.41443E1     15.08677796  
      2.4           6.328        7.2704778      8.2129556      9.1554334     10.09791118    11.04038898    11.98286678    12.92534457    13.86782237     1.48103E1     15.75277796  
      2.7           6.994        7.9364778      8.8789556      9.8214334     10.76391118    11.70638898    12.64886678    13.59134457    14.53382237     1.54763E1     16.41877796  
       3            7.66         8.6024778      9.5449556     10.48743339    11.42991118    12.37238898    13.31486678    14.25734457    15.19982237     1.61423E1     17.08477796  

