       t             u1             u2             u3             u4       
                                                                           
      -1              0              0              0              0       
     -0.9            .01            .01            .1             .1       
     -0.8            .04            .04            .2             .2       
     -0.7            .09            .09            .3             .3       
     -0.6            .16            .16            .4             .4       
     -0.5            .25            .25            .5             .5       
     -0.4            .36            .36            .6             .6       
     -0.3            .49            .49            .7             .7       
     -0.2            .64            .64            .8             .8       
     -0.1            .81            .81            .9             .9       
       0              1              1              1              1       
      .1             .81            .81            .9             .9       
      .2             .64            .64            .8             .8       
      .3             .49            .49            .7             .7       
      .4             .36            .36            .6             .6       
      .5             .25            .25            .5             .5       
      .6             .16            .16            .4             .4       
      .7             .09            .09            .3             .3       
      .8             .04            .04            .2             .2       
      .9             .01            .01            .1             .1       
       1              0              0              0              0       

      uu                      
       s              t       
                              
                     -1            -0.9           -0.8           -0.7           -0.6           -0.5           -0.4           -0.3           -0.2           -0.1             0             .1             .2             .3             .4             .5             .6             .7             .8             .9              1       
      -1              0              0              0              0              0              0              0              0              0              0              0              0              0              0              0              0              0              0              0              0              0       
     -0.9             0             .01            .02            .03            .04            .05            .06            .07            .08            .09            .1             .09            .08            .07            .06            .05            .04            .03            .02            .01             0       
     -0.8             0             .02            .04            .06            .08            .1             .12            .14            .16            .18            .2             .18            .16            .14            .12            .1             .08            .06            .04            .02             0       
     -0.7             0             .03            .06            .09            .12            .15            .18            .21            .24            .27            .3             .27            .24            .21            .18            .15            .12            .09            .06            .03             0       
     -0.6             0             .04            .08            .12            .16            .2             .24            .28            .32            .36            .4             .36            .32            .28            .24            .2             .16            .12            .08            .04             0       
     -0.5             0             .05            .1             .15            .2             .25            .3             .35            .4             .45            .5             .45            .4             .35            .3             .25            .2             .15            .1             .05             0       
     -0.4             0             .06            .12            .18            .24            .3             .36            .42            .48            .54            .6             .54            .48            .42            .36            .3             .24            .18            .12            .06             0       
     -0.3             0             .07            .14            .21            .28            .35            .42            .49            .56            .63            .7             .63            .56            .49            .42            .35            .28            .21            .14            .07             0       
     -0.2             0             .08            .16            .24            .32            .4             .48            .56            .64            .72            .8             .72            .64            .56            .48            .4             .32            .24            .16            .08             0       
     -0.1             0             .09            .18            .27            .36            .45            .54            .63            .72            .81            .9             .81            .72            .63            .54            .45            .36            .27            .18            .09             0       
       0              0             .1             .2             .3             .4             .5             .6             .7             .8             .9              1             .9             .8             .7             .6             .5             .4             .3             .2             .1              0       
      .1              0             .09            .18            .27            .36            .45            .54            .63            .72            .81            .9             .81            .72            .63            .54            .45            .36            .27            .18            .09             0       
      .2              0             .08            .16            .24            .32            .4             .48            .56            .64            .72            .8             .72            .64            .56            .48            .4             .32            .24            .16            .08             0       
      .3              0             .07            .14            .21            .28            .35            .42            .49            .56            .63            .7             .63            .56            .49            .42            .35            .28            .21            .14            .07             0       
      .4              0             .06            .12            .18            .24            .3             .36            .42            .48            .54            .6             .54            .48            .42            .36            .3             .24            .18            .12            .06             0       
      .5              0             .05            .1             .15            .2             .25            .3             .35            .4             .45            .5             .45            .4             .35            .3             .25            .2             .15            .1             .05             0       
      .6              0             .04            .08            .12            .16            .2             .24            .28            .32            .36            .4             .36            .32            .28            .24            .2             .16            .12            .08            .04             0       
      .7              0             .03            .06            .09            .12            .15            .18            .21            .24            .27            .3             .27            .24            .21            .18            .15            .12            .09            .06            .03             0       
      .8              0             .02            .04            .06            .08            .1             .12            .14            .16            .18            .2             .18            .16            .14            .12            .1             .08            .06            .04            .02             0       
      .9              0             .01            .02            .03            .04            .05            .06            .07            .08            .09            .1             .09            .08            .07            .06            .05            .04            .03            .02            .01             0       
       1              0              0              0              0              0              0              0              0              0              0              0              0              0              0              0              0              0              0              0              0              0       

