t.min = { 0 } sec
t.max = { 2 } sec
t.ct = { 3 } dimensionless
t.delta = { 1 } sec
a0 = { 2 } sec
b0 = { 3 } dimensionless
c0 = { 6 } sec
a1 = { 16 } m^4
b1 = { 4 } m^2
a3 = { 1 } m^2
b3 = { 2 } m^2
c3 = { 3 } m^2
a4 = { 4 } m
b4 = { 10 } m/sec
c4 = { 40 } m^2/sec
a5 = { 1 } dimensionless
b5 = { 1 } 1/sec
c5 = { 60 } dimensionless
a6 = { 1 } dimensionless
s6 = { 1 } sec
b6 = { 1 } 1/sec
b7 = { 5 } m/sec
c7 = { 15 } m/sec*min
h4__init = { 1 } m^2
t = { 0 1 2 } sec
h4(t) = { (0,1) (1,-39) (2,-79) } m^2
h4:t(t) = { (0,-40) (1,-40) (2,-40) } m^2/sec
