// Created by libAntimony v2.8.0
model file0()

  // Assignment Rules:
  multiply_call0 := k1*S1;
  reaction1 := compartment_*multiply_call0;

  // Rate Rules:
  S1' = reaction1*-1/compartment_;
  S2' = reaction1/compartment_;

  // Variable initializations:
  compartment_ = 1;
  compartment_ has litre;
  k1 = 1;
  S1 = 0.0015/compartment_;
  S1 has M;
  reaction1 has katal;
  S2 = 0.0015/compartment_;
  S2 has M;

  // Other declarations:
  var multiply_call0, S1, reaction1, S2;
  const compartment_, k1;

  // Unit definitions:
  unit M_per_second = mole / ((1000 metre)^3 * second);
  unit M = mole / (1000 metre)^3;

  // Display Names:
  M_per_second is "M/second";
end

