// Created by libAntimony v2.8.0
model *doc0()

  // Assignment Rules:
  reaction2 := compartment_*k2*S2;
  reaction1 := compartment_*k1*S1;

  // Rate Rules:
  S2' = (reaction1*0.3 + reaction2*-0.7)/compartment_;
  S1' = (reaction1*-1 + reaction2)/compartment_;
  reaction2 has katal;

  // Variable initializations:
  compartment_ = 0.3;
  compartment_ has litre;
  k2 = 180;
  S2 = 0;
  S2 has M;
  reaction1 has katal;
  k1 = 0.35;
  S1 = 0.0015/compartment_;
  S1 has M;

  // Other declarations:
  var reaction2, S2, reaction1, S1;
  const compartment_, k2, k1;

  // Unit definitions:
  unit M_per_second = mole / ((1000 metre)^3 * second);
  unit M = mole / (1000 metre)^3;

  // Display Names:
  M_per_second is "M/second";
end

