// Created by libAntimony v2.8.0
model file0()

  // Assignment Rules:
  reaction3 := compartment_*k3*S2;
  reaction4 := compartment_*k4*S3*S4;
  S2 := 0.2/compartment_;
  reaction1 := compartment_*k1*S1;
  reaction2 := compartment_*k2*S2;

  // Rate Rules:
  S4' = (reaction3 + reaction4*-1)/compartment_;
  S3' = (reaction3 + reaction4*-1)/compartment_;
  S1' = (reaction1*-1 + reaction2)/compartment_;

  // Variable initializations:
  S4 = 0;
  S4 has M;
  reaction3 has katal;
  reaction4 has katal;
  compartment_ = 1;
  compartment_ has litre;
  S3 = 0;
  S3 has M;
  S2 has M;
  S1 = 0.1/compartment_;
  S1 has M;
  reaction1 has katal;
  reaction2 has katal;
  k4 = 0.1;
  k3 = 0.1;
  k2 = 0.25;
  k1 = 0.75;

  // Other declarations:
  var S4, reaction3, reaction4, S3, S2, S1, reaction1, reaction2;
  const compartment_, k4, k3, k2, k1;

  // Unit definitions:
  unit M_per_second = mole / ((1000 metre)^3 * second);
  unit M = mole / (1000 metre)^3;

  // Display Names:
  M_per_second is "M/second";
end

