// Created by libAntimony v2.8.0
model file0()

  // Assignment Rules:
  reaction1 := compartment_*k2*S2;
  S2 := 0 - (k1*-1 + S1);

  // Rate Rules:
  S1' = reaction1/compartment_;

  // Variable initializations:
  compartment_ = 1;
  compartment_ has litre;
  reaction1 has katal;
  k2 = 1;
  S2 has M;
  k1 = 1;
  S1 = 0.5/compartment_;
  S1 has M;

  // Other declarations:
  var reaction1, S2, S1;
  const compartment_, k2, k1;

  // Unit definitions:
  unit M_per_second = mole / ((1000 metre)^3 * second);
  unit M = mole / (1000 metre)^3;

  // Display Names:
  M_per_second is "M/second";
end

