// Created by libAntimony v2.8.0
model file0()

  // Assignment Rules:
  reaction2 := compartment1*k2*(S2 + S3*-1);
  reaction1 := compartment_*k1*S1*S2;

  // Rate Rules:
  S2' = (reaction1*-1 + reaction1*2 + reaction2*-1)/compartment1;
  S3' = reaction2/compartment1;
  S1' = reaction1*-1/compartment1;
  reaction2 has katal;

  // Variable initializations:
  compartment1 = 1;
  compartment1 has litre;
  k2 = 0.25;
  S2 = 1/compartment1;
  S2 has M;
  S3 = 0;
  S3 has M;
  compartment_ = 1;
  compartment_ has litre;
  reaction1 has katal;
  k1 = 0.75;
  S1 = 1/compartment1;
  S1 has M;

  // Other declarations:
  var reaction2, S2, S3, reaction1, S1;
  const compartment1, k2, compartment_, k1;

  // Unit definitions:
  unit M_per_second = mole / ((1000 metre)^3 * second);
  unit M = mole / (1000 metre)^3;

  // Display Names:
  M_per_second is "M/second";
end

