// Created by libAntimony v2.8.0
model file0()

  // Assignment Rules:
  reaction1 := compartment_*k1*S1;

  // Rate Rules:
  S1' = reaction1*-1/compartment_;
  S3' = 0.15;
  S2' = reaction1/compartment_;

  // Variable initializations:
  compartment_ = 1.75;
  compartment_ has litre;
  reaction1 has katal;
  k1 = 1.5;
  S1 = 1.5/compartment_;
  S1 has M;
  S3 = 0;
  S3 has M;
  S2 = 0;
  S2 has M;

  // Other declarations:
  var reaction1, S1, S3, S2;
  const compartment_, k1;

  // Unit definitions:
  unit M_per_second = mole / ((1000 metre)^3 * second);
  unit M = mole / (1000 metre)^3;

  // Display Names:
  M_per_second is "M/second";
end

