// Created by libAntimony v2.8.0
model file0()

  // Assignment Rules:
  division_call0 := k2*0.01;
  reaction1 := C*k1*S1;
  k1 := division_call0;

  // Rate Rules:
  S1' = reaction1*-1/C;
  S2' = reaction1/C;

  // Variable initializations:
  C = 1;
  C has litre;
  k2 = 50;
  reaction1 has katal;
  S1 = 1/C;
  S1 has M;
  S2 = 1.5/C;
  S2 has M;

  // Other declarations:
  var division_call0, reaction1, k1, S1, S2;
  const C, k2;

  // Unit definitions:
  unit M_per_second = mole / ((1000 metre)^3 * second);
  unit M = mole / (1000 metre)^3;

  // Display Names:
  M_per_second is "M/second";
end

