antimony {{
  //Created by libAntimony v2.0
model file0()

  // Assignment Rules:
  k2 := 0 - -0.9;
  reaction3 := C * k3 * S3;
  reaction2 := C * k2 * S3;
  reaction1 := C * k1 * S1 * S2;

  // Rate Rules:
  S4' = reaction3 / C;
  S3' = (reaction1 + reaction2 * -1 + reaction3 * -1) / C;
  S2' = (reaction1 * -1 + reaction2) / C;
  S1' = (reaction1 * -1 + reaction2 + reaction3) / C;

  // Variable initializations:
  S4 = 0;
  S3 = 0;
  S2 = 0.2 / C;
  S1 = 0.2 / C;
  k3 = 0.7;
  k1 = 10;
  C = 1;

  //Other declarations:
  var S4, S3, S2, S1, k2, reaction3, reaction2, reaction1;
end



}}

