// Created by libAntimony v2.8.0
model *doc0()

  // Assignment Rules:
  reaction3 := C*k3*S3;
  reaction1 := C*k1*S1*S2;
  reaction2 := C*k2*S3;
  k2 := 0 - -0.9;

  // Rate Rules:
  S4' = reaction3/C;
  S3' = (reaction1 + reaction2*-1 + reaction3*-1)/C;
  S2' = (reaction1*-1 + reaction2)/C;
  S1' = (reaction1*-1 + reaction2 + reaction3)/C;

  // Variable initializations:
  S4 = 0;
  S4 has M;
  reaction3 has katal;
  C = 1;
  C has litre;
  S3 = 0;
  S3 has M;
  reaction1 has katal;
  reaction2 has katal;
  S2 = 0.2/C;
  S2 has M;
  S1 = 0.2/C;
  S1 has M;
  k3 = 0.7;
  k1 = 10;

  // Other declarations:
  var S4, reaction3, S3, reaction1, reaction2, S2, S1, k2;
  const C, k3, k1;

  // Unit definitions:
  unit M_per_second = mole / ((1000 metre)^3 * second);
  unit M = mole / (1000 metre)^3;

  // Display Names:
  M_per_second is "M/second";
end

