// Created by libAntimony v2.8.0
model file0()

  // Assignment Rules:
  reaction1 := C*k1*S1*time;

  // Rate Rules:
  S1' = reaction1*-1/C;
  S2' = reaction1/C;

  // Variable initializations:
  C = 1;
  C has litre;
  reaction1 has katal;
  k1 = 1;
  S1 = 0.00015/C;
  S1 has M;
  S2 = 0;
  S2 has M;

  // Other declarations:
  var reaction1, S1, S2;
  const C, k1;

  // Unit definitions:
  unit M_per_second = mole / ((1000 metre)^3 * second);
  unit M = mole / (1000 metre)^3;

  // Display Names:
  M_per_second is "M/second";
end

