// Created by libAntimony v2.8.0
model file0()

  // Assignment Rules:
  y := 2 + delay(x, 0.2);

  // Rate Rules:
  x' = J0/default_compartment;

  // Variable initializations:
  J0 = 1;
  J0 has katal;
  default_compartment = 1;
  default_compartment has litre;
  x = 3/default_compartment;
  x has M;

  // Other declarations:
  var J0, y, x;
  const default_compartment;

  // Unit definitions:
  unit M_per_second = mole / ((1000 metre)^3 * second);
  unit M = mole / (1000 metre)^3;

  // Display Names:
  M_per_second is "M/second";
end

