// Created by libAntimony v2.8.0
model file0()

  // Assignment Rules:
  J0 := k1;
  Xref := parameterId_0;

  // Rate Rules:
  X' = Xref*J0/default_compartment;
  parameterId_0' = 0.01;
  J0 has katal;

  // Variable initializations:
  k1 = 1;
  X = 0;
  X has M;
  default_compartment = 1;
  default_compartment has litre;
  parameterId_0 = 1;

  // Other declarations:
  var J0, X, Xref, parameterId_0;
  const k1, default_compartment;

  // Unit definitions:
  unit M_per_second = mole / ((1000 metre)^3 * second);
  unit M = mole / (1000 metre)^3;

  // Display Names:
  M_per_second is "M/second";
end

