// Created by libAntimony v2.8.0
model *doc0()

  // Assignment Rules:
  reaction1 := C*(kf*S1 + kr*S2*-1)*-1;
  S1 := 1/C;

  // Rate Rules:
  S2' = reaction1*-1/C;

  // Variable initializations:
  C = 1;
  C has litre;
  kf = 0.9;
  reaction1 has katal;
  S1 has M;
  kr = 0.075;
  S2 = 0;
  S2 has M;

  // Other declarations:
  var reaction1, S1, S2;
  const C, kf, kr;

  // Unit definitions:
  unit M_per_second = mole / ((1000 metre)^3 * second);
  unit M = mole / (1000 metre)^3;

  // Display Names:
  M_per_second is "M/second";
end

