time.min = { 0 } second
time.max = { 10 } second
time.ct = { 21 } dimensionless
time.delta = { .5 } second
compartment = { 1 } L
k1 = { .75 } dimensionless
k2 = { .25 } dimensionless
k3 = { .1 } dimensionless
k4 = { .1 } dimensionless
S2 = { .2 } M
S3__init = { 0 } M
S4__init = { 0 } M
time = { 0 .5 1 1.5 2 2.5 3 3.5 4 4.5 5 5.5 6 6.5 7 7.5 8 8.5 9 9.5 10 } second
S1(time) = { (0,.1) (.5,.08958) (1,.08241) (1.5,.07749) (2,.0741) (2.5,.07178) (3,.07018) (3.5,.06908) (4,.06833) (4.5,.06781) (5,.06745) (5.5,.06721) (6,.06704) (6.5,.06692) (7,.06684) (7.5,.06679) (8,.06675) (8.5,.06672) (9,.06671) (9.5,.06669) (10,.06669) } M
S3(time) = { (0,0) (.5,.01) (1,.01999) (1.5,.02996) (2,.03989) (2.5,.04979) (3,.05964) (3.5,.06943) (4,.07916) (4.5,.0888) (5,.09837) (5.5,.10783) (6,.1172) (6.5,.12646) (7,.1356) (7.5,.14462) (8,.15351) (8.5,.16226) (9,.17087) (9.5,.17934) (10,.18765) } M
S4(time) = { (0,0) (.5,.01) (1,.01999) (1.5,.02996) (2,.03989) (2.5,.04979) (3,.05964) (3.5,.06943) (4,.07916) (4.5,.0888) (5,.09837) (5.5,.10783) (6,.1172) (6.5,.12646) (7,.1356) (7.5,.14462) (8,.15351) (8.5,.16226) (9,.17087) (9.5,.17934) (10,.18765) } M
reaction1(time) = { (0,.075) (.5,.06718) (1,.06181) (1.5,.05812) (2,.05558) (2.5,.05383) (3,.05263) (3.5,.05181) (4,.05124) (4.5,.05086) (5,.05059) (5.5,.0504) (6,.05028) (6.5,.05019) (7,.05013) (7.5,.05009) (8,.05006) (8.5,.05004) (9,.05003) (9.5,.05002) (10,.05001) } katal
reaction2(time) = { (0,.05) (.5,.05) (1,.05) (1.5,.05) (2,.05) (2.5,.05) (3,.05) (3.5,.05) (4,.05) (4.5,.05) (5,.05) (5.5,.05) (6,.05) (6.5,.05) (7,.05) (7.5,.05) (8,.05) (8.5,.05) (9,.05) (9.5,.05) (10,.05) } katal
reaction3(time) = { (0,.02) (.5,.02) (1,.02) (1.5,.02) (2,.02) (2.5,.02) (3,.02) (3.5,.02) (4,.02) (4.5,.02) (5,.02) (5.5,.02) (6,.02) (6.5,.02) (7,.02) (7.5,.02) (8,.02) (8.5,.02) (9,.02) (9.5,.02) (10,.02) } katal
reaction4(time) = { (0,0) (.5,9.9967E-6) (1,3.9947E-5) (1.5,8.9731E-5) (2,1.5915E-4) (2.5,2.4793E-4) (3,3.5572E-4) (3.5,4.8211E-4) (4,6.2659E-4) (4.5,7.8862E-4) (5,9.6759E-4) (5.5,.00116) (6,.00137) (6.5,.0016) (7,.00184) (7.5,.00209) (8,.00236) (8.5,.00263) (9,.00292) (9.5,.00322) (10,.00352) } katal
S1:time(time) = { (0,-0.025) (.5,-0.01718) (1,-0.01181) (1.5,-0.00812) (2,-0.00558) (2.5,-0.00383) (3,-0.00263) (3.5,-0.00181) (4,-0.00124) (4.5,-8.5545E-4) (5,-5.8794E-4) (5.5,-4.0409E-4) (6,-2.7773E-4) (6.5,-1.9088E-4) (7,-1.3119E-4) (7.5,-9.0164E-5) (8,-6.1969E-5) (8.5,-4.2591E-5) (9,-2.9272E-5) (9.5,-2.0118E-5) (10,-1.3827E-5) } M/second
S3:time(time) = { (0,.02) (.5,.01999) (1,.01996) (1.5,.01991) (2,.01984) (2.5,.01975) (3,.01964) (3.5,.01952) (4,.01937) (4.5,.01921) (5,.01903) (5.5,.01884) (6,.01863) (6.5,.0184) (7,.01816) (7.5,.01791) (8,.01764) (8.5,.01737) (9,.01708) (9.5,.01678) (10,.01648) } M/second
S4:time(time) = { (0,.02) (.5,.01999) (1,.01996) (1.5,.01991) (2,.01984) (2.5,.01975) (3,.01964) (3.5,.01952) (4,.01937) (4.5,.01921) (5,.01903) (5.5,.01884) (6,.01863) (6.5,.0184) (7,.01816) (7.5,.01791) (8,.01764) (8.5,.01737) (9,.01708) (9.5,.01678) (10,.01648) } M/second
