// This model generated automatically from SBML
// MathML error:  Can't process <apply> operator factorial 
// Untranslated math element:  factorial(ceil(p1 * S1)) * pow(p2, -1)


// unit definitions
import nsrunit;
unit conversion off;

// SBML property definitions
property sbmlRole=string;
property sbmlName=string;
property sbmlCompartment=string;

// SBML reactions
// reaction1: S1 <=> S2  

math main {
  realDomain time second;
  time.min=0;
  extern time.max;
  extern time.delta;

  // variable definitions
  real compartment = 1 L;
  real p1 = 4;
  real p2 = 25;
  real S1(time) M;
  real S2(time) M;
  extern real reaction1 katal;

  // equations
  when (time=time.min) S1 = 1/compartment; 
  (S1*compartment):time = -1*reaction1;
  when (time=time.min) S2 = 0; 
  (S2*compartment):time = reaction1;

  // variable properties
  compartment.sbmlRole="compartment";
  p1.sbmlRole="parameter";
  p2.sbmlRole="parameter";
  S1.sbmlRole="species";
  S1.sbmlCompartment="compartment";
  S2.sbmlRole="species";
  S2.sbmlCompartment="compartment";
  reaction1.sbmlRole="rate";
}

