<?xml version="1.0" encoding="UTF-8"?>
<sbml xmlns="http://www.sbml.org/sbml/level2/version4" level="2" version="4">
  <model>
    <notes>
      <p xmlns="http://www.w3.org/1999/xhtml">This model generated automatically from SBML
unit definitions
</p>
    </notes>
    <listOfUnitDefinitions>
      <unitDefinition id="M" name="M">
        <listOfUnits>
          <unit kind="metre" exponent="-3" scale="0" multiplier="1000"/>
          <unit kind="mole" exponent="1" scale="0" multiplier="1"/>
        </listOfUnits>
      </unitDefinition>
    </listOfUnitDefinitions>
    <listOfParameters>
      <parameter id="compartment" value="1" units="litre" constant="true"/>
      <parameter id="S1" value="7" units="M" constant="false"/>
    </listOfParameters>
  </model>
</sbml>

