// This model generated automatically from SBML


// unit definitions
import nsrunit;
unit conversion off;

// SBML property definitions
property sbmlRole=string;
property sbmlName=string;
property sbmlCompartment=string;

// SBML reactions
// reaction1: <=> S1  

math main {
  realDomain time second;
  time.min=0;
  extern time.max;
  extern time.delta;

  // variable definitions
  real compartment = 1 L;
  real k1 = 1;
  real k2 = 1;
  real S1(time) M;
  real S2(time) M;
  real reaction1(time) katal;

  // equations
  when (time=time.min) S1 = .5/compartment; 
  (S1*compartment):time = reaction1;
  reaction1 = compartment*k2*S2; 
  (-1)*k1+S1+S2 = 0; 

  // variable properties
  compartment.sbmlRole="compartment";
  k1.sbmlRole="parameter";
  k2.sbmlRole="parameter";
  S1.sbmlRole="species";
  S1.sbmlCompartment="compartment";
  S2.sbmlRole="species";
  S2.sbmlCompartment="compartment";
  reaction1.sbmlRole="rate";
}

