<?xml version="1.0" encoding="UTF-8"?>
<sbml xmlns="http://www.sbml.org/sbml/level2/version4" level="2" version="4">
  <model>
    <notes>
      <p xmlns="http://www.w3.org/1999/xhtml">This model generated automatically from SBML
unit definitions
</p>
    </notes>
    <listOfUnitDefinitions>
      <unitDefinition id="M_per_second" name="M/second">
        <listOfUnits>
          <unit kind="metre" exponent="-3" scale="0" multiplier="1000"/>
          <unit kind="second" exponent="-1" scale="0" multiplier="1"/>
          <unit kind="mole" exponent="1" scale="0" multiplier="1"/>
        </listOfUnits>
      </unitDefinition>
      <unitDefinition id="M" name="M">
        <listOfUnits>
          <unit kind="metre" exponent="-3" scale="0" multiplier="1000"/>
          <unit kind="mole" exponent="1" scale="0" multiplier="1"/>
        </listOfUnits>
      </unitDefinition>
    </listOfUnitDefinitions>
    <listOfParameters>
      <parameter id="C" value="1" units="litre" constant="true"/>
      <parameter id="reaction1" units="katal" constant="false"/>
      <parameter id="k1" value="1" constant="true"/>
      <parameter id="S2" value="0" units="M" constant="false"/>
      <parameter id="S1" units="M" constant="false"/>
    </listOfParameters>
    <listOfInitialAssignments>
      <initialAssignment symbol="S1">
        <math xmlns="http://www.w3.org/1998/Math/MathML">
          <apply>
            <divide/>
            <cn> 0.00015 </cn>
            <ci> C </ci>
          </apply>
        </math>
      </initialAssignment>
    </listOfInitialAssignments>
    <listOfRules>
      <rateRule variable="S1">
        <math xmlns="http://www.w3.org/1998/Math/MathML">
          <apply>
            <divide/>
            <apply>
              <times/>
              <ci> reaction1 </ci>
              <cn> -1 </cn>
            </apply>
            <ci> C </ci>
          </apply>
        </math>
      </rateRule>
      <rateRule variable="S2">
        <math xmlns="http://www.w3.org/1998/Math/MathML">
          <apply>
            <divide/>
            <ci> reaction1 </ci>
            <ci> C </ci>
          </apply>
        </math>
      </rateRule>
      <assignmentRule variable="reaction1">
        <math xmlns="http://www.w3.org/1998/Math/MathML">
          <apply>
            <times/>
            <ci> C </ci>
            <ci> k1 </ci>
            <ci> S1 </ci>
            <csymbol encoding="text" definitionURL="http://www.sbml.org/sbml/symbols/time"> time </csymbol>
          </apply>
        </math>
      </assignmentRule>
    </listOfRules>
  </model>
</sbml>

