// This model generated automatically from SBML

// unit definitions
import nsrunit;
unit conversion off;

// SBML property definitions
property sbmlRole=string;
property sbmlName=string;
property sbmlCompartment=string;

// SBML reactions

math main {
  realDomain time second;
  time.min=0;
  extern time.max;
  extern time.delta;

  // variable definitions
  real c(time) L;
  real s(time) M;

  // equations
  when (time=time.min) c = 1;
  c:time = .5*c;
  when (time=time.min) s = 2;
  (s*c):time = 0;

  // variable properties
  c.sbmlRole="compartment";
  s.sbmlRole="species";
  s.sbmlCompartment="c";
}

