// This model generated automatically from SBML

/* Originally created by libAntimony 1.4 (using libSBML 5.0.0-a1) */

// unit definitions
import nsrunit;
unit conversion off;

// SBML property definitions
property sbmlRole=string;
property sbmlName=string;
property sbmlCompartment=string;

// SBML reactions

math main {
  realDomain time second;
  time.min=0;
  extern time.max;
  extern time.delta;

  // variable definitions
  real x(time);
  real y(time);

  // equations
  x = sin(10*time); 
  y = 2+x(if (time<(time.min+.2)) time.min else time-(.2)); 

  // variable properties
  x.sbmlRole="parameter";
  y.sbmlRole="parameter";
}

