// This model generated automatically from SBML

/* Originally created by libAntimony 1.4 (using libSBML 5.0.0-a1) */

// unit definitions
import nsrunit;
unit conversion off;

// SBML property definitions
property sbmlRole=string;
property sbmlName=string;
property sbmlCompartment=string;

// SBML reactions

math main {
  realDomain time second;
  time.min=0;
  extern time.max;
  extern time.delta;

  // variable definitions
  real default_compartment = 1 L;
  real y(time);
  real x(time) M;

  // equations
  y = 2+x(if (time<(time.min+.5)) time.min else time-(.5)); 
  when (time=time.min) x = 1*sin(10*time); 
  x:time = 0; 

  // variable properties
  default_compartment.sbmlRole="compartment";
  y.sbmlRole="parameter";
  x.sbmlRole="species";
  x.sbmlCompartment="default_compartment";
}

