// This model generated automatically from SBML
// MathML error:  Tag <infinity> not supported within <math> 
// Untranslated math element:  INF
// MathML error:  Tag <infinity> not supported within <math> 
// Untranslated math element:  -INF
// MathML error:  Tag <notanumber> not supported within <math> 
// Untranslated math element:  NaN

/* Originally created by libAntimony v1.4 (using libSBML 5.0.0-a1) */

// unit definitions
import nsrunit;
unit conversion off;

// SBML property definitions
property sbmlRole=string;
property sbmlName=string;
property sbmlCompartment=string;

// SBML reactions

math main {
  realDomain time second;
  time.min=0;
  extern time.max;
  extern time.delta;

  // variable definitions
  extern real P;
  extern real Q;
  extern real R;

  // equations

  // variable properties
  P.sbmlRole="parameter";
  Q.sbmlRole="parameter";
  R.sbmlRole="parameter";
}

