// This model generated automatically from SBML

/* <body xmlns="http://www.w3.org/1999/xhtml">
    <p> Originally created by libAntimony v1.4 (using libSBML 5.0.0-a1) 
  </body> */

// unit definitions
import nsrunit;
unit conversion off;

// SBML property definitions
property sbmlRole=string;
property sbmlName=string;
property sbmlCompartment=string;

// SBML reactions

math main {
  realDomain time second;
  time.min=0;
  extern time.max;
  extern time.delta;

  // variable definitions
  real P1;
  real P2;
  real P3;
  real P4;
  real P5;

  // equations
  P1 = 6.02214179E23; 
  P2 = 6.02214179E23; 
  P3 = 6.02214179E23; 
  P4 = 6.02214179E23; 
  P5 = 6.02214179E23-6.0221000000000006E23; 

  // variable properties
  P1.sbmlRole="parameter";
  P2.sbmlRole="parameter";
  P3.sbmlRole="parameter";
  P4.sbmlRole="parameter";
  P5.sbmlRole="parameter";
}

