// This model generated automatically from SBML


// unit definitions
import nsrunit;
unit conversion off;

// SBML property definitions
property sbmlRole=string;
property sbmlName=string;
property sbmlCompartment=string;

// SBML reactions
// in: X0 => T  /* My in reaction note */
// out: T => X1  /* My Out reaction note */

math main {
  realDomain time second;
  time.min=0;
  extern time.max;
  extern time.delta;

  // variable definitions
  real cell = 1 L;
  real Keq = 2.5 dimensionless;
  real X0(time) M;
  real X1(time) M;
  real T(time) M;
  real S1(time) M;
  real S2(time) M; /* My S2 Assignment rule note */
  real in(time) katal;
  real k1 = .1 hz;
  real out(time) katal;
  real k2 = .15 hz;

  // equations
  when (time=time.min) X0 = 1; 
  (X0*cell):time = -1*in;
  when (time=time.min) X1 = 0; 
  (X1*cell):time = out;
  when (time=time.min) T = 0; 
  (T*cell):time = in + -1*out;
  S2 = Keq*S1; /* My S2 Assignment rule note */
  in = k1*X0*cell/* My in reaction note */; 
  out = k2*S2*cell/* My Out reaction note */; 
  S2+S1-T = 0; /* My S2 Algebraic rule note */

  // variable properties
  cell.sbmlRole="compartment";
  Keq.sbmlRole="parameter";
  X0.sbmlRole="species";
  X0.sbmlCompartment="cell";
  X1.sbmlRole="species";
  X1.sbmlCompartment="cell";
  T.sbmlRole="species";
  T.sbmlCompartment="cell";
  S1.sbmlRole="species";
  S1.sbmlCompartment="cell";
  S2.sbmlRole="species";
  S2.sbmlCompartment="cell";
  in.sbmlRole="rate";
  k1.sbmlRole="parameter";
  out.sbmlRole="rate";
  k2.sbmlRole="parameter";
}

