// This model generated automatically from SBML


// unit definitions
import nsrunit;
unit conversion off;

// SBML property definitions
property sbmlRole=string;
property sbmlName=string;
property sbmlCompartment=string;

// SBML reactions

math main {
  realDomain time second;
  time.min=0;
  extern time.max;
  extern time.delta;

  // variable definitions
  real C = 1E-15 L;
  real x mol; /* Initial Assignment of x notes. */
  extern real y mol;

  // equations
  x = y*2/C; /* Initial Assignment of x notes. */

  // variable properties
  C.sbmlRole="compartment";
  x.sbmlRole="species";
  x.sbmlCompartment="C";
  y.sbmlRole="species";
  y.sbmlCompartment="C";
}

