<?xml version="1.0" encoding="UTF-8"?>
<sbml xmlns="http://www.sbml.org/sbml/level2/version4" level="2" version="4">
  <model>
    <notes>
      <p xmlns="http://www.w3.org/1999/xhtml">This model generated automatically from SBML
unit definitions
</p>
    </notes>
    <listOfUnitDefinitions>
      <unitDefinition id="M_per_second" name="M/second">
        <listOfUnits>
          <unit kind="metre" exponent="-3" scale="0" multiplier="1000"/>
          <unit kind="second" exponent="-1" scale="0" multiplier="1"/>
          <unit kind="mole" exponent="1" scale="0" multiplier="1"/>
        </listOfUnits>
      </unitDefinition>
      <unitDefinition id="M" name="M">
        <listOfUnits>
          <unit kind="metre" exponent="-3" scale="0" multiplier="1000"/>
          <unit kind="mole" exponent="1" scale="0" multiplier="1"/>
        </listOfUnits>
      </unitDefinition>
    </listOfUnitDefinitions>
    <listOfParameters>
      <parameter id="cell" value="1" units="litre" constant="true"/>
      <parameter id="S2" units="M" constant="false"/>
      <parameter id="S1" units="M" constant="false"/>
      <parameter id="T" value="0" units="M" constant="false"/>
      <parameter id="k2" value="0.15" constant="true"/>
      <parameter id="k1" value="0.1" constant="true"/>
      <parameter id="in" units="katal" constant="false"/>
      <parameter id="Keq" value="2.5" constant="true"/>
      <parameter id="out" units="katal" constant="false"/>
      <parameter id="X1" value="0" units="M" constant="false"/>
      <parameter id="X0" value="1" units="M" constant="false"/>
    </listOfParameters>
    <listOfRules>
      <rateRule variable="X0">
        <math xmlns="http://www.w3.org/1998/Math/MathML">
          <apply>
            <divide/>
            <apply>
              <times/>
              <ci> in </ci>
              <cn> -1 </cn>
            </apply>
            <ci> cell </ci>
          </apply>
        </math>
      </rateRule>
      <rateRule variable="X1">
        <math xmlns="http://www.w3.org/1998/Math/MathML">
          <apply>
            <divide/>
            <ci> out </ci>
            <ci> cell </ci>
          </apply>
        </math>
      </rateRule>
      <rateRule variable="T">
        <math xmlns="http://www.w3.org/1998/Math/MathML">
          <apply>
            <divide/>
            <apply>
              <plus/>
              <ci> in </ci>
              <apply>
                <times/>
                <ci> out </ci>
                <cn> -1 </cn>
              </apply>
            </apply>
            <ci> cell </ci>
          </apply>
        </math>
      </rateRule>
      <assignmentRule variable="S1">
        <math xmlns="http://www.w3.org/1998/Math/MathML">
          <apply>
            <divide/>
            <ci> T </ci>
            <apply>
              <plus/>
              <cn> 1 </cn>
              <ci> Keq </ci>
            </apply>
          </apply>
        </math>
      </assignmentRule>
      <assignmentRule variable="S2">
        <math xmlns="http://www.w3.org/1998/Math/MathML">
          <apply>
            <times/>
            <ci> Keq </ci>
            <ci> S1 </ci>
          </apply>
        </math>
      </assignmentRule>
      <assignmentRule variable="in">
        <math xmlns="http://www.w3.org/1998/Math/MathML">
          <apply>
            <times/>
            <ci> k1 </ci>
            <ci> X0 </ci>
          </apply>
        </math>
      </assignmentRule>
      <assignmentRule variable="out">
        <math xmlns="http://www.w3.org/1998/Math/MathML">
          <apply>
            <times/>
            <ci> k2 </ci>
            <ci> S2 </ci>
          </apply>
        </math>
      </assignmentRule>
    </listOfRules>
  </model>
</sbml>

