<?xml version="1.0" encoding="UTF-8"?>
<sbml xmlns="http://www.sbml.org/sbml/level2/version4" level="2" version="4">
  <model>
    <notes>
      <p xmlns="http://www.w3.org/1999/xhtml">This model generated automatically from SBML
WARNING: SBML events are not currently supported:
unit definitions
</p>
    </notes>
    <listOfUnitDefinitions>
      <unitDefinition id="M_per_second" name="M/second">
        <listOfUnits>
          <unit kind="metre" exponent="-3" scale="0" multiplier="1000"/>
          <unit kind="second" exponent="-1" scale="0" multiplier="1"/>
          <unit kind="mole" exponent="1" scale="0" multiplier="1"/>
        </listOfUnits>
      </unitDefinition>
      <unitDefinition id="M" name="M">
        <listOfUnits>
          <unit kind="metre" exponent="-3" scale="0" multiplier="1000"/>
          <unit kind="mole" exponent="1" scale="0" multiplier="1"/>
        </listOfUnits>
      </unitDefinition>
    </listOfUnitDefinitions>
    <listOfParameters>
      <parameter id="P1" value="0" units="M" constant="false"/>
      <parameter id="tau" value="0.25" constant="true"/>
      <parameter id="k2" value="0" constant="true"/>
      <parameter id="k1" value="1" constant="true"/>
      <parameter id="cell" value="1" units="litre" constant="true"/>
      <parameter id="P2" value="0" units="M" constant="false"/>
    </listOfParameters>
    <listOfRules>
      <rateRule variable="P1">
        <math xmlns="http://www.w3.org/1998/Math/MathML">
          <apply>
            <minus/>
            <ci> k1 </ci>
            <ci> P1 </ci>
          </apply>
        </math>
      </rateRule>
      <rateRule variable="P2">
        <math xmlns="http://www.w3.org/1998/Math/MathML">
          <apply>
            <minus/>
            <ci> k2 </ci>
            <ci> P2 </ci>
          </apply>
        </math>
      </rateRule>
    </listOfRules>
  </model>
</sbml>

