time.min = { 0 } second
time.max = { 10 } second
time.ct = { 21 } dimensionless
time.delta = { .5 } second
Extracellular = { 1 } L
PlasmaMembrane = { 1 } um^2
Cytosol = { 1 } L
CaCh_PM = { 1 } umol/um^2
CaPump_PM = { 1 } umol/um^2
Kf_CalciumCalbindin_BoundCytosol = { 20 } dimensionless
Kr_CalciumCalbindin_BoundCytosol = { 8.6 } dimensionless
Kf_CalciumBuffer_BoundCytosol = { .1 } dimensionless
Kr_CalciumBuffer_BoundCytosol = { 1 } dimensionless
Vmax = { -4E3 } dimensionless
kP = { .25 } dimensionless
Ca_Rest = { .1 } dimensionless
J0 = { .014 } dimensionless
Kc = { .5 } dimensionless
CaBPB_C__init = { 47.17 } uM
B_C__init = { 396.04 } uM
CaB_C__init = { 3.96 } uM
Ca_EC__init = { 1E3 } uM
Ca_C__init = { .1 } uM
CaBP_C__init = { 202.83 } uM
time = { 0 .5 1 1.5 2 2.5 3 3.5 4 4.5 5 5.5 6 6.5 7 7.5 8 8.5 9 9.5 10 } second
CaBPB_C(time) = { (0,47.17) (.5,249.8601) (1,2.4995E2) (1.5,2.4997E2) (2,2.4998E2) (2.5,249.9834) (3,249.9864) (3.5,2.4999E2) (4,2.4999E2) (4.5,2.4999E2) (5,2.4999E2) (5.5,2.4999E2) (6,2.4999E2) (6.5,249.994) (7,2.4999E2) (7.5,2.4999E2) (8,2.5E2) (8.5,2.5E2) (9,2.5E2) (9.5,2.5E2) (10,2.5E2) } uM
B_C(time) = { (0,396.04) (.5,5.428) (1,1.8269) (1.5,1.1042) (2,.79164) (2.5,.61706) (3,.50559) (3.5,.42824) (4,.37142) (4.5,.32791) (5,.29354) (5.5,.26568) (6,.24265) (6.5,.2233) (7,.20681) (7.5,.19259) (8,.18019) (8.5,.16929) (9,.15964) (9.5,.15103) (10,.14331) } uM
CaB_C(time) = { (0,3.96) (.5,394.572) (1,3.9817E2) (1.5,3.989E2) (2,3.9921E2) (2.5,3.9938E2) (3,3.9949E2) (3.5,3.9957E2) (4,3.9963E2) (4.5,3.9967E2) (5,3.9971E2) (5.5,3.9973E2) (6,3.9976E2) (6.5,399.7767) (7,3.9979E2) (7.5,3.9981E2) (8,3.9982E2) (8.5,3.9983E2) (9,3.9984E2) (9.5,3.9985E2) (10,3.9986E2) } uM
Ca_EC(time) = { (0,1E3) (.5,-3.6137E2) (1,-1.7896E3) (1.5,-3.218E3) (2,-4.6464E3) (2.5,-6.0749E3) (3,-7.5034E3) (3.5,-8.9319E3) (4,-1.036E4) (4.5,-1.1789E4) (5,-1.3217E4) (5.5,-1.4646E4) (6,-1.6075E4) (6.5,-1.7503E4) (7,-1.8932E4) (7.5,-2.036E4) (8,-2.1789E4) (8.5,-2.3217E4) (9,-2.4646E4) (9.5,-2.6074E4) (10,-2.7503E4) } uM
Ca_C(time) = { (0,.1) (.5,7.6817E2) (1,2.1927E3) (1.5,3.6203E3) (2,5048.451) (2.5,6.4767E3) (3,7.9051E3) (3.5,9.3336E3) (4,1.0762E4) (4.5,1.219E4) (5,1.3619E4) (5.5,1.5047E4) (6,1.6476E4) (6.5,1.7905E4) (7,1.9333E4) (7.5,2.0762E4) (8,2.219E4) (8.5,2.3619E4) (9,2.5047E4) (9.5,2.6476E4) (10,2.7904E4) } uM
CaBP_C(time) = { (0,202.83) (.5,.1399) (1,.04902) (1.5,.02969) (2,.02129) (2.5,.0166) (3,.0136) (3.5,.01152) (4,.00999) (4.5,.00882) (5,.00789) (5.5,.00714) (6,.00652) (6.5,.006) (7,.00556) (7.5,.00518) (8,.00484) (8.5,.00455) (9,.00429) (9.5,.00406) (10,.00385) } uM
CalciumCalbindin_gt_BoundCytosol(time) = { (0,-2E-3) (.5,.51625) (1,.06855) (1.5,.03282) (2,.00652) (2.5,.00351) (3,-0.01908) (3.5,.00101) (4,.00274) (4.5,-0.03872) (5,.02103) (5.5,.00894) (6,-0.0396) (6.5,-0.00433) (7,-0.01548) (7.5,.0178) (8,.0081) (8.5,-0.00594) (9,-0.00415) (9.5,-0.00262) (10,.06278) } microkatal
CalciumBuffer_gt_BoundCytosol(time) = { (0,4E-4) (.5,22.39166) (1,2.3979) (1.5,.87482) (2,.44734) (2.5,.27164) (3,.17861) (3.5,.13058) (4,.09868) (4.5,.06946) (5,.06508) (5.5,.05182) (6,.03464) (6.5,.03473) (7,.02758) (7.5,.02961) (8,.02455) (8.5,.01929) (9,.01736) (9.5,.01574) (10,.0262) } microkatal
Ca_Pump(time) = { (0,-0) (.5,-2.8558E3) (1,-2.8567E3) (1.5,-2.8569E3) (2,-2.8569E3) (2.5,-2.857E3) (3,-2.857E3) (3.5,-2.857E3) (4,-2.857E3) (4.5,-2.8571E3) (5,-2.8571E3) (5.5,-2.8571E3) (6,-2.8571E3) (6.5,-2.8571E3) (7,-2.8571E3) (7.5,-2.8571E3) (8,-2.8571E3) (8.5,-2.8571E3) (9,-2.8571E3) (9.5,-2.8571E3) (10,-2.8571E3) } microkatal
Ca_channel(time) = { (0,11.6655) (.5,-0.01029) (1,-0.01271) (1.5,-0.01322) (2,-0.01344) (2.5,-0.01356) (3,-0.01364) (3.5,-0.0137) (4,-0.01374) (4.5,-0.01377) (5,-0.01379) (5.5,-0.01381) (6,-0.01383) (6.5,-0.01384) (7,-0.01385) (7.5,-0.01386) (8,-0.01387) (8.5,-0.01388) (9,-0.01389) (9.5,-0.01389) (10,-0.0139) } microkatal
CaBPB_C:time(time) = { (0,-2E-3) (.5,.51625) (1,.06855) (1.5,.03282) (2,.00652) (2.5,.00351) (3,-0.01908) (3.5,.00101) (4,.00274) (4.5,-0.03872) (5,.02103) (5.5,.00894) (6,-0.0396) (6.5,-0.00433) (7,-0.01548) (7.5,.0178) (8,.0081) (8.5,-0.00594) (9,-0.00415) (9.5,-0.00262) (10,.06278) } uM/second
B_C:time(time) = { (0,-4E-4) (.5,-22.39166) (1,-2.3979) (1.5,-0.87482) (2,-0.44734) (2.5,-0.27164) (3,-0.17861) (3.5,-0.13058) (4,-0.09868) (4.5,-0.06946) (5,-0.06508) (5.5,-0.05182) (6,-0.03464) (6.5,-0.03473) (7,-0.02758) (7.5,-0.02961) (8,-0.02455) (8.5,-0.01929) (9,-0.01736) (9.5,-0.01574) (10,-0.0262) } uM/second
CaB_C:time(time) = { (0,4E-4) (.5,22.39166) (1,2.3979) (1.5,.87482) (2,.44734) (2.5,.27164) (3,.17861) (3.5,.13058) (4,.09868) (4.5,.06946) (5,.06508) (5.5,.05182) (6,.03464) (6.5,.03473) (7,.02758) (7.5,.02961) (8,.02455) (8.5,.01929) (9,.01736) (9.5,.01574) (10,.0262) } uM/second
Ca_EC:time(time) = { (0,-11.6655) (.5,-2.8558E3) (1,-2.8567E3) (1.5,-2.8569E3) (2,-2.8569E3) (2.5,-2.857E3) (3,-2.857E3) (3.5,-2.857E3) (4,-2.857E3) (4.5,-2.857E3) (5,-2.8571E3) (5.5,-2.8571E3) (6,-2.8571E3) (6.5,-2.8571E3) (7,-2.8571E3) (7.5,-2.8571E3) (8,-2.8571E3) (8.5,-2.8571E3) (9,-2.8571E3) (9.5,-2.8571E3) (10,-2.8571E3) } uM/second
Ca_C:time(time) = { (0,11.6671) (.5,2.8329E3) (1,2.8542E3) (1.5,2.8559E3) (2,2.8565E3) (2.5,2.8567E3) (3,2.8568E3) (3.5,2.8569E3) (4,2.8569E3) (4.5,2.857E3) (5,2.857E3) (5.5,2.857E3) (6,2.8571E3) (6.5,2.857E3) (7,2.8571E3) (7.5,2.857E3) (8,2.8571E3) (8.5,2.8571E3) (9,2.8571E3) (9.5,2.8571E3) (10,2.857E3) } uM/second
CaBP_C:time(time) = { (0,.002) (.5,-0.51625) (1,-0.06855) (1.5,-0.03282) (2,-0.00652) (2.5,-0.00351) (3,.01908) (3.5,-0.00101) (4,-0.00274) (4.5,.03872) (5,-0.02103) (5.5,-0.00894) (6,.0396) (6.5,.00433) (7,.01548) (7.5,-0.0178) (8,-0.0081) (8.5,.00594) (9,.00415) (9.5,.00262) (10,-0.06278) } uM/second
