<?xml version="1.0" encoding="UTF-8"?>
<sbml xmlns="http://www.sbml.org/sbml/level2/version4" level="2" version="4">
  <model>
    <listOfUnitDefinitions>
      <unitDefinition id="M_per_second" name="M/second">
        <listOfUnits>
          <unit kind="metre" exponent="-3" scale="0" multiplier="1000"/>
          <unit kind="second" exponent="-1" scale="0" multiplier="1"/>
          <unit kind="mole" exponent="1" scale="0" multiplier="1"/>
        </listOfUnits>
      </unitDefinition>
      <unitDefinition id="M" name="M">
        <listOfUnits>
          <unit kind="metre" exponent="-3" scale="0" multiplier="1000"/>
          <unit kind="mole" exponent="1" scale="0" multiplier="1"/>
        </listOfUnits>
      </unitDefinition>
    </listOfUnitDefinitions>
    <listOfParameters>
      <parameter id="q" value="1" constant="true"/>
      <parameter id="m" value="0.5" constant="true"/>
      <parameter id="tau" value="1" constant="true"/>
      <parameter id="P" value="0" units="M" constant="false"/>
      <parameter id="delta_t" value="1" constant="true"/>
      <parameter id="cell" value="1" units="litre" constant="true"/>
    </listOfParameters>
    <listOfRules>
      <rateRule variable="P">
        <math xmlns="http://www.w3.org/1998/Math/MathML">
          <apply>
            <divide/>
            <apply>
              <minus/>
              <apply>
                <divide/>
                <cn> 1 </cn>
                <apply>
                  <plus/>
                  <cn> 1 </cn>
                  <apply>
                    <times/>
                    <ci> m </ci>
                    <apply>
                      <power/>
                      <apply>
                        <csymbol encoding="text" definitionURL="http://www.sbml.org/sbml/symbols/delay"> delay </csymbol>
                        <ci> P </ci>
                        <ci> delta_t </ci>
                      </apply>
                      <ci> q </ci>
                    </apply>
                  </apply>
                </apply>
              </apply>
              <ci> P </ci>
            </apply>
            <ci> tau </ci>
          </apply>
        </math>
      </rateRule>
    </listOfRules>
  </model>
</sbml>

