// This model generated automatically from SBML


// unit definitions
import nsrunit;
unit conversion off;

// SBML property definitions
property sbmlRole=string;
property sbmlName=string;
property sbmlCompartment=string;

// SBML reactions
// reaction_1: X0 <=> S1  
// reaction_2: S1 <=> S2  
// reaction_3: S2 <=> S3  
// reaction_4: S3 <=> X4  

math main {
  realDomain time second;
  time.min=0;
  extern time.max;
  extern time.delta;

  // variable definitions
  real V0 = 10 L;
  real V1(time) L;
  real K0 = .1;
  real K1 = .5;
  real K2 = .1;
  real K3 = .5;
  real Kv = .5;
  real Kin = .1;
  real X0(time) M;
  real S1(time) M;
  real S2(time) M;
  real S3(time) M;
  real X4(time) M;
  real reaction_1(time) katal;
  real reaction_2(time) katal;
  real reaction_3(time) katal;
  real reaction_4(time) katal;

  // equations
  when (time=time.min) V1 = 1; 
  V1:time = Kv;
  when (time=time.min) X0 = 0; 
  X0:time = Kin;
  when (time=time.min) S1 = 0; 
  (S1*V0):time = reaction_1 + -1*reaction_2;
  when (time=time.min) S2 = 0; 
  (S2*V0):time = reaction_2 + -1*reaction_3;
  when (time=time.min) S3 = 0; 
  (S3*V1):time = reaction_3 + -1*reaction_4;
  when (time=time.min) X4 = 0; 
  (X4*V1):time = 0;
  reaction_1 = K0*X0; 
  reaction_2 = K1*S1; 
  reaction_3 = K2*S2; 
  reaction_4 = K3*S3; 

  // variable properties
  V0.sbmlRole="compartment";
  V1.sbmlRole="compartment";
  K0.sbmlRole="parameter";
  K1.sbmlRole="parameter";
  K2.sbmlRole="parameter";
  K3.sbmlRole="parameter";
  Kv.sbmlRole="parameter";
  Kin.sbmlRole="parameter";
  X0.sbmlRole="species";
  X0.sbmlCompartment="V0";
  S1.sbmlRole="species";
  S1.sbmlCompartment="V0";
  S2.sbmlRole="species";
  S2.sbmlCompartment="V0";
  S3.sbmlRole="species";
  S3.sbmlCompartment="V1";
  X4.sbmlRole="species";
  X4.sbmlCompartment="V1";
  reaction_1.sbmlRole="rate";
  reaction_2.sbmlRole="rate";
  reaction_3.sbmlRole="rate";
  reaction_4.sbmlRole="rate";
}

