<?xml version="1.0" encoding="UTF-8"?>
<sbml xmlns="http://www.sbml.org/sbml/level2/version4" level="2" version="4">
  <model>
    <notes>
      <p xmlns="http://www.w3.org/1999/xhtml">MODEL NUMBER: 0113
MODEL NAME: Vessel_Mechanics
SHORT DESCRIPTION:  This model describes how a microvessel responds to changes
in intraluminal pressure in the steady state.  This change in vessel diameter
to pressure is known as the myogenic response.

-----------------------------------------------------------------------------
V E S S E L   M E C H A N I C S   M O D E L
-----------------------------------------------------------------------------
This &apos;model&apos; describes how a &quot;microvessel&quot; responds to changes in intraluminal
pressure in the steady &amp; state.  This change in vessel diameter to pressure
is known as the myogenic response.  This response is a local regulatory
response and has been characterized in several experimental studies.  Other
regulatory responses not included in this model are the shear, metabolic,
neuronal and hormonal responses.  Regulatory microvessels are composed of
an inner endothelial layer surrounded by circumferentially oriented
vascular smooth muscle (VSM) cells and sheathed with a collagen sleeve.
The VSM cells actively respond to the pressure difference across the vessel
wall. The other components of the vessel wall act as a non-linear spring in
parallel with this active component.  Therefore the stress in the vessel
wall can be described as the stress in the passive elements of the the
vessel wall added to the active VSM stress.  These two components must
balance the circumferential stress generated by the pressure difference
across the vessel wall.  So:
SigTot = SigPass + SigAct
where SigTot is the pressure generated circumferential stress governed by
the Law of Laplace:
P * D
SigTot = -----------
2 * tWall
where P is the intraluminal pressure, D is the vessel diameter and tWall
is the vessel wall thickness.  The passive stress is nonlinear with
respect to D and has been approximated here with an exponential:
SigPass = (Cp1/tWall) * exp ( Cp2 * (( D/Dp100 ) - 1) )
where Cp1 is the passive tension at an intraluminal pressure of 100 mmHg,
Cp2 describes the steepness of the exponential and Dp100 is the diameter
of the vessel in a passive state at 100 mmHg.  The active stres this.replaceChars(comment);s can be
further broken down into two components: Act, the degree of activation of
the VSM (range from 0 to 1) and SigActMax, the active stress generated by
the VSM in a maximally activated state.  The shape of the maximally active
VSM stress curve as a function of diameter based on experimental findings
has been found to be Gaussian in form and is given here by:
_                        _
|   _                 _ 2  |
Ca1          |  |  (D/Dp100) - Ca2  |   |
SigActMax = ------- * exp &lt; - | ----------------- |    &gt;
tWall         |  |_       Ca3       _|   |
|_                        _|
where Ca1 is the peak active tension, Ca2 is the diameter of the peak
active stress normalized by the passive vessel diameter at 100 mmHg,
and Ca3 is the width of the Gaussian normalized by Dp100.  The VSM
activation is approximated by a sigmoidal function and is given by:
Act = 1 / ( 1 + exp ( -Cmyo*SigTot*tWall + Ctone ) )
where Cmyo determines the sensitivity of the VSM activation to
circumferential tension and Ctone is the base level of VSM tone that is
in a vessel without these stimuli.  So now the circumferential stress
in the vessel wall, SigTot, can be given by:
SigTot = SigPass + (Act * SigActMax)
The vessel that is fit by the parameters used in this code is presented
of mesenteric arterioles in Wister-Kyoto rats as presented in Figure 1 of
a study by Bund (Clin Sci 101:385-393,2001).  Other data sets can be fit
using different values of Cp1, Cp2, Ca1, Ca2, Ca3, Cmyo and Ctone.  This
model was modified from the previously developed Regulatory_Vessel model
which was formulated only in terms of vessel wall tension.
Model originally created on     20 October 2010
Model last modfied on           20 October 2010
Developed by        Brian Carlson
Computational Bioengineering Group
Biotechnology and Bioengineering Center
Medical College of Wisconsin
DETAILED DESCRIPTION:
 	

 SHORTCOMINGS/GENERAL COMMENTS:
	- Specific inadequacies or next level steps
 
 KEY WORDS: Vessel mechanics, myogenic response, vascular smooth muscle, Data, 
 stress strain, tension, microvessel, intraluminal  

 REFERENCES:
   Carlson BE and Secomb TW. A theoretical model for the myogenic response based on the 
   length-tension characteristics of vascular smooth muscle.  Microcirc 12:327-338, 2005.

   Bund SJ., Spontaneously hypertensive rat resistance artery structure
   related to myogenic and mechanical properites. Clinical Science 101:385-393, 2001.

 REVISION HISTORY:
	Original Author : Brian Carlson  Date: 20 October 2010
	Revised by:  BEJ   Date:05apr11 : Add/Format comments
	

 COPYRIGHT AND REQUEST FOR ACKNOWLEDGMENT OF USE:   
  Copyright (C) 1999-2011 University of Washington. From the National Simulation Resource,  
  Director J. B. Bassingthwaighte, Department of Bioengineering, University of Washington, Seattle WA 98195-5061. 
  Academic use is unrestricted. Software may be copied so long as this copyright notice is included.
  
  This software was developed with support from NIH grant HL073598. 
  Please cite this grant in any publication for which this software is used and send an email 
  with the citation and, if possible, a PDF file of the paper to: staff@physiome.org.
</p>
    </notes>
    <listOfUnitDefinitions>
      <unitDefinition id="N_per_m" name="N/m">
        <listOfUnits>
          <unit kind="kilogram" exponent="1" scale="0" multiplier="1"/>
          <unit kind="second" exponent="-2" scale="0" multiplier="1"/>
        </listOfUnits>
      </unitDefinition>
      <unitDefinition id="mmHg" name="mmHg">
        <listOfUnits>
          <unit kind="kilogram" exponent="1" scale="0" multiplier="133.32237"/>
          <unit kind="metre" exponent="-1" scale="0" multiplier="1"/>
          <unit kind="second" exponent="-2" scale="0" multiplier="1"/>
        </listOfUnits>
      </unitDefinition>
      <unitDefinition id="um" name="um">
        <listOfUnits>
          <unit kind="metre" exponent="1" scale="0" multiplier="1e-06"/>
        </listOfUnits>
      </unitDefinition>
      <unitDefinition id="kilopascal" name="kilopascal">
        <listOfUnits>
          <unit kind="kilogram" exponent="1" scale="0" multiplier="1000"/>
          <unit kind="metre" exponent="-1" scale="0" multiplier="1"/>
          <unit kind="second" exponent="-2" scale="0" multiplier="1"/>
        </listOfUnits>
      </unitDefinition>
      <unitDefinition id="m_per_N" name="m/N">
        <listOfUnits>
          <unit kind="kilogram" exponent="-1" scale="0" multiplier="1"/>
          <unit kind="second" exponent="2" scale="0" multiplier="1"/>
        </listOfUnits>
      </unitDefinition>
      <unitDefinition id="um2" name="um^2">
        <listOfUnits>
          <unit kind="metre" exponent="2" scale="0" multiplier="1e-12"/>
        </listOfUnits>
      </unitDefinition>
    </listOfUnitDefinitions>
    <listOfParameters>
      <parameter id="Ca2" value="0.843" units="dimensionless" constant="true">
        <notes>
          <p xmlns="http://www.w3.org/1999/xhtml">Second &quot;max&quot; active &lt;par&gt;ameter</p>
        </notes>
      </parameter>
      <parameter id="Ca1" value="1.108" units="N_per_m" constant="true">
        <notes>
          <p xmlns="http://www.w3.org/1999/xhtml">First max &apos;active&apos; parameter</p>
        </notes>
      </parameter>
      <parameter id="Dp100" value="150" units="um" constant="true">
        <notes>
          <p xmlns="http://www.w3.org/1999/xhtml">Passive diameter at 100 mmHg</p>
        </notes>
      </parameter>
      <parameter id="Cmyo" value="7.4793" units="m_per_N" constant="true">
        <notes>
          <p xmlns="http://www.w3.org/1999/xhtml">Myogenic activation parameter</p>
        </notes>
      </parameter>
      <parameter id="Cp2" value="7.24" units="dimensionless" constant="true">
        <notes>
          <p xmlns="http://www.w3.org/1999/xhtml">Second passive parameter</p>
        </notes>
      </parameter>
      <parameter id="Cp1" value="1.168" units="N_per_m" constant="true">
        <notes>
          <p xmlns="http://www.w3.org/1999/xhtml">First passive parameter</p>
        </notes>
      </parameter>
      <parameter id="Wallt" units="um" constant="false">
        <notes>
          <p xmlns="http://www.w3.org/1999/xhtml">Vessel wall thickness</p>
        </notes>
      </parameter>
      <parameter id="VWallARef" units="um2" constant="false">
        <notes>
          <p xmlns="http://www.w3.org/1999/xhtml">Cross sectional vessel wall area</p>
        </notes>
      </parameter>
      <parameter id="P" units="mmHg" constant="false">
        <notes>
          <p xmlns="http://www.w3.org/1999/xhtml">Intraluminal pressure</p>
        </notes>
      </parameter>
      <parameter id="Ctone" value="4.614" units="dimensionless" constant="true">
        <notes>
          <p xmlns="http://www.w3.org/1999/xhtml">Tone activation parameter</p>
        </notes>
      </parameter>
      <parameter id="TenEpsRef" value="0.05" units="N_per_m" constant="true">
        <notes>
          <p xmlns="http://www.w3.org/1999/xhtml">Ref tension to calc D at strain of 1</p>
        </notes>
      </parameter>
      <parameter id="L" units="um" constant="false">
        <notes>
          <p xmlns="http://www.w3.org/1999/xhtml">Circumferential vessel length</p>
        </notes>
      </parameter>
      <parameter id="TenMaxAct" units="N_per_m" constant="false">
        <notes>
          <p xmlns="http://www.w3.org/1999/xhtml">Max active part of vessel tension</p>
        </notes>
      </parameter>
      <parameter id="D" units="um" constant="false">
        <notes>
          <p xmlns="http://www.w3.org/1999/xhtml">Vessel diameter</p>
        </notes>
      </parameter>
      <parameter id="TenPass" units="N_per_m" constant="false">
        <notes>
          <p xmlns="http://www.w3.org/1999/xhtml">Passive part of vessel tension</p>
        </notes>
      </parameter>
      <parameter id="ActLev" units="dimensionless" constant="false">
        <notes>
          <p xmlns="http://www.w3.org/1999/xhtml">VSM activation level</p>
        </notes>
      </parameter>
      <parameter id="DWalltRef" value="151" units="um" constant="true">
        <notes>
          <p xmlns="http://www.w3.org/1999/xhtml">Diameter at ref wall thickness</p>
        </notes>
      </parameter>
      <parameter id="DEpsRef" units="um" constant="false">
        <notes>
          <p xmlns="http://www.w3.org/1999/xhtml">Reference D at strain of 1</p>
        </notes>
      </parameter>
      <parameter id="Eps" units="dimensionless" constant="false">
        <notes>
          <p xmlns="http://www.w3.org/1999/xhtml">Vessel wall strain</p>
        </notes>
      </parameter>
      <parameter id="WalltRef" value="6.6" units="um" constant="true">
        <notes>
          <p xmlns="http://www.w3.org/1999/xhtml">Ref wall thickness</p>
        </notes>
      </parameter>
      <parameter id="SigTot" units="kilopascal" constant="false">
        <notes>
          <p xmlns="http://www.w3.org/1999/xhtml">Total vessel wall stress</p>
        </notes>
      </parameter>
      <parameter id="Ca3" value="0.406" units="dimensionless" constant="true">
        <notes>
          <p xmlns="http://www.w3.org/1999/xhtml">Third max active parameter</p>
        </notes>
      </parameter>
    </listOfParameters>
    <listOfRules>
      <assignmentRule variable="L">
        <math xmlns="http://www.w3.org/1998/Math/MathML">
          <apply>
            <times/>
            <ci> D </ci>
            <pi/>
          </apply>
        </math>
      </assignmentRule>
      <assignmentRule variable="Wallt">
        <math xmlns="http://www.w3.org/1998/Math/MathML">
          <apply>
            <plus/>
            <apply>
              <times/>
              <ci> D </ci>
              <cn> -0.5 </cn>
            </apply>
            <apply>
              <power/>
              <apply>
                <plus/>
                <apply>
                  <power/>
                  <apply>
                    <times/>
                    <ci> D </ci>
                    <cn> 0.5 </cn>
                  </apply>
                  <cn> 2 </cn>
                </apply>
                <apply>
                  <times/>
                  <ci> VWallARef </ci>
                  <cn> 0.31830989 </cn>
                </apply>
              </apply>
              <cn> 0.5 </cn>
            </apply>
          </apply>
        </math>
      </assignmentRule>
      <assignmentRule variable="SigTot">
        <math xmlns="http://www.w3.org/1998/Math/MathML">
          <apply>
            <times/>
            <apply>
              <divide/>
              <csymbol encoding="text" definitionURL="http://www.sbml.org/sbml/symbols/time"> TenTot </csymbol>
              <ci> Wallt </ci>
            </apply>
            <cn> 1000 </cn>
          </apply>
        </math>
      </assignmentRule>
      <assignmentRule variable="Eps">
        <math xmlns="http://www.w3.org/1998/Math/MathML">
          <apply>
            <divide/>
            <ci> D </ci>
            <ci> DEpsRef </ci>
          </apply>
        </math>
      </assignmentRule>
      <assignmentRule variable="VWallARef">
        <math xmlns="http://www.w3.org/1998/Math/MathML">
          <apply>
            <times/>
            <ci> WalltRef </ci>
            <apply>
              <plus/>
              <ci> DWalltRef </ci>
              <ci> WalltRef </ci>
            </apply>
            <pi/>
          </apply>
        </math>
      </assignmentRule>
      <assignmentRule variable="DEpsRef">
        <math xmlns="http://www.w3.org/1998/Math/MathML">
          <apply>
            <times/>
            <ci> Dp100 </ci>
            <apply>
              <plus/>
              <apply>
                <divide/>
                <apply>
                  <ln/>
                  <apply>
                    <divide/>
                    <ci> TenEpsRef </ci>
                    <ci> Cp1 </ci>
                  </apply>
                </apply>
                <ci> Cp2 </ci>
              </apply>
              <cn> 1 </cn>
            </apply>
          </apply>
        </math>
      </assignmentRule>
      <assignmentRule variable="ActLev">
        <math xmlns="http://www.w3.org/1998/Math/MathML">
          <apply>
            <divide/>
            <cn> 1 </cn>
            <apply>
              <plus/>
              <cn> 1 </cn>
              <apply>
                <exp/>
                <apply>
                  <plus/>
                  <apply>
                    <times/>
                    <ci> Cmyo </ci>
                    <csymbol encoding="text" definitionURL="http://www.sbml.org/sbml/symbols/time"> TenTot </csymbol>
                    <cn> -1 </cn>
                  </apply>
                  <ci> Ctone </ci>
                </apply>
              </apply>
            </apply>
          </apply>
        </math>
      </assignmentRule>
      <algebraicRule>
        <math xmlns="http://www.w3.org/1998/Math/MathML">
          <apply>
            <minus/>
            <ci> TenPass </ci>
            <apply>
              <times/>
              <ci> Cp1 </ci>
              <apply>
                <exp/>
                <apply>
                  <times/>
                  <ci> Cp2 </ci>
                  <apply>
                    <minus/>
                    <apply>
                      <divide/>
                      <ci> D </ci>
                      <ci> Dp100 </ci>
                    </apply>
                    <cn> 1 </cn>
                  </apply>
                </apply>
              </apply>
            </apply>
          </apply>
        </math>
      </algebraicRule>
      <algebraicRule>
        <math xmlns="http://www.w3.org/1998/Math/MathML">
          <apply>
            <minus/>
            <ci> TenMaxAct </ci>
            <apply>
              <times/>
              <ci> Ca1 </ci>
              <apply>
                <exp/>
                <apply>
                  <times/>
                  <apply>
                    <power/>
                    <apply>
                      <divide/>
                      <apply>
                        <minus/>
                        <apply>
                          <divide/>
                          <ci> D </ci>
                          <ci> Dp100 </ci>
                        </apply>
                        <ci> Ca2 </ci>
                      </apply>
                      <ci> Ca3 </ci>
                    </apply>
                    <cn> 2 </cn>
                  </apply>
                  <cn> -1 </cn>
                </apply>
              </apply>
            </apply>
          </apply>
        </math>
      </algebraicRule>
      <algebraicRule>
        <math xmlns="http://www.w3.org/1998/Math/MathML">
          <apply>
            <minus/>
            <csymbol encoding="text" definitionURL="http://www.sbml.org/sbml/symbols/time"> TenTot </csymbol>
            <apply>
              <plus/>
              <ci> TenPass </ci>
              <apply>
                <times/>
                <ci> ActLev </ci>
                <ci> TenMaxAct </ci>
              </apply>
            </apply>
          </apply>
        </math>
      </algebraicRule>
      <assignmentRule variable="P">
        <math xmlns="http://www.w3.org/1998/Math/MathML">
          <apply>
            <times/>
            <apply>
              <divide/>
              <csymbol encoding="text" definitionURL="http://www.sbml.org/sbml/symbols/time"> TenTot </csymbol>
              <ci> D </ci>
            </apply>
            <cn> 15001.234 </cn>
          </apply>
        </math>
      </assignmentRule>
    </listOfRules>
  </model>
</sbml>

