time.min = { 0 } second
time.max = { 10 } second
time.ct = { 21 } dimensionless
time.delta = { .5 } second
Extracellular = { 1 } L
PlasmaMembrane = { 1 } um^2
Cytosol = { 1 } L
CaCh_PM = { 1 } umol/um^2
CaPump_PM = { 1 } umol/um^2
Kf_CalciumCalbindin_BoundCytosol = { 20 } 1/umol*L/s
Kr_CalciumCalbindin_BoundCytosol = { 8.6 } hz
Kf_CalciumBuffer_BoundCytosol = { .1 } 1/umol*L/s
Kr_CalciumBuffer_BoundCytosol = { 1 } hz
Vmax = { 4E3 } hz
kP = { .25 } uM
Ca_Rest = { .1 } uM
J0 = { .014 } 1/umol*L/s
Kc = { .5 } uM
CaBPB_C__init = { 47.17 } uM
B_C__init = { 396.04 } uM
CaB_C__init = { 3.96 } uM
Ca_C__init = { .1 } uM
Ca_EC__init = { 1E3 } uM
CaBP_C__init = { 202.83 } uM
time = { 0 .5 1 1.5 2 2.5 3 3.5 4 4.5 5 5.5 6 6.5 7 7.5 8 8.5 9 9.5 10 } second
CaBPB_C(time) = { (0,47.17) (.5,47.6983) (1,47.71419) (1.5,47.71509) (2,47.71539) (2.5,47.71556) (3,47.71566) (3.5,47.71572) (4,47.71576) (4.5,47.71579) (5,47.7158) (5.5,47.71581) (6,47.71581) (6.5,47.71582) (7,47.71582) (7.5,47.71582) (8,47.71582) (8.5,47.71582) (9,47.71582) (9.5,47.71582) (10,47.71582) } uM
B_C(time) = { (0,396.04) (.5,3.9602E2) (1,3.9601E2) (1.5,3.96E2) (2,395.9915) (2.5,3.9599E2) (3,3.9599E2) (3.5,3.9599E2) (4,3.9598E2) (4.5,3.9598E2) (5,3.9598E2) (5.5,3.9598E2) (6,3.9598E2) (6.5,395.9836) (7,3.9598E2) (7.5,3.9598E2) (8,3.9598E2) (8.5,3.9598E2) (9,3.9598E2) (9.5,3.9598E2) (10,3.9598E2) } uM
CaB_C(time) = { (0,3.96) (.5,3.9805) (1,3.9947) (1.5,4.0033) (2,4.0085) (2.5,4.0117) (3,4.0136) (3.5,4.0147) (4,4.0154) (4.5,4.0158) (5,4.0161) (5.5,4.0162) (6,4.0163) (6.5,4.0164) (7,4.0164) (7.5,4.0165) (8,4.0165) (8.5,4.0165) (9,4.0165) (9.5,4.0165) (10,4.0165) } uM
Ca_C(time) = { (0,.1) (.5,.10141) (1,.10143) (1.5,.10143) (2,.10143) (2.5,.10143) (3,.10143) (3.5,.10143) (4,.10143) (4.5,.10143) (5,.10143) (5.5,.10143) (6,.10143) (6.5,.10143) (7,.10143) (7.5,.10143) (8,.10143) (8.5,.10143) (9,.10143) (9.5,.10143) (10,.10143) } uM
Ca_EC(time) = { (0,1E3) (.5,9.9945E2) (1,999.4197) (1.5,9.9941E2) (2,9.994E2) (2.5,9.994E2) (3,9.994E2) (3.5,9.994E2) (4,9.994E2) (4.5,9.994E2) (5,9.994E2) (5.5,9.994E2) (6,9.994E2) (6.5,9.994E2) (7,9.994E2) (7.5,9.994E2) (8,9.994E2) (8.5,9.994E2) (9,9.994E2) (9.5,9.994E2) (10,9.994E2) } uM
CaBP_C(time) = { (0,202.83) (.5,2.023E2) (1,2.0229E2) (1.5,2.0228E2) (2,2.0228E2) (2.5,2.0228E2) (3,2.0228E2) (3.5,2.0228E2) (4,2.0228E2) (4.5,2.0228E2) (5,202.2842) (5.5,2.0228E2) (6,2.0228E2) (6.5,2.0228E2) (7,2.0228E2) (7.5,2.0228E2) (8,2.0228E2) (8.5,2.0228E2) (9,2.0228E2) (9.5,2.0228E2) (10,2.0228E2) } uM
CalciumCalbindin_gt_BoundCytosol(time) = { (0,-2E-3) (.5,.11181) (1,.00438) (1.5,8.193E-4) (2,4.3822E-4) (2.5,2.6332E-4) (3,1.5925E-4) (3.5,9.6349E-5) (4,5.8292E-5) (4.5,3.5267E-5) (5,2.1337E-5) (5.5,1.2909E-5) (6,7.8099E-6) (6.5,4.7251E-6) (7,2.8587E-6) (7.5,1.7295E-6) (8,1.0464E-6) (8.5,6.3307E-7) (9,3.8301E-7) (9.5,2.3172E-7) (10,1.4019E-7) } microkatal
CalciumBuffer_gt_BoundCytosol(time) = { (0,4E-4) (.5,.03558) (1,.02189) (1.5,.01325) (2,.00802) (2.5,.00485) (3,.00294) (3.5,.00178) (4,.00107) (4.5,6.5005E-4) (5,3.9329E-4) (5.5,2.3794E-4) (6,1.4396E-4) (6.5,8.7095E-5) (7,5.2693E-5) (7.5,3.188E-5) (8,1.9287E-5) (8.5,1.1669E-5) (9,7.0598E-6) (9.5,4.2712E-6) (10,2.5841E-6) } microkatal
Ca_Pump(time) = { (0,0) (.5,11.4818) (1,11.60477) (1.5,11.61683) (2,11.62237) (2.5,11.62566) (3,11.62766) (3.5,11.62886) (4,1.163E1) (4.5,1.163E1) (5,11.6303) (5.5,1.163E1) (6,11.63056) (6.5,11.63062) (7,11.63065) (7.5,11.63068) (8,11.63069) (8.5,11.6307) (9,11.6307) (9.5,11.6307) (10,11.63071) } microkatal
Ca_channel(time) = { (0,11.6655) (.5,11.63169) (1,11.63104) (1.5,11.6309) (2,11.63083) (2.5,11.63078) (3,11.63075) (3.5,11.63073) (4,11.63072) (4.5,11.63072) (5,11.63071) (5.5,11.63071) (6,11.63071) (6.5,11.63071) (7,11.63071) (7.5,11.63071) (8,11.63071) (8.5,11.63071) (9,11.63071) (9.5,11.63071) (10,11.63071) } microkatal
CaBPB_C:time(time) = { (0,-2E-3) (.5,.11181) (1,.00438) (1.5,8.193E-4) (2,4.3822E-4) (2.5,2.6332E-4) (3,1.5925E-4) (3.5,9.6349E-5) (4,5.8292E-5) (4.5,3.5267E-5) (5,2.1337E-5) (5.5,1.2909E-5) (6,7.8099E-6) (6.5,4.7251E-6) (7,2.8587E-6) (7.5,1.7295E-6) (8,1.0464E-6) (8.5,6.3307E-7) (9,3.8301E-7) (9.5,2.3172E-7) (10,1.4019E-7) } uM/second
B_C:time(time) = { (0,-4E-4) (.5,-0.03558) (1,-0.02189) (1.5,-0.01325) (2,-0.00802) (2.5,-0.00485) (3,-0.00294) (3.5,-0.00178) (4,-0.00107) (4.5,-6.5005E-4) (5,-3.9329E-4) (5.5,-2.3794E-4) (6,-1.4396E-4) (6.5,-8.7095E-5) (7,-5.2693E-5) (7.5,-3.188E-5) (8,-1.9287E-5) (8.5,-1.1669E-5) (9,-7.0598E-6) (9.5,-4.2712E-6) (10,-2.5841E-6) } uM/second
CaB_C:time(time) = { (0,4E-4) (.5,.03558) (1,.02189) (1.5,.01325) (2,.00802) (2.5,.00485) (3,.00294) (3.5,.00178) (4,.00107) (4.5,6.5005E-4) (5,3.9329E-4) (5.5,2.3794E-4) (6,1.4396E-4) (6.5,8.7095E-5) (7,5.2693E-5) (7.5,3.188E-5) (8,1.9287E-5) (8.5,1.1669E-5) (9,7.0598E-6) (9.5,4.2712E-6) (10,2.5841E-6) } uM/second
Ca_C:time(time) = { (0,11.6671) (.5,.0025) (1,7.6086E-6) (1.5,1.8733E-6) (2,1.0526E-6) (2.5,6.3126E-7) (3,3.8067E-7) (3.5,2.2989E-7) (4,1.389E-7) (4.5,8.3996E-8) (5,5.0775E-8) (5.5,3.0707E-8) (6,1.8578E-8) (6.5,1.124E-8) (7,6.8E-9) (7.5,4.1159E-9) (8,2.4892E-9) (8.5,1.5058E-9) (9,9.111E-10) (9.5,5.5126E-10) (10,3.3343E-10) } uM/second
Ca_EC:time(time) = { (0,-11.6655) (.5,-0.14989) (1,-0.02628) (1.5,-0.01408) (2,-0.00846) (2.5,-0.00512) (3,-0.0031) (3.5,-0.00187) (4,-0.00113) (4.5,-6.8541E-4) (5,-4.1468E-4) (5.5,-2.5088E-4) (6,-1.5178E-4) (6.5,-9.1831E-5) (7,-5.5558E-5) (7.5,-3.3613E-5) (8,-2.0336E-5) (8.5,-1.2304E-5) (9,-7.4437E-6) (9.5,-4.5035E-6) (10,-2.7246E-6) } uM/second
CaBP_C:time(time) = { (0,.002) (.5,-0.11181) (1,-0.00438) (1.5,-8.193E-4) (2,-4.3822E-4) (2.5,-2.6332E-4) (3,-1.5925E-4) (3.5,-9.6349E-5) (4,-5.8292E-5) (4.5,-3.5267E-5) (5,-2.1337E-5) (5.5,-1.2909E-5) (6,-7.8099E-6) (6.5,-4.7251E-6) (7,-2.8587E-6) (7.5,-1.7295E-6) (8,-1.0464E-6) (8.5,-6.3307E-7) (9,-3.8301E-7) (9.5,-2.3172E-7) (10,-1.4019E-7) } uM/second
