"t"	"y1"	"y2"	
0	2	-0.66	
.002	1.999	-0.6674	
.004	1.997	-0.6682	
.006	1.996	-0.6689	
.008	1.995	-0.6697	
.01	1.993	-0.6704	
.012	1.992	-0.6712	
.014	1.991	-0.6719	
.016	1.989	-0.6727	
.018	1.988	-0.6734	
.02	1.987	-0.6742	
.022	1.985	-0.675	
.024	1.984	-0.6758	
.026	1.983	-0.6765	
.028	1.981	-0.6773	
.03	1.98	-0.6781	
.032	1.978	-0.6789	
.034	1.977	-0.6797	
.036	1.976	-0.6804	
.038	1.974	-0.6812	
.04	1.973	-0.682	
.042	1.972	-0.6828	
.044	1.97	-0.6836	
.046	1.969	-0.6844	
.048	1.968	-0.6853	
.05	1.966	-0.6861	
.052	1.965	-0.6869	
.054	1.963	-0.6877	
.056	1.962	-0.6885	
.058	1.961	-0.6893	
.06	1.959	-0.6902	
.062	1.958	-0.691	
.064	1.957	-0.6918	
.066	1.955	-0.6927	
.068	1.954	-0.6935	
.07	1.952	-0.6944	
.072	1.951	-0.6952	
.074	1.95	-0.696	
.076	1.948	-0.6969	
.078	1.947	-0.6978	
.08	1.945	-0.6986	
.082	1.944	-0.6995	
.084	1.943	-0.7004	
.086	1.941	-0.7012	
.088	1.94	-0.7021	
.09	1.938	-0.703	
.092	1.937	-0.7039	
.094	1.936	-0.7047	
.096	1.934	-0.7056	
.098	1.933	-0.7065	
.1	1.931	-0.7074	
.102	1.93	-0.7083	
.104	1.929	-0.7092	
.106	1.927	-0.7101	
.108	1.926	-0.711	
.11	1.924	-0.712	
.112	1.923	-0.7129	
.114	1.921	-0.7138	
.116	1.92	-0.7147	
.118	1.919	-0.7157	
.12	1.917	-0.7166	
.122	1.916	-0.7175	
.124	1.914	-0.7185	
.126	1.913	-0.7194	
.128	1.911	-0.7204	
.13	1.91	-0.7213	
.132	1.908	-0.7223	
.134	1.907	-0.7232	
.136	1.906	-0.7242	
.138	1.904	-0.7252	
.14	1.903	-0.7261	
.142	1.901	-0.7271	
.144	1.9	-0.7281	
.146	1.898	-0.7291	
.148	1.897	-0.7301	
.15	1.895	-0.7311	
.152	1.894	-0.7321	
.154	1.892	-0.7331	
.156	1.891	-0.7341	
.158	1.89	-0.7351	
.16	1.888	-0.7361	
.162	1.887	-0.7372	
.164	1.885	-0.7382	
.166	1.884	-0.7392	
.168	1.882	-0.7403	
.17	1.881	-0.7413	
.172	1.879	-0.7424	
.174	1.878	-0.7434	
.176	1.876	-0.7445	
.178	1.875	-0.7455	
.18	1.873	-0.7466	
.182	1.872	-0.7477	
.184	1.87	-0.7487	
.186	1.869	-0.7498	
.188	1.867	-0.7509	
.19	1.866	-0.752	
.192	1.864	-0.7531	
.194	1.863	-0.7542	
.196	1.861	-0.7553	
.198	1.86	-0.7564	
.2	1.858	-0.7575	
.202	1.857	-0.7587	
.204	1.855	-0.7598	
.206	1.854	-0.7609	
.208	1.852	-0.7621	
.21	1.851	-0.7632	
.212	1.849	-0.7644	
.214	1.848	-0.7655	
.216	1.846	-0.7667	
.218	1.844	-0.7679	
.22	1.843	-0.769	
.222	1.841	-0.7702	
.224	1.84	-0.7714	
.226	1.838	-0.7726	
.228	1.837	-0.7738	
.23	1.835	-0.775	
.232	1.834	-0.7762	
.234	1.832	-0.7774	
.236	1.831	-0.7786	
.238	1.829	-0.7799	
.24	1.827	-0.7811	
.242	1.826	-0.7824	
.244	1.824	-0.7836	
.246	1.823	-0.7849	
.248	1.821	-0.7861	
.25	1.82	-0.7874	
.252	1.818	-0.7887	
.254	1.816	-0.7899	
.256	1.815	-0.7912	
.258	1.813	-0.7925	
.26	1.812	-0.7938	
.262	1.81	-0.7951	
.264	1.809	-0.7964	
.266	1.807	-0.7978	
.268	1.805	-0.7991	
.27	1.804	-0.8004	
.272	1.802	-0.8018	
.274	1.801	-0.8031	
.276	1.799	-0.8045	
.278	1.797	-0.8059	
.28	1.796	-0.8072	
.282	1.794	-0.8086	
.284	1.792	-0.81	
.286	1.791	-0.8114	
.288	1.789	-0.8128	
.29	1.788	-0.8142	
.292	1.786	-0.8156	
.294	1.784	-0.8171	
.296	1.783	-0.8185	
.298	1.781	-0.82	
.3	1.779	-0.8214	
.302	1.778	-0.8229	
.304	1.776	-0.8243	
.306	1.774	-0.8258	
.308	1.773	-0.8273	
.31	1.771	-0.8288	
.312	1.769	-0.8303	
.314	1.768	-0.8318	
.316	1.766	-0.8334	
.318	1.764	-0.8349	
.32	1.763	-0.8364	
.322	1.761	-0.838	
.324	1.759	-0.8395	
.326	1.758	-0.8411	
.328	1.756	-0.8427	
.33	1.754	-0.8443	
.332	1.753	-0.8459	
.334	1.751	-0.8475	
.336	1.749	-0.8491	
.338	1.748	-0.8507	
.34	1.746	-0.8524	
.342	1.744	-0.854	
.344	1.743	-0.8557	
.346	1.741	-0.8574	
.348	1.739	-0.859	
.35	1.737	-0.8607	
.352	1.736	-0.8624	
.354	1.734	-0.8642	
.356	1.732	-0.8659	
.358	1.73	-0.8676	
.36	1.729	-0.8694	
.362	1.727	-0.8711	
.364	1.725	-0.8729	
.366	1.723	-0.8747	
.368	1.722	-0.8765	
.37	1.72	-0.8783	
.372	1.718	-0.8801	
.374	1.716	-0.8819	
.376	1.715	-0.8838	
.378	1.713	-0.8856	
.38	1.711	-0.8875	
.382	1.709	-0.8894	
.384	1.708	-0.8913	
.386	1.706	-0.8932	
.388	1.704	-0.8951	
.39	1.702	-0.897	
.392	1.7	-0.899	
.394	1.699	-0.901	
.396	1.697	-0.9029	
.398	1.695	-0.9049	
.4	1.693	-0.9069	
.402	1.691	-0.909	
.404	1.69	-0.911	
.406	1.688	-0.913	
.408	1.686	-0.9151	
.41	1.684	-0.9172	
.412	1.682	-0.9193	
.414	1.68	-0.9214	
.416	1.679	-0.9235	
.418	1.677	-0.9257	
.42	1.675	-0.9278	
.422	1.673	-0.93	
.424	1.671	-0.9322	
.426	1.669	-0.9344	
.428	1.667	-0.9366	
.43	1.666	-0.9389	
.432	1.664	-0.9411	
.434	1.662	-0.9434	
.436	1.66	-0.9457	
.438	1.658	-0.948	
.44	1.656	-0.9503	
.442	1.654	-0.9527	
.444	1.652	-0.9551	
.446	1.65	-0.9574	
.448	1.648	-0.9599	
.45	1.647	-0.9623	
.452	1.645	-0.9647	
.454	1.643	-0.9672	
.456	1.641	-0.9697	
.458	1.639	-0.9722	
.46	1.637	-0.9747	
.462	1.635	-0.9773	
.464	1.633	-0.9799	
.466	1.631	-0.9825	
.468	1.629	-0.9851	
.47	1.627	-0.9877	
.472	1.625	-0.9904	
.474	1.623	-0.9931	
.476	1.621	-0.9958	
.478	1.619	-0.9986	
.48	1.617	-1.001	
.482	1.615	-1.004	
.484	1.613	-1.007	
.486	1.611	-1.01	
.488	1.609	-1.013	
.49	1.607	-1.016	
.492	1.605	-1.018	
.494	1.603	-1.021	
.496	1.601	-1.024	
.498	1.599	-1.027	
.5	1.597	-1.03	
.502	1.595	-1.033	
.504	1.593	-1.037	
.506	1.591	-1.04	
.508	1.588	-1.043	
.51	1.586	-1.046	
.512	1.584	-1.049	
.514	1.582	-1.052	
.516	1.58	-1.056	
.518	1.578	-1.059	
.52	1.576	-1.062	
.522	1.574	-1.066	
.524	1.572	-1.069	
.526	1.569	-1.073	
.528	1.567	-1.076	
.53	1.565	-1.08	
.532	1.563	-1.083	
.534	1.561	-1.087	
.536	1.559	-1.09	
.538	1.556	-1.094	
.54	1.554	-1.098	
.542	1.552	-1.102	
.544	1.55	-1.105	
.546	1.548	-1.109	
.548	1.545	-1.113	
.55	1.543	-1.117	
.552	1.541	-1.121	
.554	1.539	-1.125	
.556	1.536	-1.129	
.558	1.534	-1.133	
.56	1.532	-1.137	
.562	1.53	-1.142	
.564	1.527	-1.146	
.566	1.525	-1.15	
.568	1.523	-1.155	
.57	1.52	-1.159	
.572	1.518	-1.164	
.574	1.516	-1.168	
.576	1.513	-1.173	
.578	1.511	-1.177	
.58	1.509	-1.182	
.582	1.506	-1.187	
.584	1.504	-1.192	
.586	1.502	-1.197	
.588	1.499	-1.202	
.59	1.497	-1.207	
.592	1.494	-1.212	
.594	1.492	-1.217	
.596	1.489	-1.222	
.598	1.487	-1.228	
.6	1.485	-1.233	
.602	1.482	-1.239	
.604	1.48	-1.244	
.606	1.477	-1.25	
.608	1.475	-1.256	
.61	1.472	-1.261	
.612	1.47	-1.267	
.614	1.467	-1.273	
.616	1.464	-1.279	
.618	1.462	-1.286	
.62	1.459	-1.292	
.622	1.457	-1.298	
.624	1.454	-1.305	
.626	1.452	-1.311	
.628	1.449	-1.318	
.63	1.446	-1.325	
.632	1.444	-1.332	
.634	1.441	-1.339	
.636	1.438	-1.346	
.638	1.436	-1.353	
.64	1.433	-1.361	
.642	1.43	-1.368	
.644	1.427	-1.376	
.646	1.425	-1.384	
.648	1.422	-1.392	
.65	1.419	-1.4	
.652	1.416	-1.408	
.654	1.413	-1.417	
.656	1.411	-1.425	
.658	1.408	-1.434	
.66	1.405	-1.443	
.662	1.402	-1.452	
.664	1.399	-1.461	
.666	1.396	-1.471	
.668	1.393	-1.481	
.67	1.39	-1.491	
.672	1.387	-1.501	
.674	1.384	-1.511	
.676	1.381	-1.522	
.678	1.378	-1.533	
.68	1.375	-1.544	
.682	1.372	-1.555	
.684	1.369	-1.567	
.686	1.366	-1.579	
.688	1.362	-1.591	
.69	1.359	-1.604	
.692	1.356	-1.617	
.694	1.353	-1.63	
.696	1.35	-1.643	
.698	1.346	-1.657	
.7	1.343	-1.672	
.702	1.34	-1.686	
.704	1.336	-1.701	
.706	1.333	-1.717	
.708	1.329	-1.733	
.71	1.326	-1.75	
.712	1.322	-1.767	
.714	1.319	-1.784	
.716	1.315	-1.803	
.718	1.312	-1.821	
.72	1.308	-1.841	
.722	1.304	-1.861	
.724	1.3	-1.882	
.726	1.297	-1.903	
.728	1.293	-1.926	
.73	1.289	-1.949	
.732	1.285	-1.973	
.734	1.281	-1.998	
.736	1.277	-2.025	
.738	1.273	-2.052	
.74	1.269	-2.08	
.742	1.265	-2.11	
.744	1.26	-2.142	
.746	1.256	-2.174	
.748	1.252	-2.209	
.75	1.247	-2.245	
.752	1.243	-2.283	
.754	1.238	-2.324	
.756	1.233	-2.366	
.758	1.229	-2.412	
.76	1.224	-2.46	
.762	1.219	-2.511	
.764	1.214	-2.566	
.766	1.208	-2.624	
.768	1.203	-2.688	
.77	1.198	-2.756	
.772	1.192	-2.83	
.774	1.186	-2.911	
.776	1.181	-2.999	
.778	1.174	-3.097	
.78	1.168	-3.205	
.782	1.162	-3.325	
.784	1.155	-3.462	
.786	1.148	-3.617	
.788	1.14	-3.797	
.79	1.133	-4.007	
.792	1.124	-4.259	
.794	1.115	-4.567	
.796	1.106	-4.956	
.798	1.096	-5.47	
.8	1.084	-6.195	
.802	1.07	-7.329	
.804	1.054	-9.496	
.806	1.03	-16.98	
.808	-1.999	.667	
.81	-1.998	.6677	
.812	-1.997	.6685	
.814	-1.995	.6692	
.816	-1.994	.67	
.818	-1.993	.6707	
.82	-1.991	.6715	
.822	-1.99	.6722	
.824	-1.989	.673	
.826	-1.987	.6738	
.828	-1.986	.6745	
.83	-1.985	.6753	
.832	-1.983	.6761	
.834	-1.982	.6768	
.836	-1.981	.6776	
.838	-1.979	.6784	
.84	-1.978	.6792	
.842	-1.977	.68	
.844	-1.975	.6808	
.846	-1.974	.6816	
.848	-1.972	.6824	
.85	-1.971	.6832	
.852	-1.97	.684	
.854	-1.968	.6848	
.856	-1.967	.6856	
.858	-1.966	.6864	
.86	-1.964	.6872	
.862	-1.963	.688	
.864	-1.962	.6888	
.866	-1.96	.6897	
.868	-1.959	.6905	
.87	-1.957	.6913	
.872	-1.956	.6922	
.874	-1.955	.693	
.876	-1.953	.6938	
.878	-1.952	.6947	
.88	-1.95	.6955	
.882	-1.949	.6964	
.884	-1.948	.6972	
.886	-1.946	.6981	
.888	-1.945	.699	
.89	-1.943	.6998	
.892	-1.942	.7007	
.894	-1.941	.7016	
.896	-1.939	.7024	
.898	-1.938	.7033	
.9	-1.936	.7042	
.902	-1.935	.7051	
.904	-1.934	.706	
.906	-1.932	.7069	
.908	-1.931	.7078	
.91	-1.929	.7087	
.912	-1.928	.7096	
.914	-1.927	.7105	
.916	-1.925	.7114	
.918	-1.924	.7123	
.92	-1.922	.7132	
.922	-1.921	.7142	
.924	-1.919	.7151	
.926	-1.918	.716	
.928	-1.917	.717	
.93	-1.915	.7179	
.932	-1.914	.7188	
.934	-1.912	.7198	
.936	-1.911	.7207	
.938	-1.909	.7217	
.94	-1.908	.7227	
.942	-1.906	.7236	
.944	-1.905	.7246	
.946	-1.904	.7256	
.948	-1.902	.7265	
.95	-1.901	.7275	
.952	-1.899	.7285	
.954	-1.898	.7295	
.956	-1.896	.7305	
.958	-1.895	.7315	
.96	-1.893	.7325	
.962	-1.892	.7335	
.964	-1.89	.7345	
.966	-1.889	.7355	
.968	-1.887	.7366	
.97	-1.886	.7376	
.972	-1.885	.7386	
.974	-1.883	.7396	
.976	-1.882	.7407	
.978	-1.88	.7417	
.98	-1.879	.7428	
.982	-1.877	.7438	
.984	-1.876	.7449	
.986	-1.874	.746	
.988	-1.873	.747	
.99	-1.871	.7481	
.992	-1.87	.7492	
.994	-1.868	.7503	
.996	-1.867	.7514	
.998	-1.865	.7524	
1	-1.864	.7535	
1.002	-1.862	.7546	
1.004	-1.861	.7558	
1.006	-1.859	.7569	
1.008	-1.858	.758	
1.01	-1.856	.7591	
1.012	-1.855	.7603	
1.014	-1.853	.7614	
1.016	-1.852	.7625	
1.018	-1.85	.7637	
1.02	-1.848	.7648	
1.022	-1.847	.766	
1.024	-1.845	.7672	
1.026	-1.844	.7683	
1.028	-1.842	.7695	
1.03	-1.841	.7707	
1.032	-1.839	.7719	
1.034	-1.838	.7731	
1.036	-1.836	.7743	
1.038	-1.835	.7755	
1.04	-1.833	.7767	
1.042	-1.831	.7779	
1.044	-1.83	.7791	
1.046	-1.828	.7804	
1.048	-1.827	.7816	
1.05	-1.825	.7829	
1.052	-1.824	.7841	
1.054	-1.822	.7854	
1.056	-1.821	.7866	
1.058	-1.819	.7879	
1.06	-1.817	.7892	
1.062	-1.816	.7905	
1.064	-1.814	.7917	
1.066	-1.813	.793	
1.068	-1.811	.7943	
1.07	-1.809	.7957	
1.072	-1.808	.797	
1.074	-1.806	.7983	
1.076	-1.805	.7996	
1.078	-1.803	.801	
1.08	-1.801	.8023	
1.082	-1.8	.8037	
1.084	-1.798	.805	
1.086	-1.797	.8064	
1.088	-1.795	.8078	
1.09	-1.793	.8092	
1.092	-1.792	.8106	
1.094	-1.79	.812	
1.096	-1.789	.8134	
1.098	-1.787	.8148	
1.1	-1.785	.8162	
1.102	-1.784	.8177	
1.104	-1.782	.8191	
1.106	-1.78	.8205	
1.108	-1.779	.822	
1.11	-1.777	.8235	
1.112	-1.775	.8249	
1.114	-1.774	.8264	
1.116	-1.772	.8279	
1.118	-1.77	.8294	
1.12	-1.769	.8309	
1.122	-1.767	.8324	
1.124	-1.765	.834	
1.126	-1.764	.8355	
1.128	-1.762	.8371	
1.13	-1.76	.8386	
1.132	-1.759	.8402	
1.134	-1.757	.8418	
1.136	-1.755	.8433	
1.138	-1.754	.8449	
1.14	-1.752	.8465	
1.142	-1.75	.8481	
1.144	-1.749	.8498	
1.146	-1.747	.8514	
1.148	-1.745	.853	
1.15	-1.744	.8547	
1.152	-1.742	.8564	
1.154	-1.74	.858	
1.156	-1.738	.8597	
1.158	-1.737	.8614	
1.16	-1.735	.8631	
1.162	-1.733	.8649	
1.164	-1.731	.8666	
1.166	-1.73	.8683	
1.168	-1.728	.8701	
1.17	-1.726	.8718	
1.172	-1.725	.8736	
1.174	-1.723	.8754	
1.176	-1.721	.8772	
1.178	-1.719	.879	
1.18	-1.718	.8808	
1.182	-1.716	.8827	
1.184	-1.714	.8845	
1.186	-1.712	.8864	
1.188	-1.71	.8883	
1.19	-1.709	.8901	
1.192	-1.707	.892	
1.194	-1.705	.894	
1.196	-1.703	.8959	
1.198	-1.702	.8978	
1.2	-1.7	.8998	
1.202	-1.698	.9018	
1.204	-1.696	.9037	
1.206	-1.694	.9057	
1.208	-1.692	.9077	
1.21	-1.691	.9098	
1.212	-1.689	.9118	
1.214	-1.687	.9139	
1.216	-1.685	.9159	
1.218	-1.683	.918	
1.22	-1.682	.9201	
1.222	-1.68	.9222	
1.224	-1.678	.9244	
1.226	-1.676	.9265	
1.228	-1.674	.9287	
1.23	-1.672	.9309	
1.232	-1.67	.9331	
1.234	-1.669	.9353	
1.236	-1.667	.9375	
1.238	-1.665	.9398	
1.24	-1.663	.942	
1.242	-1.661	.9443	
1.244	-1.659	.9466	
1.246	-1.657	.9489	
1.248	-1.655	.9513	
1.25	-1.653	.9536	
1.252	-1.652	.956	
1.254	-1.65	.9584	
1.256	-1.648	.9608	
1.258	-1.646	.9633	
1.26	-1.644	.9657	
1.262	-1.642	.9682	
1.264	-1.64	.9707	
1.266	-1.638	.9732	
1.268	-1.636	.9758	
1.27	-1.634	.9783	
1.272	-1.632	.9809	
1.274	-1.63	.9835	
1.276	-1.628	.9862	
1.278	-1.626	.9888	
1.28	-1.624	.9915	
1.282	-1.622	.9942	
1.284	-1.62	.9969	
1.286	-1.618	.9997	
1.288	-1.616	1.002	
1.29	-1.614	1.005	
1.292	-1.612	1.008	
1.294	-1.61	1.011	
1.296	-1.608	1.014	
1.298	-1.606	1.017	
1.3	-1.604	1.02	
1.302	-1.602	1.023	
1.304	-1.6	1.026	
1.306	-1.598	1.029	
1.308	-1.596	1.032	
1.31	-1.594	1.035	
1.312	-1.592	1.038	
1.314	-1.59	1.041	
1.316	-1.588	1.044	
1.318	-1.586	1.047	
1.32	-1.583	1.051	
1.322	-1.581	1.054	
1.324	-1.579	1.057	
1.326	-1.577	1.06	
1.328	-1.575	1.064	
1.33	-1.573	1.067	
1.332	-1.571	1.071	
1.334	-1.569	1.074	
1.336	-1.566	1.078	
1.338	-1.564	1.081	
1.34	-1.562	1.085	
1.342	-1.56	1.088	
1.344	-1.558	1.092	
1.346	-1.556	1.096	
1.348	-1.553	1.099	
1.35	-1.551	1.103	
1.352	-1.549	1.107	
1.354	-1.547	1.111	
1.356	-1.545	1.115	
1.358	-1.542	1.119	
1.36	-1.54	1.123	
1.362	-1.538	1.127	
1.364	-1.536	1.131	
1.366	-1.533	1.135	
1.368	-1.531	1.139	
1.37	-1.529	1.143	
1.372	-1.526	1.148	
1.374	-1.524	1.152	
1.376	-1.522	1.156	
1.378	-1.519	1.161	
1.38	-1.517	1.165	
1.382	-1.515	1.17	
1.384	-1.512	1.175	
1.386	-1.51	1.179	
1.388	-1.508	1.184	
1.39	-1.505	1.189	
1.392	-1.503	1.194	
1.394	-1.501	1.199	
1.396	-1.498	1.204	
1.398	-1.496	1.209	
1.4	-1.493	1.214	
1.402	-1.491	1.219	
1.404	-1.489	1.224	
1.406	-1.486	1.23	
1.408	-1.484	1.235	
1.41	-1.481	1.241	
1.412	-1.479	1.246	
1.414	-1.476	1.252	
1.416	-1.474	1.258	
1.418	-1.471	1.264	
1.42	-1.469	1.27	
1.422	-1.466	1.276	
1.424	-1.463	1.282	
1.426	-1.461	1.288	
1.428	-1.458	1.294	
1.43	-1.456	1.301	
1.432	-1.453	1.307	
1.434	-1.45	1.314	
1.436	-1.448	1.321	
1.438	-1.445	1.328	
1.44	-1.443	1.335	
1.442	-1.44	1.342	
1.444	-1.437	1.349	
1.446	-1.434	1.356	
1.448	-1.432	1.364	
1.45	-1.429	1.371	
1.452	-1.426	1.379	
1.454	-1.423	1.387	
1.456	-1.421	1.395	
1.458	-1.418	1.403	
1.46	-1.415	1.412	
1.462	-1.412	1.42	
1.464	-1.409	1.429	
1.466	-1.407	1.438	
1.468	-1.404	1.447	
1.47	-1.401	1.456	
1.472	-1.398	1.465	
1.474	-1.395	1.475	
1.476	-1.392	1.485	
1.478	-1.389	1.495	
1.48	-1.386	1.505	
1.482	-1.383	1.516	
1.484	-1.38	1.526	
1.486	-1.377	1.537	
1.488	-1.374	1.548	
1.49	-1.371	1.56	
1.492	-1.368	1.572	
1.494	-1.364	1.584	
1.496	-1.361	1.596	
1.498	-1.358	1.609	
1.5	-1.355	1.622	
1.502	-1.351	1.635	
1.504	-1.348	1.649	
1.506	-1.345	1.663	
1.508	-1.342	1.677	
1.51	-1.338	1.692	
1.512	-1.335	1.708	
1.514	-1.331	1.723	
1.516	-1.328	1.74	
1.518	-1.324	1.756	
1.52	-1.321	1.774	
1.522	-1.317	1.792	
1.524	-1.314	1.81	
1.526	-1.31	1.829	
1.528	-1.306	1.849	
1.53	-1.303	1.869	
1.532	-1.299	1.89	
1.534	-1.295	1.912	
1.536	-1.291	1.935	
1.538	-1.287	1.959	
1.54	-1.283	1.983	
1.542	-1.279	2.009	
1.544	-1.275	2.035	
1.546	-1.271	2.063	
1.548	-1.267	2.092	
1.55	-1.263	2.123	
1.552	-1.259	2.155	
1.554	-1.254	2.188	
1.556	-1.25	2.223	
1.558	-1.245	2.26	
1.56	-1.241	2.299	
1.562	-1.236	2.34	
1.564	-1.231	2.384	
1.566	-1.227	2.43	
1.568	-1.222	2.48	
1.57	-1.217	2.532	
1.572	-1.212	2.589	
1.574	-1.206	2.649	
1.576	-1.201	2.714	
1.578	-1.196	2.785	
1.58	-1.19	2.862	
1.582	-1.184	2.945	
1.584	-1.178	3.037	
1.586	-1.172	3.139	
1.588	-1.166	3.251	
1.59	-1.159	3.378	
1.592	-1.152	3.522	
1.594	-1.145	3.686	
1.596	-1.137	3.877	
1.598	-1.129	4.103	
1.6	-1.121	4.374	
1.602	-1.112	4.711	
1.604	-1.102	5.144	
1.606	-1.091	5.729	
1.608	-1.079	6.583	
1.61	-1.064	8.006	
1.612	-1.046	11.1555	
1.614	-1.01	44.9056	
1.616	1.999	-0.6673	
1.618	1.998	-0.668	
1.62	1.996	-0.6688	
1.622	1.995	-0.6695	
1.624	1.994	-0.6703	
1.626	1.992	-0.671	
1.628	1.991	-0.6718	
1.63	1.99	-0.6725	
1.632	1.988	-0.6733	
1.634	1.987	-0.6741	
1.636	1.986	-0.6748	
1.638	1.984	-0.6756	
1.64	1.983	-0.6764	
1.642	1.981	-0.6772	
1.644	1.98	-0.6779	
1.646	1.979	-0.6787	
1.648	1.977	-0.6795	
1.65	1.976	-0.6803	
1.652	1.975	-0.6811	
1.654	1.973	-0.6819	
1.656	1.972	-0.6827	
1.658	1.971	-0.6835	
1.66	1.969	-0.6843	
1.662	1.968	-0.6851	
1.664	1.966	-0.6859	
1.666	1.965	-0.6867	
1.668	1.964	-0.6875	
1.67	1.962	-0.6884	
1.672	1.961	-0.6892	
1.674	1.96	-0.69	
1.676	1.958	-0.6908	
1.678	1.957	-0.6917	
1.68	1.955	-0.6925	
1.682	1.954	-0.6933	
1.684	1.953	-0.6942	
1.686	1.951	-0.695	
1.688	1.95	-0.6959	
1.69	1.948	-0.6967	
1.692	1.947	-0.6976	
1.694	1.946	-0.6985	
1.696	1.944	-0.6993	
1.698	1.943	-0.7002	
1.7	1.941	-0.7011	
1.702	1.94	-0.7019	
1.704	1.939	-0.7028	
1.706	1.937	-0.7037	
1.708	1.936	-0.7046	
1.71	1.934	-0.7055	
1.712	1.933	-0.7063	
1.714	1.932	-0.7072	
1.716	1.93	-0.7081	
1.718	1.929	-0.709	
1.72	1.927	-0.7099	
1.722	1.926	-0.7109	
1.724	1.925	-0.7118	
1.726	1.923	-0.7127	
1.728	1.922	-0.7136	
1.73	1.92	-0.7145	
1.732	1.919	-0.7155	
1.734	1.917	-0.7164	
1.736	1.916	-0.7173	
1.738	1.915	-0.7183	
1.74	1.913	-0.7192	
1.742	1.912	-0.7202	
1.744	1.91	-0.7211	
1.746	1.909	-0.7221	
1.748	1.907	-0.723	
1.75	1.906	-0.724	
1.752	1.904	-0.725	
1.754	1.903	-0.726	
1.756	1.902	-0.7269	
1.758	1.9	-0.7279	
1.76	1.899	-0.7289	
1.762	1.897	-0.7299	
1.764	1.896	-0.7309	
1.766	1.894	-0.7319	
1.768	1.893	-0.7329	
1.77	1.891	-0.7339	
1.772	1.89	-0.7349	
1.774	1.888	-0.7359	
1.776	1.887	-0.737	
1.778	1.885	-0.738	
1.78	1.884	-0.739	
1.782	1.882	-0.7401	
1.784	1.881	-0.7411	
1.786	1.879	-0.7422	
1.788	1.878	-0.7432	
1.79	1.877	-0.7443	
1.792	1.875	-0.7453	
1.794	1.874	-0.7464	
1.796	1.872	-0.7475	
1.798	1.871	-0.7485	
1.8	1.869	-0.7496	
1.802	1.868	-0.7507	
1.804	1.866	-0.7518	
1.806	1.865	-0.7529	
1.808	1.863	-0.754	
1.81	1.862	-0.7551	
1.812	1.86	-0.7562	
1.814	1.859	-0.7573	
1.816	1.857	-0.7584	
1.818	1.855	-0.7596	
1.82	1.854	-0.7607	
1.822	1.852	-0.7618	
1.824	1.851	-0.763	
1.826	1.849	-0.7641	
1.828	1.848	-0.7653	
1.83	1.846	-0.7665	
1.832	1.845	-0.7676	
1.834	1.843	-0.7688	
1.836	1.842	-0.77	
1.838	1.84	-0.7712	
1.84	1.839	-0.7724	
1.842	1.837	-0.7736	
1.844	1.836	-0.7748	
1.846	1.834	-0.776	
1.848	1.832	-0.7772	
1.85	1.831	-0.7784	
1.852	1.829	-0.7796	
1.854	1.828	-0.7809	
1.856	1.826	-0.7821	
1.858	1.825	-0.7834	
1.86	1.823	-0.7846	
1.862	1.821	-0.7859	
1.864	1.82	-0.7871	
1.866	1.818	-0.7884	
1.868	1.817	-0.7897	
1.87	1.815	-0.791	
1.872	1.814	-0.7923	
1.874	1.812	-0.7936	
1.876	1.81	-0.7949	
1.878	1.809	-0.7962	
1.88	1.807	-0.7975	
1.882	1.806	-0.7988	
1.884	1.804	-0.8002	
1.886	1.802	-0.8015	
1.888	1.801	-0.8029	
1.89	1.799	-0.8042	
1.892	1.798	-0.8056	
1.894	1.796	-0.807	
1.896	1.794	-0.8083	
1.898	1.793	-0.8097	
1.9	1.791	-0.8111	
1.902	1.79	-0.8125	
1.904	1.788	-0.8139	
1.906	1.786	-0.8154	
1.908	1.785	-0.8168	
1.91	1.783	-0.8182	
1.912	1.781	-0.8197	
1.914	1.78	-0.8211	
1.916	1.778	-0.8226	
1.918	1.776	-0.8241	
1.92	1.775	-0.8255	
1.922	1.773	-0.827	
1.924	1.771	-0.8285	
1.926	1.77	-0.83	
1.928	1.768	-0.8315	
1.93	1.766	-0.8331	
1.932	1.765	-0.8346	
1.934	1.763	-0.8361	
1.936	1.761	-0.8377	
1.938	1.76	-0.8392	
1.94	1.758	-0.8408	
1.942	1.756	-0.8424	
1.944	1.755	-0.844	
1.946	1.753	-0.8456	
1.948	1.751	-0.8472	
1.95	1.75	-0.8488	
1.952	1.748	-0.8504	
1.954	1.746	-0.8521	
1.956	1.745	-0.8537	
1.958	1.743	-0.8554	
1.96	1.741	-0.857	
1.962	1.739	-0.8587	
1.964	1.738	-0.8604	
1.966	1.736	-0.8621	
1.968	1.734	-0.8638	
1.97	1.733	-0.8655	
1.972	1.731	-0.8673	
1.974	1.729	-0.869	
1.976	1.727	-0.8708	
1.978	1.726	-0.8726	
1.98	1.724	-0.8743	
1.982	1.722	-0.8761	
1.984	1.72	-0.8779	
1.986	1.719	-0.8797	
1.988	1.717	-0.8816	
1.99	1.715	-0.8834	
1.992	1.713	-0.8853	
1.994	1.711	-0.8871	
1.996	1.71	-0.889	
1.998	1.708	-0.8909	
2	1.706	-0.8928	
