// This model generated automatically from SBML

// unit definitions
import nsrunit;
unit conversion off;

// SBML property definitions
property sbmlRole=string;
property sbmlName=string;
property sbmlCompartment=string;

// SBML reactions
// reaction1: S1 <=> S2 

math main {
  realDomain time second;
  time.min=0;
  extern time.max;
  extern time.delta;

  // variable definitions
  real compartment = 1 L;
  real p1 = 1.5;
  real p2 = .05;
  real S1(time) M;
  real S2(time) M;
  real reaction1(time) katal;

  // equations
  when (time=time.min) S1 = 10/compartment;
  (S1*compartment):time = -1*reaction1;
  when (time=time.min) S2 = 0;
  (S2*compartment):time = reaction1;
  reaction1 = if (false) p1 else p2;

  // variable properties
  compartment.sbmlRole="compartment";
  p1.sbmlRole="parameter";
  p2.sbmlRole="parameter";
  S1.sbmlRole="species";
  S1.sbmlCompartment="compartment";
  S2.sbmlRole="species";
  S2.sbmlCompartment="compartment";
  reaction1.sbmlRole="rate";
}

