// This model generated automatically from SBML
// WARNING: Renamed variable _J0 to xxx_J0 due to JSim namespace restrictions
// WARNING: Renamed variable _J1 to xxx_J1 due to JSim namespace restrictions
// WARNING: Renamed variable _J2 to xxx_J2 due to JSim namespace restrictions

// unit definitions
import nsrunit;
unit conversion off;

// SBML property definitions
property sbmlRole=string;
property sbmlName=string;
property sbmlCompartment=string;

// SBML reactions
// _J0: => S1 
// _J1: 2S1 => 3S2 
// _J2: S2 

math main {
  realDomain time second;
  time.min=0;
  extern time.max;
  extern time.delta;

  // variable definitions
  real default_compartment = 1 L;
  real k1 = 1;
  real k2 = 3;
  real k3 = 1.4;
  real S1conv = 3;
  real modelconv = 4;
  real S1(time) M;
  real S2(time) M;
  real xxx_J0(time) katal;
  real xxx_J1(time) katal;
  real xxx_J2(time) katal;

  // equations
  when (time=time.min) S1 = 0;
  (S1*default_compartment):time = modelconv*(xxx_J0 + -2*xxx_J1);
  when (time=time.min) S2 = .001/default_compartment;
  (S2*default_compartment):time = modelconv*(3*xxx_J1 + -1*xxx_J2);
  xxx_J0 = k1;
  xxx_J1 = k2*S1/S2;
  xxx_J2 = k3*S2;

  // variable properties
  default_compartment.sbmlRole="compartment";
  k1.sbmlRole="parameter";
  k2.sbmlRole="parameter";
  k3.sbmlRole="parameter";
  S1conv.sbmlRole="parameter";
  modelconv.sbmlRole="parameter";
  S1.sbmlRole="species";
  S1.sbmlCompartment="default_compartment";
  S2.sbmlRole="species";
  S2.sbmlCompartment="default_compartment";
  xxx_J0.sbmlRole="rate";
  xxx_J0.sbmlName="_J0";
  xxx_J1.sbmlRole="rate";
  xxx_J1.sbmlName="_J1";
  xxx_J2.sbmlRole="rate";
  xxx_J2.sbmlName="_J2";
}

