<?xml version="1.0" encoding="UTF-8"?>
<sbml xmlns="http://www.sbml.org/sbml/level2/version4" level="2" version="4">
  <model>
    <listOfUnitDefinitions>
      <unitDefinition id="M_per_second" name="M/second">
        <listOfUnits>
          <unit kind="metre" exponent="-3" scale="0" multiplier="1000"/>
          <unit kind="second" exponent="-1" scale="0" multiplier="1"/>
          <unit kind="mole" exponent="1" scale="0" multiplier="1"/>
        </listOfUnits>
      </unitDefinition>
      <unitDefinition id="M" name="M">
        <listOfUnits>
          <unit kind="metre" exponent="-3" scale="0" multiplier="1000"/>
          <unit kind="mole" exponent="1" scale="0" multiplier="1"/>
        </listOfUnits>
      </unitDefinition>
    </listOfUnitDefinitions>
    <listOfParameters>
      <parameter id="f_call0" constant="false"/>
      <parameter id="compartmentOne" value="1" units="litre" constant="true"/>
      <parameter id="S2" value="0" units="M" constant="false"/>
      <parameter id="reaction_1" units="katal" constant="false"/>
      <parameter id="S1" value="0" units="M" constant="false"/>
    </listOfParameters>
    <listOfRules>
      <rateRule variable="S1">
        <math xmlns="http://www.w3.org/1998/Math/MathML">
          <apply>
            <divide/>
            <apply>
              <times/>
              <ci> reaction_1 </ci>
              <cn> -1 </cn>
            </apply>
            <ci> compartmentOne </ci>
          </apply>
        </math>
      </rateRule>
      <rateRule variable="S2">
        <math xmlns="http://www.w3.org/1998/Math/MathML">
          <apply>
            <divide/>
            <ci> reaction_1 </ci>
            <ci> compartmentOne </ci>
          </apply>
        </math>
      </rateRule>
      <assignmentRule variable="reaction_1">
        <math xmlns="http://www.w3.org/1998/Math/MathML">
          <ci> f_call0 </ci>
        </math>
      </assignmentRule>
      <assignmentRule variable="f_call0">
        <math xmlns="http://www.w3.org/1998/Math/MathML">
          <apply>
            <times/>
            <ci> S1 </ci>
            <cn> 2 </cn>
          </apply>
        </math>
      </assignmentRule>
    </listOfRules>
  </model>
</sbml>

