JSim v1.1


unit dimensionless = 1  dimensionless;
unit radian = 1  dimensionless;
math main {
	real box.a;
	real box.b;
	real box.c;
	real box.t1;
	real box.t2;
	real box.t3;
	real box.t4;
	real box.t5;
	real box.t11;
	real box.t12;
	real box.t13;
	real box.t14;
	real box.t15;
	real box.t21;
	real box.t22;
	real box.t23;
	real box.t24;
	real box.t25;
	real box.a1;
	real box.a2;
	real box.a3;
	real box.a4;
	real box.a5;
	real box.a6;
	real box.a7;
	real box.a8;
	real box.a11;
	real box.a12;
	real box.a13;
	real box.a14;
	real box.a15;
	real box.a16;
	real box.a17;
	real box.a18;
	real box.a21;
	real box.a22;
	real box.a23;
	real box.a24;
	real box.a25;
	real box.a26;
	real box.a27;
	real box.a28;
	real box.s1;
	real box.s2;
	real box.s3;
	real box.s4;
	real box.s5;
	real box.s6;
	real box.e;
	box.a = 1;
	box.b = 2;
	box.c = 3;
	box.t1 = box.a+box.b+box.c;
	box.t2 = box.a-box.b-box.c;
	box.t3 = box.a*box.b*box.c;
	box.t4 = box.a/box.b/box.c;
	box.t5 = box.a^(box.b^box.c);
	box.t11 = box.a+box.b+box.c;
	box.t12 = box.a-box.b-box.c;
	box.t13 = box.a*box.b*box.c;
	box.t14 = box.a/box.b/box.c;
	box.t15 = box.a^box.b^box.c;
	box.t21 = box.a+(box.b+box.c);
	box.t22 = box.a-(box.b-box.c);
	box.t23 = box.a*(box.b*box.c);
	box.t24 = box.a/(box.b/box.c);
	box.t25 = box.a^(box.b^box.c);
	box.a1 = box.a+box.b-box.c;
	box.a2 = box.a-box.b+box.c;
	box.a3 = box.a*box.b/box.c;
	box.a4 = box.a/box.b*box.c;
	box.a5 = box.a*box.b^box.c;
	box.a6 = box.a^box.b*box.c;
	box.a7 = box.a+box.b^box.c;
	box.a8 = box.a^box.b+box.c;
	box.a11 = box.a+(box.b-box.c);
	box.a12 = box.a-(box.b+box.c);
	box.a13 = box.a*(box.b/box.c);
	box.a14 = box.a/(box.b*box.c);
	box.a15 = box.a*box.b^box.c;
	box.a16 = box.a^(box.b*box.c);
	box.a17 = box.a+box.b^box.c;
	box.a18 = box.a^(box.b+box.c);
	box.a21 = box.a+box.b-box.c;
	box.a22 = box.a-box.b+box.c;
	box.a23 = box.a*box.b/box.c;
	box.a24 = box.a/box.b*box.c;
	box.a25 = (box.a*box.b)^box.c;
	box.a26 = box.a^box.b*box.c;
	box.a27 = (box.a+box.b)^box.c;
	box.a28 = box.a^box.b+box.c;
	box.s1 = box.a*(box.b+box.c);
	box.s2 = box.a+box.b*box.c;
	box.s3 = box.a^(box.b+box.c);
	box.s4 = box.a+box.b^box.c;
	box.s5 = box.a^(box.b*box.c);
	box.s6 = box.a*box.b^box.c;
	box.e-box.a = box.b-box.c;
}

