==== Planner Log ====
Plan options=[maxBuildTime=120, maxImplicitBlock=10, initNaN=false, abortNaN=false, traceNaN=false, traceVars=, ignoreAllOverspec=false, ignoreAllUnderspec=false, splitBlocks=false, parallelize=false]
Loading Variables
  add var: realDomain t
  add var: real t.min
  add var: real t.max
  add var: int t.ct
  add var: real t.delta
  add var: real u(t)
  add var: real v(t)
  add var: real w(t)
  add var: real w:t(t)
Loading Constraints
  t.min=0 :: [t.min]
  t.max=1 :: [t.max]
  t.delta=1 :: [t.delta]
  u=t :: [u, t]
  v=(if (t<1) 0 else u(t-1)) :: [v, t, u(t.delay)*]
  when (t=t.min) w=v :: [w(t.min), v(t.min)]
  w:t=t :: [w:t, t]
Input      phase completed with 0 errors, 0 warnings.

Toolbox phase starting ...
  add tool: domain t
Toolbox phase - cycle 1:
  check eqn: t.min=0; [t.min]
  add tool: t.min=0
  check eqn: t.max=1; [t.max]
  add tool: t.max=1
  check eqn: t.delta=1; [t.delta]
  add tool: t.delta=1
  add tool: t.ct=(t.max-t.min)/t.delta+1.5
  check eqn: u=t; [u]
  add tool: u=t
  check eqn: v=(if (t<1) 0 else u(t-1)); [v]
  add tool: v=if (t<1) 0 else u(t-1)
  check eqn: when (t=t.min) w=v; [w(t.min)]
  add tool: w(t.min)=when (t=t.min) v
  check eqn: w:t=t; [w:t]
  add tool: w:t=t
  add tool: ODE w: []
  updated ODE(w) with w(t.min)=when (t=t.min) v
  updated ODE(w) with w:t=t
    w is now entirely solved
Toolbox phase - all cycles completed
Toolbox    phase completed with 0 errors, 0 warnings.

Sequencing phase starting ...
Tools to sequence:
  @t w:t=t :: [w:t]<<[t]
  @t ODE w: w:t=t :: [w, w(t.max)]<<[t, w(t.min), w:t]
  @t v=if (t<1) 0 else u(t-1) :: [v]<<[t, u(t.delay)*]
  @t u=t :: [u]<<[t]
  t.delta=1 :: [t.delta]<<[]
  t.ct=(t.max-t.min)/t.delta+1.5 :: [t.ct]<<[t.max, t.min, t.delta]
  t.max=1 :: [t.max]<<[]
  t.min=0 :: [t.min]<<[]
  domain t :: [t]<<[t.min, t.max, t.ct, t.delta]
  w(t.min)=when (t=t.min) v :: [w(t.min)]<<[v(t.min)]
Events to seqence:
Relations to sequence:
Creating vuTools map ...
Adding reuse & query tools ...
  adding reuse tool: when (t=t.min) v=if (t<1) 0 else u(t-1) [v(t.min)]<<[t(min), u(t.min)*]
  adding reuse tool: when (t=t.min) u=t [u(t.min)]<<[t(min)]
  adding query tool: query [u(t.delay)*]<<[u]
  adding query tool: query [t(min)]<<[t]
Creating MainGraph ...
loopOrder=[t]
  addNode w:t seqLoops=(t) phase=t#1 fft=null
  addNode w seqLoops=(t) phase=t#1 fft=t
  addNode v seqLoops=(t) phase=t#1 fft=null
  addNode u seqLoops=(t) phase=t#1 fft=null
  addNode t.delta seqLoops=() phase=main fft=null
  addNode t.ct seqLoops=() phase=main fft=null
  addNode t.max seqLoops=() phase=main fft=null
  addNode t.min seqLoops=() phase=main fft=null
  addNode t seqLoops=() phase=main fft=null
  addNode w(t.min) seqLoops=() phase=main fft=null
  addNode v(t.min) seqLoops=() phase=main fft=null
  addNode u(t.min) seqLoops=() phase=main fft=null
  addNode u(t.delay) seqLoops=(t) phase=t#1 fft=null
  addNode t(min) seqLoops=() phase=main fft=null
Saving graph pullfinder
Building mainline block ...
Mainline block graph:
building block for phase main
  adding t.delta=1 to main
  adding t.max=1 to main
  adding t.min=0 to main
  adding t.ct=(t.max-t.min)/t.delta+1.5 to main
  adding domain t to main
  adding query [t(min)] to main
  adding when (t=t.min) u=t to main
  adding when (t=t.min) v=if (t<1) 0 else u(t-1) to main
  adding w(t.min)=when (t=t.min) v to main
  subphase t#1 entryEdge=null
building block for phase t#1
  adding w:t=t to loop-t
  adding u=t to loop-t
  adding query [u(t.delay)*] to loop-t
  adding v=if (t<1) 0 else u(t-1) to loop-t
  adding ODE Block-t [w] to loop-t
  adding loop-t to main
Building ODE Block-t [w] ...
  adding muTool w:t=t
  adding muVar w:t
  adding w:t=t to ODE Block-t [w]
Sequencing phase completed with 0 errors, 0 warnings.

==== Main Calculation Block ====
main
  t.delta=1
  t.max=1
  t.min=0
  t.ct=(t.max-t.min)/t.delta+1.5
  domain t
  query [t(min)]
  when (t=t.min) u=t
  when (t=t.min) v=if (t<1) 0 else u(t-1)
  w(t.min)=when (t=t.min) v
  loop-t
    w:t=t
    u=t
    query [u(t.delay)*]
    v=if (t<1) 0 else u(t-1)
    ODE Block-t vmus=[t, w, w:t]
      w:t=t

