// JSim generated model JS100delay_reuse
 
import java.lang.Math;
import JSim.util.*;
import JSim.expr.*;
import JSim.data.*;
import JSim.jruntime.*;
import JSim.aserver.*;
import JSim.nml.math.NatMath;
 
// JS100delay_reuse model
public class JS100delay_reuse extends RTModel {

    // variable declarations
    public RTRealDomain JSt;
    public RTRealNVar JSt__min;
    public RTRealNVar JSt__max;
    public RTIntNVar JSt__ct;
    public RTRealNVar JSt__delta;
    public RTRealNVar JSu;
    public RTRealNVar JSv;
    public RTRealNVar JSw;
    public RTRealNVar JSw__Dt;
     
    // F&P declarations
    
    // solver declarations
    public ODE1Problem__w ode1problem__w;
     
    // RT model constructor
    public JS100delay_reuse(UnitNList u,ASServer.Messenger m) throws Xcept {
        super("JS100delay_reuse", u, m);
         
        // units used in model
        units.add("dimensionless", Unit.parse(this, "1  dimensionless"));
        units.add("radian", Unit.parse(this, "1  dimensionless"));
         
        // var instantiation
        JSt__min = new RTRealNVar(this, "t.min","dimensionless",1,null);
        JSt__max = new RTRealNVar(this, "t.max","dimensionless",1,null);
        JSt__ct = new RTIntNVar(this, "t.ct","dimensionless",2,null);
        JSt__delta = new RTRealNVar(this, "t.delta","dimensionless",1,null);
        JSt = new RTRealDomain(this, "t","dimensionless",2,JSt__min,JSt__max,JSt__delta,JSt__ct);
        JSu = new RTRealNVar(this, "u","dimensionless",3,new RTRealDomain[] {JSt});
        JSv = new RTRealNVar(this, "v","dimensionless",3,new RTRealDomain[] {JSt});
        JSw = new RTRealNVar(this, "w","dimensionless",3,new RTRealDomain[] {JSt});
        JSw__Dt = new RTRealNVar(this, "w:t","dimensionless",3,new RTRealDomain[] {JSt});
         
        // input defaults
        JSt__min.setDefault("0");
        JSt__max.setDefault("1");
        JSt__delta.setDefault("1");
        
        // F&P initialization
        
        // solver instantiation
        ode1problem__w = new ODE1Problem__w(this);
        
    }
    
    // simple main methods
    public boolean defaultUnitCorrect() { return false; }
    public boolean allowMPRuns() { return true; }
    public void mainline(RTContext ctxt) throws Xcept { ((XContext) ctxt).mainline(); }
    public RTContext newRunContext(int threadInx, int nproc, RTDataStore s) { return new XContext(this, threadInx, nproc, s); }
    
    // every Nth point support
    public boolean runTimeNthSupported(RTRealDomain x) {
        String xname = x.name();
        if (xname.equals("t")) return false;
        return true;
    }
    
    // ODE problem solving [w]
    public class ODE1Problem__w extends ODE1Problem {
        public ODE1Problem__w(RTModel m) throws Xcept {
            super(m, "ODE1Problem__w");
            setup(JSt, new RTRealNVar[] {JSw});
        }
        public void evaluate(RTContext ctxt, double t, double[] u, double[] udot) throws Xcept {
            ((XContext) ctxt).evaluate__w(t, u, udot);
            interruptCheck(ctxt, t, udot);
            ncallbacks++;
        }
    }
     
    // model-specific context
    public class XContext extends RTContext {
        // global caches
        private double js0t__min;
        private double js0t__max;
        private double js0t__delta;
        private double js2t;
        private double js2w;
        private double js2w__Dt;
        
        // context constructor
        public XContext(RTModel m, int threadInx, int nproc, RTDataStore s) { super(m, threadInx, nproc, s, false); }
        
        // trace NaN causes abort?
        public boolean abortNaN() { return false; }
        
        // ctxt mainline
        public void mainline() throws Xcept {
            js0t__delta = realVal(JSt__delta);
            js0t__max = realVal(JSt__max);
            js0t__min = realVal(JSt__min);
            set(JSt__ct,(((js0t__max-js0t__min)/js0t__delta)+1.5));
            set(JSt__max,js0t__max = (js0t__min+(js0t__delta*(realVal(JSt__ct)-1))));
            setDomain(JSt);
            setLHBC(JSt);
            set(JSu,realVal(JSt));
            setLHBC(JSt);
            set(JSv,(((realVal(JSt)<1)) ? (0) : (realVal(JSu, new double[] {(realVal(JSt)-1)}))));
            setLHBC(JSt);
            set(JSw,realVal(JSv));
            startPhase(3, JSt);
            for (setLHBC(JSt); isSet(JSt); moveRight(JSt)) loop__0t();
            startPhase(4, null);
        }
        
        // ctxt loop iteration for domain t
        public void loop__0t() throws Xcept {
            set(JSw__Dt,realVal(JSt));
            set(JSu,realVal(JSt));
            set(JSv,(((realVal(JSt)<1)) ? (0) : (realVal(JSu, new double[] {(realVal(JSt)-1)}))));
            ode1problem__w.solve(this);
            interruptCheck();
            updatePhase(JSt);
        }
        
        // ctxt ODE evaluate
        public void evaluate__w(double t,double[] u,double[] udot) throws Xcept {
            js2t = t;
            js2w = u[0];
            js2w__Dt = js2t;
            udot[0] = js2w__Dt;
        }
        
        // ctxt methods for F&P
    }
     
}


