==== Planner Log ====
Plan options=[maxBuildTime=120, maxImplicitBlock=10, initNaN=false, abortNaN=false, traceNaN=false, traceVars=, ignoreAllOverspec=false, ignoreAllUnderspec=false]
Loading Variables
  add var: realDomain t
  add var: real t.min
  add var: real t.max
  add var: int t.ct
  add var: real t.delta
  add var: real u(t)
  add var: real v(t)
  add var: real w(t)
  add var: real v:t(t)
Loading Constraints
  t.min=0 :: [t.min]
  t.max=1 :: [t.max]
  t.delta=.1 :: [t.delta]
  u=(t^2) :: [u, t]
  v=(u+u^2) :: [v, u]
  w=v:t :: [w, v:t]
Input      phase completed with 0 errors, 0 warnings.

Toolbox phase starting ...
  add tool: domain t
Toolbox phase - cycle 1:
  check eqn: t.min=0; [t.min]
  add tool: t.min=0
  check eqn: t.max=1; [t.max]
  add tool: t.max=1
  check eqn: t.delta=.1; [t.delta]
  add tool: t.delta=.1
  add tool: t.ct=(t.max-t.min)/t.delta+1.5
  check eqn: u=(t^2); [u]
  add tool: u=t^2
  check eqn: v=(u+u^2); [v]
  add tool: v=u+u^2
  check eqn: w=v:t; [w, v:t]
  add var: real u:t(t)
  add tool: v:t=u:t+u*(u:t*2)
  add tool: u:t=t*2
Toolbox phase - cycle 1:
  check eqn: w=v:t; [w]
  add tool: w=v:t
Toolbox phase - all cycles completed
Toolbox    phase completed with 0 errors, 0 warnings.

Sequencing phase starting ...
Tools to sequence:
  @t u:t=t*2 :: [u:t]<<[t]
  @t v:t=u:t+u*(u:t*2) :: [v:t]<<[u:t, u]
  @t w=v:t :: [w]<<[v:t]
  @t v=u+u^2 :: [v]<<[u]
  @t u=t^2 :: [u]<<[t]
  t.delta=.1 :: [t.delta]<<[]
  t.ct=(t.max-t.min)/t.delta+1.5 :: [t.ct]<<[t.max, t.min, t.delta]
  t.max=1 :: [t.max]<<[]
  t.min=0 :: [t.min]<<[]
  domain t :: [t]<<[t.min, t.max, t.ct, t.delta]
Events to seqence:
Relations to sequence:
Creating vuTools map ...
Adding reuse & query tools ...
Creating MainGraph ...
loopOrder=[t]
  addNode u:t seqLoops=(t) phase=t#1 fft=null
  addNode v:t seqLoops=(t) phase=t#1 fft=null
  addNode w seqLoops=(t) phase=t#1 fft=null
  addNode v seqLoops=(t) phase=t#1 fft=null
  addNode u seqLoops=(t) phase=t#1 fft=null
  addNode t.delta seqLoops=() phase=main fft=null
  addNode t.ct seqLoops=() phase=main fft=null
  addNode t.max seqLoops=() phase=main fft=null
  addNode t.min seqLoops=() phase=main fft=null
  addNode t seqLoops=() phase=main fft=null
Saving graph pullfinder
Building mainline block ...
Mainline block graph:
building block for phase main
  adding t.delta=.1 to main
  adding t.max=1 to main
  adding t.min=0 to main
  adding t.ct=(t.max-t.min)/t.delta+1.5 to main
  adding domain t to main
  subphase t#1 entryEdge=null
building block for phase t#1
  adding u:t=t*2 to loop-t
  adding u=t^2 to loop-t
  adding v:t=u:t+u*(u:t*2) to loop-t
  adding w=v:t to loop-t
  adding v=u+u^2 to loop-t
  adding loop-t to main
Sequencing phase completed with 0 errors, 0 warnings.

==== Main Calculation Block ====
main
  t.delta=.1
  t.max=1
  t.min=0
  t.ct=(t.max-t.min)/t.delta+1.5
  domain t
  loop-t
    u:t=t*2
    u=t^2
    v:t=u:t+u*(u:t*2)
    w=v:t
    v=u+u^2

