==== Planner Log ====
Plan options=[maxBuildTime=120, maxImplicitBlock=10, initNaN=false, abortNaN=false, traceNaN=false, traceVars=, ignoreAllOverspec=false, ignoreAllUnderspec=false]
Loading Variables
  add var: realDomain t
  add var: real t.min
  add var: real t.max
  add var: int t.ct
  add var: real t.delta
  add var: real a
  add var: real b(t)
  add var: real c(t)
  add var: real v(t)
  add var: real c:t(t)
Loading Constraints
  t.min=0 :: [t.min]
  t.max=1 :: [t.max]
  t.delta=.1 :: [t.delta]
  a=5 :: [a]
  b=(t^2) :: [b, t]
  c=(a+b) :: [c, a, b]
  v=c:t :: [v, c:t]
Input      phase completed with 0 errors, 0 warnings.

Toolbox phase starting ...
  add tool: domain t
Toolbox phase - cycle 1:
  check eqn: t.min=0; [t.min]
  add tool: t.min=0
  check eqn: t.max=1; [t.max]
  add tool: t.max=1
  check eqn: t.delta=.1; [t.delta]
  add tool: t.delta=.1
  add tool: t.ct=(t.max-t.min)/t.delta+1.5
  check eqn: a=5; [a]
  add tool: a=5
  check eqn: b=(t^2); [b]
  add tool: b=t^2
  check eqn: c=(a+b); [c]
  add tool: c=a+b
  check eqn: v=c:t; [v, c:t]
  add var: real b:t(t)
  add tool: c:t=b:t
  add tool: b:t=t*2
Toolbox phase - cycle 1:
  check eqn: v=c:t; [v]
  add tool: v=c:t
Toolbox phase - all cycles completed
Toolbox    phase completed with 0 errors, 0 warnings.

Sequencing phase starting ...
Tools to sequence:
  @t b:t=t*2 :: [b:t]<<[t]
  @t c:t=b:t :: [c:t]<<[b:t]
  @t v=c:t :: [v]<<[c:t]
  @t c=a+b :: [c]<<[a, b]
  @t b=t^2 :: [b]<<[t]
  a=5 :: [a]<<[]
  t.delta=.1 :: [t.delta]<<[]
  t.ct=(t.max-t.min)/t.delta+1.5 :: [t.ct]<<[t.max, t.min, t.delta]
  t.max=1 :: [t.max]<<[]
  t.min=0 :: [t.min]<<[]
  domain t :: [t]<<[t.min, t.max, t.ct, t.delta]
Events to seqence:
Relations to sequence:
Creating vuTools map ...
Adding reuse & query tools ...
Creating MainGraph ...
loopOrder=[t]
  addNode b:t seqLoops=(t) phase=t#1 fft=null
  addNode c:t seqLoops=(t) phase=t#1 fft=null
  addNode v seqLoops=(t) phase=t#1 fft=null
  addNode c seqLoops=(t) phase=t#1 fft=null
  addNode b seqLoops=(t) phase=t#1 fft=null
  addNode a seqLoops=() phase=main fft=null
  addNode t.delta seqLoops=() phase=main fft=null
  addNode t.ct seqLoops=() phase=main fft=null
  addNode t.max seqLoops=() phase=main fft=null
  addNode t.min seqLoops=() phase=main fft=null
  addNode t seqLoops=() phase=main fft=null
Saving graph pullfinder
Building mainline block ...
Mainline block graph:
building block for phase main
  adding a=5 to main
  adding t.delta=.1 to main
  adding t.max=1 to main
  adding t.min=0 to main
  adding t.ct=(t.max-t.min)/t.delta+1.5 to main
  adding domain t to main
  subphase t#1 entryEdge=null
building block for phase t#1
  adding b:t=t*2 to loop-t
  adding c:t=b:t to loop-t
  adding v=c:t to loop-t
  adding b=t^2 to loop-t
  adding c=a+b to loop-t
  adding loop-t to main
Sequencing phase completed with 0 errors, 0 warnings.

==== Main Calculation Block ====
main
  a=5
  t.delta=.1
  t.max=1
  t.min=0
  t.ct=(t.max-t.min)/t.delta+1.5
  domain t
  loop-t
    b:t=t*2
    c:t=b:t
    v=c:t
    b=t^2
    c=a+b

