==== Planner Log ====
Plan options=[maxBuildTime=120, maxImplicitBlock=10, initNaN=false, abortNaN=false, traceNaN=false, traceVars=, ignoreAllOverspec=false, ignoreAllUnderspec=false, splitBlocks=false, parallelize=false]
Loading Variables
  add var: realDomain t
  add var: real t.min
  add var: real t.max
  add var: int t.ct
  add var: real t.delta
  add var: real u(t)
  add var: real v(t)
  add var: real w(t)
  add var: real u:t(t)
Loading Constraints
  t.min=0 :: [t.min]
  t.max=1 :: [t.max]
  t.delta=.1 :: [t.delta]
  (u+v)=(t^2) :: [u, v, t]
  (u-v)=t :: [u, v, t]
  w=u:t :: [w, u:t]
Input      phase completed with 0 errors, 0 warnings.

Toolbox phase starting ...
  add tool: domain t
Toolbox phase - cycle 1:
  check eqn: t.min=0; [t.min]
  add tool: t.min=0
  check eqn: t.max=1; [t.max]
  add tool: t.max=1
  check eqn: t.delta=.1; [t.delta]
  add tool: t.delta=.1
  add tool: t.ct=(t.max-t.min)/t.delta+1.5
  check eqn: (u+v)=(t^2); [u, v]
  check eqn: (u-v)=t; [u, v]
  check eqn: w=u:t; [w, u:t]
Toolbox phase - cycle 1:
  check eqn: (u+v)=(t^2); [u, v]
  check eqn: (u-v)=t; [u, v]
  check eqn: w=u:t; [w, u:t]
Toolbox phase - cycle 2:
  implicit block (3 2)=3.0
  Implicit tool [u, v] is linear
	1	1	t^2*(-1)
	1	-1	t*(-1)
  add tool: [(u+v)=(t^2), (u-v)=t]
Toolbox phase - cycle 1:
  check eqn: w=u:t; [w, u:t]
  add var: real v:t(t)
  Implicit tool [u:t, v:t] is linear
	1	1	t*(-2)
	1	-1	-1
  add tool: [(u:t+v:t)=(t*2), (u:t-v:t)=1]
Toolbox phase - cycle 1:
  check eqn: w=u:t; [w]
  add tool: w=u:t
Toolbox phase - all cycles completed
Toolbox    phase completed with 0 errors, 0 warnings.

Sequencing phase starting ...
Tools to sequence:
  @t [(u:t+v:t)=(t*2), (u:t-v:t)=1] :: [u:t, v:t]<<[t]
  @t w=u:t :: [w]<<[u:t]
  @t [(u+v)=(t^2), (u-v)=t] :: [u, v]<<[t]
  t.delta=.1 :: [t.delta]<<[]
  t.ct=(t.max-t.min)/t.delta+1.5 :: [t.ct]<<[t.max, t.min, t.delta]
  t.max=1 :: [t.max]<<[]
  t.min=0 :: [t.min]<<[]
  domain t :: [t]<<[t.min, t.max, t.ct, t.delta]
Events to seqence:
Relations to sequence:
Creating vuTools map ...
Adding reuse & query tools ...
Creating MainGraph ...
loopOrder=[t]
  addNode u:t,v:t seqLoops=(t) phase=t#1 fft=null
  addNode w seqLoops=(t) phase=t#1 fft=null
  addNode u,v seqLoops=(t) phase=t#1 fft=null
  addNode t.delta seqLoops=() phase=main fft=null
  addNode t.ct seqLoops=() phase=main fft=null
  addNode t.max seqLoops=() phase=main fft=null
  addNode t.min seqLoops=() phase=main fft=null
  addNode t seqLoops=() phase=main fft=null
Saving graph pullfinder
Building mainline block ...
Mainline block graph:
building block for phase main
  adding t.delta=.1 to main
  adding t.max=1 to main
  adding t.min=0 to main
  adding t.ct=(t.max-t.min)/t.delta+1.5 to main
  adding domain t to main
  subphase t#1 entryEdge=null
building block for phase t#1
  adding [(u:t+v:t)=(t*2), (u:t-v:t)=1] to loop-t
  adding w=u:t to loop-t
  adding [(u+v)=(t^2), (u-v)=t] to loop-t
  adding loop-t to main
Sequencing phase completed with 0 errors, 0 warnings.

==== Main Calculation Block ====
main
  t.delta=.1
  t.max=1
  t.min=0
  t.ct=(t.max-t.min)/t.delta+1.5
  domain t
  loop-t
    [(u:t+v:t)=(t*2), (u:t-v:t)=1]
    w=u:t
    [(u+v)=(t^2), (u-v)=t]

