==== Planner Log ====
Plan options=[maxBuildTime=120, maxImplicitBlock=10, initNaN=false, abortNaN=false, traceNaN=false, traceVars=, ignoreAllOverspec=false, ignoreAllUnderspec=false]
Loading Variables
  add var: realDomain t
  add var: real t.min
  add var: real t.max
  add var: int t.ct
  add var: real t.delta
Loading Constraints
  t.max=10 :: [t.max]
  t.delta=3 :: [t.delta]
  t.ct=4 :: [t.ct]
Input      phase completed with 0 errors, 0 warnings.

Toolbox phase starting ...
  add tool: domain t
Toolbox phase - cycle 1:
  check eqn: t.max=10; [t.max]
  add tool: t.max=10
  check eqn: t.delta=3; [t.delta]
  add tool: t.delta=3
  check eqn: t.ct=4; [t.ct]
  add tool: t.ct=4
  add tool: t.min=t.max-t.delta*(t.ct-1)
Toolbox phase - all cycles completed
Toolbox    phase completed with 0 errors, 0 warnings.

Sequencing phase starting ...
Tools to sequence:
  t.delta=3 :: [t.delta]<<[]
  t.ct=4 :: [t.ct]<<[]
  t.max=10 :: [t.max]<<[]
  t.min=t.max-t.delta*(t.ct-1) :: [t.min]<<[t.max, t.delta, t.ct]
  domain t :: [t]<<[t.min, t.max, t.ct, t.delta]
Events to seqence:
Relations to sequence:
Creating vuTools map ...
Adding reuse & query tools ...
Creating MainGraph ...
loopOrder=[t]
  addNode t.delta seqLoops=() phase=main fft=null
  addNode t.ct seqLoops=() phase=main fft=null
  addNode t.max seqLoops=() phase=main fft=null
  addNode t.min seqLoops=() phase=main fft=null
  addNode t seqLoops=() phase=main fft=null
Saving graph pullfinder
Building mainline block ...
Mainline block graph:
building block for phase main
  adding t.delta=3 to main
  adding t.ct=4 to main
  adding t.max=10 to main
  adding t.min=t.max-t.delta*(t.ct-1) to main
  adding domain t to main
Sequencing phase completed with 0 errors, 0 warnings.

==== Main Calculation Block ====
main
  t.delta=3
  t.ct=4
  t.max=10
  t.min=t.max-t.delta*(t.ct-1)
  domain t

