==== Planner Log ====
Plan options=[maxBuildTime=120, maxImplicitBlock=10, initNaN=false, abortNaN=false, traceNaN=false, traceVars=, ignoreAllOverspec=false, ignoreAllUnderspec=false, splitBlocks=false, parallelize=false]
Loading Variables
  add var: realDomain t
  add var: real t.min
  add var: real t.max
  add var: int t.ct
  add var: real t.delta
  add var: realState a(t)
  add var: realState u(t)
Loading Constraints
  t.min=0 :: [t.min]
  t.max=10 :: [t.max]
  t.delta=1 :: [t.delta]
  when (t=t.min) a=1 :: [a(t.min)]
  when (t=t.min) u=2 :: [u(t.min)]
  event(t>5) [a:=a+u]
  event(t>2) [u:=u+2]
  event(t>1) [u:=u+1]
Input      phase completed with 0 errors, 0 warnings.

Toolbox phase starting ...
  add tool: domain t
  add tool: state a
  add tool: state u
Toolbox phase - cycle 1:
  check eqn: t.min=0; [t.min]
  add tool: t.min=0
  check eqn: t.max=10; [t.max]
  add tool: t.max=10
  check eqn: t.delta=1; [t.delta]
  add tool: t.delta=1
  add tool: t.ct=(t.max-t.min)/t.delta+1.5
  check eqn: when (t=t.min) a=1; [a(t.min)]
  add tool: a(t.min)=1
    a is now entirely solved
  check eqn: when (t=t.min) u=2; [u(t.min)]
  add tool: u(t.min)=2
    u is now entirely solved
Toolbox phase - all cycles completed
Toolbox    phase completed with 0 errors, 0 warnings.

Sequencing phase starting ...
Tools to sequence:
  @t state u :: [u]<<[u(t.min)]
  @t state a :: [a]<<[a(t.min)]
  t.delta=1 :: [t.delta]<<[]
  t.ct=(t.max-t.min)/t.delta+1.5 :: [t.ct]<<[t.max, t.min, t.delta]
  t.max=10 :: [t.max]<<[]
  t.min=0 :: [t.min]<<[]
  domain t :: [t]<<[t.min, t.max, t.ct, t.delta]
  u(t.min)=2 :: [u(t.min)]<<[]
  a(t.min)=1 :: [a(t.min)]<<[]
Events to seqence:
  @t event(t>5) [a:=a+u] :: [a]<<[t, a, u]
  @t event(t>2) [u:=u+2] :: [u]<<[t, u]
  @t event(t>1) [u:=u+1] :: [u]<<[t, u]
Relations to sequence:
Creating vuTools map ...
Adding reuse & query tools ...
Creating MainGraph ...
loopOrder=[t]
  addNode u seqLoops=(t) phase=t#1 fft=t
  addNode a seqLoops=(t) phase=t#1 fft=t
  addNode t.delta seqLoops=() phase=main fft=null
  addNode t.ct seqLoops=() phase=main fft=null
  addNode t.max seqLoops=() phase=main fft=null
  addNode t.min seqLoops=() phase=main fft=null
  addNode t seqLoops=() phase=main fft=null
  addNode u(t.min) seqLoops=() phase=main fft=null
  addNode a(t.min) seqLoops=() phase=main fft=null
  addNode event-1[a] seqLoops=(t) phase=t#1 fft=null
  addNode event-2[u] seqLoops=(t) phase=t#1 fft=null
  addNode event-3[u] seqLoops=(t) phase=t#1 fft=null
Saving graph pullfinder
Building mainline block ...
Mainline block graph:
building block for phase main
  adding t.delta=1 to main
  adding t.max=10 to main
  adding t.min=0 to main
  adding t.ct=(t.max-t.min)/t.delta+1.5 to main
  adding domain t to main
  adding u(t.min)=2 to main
  adding a(t.min)=1 to main
  subphase t#1 entryEdge=null
building block for phase t#1
  adding event(t>2) [u:=u+2] to loop-t
  adding event(t>1) [u:=u+1] to loop-t
  adding event(t>5) [a:=a+u] to loop-t
  adding state u to loop-t
  adding state a to loop-t
  adding loop-t to main
Sequencing phase completed with 0 errors, 0 warnings.

==== Main Calculation Block ====
main
  t.delta=1
  t.max=10
  t.min=0
  t.ct=(t.max-t.min)/t.delta+1.5
  domain t
  u(t.min)=2
  a(t.min)=1
  loop-t
    event(t>2) [u:=u+2]
    event(t>1) [u:=u+1]
    event(t>5) [a:=a+u]
    state u
    state a

