==== Planner Log ====
Plan options=[maxBuildTime=120, maxImplicitBlock=10, initNaN=false, abortNaN=false, traceNaN=false, traceVars=, ignoreAllOverspec=false, ignoreAllUnderspec=false, splitBlocks=false, parallelize=false]
Loading Variables
  add var: realDomain t
  add var: real t.min
  add var: real t.max
  add var: int t.ct
  add var: real t.delta
  add var: realState u(t)
  add var: realState v(t)
  add var: real uf
Loading Constraints
  t.min=0 :: [t.min]
  t.max=5 :: [t.max]
  t.delta=.2 :: [t.delta]
  when (t=t.min) u=1 :: [u(t.min)]
  when (t=t.min) v=uf :: [v(t.min), uf]
  when (t=t.max) uf=u :: [uf, u(t.max)]
  event(t>1) [u:=u+1]
  event(t>2) [v:=v+1]
Input      phase completed with 0 errors, 0 warnings.

Toolbox phase starting ...
  add tool: domain t
  add tool: state u
  add tool: state v
Toolbox phase - cycle 1:
  check eqn: t.min=0; [t.min]
  add tool: t.min=0
  check eqn: t.max=5; [t.max]
  add tool: t.max=5
  check eqn: t.delta=.2; [t.delta]
  add tool: t.delta=.2
  add tool: t.ct=(t.max-t.min)/t.delta+1.5
  check eqn: when (t=t.min) u=1; [u(t.min)]
  add tool: u(t.min)=1
    u is now entirely solved
  check eqn: when (t=t.min) v=uf; [v(t.min), uf]
  check eqn: when (t=t.max) uf=u; [uf]
  add tool: uf=when (t=t.max) u
Toolbox phase - cycle 1:
  check eqn: when (t=t.min) v=uf; [v(t.min)]
  add tool: v(t.min)=uf
    v is now entirely solved
Toolbox phase - all cycles completed
Toolbox    phase completed with 0 errors, 0 warnings.

Sequencing phase starting ...
Tools to sequence:
  uf=when (t=t.max) u :: [uf]<<[u(t.max)]
  @t state v :: [v]<<[v(t.min)]
  @t state u :: [u]<<[u(t.min)]
  t.delta=.2 :: [t.delta]<<[]
  t.ct=(t.max-t.min)/t.delta+1.5 :: [t.ct]<<[t.max, t.min, t.delta]
  t.max=5 :: [t.max]<<[]
  t.min=0 :: [t.min]<<[]
  domain t :: [t]<<[t.min, t.max, t.ct, t.delta]
  v(t.min)=uf :: [v(t.min)]<<[uf]
  u(t.min)=1 :: [u(t.min)]<<[]
Events to seqence:
  @t event(t>1) [u:=u+1] :: [u]<<[t, u]
  @t event(t>2) [v:=v+1] :: [v]<<[t, v]
Relations to sequence:
Creating vuTools map ...
Adding reuse & query tools ...
  adding query tool: query [u(t.max)]<<[u]
Creating MainGraph ...
loopOrder=[t]
  addNode uf seqLoops=() phase=main fft=null
  addNode v seqLoops=(t) phase=t#1 fft=t
  addNode u seqLoops=(t) phase=t#1 fft=t
  addNode t.delta seqLoops=() phase=main fft=null
  addNode t.ct seqLoops=() phase=main fft=null
  addNode t.max seqLoops=() phase=main fft=null
  addNode t.min seqLoops=() phase=main fft=null
  addNode t seqLoops=() phase=main fft=null
  addNode v(t.min) seqLoops=() phase=main fft=null
  addNode u(t.min) seqLoops=() phase=main fft=null
  addNode u(t.max) seqLoops=() phase=main fft=null
  addNode event-1[u] seqLoops=(t) phase=t#1 fft=null
  addNode event-2[v] seqLoops=(t) phase=t#1 fft=null
Saving graph pullfinder
Saving graph pullfinder
Building mainline block ...
Mainline block graph:
building block for phase main
  adding t.delta=.2 to main
  adding t.max=5 to main
  adding t.min=0 to main
  adding t.ct=(t.max-t.min)/t.delta+1.5 to main
  adding domain t to main
  adding u(t.min)=1 to main
  subphase t#1 entryEdge=null
building block for phase t#1
  adding event(t>1) [u:=u+1] to loop-t
  adding state u to loop-t
  adding loop-t to main
  subphase t#2 entryEdge=v(t.min)->v
  adding query [u(t.max)] to main
  adding uf=when (t=t.max) u to main
  adding v(t.min)=uf to main
  subphase t#2 entryEdge=null
building block for phase t#2
  adding event(t>2) [v:=v+1] to loop-t
  adding state v to loop-t
  adding loop-t to main
Sequencing phase completed with 0 errors, 0 warnings.

==== Main Calculation Block ====
main
  t.delta=.2
  t.max=5
  t.min=0
  t.ct=(t.max-t.min)/t.delta+1.5
  domain t
  u(t.min)=1
  loop-t
    event(t>1) [u:=u+1]
    state u
  query [u(t.max)]
  uf=when (t=t.max) u
  v(t.min)=uf
  loop-t
    event(t>2) [v:=v+1]
    state v

