==== Planner Log ====
Plan options=[maxBuildTime=120, maxImplicitBlock=10, initNaN=false, abortNaN=false, traceNaN=false, traceVars=, ignoreAllOverspec=false, ignoreAllUnderspec=false, splitBlocks=false, parallelize=false]
Loading Variables
  add var: realDomain t
  add var: real t.min
  add var: real t.max
  add var: int t.ct
  add var: real t.delta
  add var: realDomain n
  add var: real n.min
  add var: real n.max
  add var: int n.ct
  add var: real n.delta
  add var: extern real u(t,n)
  add var: real v(n,t)
Loading Constraints
  t.min=0 :: [t.min]
  t.max=4 :: [t.max]
  t.delta=1 :: [t.delta]
  n.min=1 :: [n.min]
  n.max=3 :: [n.max]
  n.delta=1 :: [n.delta]
  v=(u+1) :: [v, u]
Input      phase completed with 0 errors, 0 warnings.

Toolbox phase starting ...
  add tool: domain t
  add tool: domain n
  add tool: extern u
Toolbox phase - cycle 1:
  check eqn: t.min=0; [t.min]
  add tool: t.min=0
  check eqn: t.max=4; [t.max]
  add tool: t.max=4
  check eqn: t.delta=1; [t.delta]
  add tool: t.delta=1
  add tool: t.ct=(t.max-t.min)/t.delta+1.5
  check eqn: n.min=1; [n.min]
  add tool: n.min=1
  check eqn: n.max=3; [n.max]
  add tool: n.max=3
  check eqn: n.delta=1; [n.delta]
  add tool: n.delta=1
  add tool: n.ct=(n.max-n.min)/n.delta+1.5
  check eqn: v=(u+1); [v]
  add tool: v=u+1
Toolbox phase - all cycles completed
Toolbox    phase completed with 0 errors, 0 warnings.

Sequencing phase starting ...
Tools to sequence:
  @n@t v=u+1 :: [v]<<[u]
  @t@n extern u :: [u]<<[]
  n.delta=1 :: [n.delta]<<[]
  n.ct=(n.max-n.min)/n.delta+1.5 :: [n.ct]<<[n.max, n.min, n.delta]
  n.max=3 :: [n.max]<<[]
  n.min=1 :: [n.min]<<[]
  domain n :: [n]<<[n.min, n.max, n.ct, n.delta]
  t.delta=1 :: [t.delta]<<[]
  t.ct=(t.max-t.min)/t.delta+1.5 :: [t.ct]<<[t.max, t.min, t.delta]
  t.max=4 :: [t.max]<<[]
  t.min=0 :: [t.min]<<[]
  domain t :: [t]<<[t.min, t.max, t.ct, t.delta]
Events to seqence:
Relations to sequence:
Creating vuTools map ...
Adding reuse & query tools ...
Creating MainGraph ...
loopOrder=[t, n]
  addNode v seqLoops=(n,t) phase=t#1+n#1 fft=null
  addNode u seqLoops=(t,n) phase=t#1+n#1 fft=null
  addNode n.delta seqLoops=() phase=main fft=null
  addNode n.ct seqLoops=() phase=main fft=null
  addNode n.max seqLoops=() phase=main fft=null
  addNode n.min seqLoops=() phase=main fft=null
  addNode n seqLoops=() phase=main fft=null
  addNode t.delta seqLoops=() phase=main fft=null
  addNode t.ct seqLoops=() phase=main fft=null
  addNode t.max seqLoops=() phase=main fft=null
  addNode t.min seqLoops=() phase=main fft=null
  addNode t seqLoops=() phase=main fft=null
Saving graph pullfinder
Building mainline block ...
Mainline block graph:
building block for phase main
  adding n.delta=1 to main
  adding n.max=3 to main
  adding n.min=1 to main
  adding t.delta=1 to main
  adding t.max=4 to main
  adding t.min=0 to main
  adding n.ct=(n.max-n.min)/n.delta+1.5 to main
  adding domain n to main
  adding t.ct=(t.max-t.min)/t.delta+1.5 to main
  adding domain t to main
  subphase t#1 entryEdge=null
building block for phase t#1
  subphase t#1+n#1 entryEdge=null
building block for phase t#1+n#1
  adding extern u to loop-n
  adding v=u+1 to loop-n
  adding loop-n to loop-t
  adding loop-t to main
Sequencing phase completed with 0 errors, 0 warnings.

==== Main Calculation Block ====
main
  n.delta=1
  n.max=3
  n.min=1
  t.delta=1
  t.max=4
  t.min=0
  n.ct=(n.max-n.min)/n.delta+1.5
  domain n
  t.ct=(t.max-t.min)/t.delta+1.5
  domain t
  loop-t
    loop-n
      extern u
      v=u+1

