==== Planner Log ====
Plan options=[maxBuildTime=120, maxImplicitBlock=10, initNaN=false, abortNaN=false, traceNaN=false, traceVars=, ignoreAllOverspec=false, ignoreAllUnderspec=false]
Loading Variables
  add var: realDomain t
  add var: real t.min
  add var: real t.max
  add var: int t.ct
  add var: real t.delta
  add var: realState u(t)
Loading Constraints
  t.min=0 :: [t.min]
  t.max=1 :: [t.max]
  t.delta=1 :: [t.delta]
  when (t=t.min) (u^2-u*5+6)=0 :: [u(t.min)]
Input      phase completed with 0 errors, 0 warnings.

Toolbox phase starting ...
  add tool: domain t
  add tool: state u
Toolbox phase - cycle 1:
  check eqn: t.min=0; [t.min]
  add tool: t.min=0
  check eqn: t.max=1; [t.max]
  add tool: t.max=1
  check eqn: t.delta=1; [t.delta]
  add tool: t.delta=1
  add tool: t.ct=(t.max-t.min)/t.delta+1.5
  check eqn: when (t=t.min) (u^2-u*5+6)=0; [u(t.min)]
  Implicit tool non-linear in [u(t.min)]
  add tool: [when (t=t.min) (u^2-u*5+6)=0]
    u is now entirely solved
Toolbox phase - all cycles completed
Toolbox    phase completed with 0 errors, 0 warnings.

Sequencing phase starting ...
Tools to sequence:
  @t state u :: [u]<<[u(t.min)]
  t.delta=1 :: [t.delta]<<[]
  t.ct=(t.max-t.min)/t.delta+1.5 :: [t.ct]<<[t.max, t.min, t.delta]
  t.max=1 :: [t.max]<<[]
  t.min=0 :: [t.min]<<[]
  domain t :: [t]<<[t.min, t.max, t.ct, t.delta]
  [when (t=t.min) (u^2-u*5+6)=0] :: [u(t.min)]<<[]
Events to seqence:
Relations to sequence:
Creating vuTools map ...
Adding reuse & query tools ...
Creating MainGraph ...
loopOrder=[t]
  addNode u seqLoops=(t) phase=t#1 fft=t
  addNode t.delta seqLoops=() phase=main fft=null
  addNode t.ct seqLoops=() phase=main fft=null
  addNode t.max seqLoops=() phase=main fft=null
  addNode t.min seqLoops=() phase=main fft=null
  addNode t seqLoops=() phase=main fft=null
  addNode u(t.min) seqLoops=() phase=main fft=null
Saving graph pullfinder
Building mainline block ...
Mainline block graph:
building block for phase main
  adding t.delta=1 to main
  adding t.max=1 to main
  adding t.min=0 to main
  adding t.ct=(t.max-t.min)/t.delta+1.5 to main
  adding domain t to main
  adding [when (t=t.min) (u^2-u*5+6)=0] to main
  subphase t#1 entryEdge=null
building block for phase t#1
  adding state u to loop-t
  adding loop-t to main
Sequencing phase completed with 0 errors, 0 warnings.

==== Main Calculation Block ====
main
  t.delta=1
  t.max=1
  t.min=0
  t.ct=(t.max-t.min)/t.delta+1.5
  domain t
  [when (t=t.min) (u^2-u*5+6)=0]
  loop-t
    state u

