==== Planner Log ====
Plan options=[maxBuildTime=120, maxImplicitBlock=10, initNaN=false, abortNaN=false, traceNaN=false, traceVars=, ignoreAllOverspec=false, ignoreAllUnderspec=false, splitBlocks=false, parallelize=false]
Loading Variables
  add var: realDomain t
  add var: real t.min
  add var: real t.max
  add var: int t.ct
  add var: real t.delta
  add var: real u
Loading Constraints
  t.min=0 :: [t.min]
  t.max=10 :: [t.max]
  t.delta=1 :: [t.delta]
  (u^2-u*5+6)=0 :: [u]
  u>=0 :: [u]
  u<=(t+2.5) :: [u, t]
Input      phase completed with 0 errors, 0 warnings.

Toolbox phase starting ...
  add tool: domain t
Toolbox phase - cycle 1:
  check eqn: t.min=0; [t.min]
  add tool: t.min=0
  check eqn: t.max=10; [t.max]
  add tool: t.max=10
  check eqn: t.delta=1; [t.delta]
  add tool: t.delta=1
  add tool: t.ct=(t.max-t.min)/t.delta+1.5
  check eqn: (u^2-u*5+6)=0; [u]
  Implicit tool non-linear in [u]
  add tool: [(u^2-u*5+6)=0]
Toolbox phase - all cycles completed
Toolbox    phase completed with 0 errors, 0 warnings.

Sequencing phase starting ...
Tools to sequence:
  [(u^2-u*5+6)=0] :: [u]<<[]
  t.delta=1 :: [t.delta]<<[]
  t.ct=(t.max-t.min)/t.delta+1.5 :: [t.ct]<<[t.max, t.min, t.delta]
  t.max=10 :: [t.max]<<[]
  t.min=0 :: [t.min]<<[]
  domain t :: [t]<<[t.min, t.max, t.ct, t.delta]
Events to seqence:
Relations to sequence:
  u>=0 :: []<<[u]
  @t u<=(t+2.5) :: []<<[u, t]
Creating vuTools map ...
Adding reuse & query tools ...
Creating MainGraph ...
loopOrder=[t]
  addNode u seqLoops=() phase=main fft=null
  addNode t.delta seqLoops=() phase=main fft=null
  addNode t.ct seqLoops=() phase=main fft=null
  addNode t.max seqLoops=() phase=main fft=null
  addNode t.min seqLoops=() phase=main fft=null
  addNode t seqLoops=() phase=main fft=null
  addNode bound u >= 0 seqLoops=() phase=main fft=null
  addNode u>=0 seqLoops=() phase=main fft=null
  addNode u<=(t+2.5) seqLoops=(t) phase=t#1 fft=null
Saving graph pullfinder
Building mainline block ...
Mainline block graph:
building block for phase main
  adding [(u^2-u*5+6)=0] with 1 bounds to main
  adding t.delta=1 to main
  adding t.max=10 to main
  adding t.min=0 to main
  adding u>=0 to main
  adding t.ct=(t.max-t.min)/t.delta+1.5 to main
  adding domain t to main
  subphase t#1 entryEdge=null
building block for phase t#1
  adding u<=(t+2.5) to loop-t
  adding loop-t to main
Sequencing phase completed with 0 errors, 0 warnings.

==== Main Calculation Block ====
main
  [(u^2-u*5+6)=0] with 1 bounds
  t.delta=1
  t.max=10
  t.min=0
  u>=0
  t.ct=(t.max-t.min)/t.delta+1.5
  domain t
  loop-t
    u<=(t+2.5)

