==== Planner Log ====
Plan options=[maxBuildTime=120, maxImplicitBlock=10, initNaN=false, abortNaN=false, traceNaN=false, traceVars=, ignoreAllOverspec=false, ignoreAllUnderspec=false, splitBlocks=false, parallelize=false]
Loading Variables
  add var: realDomain t
  add var: real t.min
  add var: real t.max
  add var: int t.ct
  add var: real t.delta
  add var: real a
  add var: real c
  add var: realState b(t)
Loading Constraints
  t.min=0 :: [t.min]
  t.max=4 :: [t.max]
  t.delta=1 :: [t.delta]
  a=1 :: [a]
  when (t=t.min) (b+c)=a :: [b(t.min), c, a]
  when (t=t.min) (b-c)=4 :: [b(t.min), c]
Input      phase completed with 0 errors, 0 warnings.

Toolbox phase starting ...
  add tool: domain t
  add tool: state b
Toolbox phase - cycle 1:
  check eqn: t.min=0; [t.min]
  add tool: t.min=0
  check eqn: t.max=4; [t.max]
  add tool: t.max=4
  check eqn: t.delta=1; [t.delta]
  add tool: t.delta=1
  add tool: t.ct=(t.max-t.min)/t.delta+1.5
  check eqn: a=1; [a]
  add tool: a=1
  check eqn: when (t=t.min) (b+c)=a; [b(t.min), c]
  check eqn: when (t=t.min) (b-c)=4; [b(t.min), c]
Toolbox phase - cycle 1:
  check eqn: when (t=t.min) (b+c)=a; [b(t.min), c]
  check eqn: when (t=t.min) (b-c)=4; [b(t.min), c]
Toolbox phase - cycle 2:
  implicit block (2 2)=1.0
  Implicit tool [b(t.min), c] is linear
	1	1	a*(-1)
	1	-1	-4
  add tool: [when (t=t.min) (b+c)=a, when (t=t.min) (b-c)=4]
    b is now entirely solved
Toolbox phase - all cycles completed
Toolbox    phase completed with 0 errors, 0 warnings.

Sequencing phase starting ...
Tools to sequence:
  @t state b :: [b]<<[b(t.min)]
  [when (t=t.min) (b+c)=a, when (t=t.min) (b-c)=4] :: [b(t.min), c]<<[a]
  a=1 :: [a]<<[]
  t.delta=1 :: [t.delta]<<[]
  t.ct=(t.max-t.min)/t.delta+1.5 :: [t.ct]<<[t.max, t.min, t.delta]
  t.max=4 :: [t.max]<<[]
  t.min=0 :: [t.min]<<[]
  domain t :: [t]<<[t.min, t.max, t.ct, t.delta]
Events to seqence:
Relations to sequence:
Creating vuTools map ...
Adding reuse & query tools ...
Creating MainGraph ...
loopOrder=[t]
  addNode b seqLoops=(t) phase=t#1 fft=t
  addNode b(t.min),c seqLoops=() phase=main fft=null
  addNode a seqLoops=() phase=main fft=null
  addNode t.delta seqLoops=() phase=main fft=null
  addNode t.ct seqLoops=() phase=main fft=null
  addNode t.max seqLoops=() phase=main fft=null
  addNode t.min seqLoops=() phase=main fft=null
  addNode t seqLoops=() phase=main fft=null
Saving graph pullfinder
Building mainline block ...
Mainline block graph:
building block for phase main
  adding a=1 to main
  adding t.delta=1 to main
  adding t.max=4 to main
  adding t.min=0 to main
  adding t.ct=(t.max-t.min)/t.delta+1.5 to main
  adding domain t to main
  adding [when (t=t.min) (b+c)=a, when (t=t.min) (b-c)=4] to main
  subphase t#1 entryEdge=null
building block for phase t#1
  adding state b to loop-t
  adding loop-t to main
Sequencing phase completed with 0 errors, 0 warnings.

==== Main Calculation Block ====
main
  a=1
  t.delta=1
  t.max=4
  t.min=0
  t.ct=(t.max-t.min)/t.delta+1.5
  domain t
  [when (t=t.min) (b+c)=a, when (t=t.min) (b-c)=4]
  loop-t
    state b

