// JSim generated model JS100imp2_lin
 
import java.lang.Math;
import JSim.util.*;
import JSim.expr.*;
import JSim.data.*;
import JSim.jruntime.*;
import JSim.aserver.*;
import JSim.nml.math.NatMath;
 
// JS100imp2_lin model
public class JS100imp2_lin extends RTModel {

    // variable declarations
    public RTRealNVar JSa;
    public RTRealNVar JSb;
    public RTRealNVar JSc;
     
    // F&P declarations
    
    // solver declarations
    public Fzero1Problem__b fzero1problem__b;
     
    // RT model constructor
    public JS100imp2_lin(UnitNList u,ASServer.Messenger m) throws Xcept {
        super("JS100imp2_lin", u, m);
         
        // units used in model
        units.add("dimensionless", Unit.parse(this, "1  dimensionless"));
        units.add("radian", Unit.parse(this, "1  dimensionless"));
         
        // var instantiation
        JSa = new RTRealNVar(this, "a","dimensionless",1,null);
        JSb = new RTRealNVar(this, "b","dimensionless",2,null);
        JSc = new RTRealNVar(this, "c","dimensionless",2,null);
         
        // input defaults
        JSa.setDefault("1");
        
        // F&P initialization
        
        // solver instantiation
        fzero1problem__b = new Fzero1Problem__b(this);
        
    }
    
    // simple main methods
    public boolean defaultUnitCorrect() { return false; }
    public boolean allowMPRuns() { return true; }
    public void mainline(RTContext ctxt) throws Xcept { ((XContext) ctxt).mainline(); }
    public RTContext newRunContext(int threadInx, int nproc, RTDataStore s) { return new XContext(this, threadInx, nproc, s); }
    
    // Implicit block solving [b, c]
    public class Fzero1Problem__b extends Fzero1Problem {
        public Fzero1Problem__b(RTModel m) throws Xcept {
            super(m, "Fzero1Problem__b",2);
        }
        public void setCoef(RTContext ctxt,double[] mat,double[] vec,double[] rec) throws Xcept {
            ((XContext) ctxt).setCoef__b(mat,vec,rec);
        }
        public void setBounds(RTContext ctxt,double[] vmin,double[] vmax,double[] vguess) throws Xcept {
            ((XContext) ctxt).setBounds__b(vmin,vmax,vguess);
        }
        public void calcZero(RTContext ctxt,double[] val,double[] zero) throws Xcept {
            ((XContext) ctxt).calcZero__b(val,zero);
            ncallbacks++;
        }
        public void export(RTContext ctxt,double[] val) throws Xcept {
            ((XContext) ctxt).export__b(val);
        }
    }
     
    // model-specific context
    public class XContext extends RTContext {
        // global caches
        private double js0a;
        private double js1b;
        private double js1c;
        
        // context constructor
        public XContext(RTModel m, int threadInx, int nproc, RTDataStore s) { super(m, threadInx, nproc, s, false); }
        
        // trace NaN causes abort?
        public boolean abortNaN() { return false; }
        
        // ctxt mainline
        public void mainline() throws Xcept {
            js0a = realVal(JSa);
            fzero1problem__b.solve(this);
        }
        
        // ctxt methods for Fzero1Problem__b
        public void setCoef__b(double[] mat,double[] vec,double[] rec) throws Xcept {
            mat[0]=1;
            mat[1]=1;
            mat[2]=1;
            mat[3]=(-1);
            vec[0]=((10+js0a)*(-1));
            vec[1]=(-4);
        }
        public void setBounds__b(double[] vmin,double[] vmax,double[] vguess) throws Xcept {
        }
        public void calcZero__b(double[] vals,double[] zeroes) throws Xcept {
            js1b=vals[0];
            js1c=vals[1];
            zeroes[0]=((js1b+js1c)-(10+js0a));
            zeroes[1]=((js1b-js1c)-4);
        }
        public void export__b(double[] vals) throws Xcept {
            set(JSb,vals[0]);
            set(JSc,vals[1]);
        }
        // ctxt methods for F&P
    }
     
}


