// JSim generated model JS100imp2_nonlin_bou
 
import java.lang.Math;
import JSim.util.*;
import JSim.expr.*;
import JSim.data.*;
import JSim.jruntime.*;
import JSim.aserver.*;
import JSim.nml.math.NatMath;
 
// JS100imp2_nonlin_bou model
public class JS100imp2_nonlin_bou extends RTModel {

    // variable declarations
    public RTRealNVar JSa;
    public RTRealNVar JSb;
    public RTRealNVar JSc;
     
    // F&P declarations
    
    // solver declarations
    public Fzero2Problem__b fzero2problem__b;
     
    // RT model constructor
    public JS100imp2_nonlin_bou(UnitNList u,ASServer.Messenger m) throws Xcept {
        super("JS100imp2_nonlin_bou", u, m);
         
        // units used in model
        units.add("dimensionless", Unit.parse(this, "1  dimensionless"));
        units.add("radian", Unit.parse(this, "1  dimensionless"));
         
        // var instantiation
        JSa = new RTRealNVar(this, "a","dimensionless",1,null);
        JSb = new RTRealNVar(this, "b","dimensionless",2,null);
        JSc = new RTRealNVar(this, "c","dimensionless",2,null);
         
        // input defaults
        JSa.setDefault("1");
        
        // F&P initialization
        
        // solver instantiation
        fzero2problem__b = new Fzero2Problem__b(this);
        
    }
    
    // simple main methods
    public boolean defaultUnitCorrect() { return false; }
    public boolean allowMPRuns() { return true; }
    public void mainline(RTContext ctxt) throws Xcept { ((XContext) ctxt).mainline(); }
    public RTContext newRunContext(int threadInx, int nproc, RTDataStore s) { return new XContext(this, threadInx, nproc, s); }
    
    // every Nth point support
    public boolean runTimeNthSupported(RTRealDomain x) {
        return true;
    }
    
    // Implicit block solving [b, c]
    public class Fzero2Problem__b extends Fzero2Problem {
        public Fzero2Problem__b(RTModel m) throws Xcept {
            super(m, "Fzero2Problem__b",2);
        }
        public void setBounds(RTContext ctxt,double[] vmin,double[] vmax,double[] vguess) throws Xcept {
            ((XContext) ctxt).setBounds__b(vmin,vmax,vguess);
        }
        public void calcZero(RTContext ctxt,double[] val,double[] zero) throws Xcept {
            ((XContext) ctxt).calcZero__b(val,zero);
            ncallbacks++;
        }
        public void export(RTContext ctxt,double[] val) throws Xcept {
            ((XContext) ctxt).export__b(val);
        }
    }
     
    // model-specific context
    public class XContext extends RTContext {
        // global caches
        private double js0a;
        private double js1b;
        private double js1c;
        
        // context constructor
        public XContext(RTModel m, int threadInx, int nproc, RTDataStore s) { super(m, threadInx, nproc, s, false); }
        
        // trace NaN causes abort?
        public boolean abortNaN() { return false; }
        
        // ctxt mainline
        public void mainline() throws Xcept {
            js0a = realVal(JSa);
            fzero2problem__b.solve(this);
            if (!((5>realVal(JSb)))) badRelation("5>b");
            if (!((realVal(JSb)>0))) badRelation("b>0");
            if (!((10>realVal(JSc)))) badRelation("10>c");
            if (!((realVal(JSc)>0))) badRelation("c>0");
        }
        
        // ctxt methods for Fzero2Problem__b
        public void setBounds__b(double[] vmin,double[] vmax,double[] vguess) throws Xcept {
            vmin[0]=0;
            vmax[0]=5;
            vmin[1]=0;
            vmax[1]=10;
        }
        public void calcZero__b(double[] vals,double[] zeroes) throws Xcept {
            js1b=vals[0];
            js1c=vals[1];
            zeroes[0]=((js1b+NatMath.pow(js1c,2))-(10+js0a));
            zeroes[1]=((js1b-js1c)-(-1));
        }
        public void export__b(double[] vals) throws Xcept {
            set(JSb,vals[0]);
            set(JSc,vals[1]);
        }
        // ctxt methods for F&P
    }
     
}


