==== Planner Log ====
Plan options=[maxBuildTime=120, maxImplicitBlock=10, initNaN=false, abortNaN=false, traceNaN=false, traceVars=, ignoreAllOverspec=false, ignoreAllUnderspec=false]
Loading Variables
  add var: real a
  add var: real b
  add var: real c
  add var: real d
  add var: real e
Loading Constraints
  (a+b+c)=1 :: [a, b, c]
  (b+d)=2 :: [b, d]
  (a-b-c)=3 :: [a, b, c]
  (c+e)=4 :: [c, e]
  (a-b+c)=5 :: [a, b, c]
Input      phase completed with 0 errors, 0 warnings.

Toolbox phase starting ...
Toolbox phase - cycle 1:
  check eqn: (a+b+c)=1; [a, b]
  check eqn: (b+d)=2; [b, d]
  check eqn: (a-b-c)=3; [a, b]
  check eqn: (c+e)=4; [c, e]
  check eqn: (a-b+c)=5; [a, b]
Toolbox phase - cycle 2:
  implicit block (2 2)=1.0
  implicit block (5 3)=10.0
  Implicit tool [a, b, c] is linear
	1	1	1	-1
	1	-1	-1	-3
	1	-1	1	-5
  add tool: [(a+b+c)=1, (a-b-c)=3, (a-b+c)=5]
Toolbox phase - cycle 1:
  check eqn: (b+d)=2; [d]
  add tool: d=2-b
  check eqn: (c+e)=4; [e]
  add tool: e=4-c
Toolbox phase - all cycles completed
Toolbox    phase completed with 0 errors, 0 warnings.

Sequencing phase starting ...
Tools to sequence:
  e=4-c :: [e]<<[c]
  d=2-b :: [d]<<[b]
  [(a+b+c)=1, (a-b-c)=3, (a-b+c)=5] :: [a, b, c]<<[]
Events to seqence:
Relations to sequence:
Creating vuTools map ...
Adding reuse & query tools ...
Creating MainGraph ...
loopOrder=[]
  addNode e seqLoops=() phase=main fft=null
  addNode d seqLoops=() phase=main fft=null
  addNode a,b,c seqLoops=() phase=main fft=null
Saving graph pullfinder
Building mainline block ...
Mainline block graph:
building block for phase main
  adding [(a+b+c)=1, (a-b-c)=3, (a-b+c)=5] to main
  adding e=4-c to main
  adding d=2-b to main
Sequencing phase completed with 0 errors, 0 warnings.

==== Main Calculation Block ====
main
  [(a+b+c)=1, (a-b-c)=3, (a-b+c)=5]
  e=4-c
  d=2-b

