==== Planner Log ====
Plan options=[maxBuildTime=120, maxImplicitBlock=10, initNaN=false, abortNaN=false, traceNaN=false, traceVars=, ignoreAllOverspec=false, ignoreAllUnderspec=false, splitBlocks=false, parallelize=false]
Loading Variables
  add var: realDomain t
  add var: real t.min
  add var: real t.max
  add var: int t.ct
  add var: real t.delta
  add var: real u(t)
  add var: private real integral__call0(t)
  add var: real w(t)
Loading Constraints
  t.min=0 :: [t.min]
  t.max=6 :: [t.max]
  t.delta=1 :: [t.delta]
  u=(t*t) :: [u, t]
  integral__call0=integral.1[u@t, t.min, t] :: [integral__call0, u(t.min)*, u(t.max)*, t.min, t]
  w=integral(u@t) :: [w, integral__call0]
Input      phase completed with 0 errors, 0 warnings.

Toolbox phase starting ...
  add tool: domain t
Toolbox phase - cycle 1:
  check eqn: t.min=0; [t.min]
  add tool: t.min=0
  check eqn: t.max=6; [t.max]
  add tool: t.max=6
  check eqn: t.delta=1; [t.delta]
  add tool: t.delta=1
  add tool: t.ct=(t.max-t.min)/t.delta+1.5
  check eqn: u=(t*t); [u]
  add tool: u=t*t
  check eqn: integral__call0=integral.1[u@t, t.min, t]; [integral__call0]
  add tool: integral__call0=integral.1[u@t, t.min, t]
  check eqn: w=integral(u@t); [w]
  add tool: w=integral(u@t)
Toolbox phase - all cycles completed
Toolbox    phase completed with 0 errors, 0 warnings.

Sequencing phase starting ...
Tools to sequence:
  @t w=integral(u@t) :: [w]<<[integral__call0]
  @t integral__call0=integral.1[u@t, t.min, t] :: [integral__call0]<<[u(t.min)*, u(t.max)*, t.min, t]
  @t u=t*t :: [u]<<[t]
  t.delta=1 :: [t.delta]<<[]
  t.ct=(t.max-t.min)/t.delta+1.5 :: [t.ct]<<[t.max, t.min, t.delta]
  t.max=6 :: [t.max]<<[]
  t.min=0 :: [t.min]<<[]
  domain t :: [t]<<[t.min, t.max, t.ct, t.delta]
Events to seqence:
Relations to sequence:
Creating vuTools map ...
Adding reuse & query tools ...
  adding reuse tool: when (t=t.min) u=t*t [u(t.min)]<<[t(min)]
  adding query tool: query [u(t.max)*]<<[u]
  adding query tool: query [t(min)]<<[t]
Creating MainGraph ...
loopOrder=[t]
  addNode w seqLoops=(t) phase=t#1 fft=null
  addNode integral__call0 seqLoops=(t) phase=t#1 fft=null
  addNode u seqLoops=(t) phase=t#1 fft=null
  addNode t.delta seqLoops=() phase=main fft=null
  addNode t.ct seqLoops=() phase=main fft=null
  addNode t.max seqLoops=() phase=main fft=null
  addNode t.min seqLoops=() phase=main fft=null
  addNode t seqLoops=() phase=main fft=null
  addNode u(t.min) seqLoops=() phase=main fft=null
  addNode u(t.max) seqLoops=() phase=main fft=null
  addNode t(min) seqLoops=() phase=main fft=null
Saving graph pullfinder
Saving graph pullfinder
Building mainline block ...
Mainline block graph:
building block for phase main
  adding t.delta=1 to main
  adding t.max=6 to main
  adding t.min=0 to main
  adding t.ct=(t.max-t.min)/t.delta+1.5 to main
  adding domain t to main
  adding query [t(min)] to main
  adding when (t=t.min) u=t*t to main
  subphase t#1 entryEdge=null
building block for phase t#1
  adding u=t*t to loop-t
  adding loop-t to main
  subphase t#2 entryEdge=u(t.max)->integral__call0
  adding query [u(t.max)*] to main
  subphase t#2 entryEdge=null
building block for phase t#2
  adding integral__call0=integral.1[u@t, t.min, t] to loop-t
  adding w=integral(u@t) to loop-t
  adding loop-t to main
Sequencing phase completed with 0 errors, 0 warnings.

==== Main Calculation Block ====
main
  t.delta=1
  t.max=6
  t.min=0
  t.ct=(t.max-t.min)/t.delta+1.5
  domain t
  query [t(min)]
  when (t=t.min) u=t*t
  loop-t
    u=t*t
  query [u(t.max)*]
  loop-t
    integral__call0=integral.1[u@t, t.min, t]
    w=integral(u@t)

