==== Planner Log ====
Plan options=[maxBuildTime=120, maxImplicitBlock=10, initNaN=false, abortNaN=false, traceNaN=false, traceVars=, ignoreAllOverspec=false, ignoreAllUnderspec=false]
Loading Variables
  add var: realDomain t
  add var: real t.min
  add var: real t.max
  add var: int t.ct
  add var: real t.delta
  add var: realDomain x
  add var: real x.min
  add var: real x.max
  add var: int x.ct
  add var: real x.delta
  add var: real u(t,x)
  add var: real u:t(t,x)
Loading Constraints
  t.min=0 :: [t.min]
  t.max=3 :: [t.max]
  t.delta=.25 :: [t.delta]
  x.min=0 :: [x.min]
  x.max=1 :: [x.max]
  x.delta=.1 :: [x.delta]
  when (t=t.min) u=1 :: [u(t.min)]
  u:t=u :: [u:t, u]
Input      phase completed with 0 errors, 0 warnings.

Toolbox phase starting ...
  add tool: domain t
  add tool: domain x
Toolbox phase - cycle 1:
  check eqn: t.min=0; [t.min]
  add tool: t.min=0
  check eqn: t.max=3; [t.max]
  add tool: t.max=3
  check eqn: t.delta=.25; [t.delta]
  add tool: t.delta=.25
  add tool: t.ct=(t.max-t.min)/t.delta+1.5
  check eqn: x.min=0; [x.min]
  add tool: x.min=0
  check eqn: x.max=1; [x.max]
  add tool: x.max=1
  check eqn: x.delta=.1; [x.delta]
  add tool: x.delta=.1
  add tool: x.ct=(x.max-x.min)/x.delta+1.5
  check eqn: when (t=t.min) u=1; [u(t.min)]
  add tool: u(t.min)=1
  check eqn: u:t=u; [u:t, u]
  add tool: ODE u: []
  updated ODE(u) with u(t.min)=1
Toolbox phase - cycle 1:
  check eqn: u:t=u; [u:t]
  add tool: u:t=u
  updated ODE(u) with u:t=u
    u is now entirely solved
Toolbox phase - all cycles completed
  add var: real u__init(x)
  add tool: u__init=1
Toolbox    phase completed with 0 errors, 0 warnings.

Sequencing phase starting ...
Tools to sequence:
  @x u__init=1 :: [u__init]<<[]
  @t@x u:t=u :: [u:t]<<[u]
  @t@x ODE u: u:t=u :: [u, u(t.max)]<<[u(t.min), u:t]
  x.delta=.1 :: [x.delta]<<[]
  x.ct=(x.max-x.min)/x.delta+1.5 :: [x.ct]<<[x.max, x.min, x.delta]
  x.max=1 :: [x.max]<<[]
  x.min=0 :: [x.min]<<[]
  domain x :: [x]<<[x.min, x.max, x.ct, x.delta]
  t.delta=.25 :: [t.delta]<<[]
  t.ct=(t.max-t.min)/t.delta+1.5 :: [t.ct]<<[t.max, t.min, t.delta]
  t.max=3 :: [t.max]<<[]
  t.min=0 :: [t.min]<<[]
  domain t :: [t]<<[t.min, t.max, t.ct, t.delta]
  @x u(t.min)=u__init :: [u(t.min)]<<[u__init]
Events to seqence:
Relations to sequence:
Creating vuTools map ...
Adding reuse & query tools ...
Creating MainGraph ...
loopOrder=[t, x]
  addNode u__init seqLoops=(x) phase=x#1 fft=null
  addNode u:t seqLoops=(t,x) phase=t#1+x#1 fft=null
  addNode u seqLoops=(t,x) phase=t#1+x#1 fft=t
  addNode x.delta seqLoops=() phase=main fft=null
  addNode x.ct seqLoops=() phase=main fft=null
  addNode x.max seqLoops=() phase=main fft=null
  addNode x.min seqLoops=() phase=main fft=null
  addNode x seqLoops=() phase=main fft=null
  addNode t.delta seqLoops=() phase=main fft=null
  addNode t.ct seqLoops=() phase=main fft=null
  addNode t.max seqLoops=() phase=main fft=null
  addNode t.min seqLoops=() phase=main fft=null
  addNode t seqLoops=() phase=main fft=null
  addNode u(t.min) seqLoops=(x) phase=x#1 fft=null
Saving graph pullfinder
Building mainline block ...
Mainline block graph:
building block for phase main
  adding x.delta=.1 to main
  adding x.max=1 to main
  adding x.min=0 to main
  adding t.delta=.25 to main
  adding t.max=3 to main
  adding t.min=0 to main
  adding x.ct=(x.max-x.min)/x.delta+1.5 to main
  adding domain x to main
  adding t.ct=(t.max-t.min)/t.delta+1.5 to main
  adding domain t to main
  subphase x#1 entryEdge=null
building block for phase x#1
  adding u__init=1 to loop-x
  adding u(t.min)=u__init to loop-x
  adding loop-x to main
  subphase t#1 entryEdge=null
building block for phase t#1
  subphase t#1+x#1 entryEdge=null
building block for phase t#1+x#1
  adding u:t=u to loop-x
  adding ODE Block-t [u] to loop-x
  adding loop-x to loop-t
  adding loop-t to main
Building ODE Block-t [u] ...
  adding muTool u:t=u
  adding muVar u:t
  adding u:t=u to ODE Block-t [u]
Sequencing phase completed with 0 errors, 0 warnings.

==== Main Calculation Block ====
main
  x.delta=.1
  x.max=1
  x.min=0
  t.delta=.25
  t.max=3
  t.min=0
  x.ct=(x.max-x.min)/x.delta+1.5
  domain x
  t.ct=(t.max-t.min)/t.delta+1.5
  domain t
  loop-x
    u__init=1
    u(t.min)=u__init
  loop-t
    loop-x
      u:t=u
      ODE Block-t vmus=[t, u, u:t]
        u:t=u

