==== Planner Log ====
Plan options=[maxBuildTime=120, maxImplicitBlock=10, initNaN=false, abortNaN=false, traceNaN=false, traceVars=, ignoreAllOverspec=false, ignoreAllUnderspec=false]
Loading Variables
  add var: realDomain t
  add var: real t.min
  add var: real t.max
  add var: int t.ct
  add var: real t.delta
  add var: extern real a(t)
  add var: real b
  add var: real c(t)
  add var: real d(t)
  add var: real u(t)
  add var: real u:t(t)
Loading Constraints
  t.min=0 :: [t.min]
  t.max=10 :: [t.max]
  t.delta=2 :: [t.delta]
  b=5 :: [b]
  c=(a+b) :: [c, a, b]
  d=(t+1) :: [d, t]
  when (t=t.min) u=0 :: [u(t.min)]
  u:t=(c+t) :: [u:t, c, t]
Input      phase completed with 0 errors, 0 warnings.

Toolbox phase starting ...
  add tool: domain t
  add tool: extern a
Toolbox phase - cycle 1:
  check eqn: t.min=0; [t.min]
  add tool: t.min=0
  check eqn: t.max=10; [t.max]
  add tool: t.max=10
  check eqn: t.delta=2; [t.delta]
  add tool: t.delta=2
  add tool: t.ct=(t.max-t.min)/t.delta+1.5
  check eqn: b=5; [b]
  add tool: b=5
  check eqn: c=(a+b); [c]
  add tool: c=a+b
  check eqn: d=(t+1); [d]
  add tool: d=t+1
  check eqn: when (t=t.min) u=0; [u(t.min)]
  add tool: u(t.min)=0
  check eqn: u:t=(c+t); [u:t]
  add tool: u:t=c+t
  add tool: ODE u: []
  updated ODE(u) with u(t.min)=0
  updated ODE(u) with u:t=c+t
    u is now entirely solved
Toolbox phase - all cycles completed
  add var: real u__init
  add tool: u__init=0
Toolbox    phase completed with 0 errors, 0 warnings.

Sequencing phase starting ...
Tools to sequence:
  u__init=0 :: [u__init]<<[]
  @t u:t=c+t :: [u:t]<<[c, t]
  @t ODE u: u:t=c+t :: [u, u(t.max)]<<[c, t, u(t.min), u:t]
  @t d=t+1 :: [d]<<[t]
  @t c=a+b :: [c]<<[a, b]
  b=5 :: [b]<<[]
  @t extern a :: [a]<<[]
  t.delta=2 :: [t.delta]<<[]
  t.ct=(t.max-t.min)/t.delta+1.5 :: [t.ct]<<[t.max, t.min, t.delta]
  t.max=10 :: [t.max]<<[]
  t.min=0 :: [t.min]<<[]
  domain t :: [t]<<[t.min, t.max, t.ct, t.delta]
  u(t.min)=u__init :: [u(t.min)]<<[u__init]
Events to seqence:
Relations to sequence:
Creating vuTools map ...
Adding reuse & query tools ...
Creating MainGraph ...
loopOrder=[t]
  addNode u__init seqLoops=() phase=main fft=null
  addNode u:t seqLoops=(t) phase=t#1 fft=null
  addNode u seqLoops=(t) phase=t#1 fft=t
  addNode d seqLoops=(t) phase=t#1 fft=null
  addNode c seqLoops=(t) phase=t#1 fft=null
  addNode b seqLoops=() phase=main fft=null
  addNode a seqLoops=(t) phase=t#1 fft=null
  addNode t.delta seqLoops=() phase=main fft=null
  addNode t.ct seqLoops=() phase=main fft=null
  addNode t.max seqLoops=() phase=main fft=null
  addNode t.min seqLoops=() phase=main fft=null
  addNode t seqLoops=() phase=main fft=null
  addNode u(t.min) seqLoops=() phase=main fft=null
Saving graph pullfinder
Building mainline block ...
Mainline block graph:
building block for phase main
  adding u__init=0 to main
  adding b=5 to main
  adding t.delta=2 to main
  adding t.max=10 to main
  adding t.min=0 to main
  adding t.ct=(t.max-t.min)/t.delta+1.5 to main
  adding domain t to main
  adding u(t.min)=u__init to main
  subphase t#1 entryEdge=null
building block for phase t#1
  adding d=t+1 to loop-t
  adding extern a to loop-t
  adding c=a+b to loop-t
  adding u:t=c+t to loop-t
  adding ODE Block-t [u] to loop-t
  adding loop-t to main
Building ODE Block-t [u] ...
  adding muTool extern a
  adding muTool c=a+b
  adding muVar c
  adding muVar a
  adding muTool u:t=c+t
  adding muVar u:t
  adding extern a to ODE Block-t [u]
  adding c=a+b to ODE Block-t [u]
  adding u:t=c+t to ODE Block-t [u]
Sequencing phase completed with 0 errors, 0 warnings.

==== Main Calculation Block ====
main
  u__init=0
  b=5
  t.delta=2
  t.max=10
  t.min=0
  t.ct=(t.max-t.min)/t.delta+1.5
  domain t
  u(t.min)=u__init
  loop-t
    d=t+1
    extern a
    c=a+b
    u:t=c+t
    ODE Block-t vmus=[t, u, c, a, u:t]
      extern a
      c=a+b
      u:t=c+t

