==== Planner Log ====
Plan options=[maxBuildTime=120, maxImplicitBlock=10, initNaN=false, abortNaN=false, traceNaN=false, traceVars=, ignoreAllOverspec=false, ignoreAllUnderspec=false]
Loading Variables
  add var: realDomain t
  add var: real t.min
  add var: real t.max
  add var: int t.ct
  add var: real t.delta
  add var: real u(t)
  add var: real v(t)
  add var: real w(t)
  add var: real uf
  add var: real u:t(t)
  add var: real w:t(t)
Loading Constraints
  t.min=0 :: [t.min]
  t.max=5 :: [t.max]
  t.delta=.2 :: [t.delta]
  when (t=t.min) u=1 :: [u(t.min)]
  when (t=t.min) w=(v+uf) :: [w(t.min), v(t.min), uf]
  when (t=t.max) uf=u :: [uf, u(t.max)]
  u:t=(u*(-1)) :: [u:t, u]
  v=(u*2) :: [v, u]
  w:t=(v*(-1)) :: [w:t, v]
Input      phase completed with 0 errors, 0 warnings.

Toolbox phase starting ...
  add tool: domain t
Toolbox phase - cycle 1:
  check eqn: t.min=0; [t.min]
  add tool: t.min=0
  check eqn: t.max=5; [t.max]
  add tool: t.max=5
  check eqn: t.delta=.2; [t.delta]
  add tool: t.delta=.2
  add tool: t.ct=(t.max-t.min)/t.delta+1.5
  check eqn: when (t=t.min) u=1; [u(t.min)]
  add tool: u(t.min)=1
  check eqn: when (t=t.min) w=(v+uf); [w(t.min), v(t.min)]
  check eqn: when (t=t.max) uf=u; [uf, u(t.max)]
  check eqn: u:t=(u*(-1)); [u:t, u]
  check eqn: v=(u*2); [v, u]
  check eqn: w:t=(v*(-1)); [w:t, v]
  add tool: ODE u: []
  updated ODE(u) with u(t.min)=1
Toolbox phase - cycle 1:
  check eqn: when (t=t.min) w=(v+uf); [w(t.min), v(t.min)]
  check eqn: when (t=t.max) uf=u; [uf, u(t.max)]
  check eqn: u:t=(u*(-1)); [u:t]
  add tool: u:t=u*(-1)
  check eqn: v=(u*2); [v]
  add tool: v=u*2
  check eqn: w:t=(v*(-1)); [w:t]
  add tool: w:t=v*(-1)
  updated ODE(u) with u:t=u*(-1)
    u is now entirely solved
  add tool: ODE w: []
  updated ODE(w) with w:t=v*(-1)
Toolbox phase - cycle 1:
  check eqn: when (t=t.min) w=(v+uf); [w(t.min), uf]
  check eqn: when (t=t.max) uf=u; [uf]
  add tool: uf=when (t=t.max) u
Toolbox phase - cycle 1:
  check eqn: when (t=t.min) w=(v+uf); [w(t.min)]
  add tool: w(t.min)=when (t=t.min) v+uf
  updated ODE(w) with w(t.min)=when (t=t.min) v+uf
    w is now entirely solved
Toolbox phase - all cycles completed
  add var: real u__init
  add tool: u__init=1
Toolbox    phase completed with 0 errors, 0 warnings.

Sequencing phase starting ...
Tools to sequence:
  u__init=1 :: [u__init]<<[]
  @t w:t=v*(-1) :: [w:t]<<[v]
  @t u:t=u*(-1) :: [u:t]<<[u]
  uf=when (t=t.max) u :: [uf]<<[u(t.max)]
  @t ODE w: w:t=v*(-1) :: [w, w(t.max)]<<[v, w(t.min), w:t]
  @t v=u*2 :: [v]<<[u]
  @t ODE u: u:t=u*(-1) :: [u, u(t.max)]<<[u(t.min), u:t]
  t.delta=.2 :: [t.delta]<<[]
  t.ct=(t.max-t.min)/t.delta+1.5 :: [t.ct]<<[t.max, t.min, t.delta]
  t.max=5 :: [t.max]<<[]
  t.min=0 :: [t.min]<<[]
  domain t :: [t]<<[t.min, t.max, t.ct, t.delta]
  w(t.min)=when (t=t.min) v+uf :: [w(t.min)]<<[v(t.min), uf]
  u(t.min)=u__init :: [u(t.min)]<<[u__init]
Events to seqence:
Relations to sequence:
Creating vuTools map ...
Adding reuse & query tools ...
  adding reuse tool: when (t=t.min) v=u*2 [v(t.min)]<<[u(t.min)]
Creating MainGraph ...
loopOrder=[t]
  addNode u__init seqLoops=() phase=main fft=null
  addNode w:t seqLoops=(t) phase=t#1 fft=null
  addNode u:t seqLoops=(t) phase=t#1 fft=null
  addNode uf seqLoops=() phase=main fft=null
  addNode w seqLoops=(t) phase=t#1 fft=t
  addNode v seqLoops=(t) phase=t#1 fft=null
  addNode u seqLoops=(t) phase=t#1 fft=t
  addNode t.delta seqLoops=() phase=main fft=null
  addNode t.ct seqLoops=() phase=main fft=null
  addNode t.max seqLoops=() phase=main fft=null
  addNode t.min seqLoops=() phase=main fft=null
  addNode t seqLoops=() phase=main fft=null
  addNode w(t.min) seqLoops=() phase=main fft=null
  addNode u(t.min) seqLoops=() phase=main fft=null
  addNode v(t.min) seqLoops=() phase=main fft=null
Saving graph pullfinder
Saving graph pullfinder
Building mainline block ...
Mainline block graph:
building block for phase main
  adding u__init=1 to main
  adding t.delta=.2 to main
  adding t.max=5 to main
  adding t.min=0 to main
  adding t.ct=(t.max-t.min)/t.delta+1.5 to main
  adding domain t to main
  adding u(t.min)=u__init to main
  adding when (t=t.min) v=u*2 to main
  subphase t#1 entryEdge=null
building block for phase t#1
  adding u:t=u*(-1) to loop-t
  adding v=u*2 to loop-t
  adding w:t=v*(-1) to loop-t
  adding ODE Block-t [u] to loop-t
  adding loop-t to main
  subphase t#2 entryEdge=w(t.min)->w
  adding uf=when (t=t.max) u to main
  adding w(t.min)=when (t=t.min) v+uf to main
  subphase t#2 entryEdge=null
building block for phase t#2
  adding ODE Block-t [w] to loop-t
  adding loop-t to main
Building ODE Block-t [u] ...
  adding muTool u:t=u*(-1)
  adding muVar u:t
  adding u:t=u*(-1) to ODE Block-t [u]
Building ODE Block-t [w] ...
Sequencing phase completed with 0 errors, 0 warnings.

==== Main Calculation Block ====
main
  u__init=1
  t.delta=.2
  t.max=5
  t.min=0
  t.ct=(t.max-t.min)/t.delta+1.5
  domain t
  u(t.min)=u__init
  when (t=t.min) v=u*2
  loop-t
    u:t=u*(-1)
    v=u*2
    w:t=v*(-1)
    ODE Block-t vmus=[t, u, u:t]
      u:t=u*(-1)
  uf=when (t=t.max) u
  w(t.min)=when (t=t.min) v+uf
  loop-t
    ODE Block-t vmus=[t, w]

