// JSim generated model JS100ode_block_inner
 
import java.lang.Math;
import JSim.util.*;
import JSim.expr.*;
import JSim.data.*;
import JSim.jruntime.*;
import JSim.aserver.*;
import JSim.nml.math.NatMath;
 
// JS100ode_block_inner model
public class JS100ode_block_inner extends RTModel {

    // variable declarations
    public RTRealDomain JSt;
    public RTRealNVar JSt__min;
    public RTRealNVar JSt__max;
    public RTIntNVar JSt__ct;
    public RTRealNVar JSt__delta;
    public RTRealDomain JSn;
    public RTRealNVar JSn__min;
    public RTRealNVar JSn__max;
    public RTIntNVar JSn__ct;
    public RTRealNVar JSn__delta;
    public RTRealNVar JSa;
    public RTRealNVar JSb;
    public RTRealNVar JSc;
    public RTRealNVar JSd;
    public RTRealNVar JSu;
    public RTRealNVar JSu__Dt;
    public RTRealNVar JSu__init;
     
    // F&P declarations
    
    // solver declarations
    public ODE1Problem__u ode1problem__u;
     
    // RT model constructor
    public JS100ode_block_inner(UnitNList u,ASServer.Messenger m) throws Xcept {
        super("JS100ode_block_inner", u, m);
         
        // units used in model
        units.add("dimensionless", Unit.parse(this, "1  dimensionless"));
        units.add("radian", Unit.parse(this, "1  dimensionless"));
         
        // var instantiation
        JSt__min = new RTRealNVar(this, "t.min","dimensionless",1,null);
        JSt__max = new RTRealNVar(this, "t.max","dimensionless",1,null);
        JSt__ct = new RTIntNVar(this, "t.ct","dimensionless",2,null);
        JSt__delta = new RTRealNVar(this, "t.delta","dimensionless",1,null);
        JSn__min = new RTRealNVar(this, "n.min","dimensionless",1,null);
        JSn__max = new RTRealNVar(this, "n.max","dimensionless",1,null);
        JSn__ct = new RTIntNVar(this, "n.ct","dimensionless",2,null);
        JSn__delta = new RTRealNVar(this, "n.delta","dimensionless",1,null);
        JSu__init = new RTRealNVar(this, "u__init","dimensionless",1,null);
        JSt = new RTRealDomain(this, "t","dimensionless",2,JSt__min,JSt__max,JSt__delta,JSt__ct);
        JSn = new RTRealDomain(this, "n","dimensionless",2,JSn__min,JSn__max,JSn__delta,JSn__ct);
        JSa = new RTRealNVar(this, "a","dimensionless",3,new RTRealDomain[] {JSt});
        JSb = new RTRealNVar(this, "b","dimensionless",3,new RTRealDomain[] {JSt,JSn});
        JSc = new RTRealNVar(this, "c","dimensionless",3,new RTRealDomain[] {JSt});
        JSd = new RTRealNVar(this, "d","dimensionless",3,new RTRealDomain[] {JSt,JSn});
        JSu = new RTRealNVar(this, "u","dimensionless",3,new RTRealDomain[] {JSt});
        JSu__Dt = new RTRealNVar(this, "u:t","dimensionless",3,new RTRealDomain[] {JSt});
         
        // input defaults
        JSt__min.setDefault("0");
        JSt__max.setDefault("10");
        JSt__delta.setDefault("2");
        JSn__min.setDefault("1");
        JSn__max.setDefault("3");
        JSn__delta.setDefault("1");
        JSu__init.setDefault("0");
        
        // F&P initialization
        
        // solver instantiation
        ode1problem__u = new ODE1Problem__u(this);
        
    }
    
    // simple main methods
    public boolean defaultUnitCorrect() { return false; }
    public boolean allowMPRuns() { return true; }
    public void mainline(RTContext ctxt) throws Xcept { ((XContext) ctxt).mainline(); }
    public RTContext newRunContext(int threadInx, int nproc, RTDataStore s) { return new XContext(this, threadInx, nproc, s); }
    
    // ODE problem solving [u]
    public class ODE1Problem__u extends ODE1Problem {
        public ODE1Problem__u(RTModel m) throws Xcept {
            super(m, "ODE1Problem__u");
            setup(JSt, new RTRealNVar[] {JSu});
        }
        public void evaluate(RTContext ctxt, double t, double[] u, double[] udot) throws Xcept {
            ((XContext) ctxt).evaluate__u(t, u, udot);
            interruptCheck(ctxt, t, udot);
            ncallbacks++;
        }
    }
     
    // model-specific context
    public class XContext extends RTContext {
        // global caches
        private double js0t__min;
        private double js0t__max;
        private double js0t__delta;
        private double js0n__min;
        private double js0n__max;
        private double js0n__delta;
        private double js0u__init;
        private double js2t;
        private double js2u;
        private double js2c;
        private double js2a;
        private double js2u__Dt;
        
        // context constructor
        public XContext(RTModel m, int threadInx, int nproc, RTDataStore s) { super(m, threadInx, nproc, s, false); }
        
        // trace NaN causes abort?
        public boolean abortNaN() { return false; }
        
        // ctxt mainline
        public void mainline() throws Xcept {
            js0u__init = realVal(JSu__init);
            js0n__delta = realVal(JSn__delta);
            js0n__max = realVal(JSn__max);
            js0n__min = realVal(JSn__min);
            js0t__delta = realVal(JSt__delta);
            js0t__max = realVal(JSt__max);
            js0t__min = realVal(JSt__min);
            set(JSn__ct,(((js0n__max-js0n__min)/js0n__delta)+1.5));
            set(JSn__max,js0n__max = (js0n__min+(js0n__delta*(realVal(JSn__ct)-1))));
            setDomain(JSn);
            set(JSt__ct,(((js0t__max-js0t__min)/js0t__delta)+1.5));
            set(JSt__max,js0t__max = (js0t__min+(js0t__delta*(realVal(JSt__ct)-1))));
            setDomain(JSt);
            setLHBC(JSt);
            set(JSu,js0u__init);
            startPhase(3, JSt);
            for (setLHBC(JSt); isSet(JSt); moveRight(JSt)) loop__0t();
            startPhase(4, null);
        }
        
        // ctxt loop iteration for domain t
        public void loop__0t() throws Xcept {
            set(JSa,NatMath.pow(realVal(JSt),2));
            for (setLHBC(JSn); isSet(JSn); moveRight(JSn)) loop__0t__0n();
            set(JSc,(realVal(JSa)+realVal(JSb, new double[] {realVal(JSt),js0n__max})));
            set(JSu__Dt,(realVal(JSc)+realVal(JSt)));
            ode1problem__u.solve(this);
            interruptCheck();
            updatePhase(JSt);
        }
        
        // ctxt loop iteration for domain n
        public void loop__0t__0n() throws Xcept {
            set(JSd,(realVal(JSt)+realVal(JSn)));
            set(JSb,(5+realVal(JSn)));
            interruptCheck();
        }
        
        // ctxt ODE evaluate
        public void evaluate__u(double t,double[] u,double[] udot) throws Xcept {
            js2t = t;
            js2u = u[0];
            js2a = NatMath.pow(js2t,2);
            js2c = (js2a+realVal(JSb, new double[] {js2t,js0n__max}));
            js2u__Dt = (js2c+js2t);
            udot[0] = js2u__Dt;
        }
        
        // ctxt methods for F&P
    }
     
}


