==== Planner Log ====
Plan options=[maxBuildTime=120, maxImplicitBlock=10, initNaN=false, abortNaN=false, traceNaN=false, traceVars=, ignoreAllOverspec=false, ignoreAllUnderspec=false]
Loading Variables
  add var: realDomain t
  add var: real t.min
  add var: real t.max
  add var: int t.ct
  add var: real t.delta
  add var: realDomain x
  add var: real x.min
  add var: real x.max
  add var: int x.ct
  add var: real x.delta
  add var: real a(t)
  add var: real u(t,x)
  add var: real u:t(t,x)
Loading Constraints
  t.min=0 :: [t.min]
  t.max=3 :: [t.max]
  t.delta=.25 :: [t.delta]
  x.min=0 :: [x.min]
  x.max=1 :: [x.max]
  x.delta=.1 :: [x.delta]
  a=(t+1) :: [a, t]
  when (t=t.min) u=x :: [u(t.min), x]
  u:t=(a+u) :: [u:t, a, u]
Input      phase completed with 0 errors, 0 warnings.

Toolbox phase starting ...
  add tool: domain t
  add tool: domain x
Toolbox phase - cycle 1:
  check eqn: t.min=0; [t.min]
  add tool: t.min=0
  check eqn: t.max=3; [t.max]
  add tool: t.max=3
  check eqn: t.delta=.25; [t.delta]
  add tool: t.delta=.25
  add tool: t.ct=(t.max-t.min)/t.delta+1.5
  check eqn: x.min=0; [x.min]
  add tool: x.min=0
  check eqn: x.max=1; [x.max]
  add tool: x.max=1
  check eqn: x.delta=.1; [x.delta]
  add tool: x.delta=.1
  add tool: x.ct=(x.max-x.min)/x.delta+1.5
  check eqn: a=(t+1); [a]
  add tool: a=t+1
  check eqn: when (t=t.min) u=x; [u(t.min)]
  add tool: u(t.min)=x
  check eqn: u:t=(a+u); [u:t, u]
  add tool: ODE u: []
  updated ODE(u) with u(t.min)=x
Toolbox phase - cycle 1:
  check eqn: u:t=(a+u); [u:t]
  add tool: u:t=a+u
  updated ODE(u) with u:t=a+u
    u is now entirely solved
Toolbox phase - all cycles completed
Toolbox    phase completed with 0 errors, 0 warnings.

Sequencing phase starting ...
Tools to sequence:
  @t@x u:t=a+u :: [u:t]<<[a, u]
  @t@x ODE u: u:t=a+u :: [u, u(t.max)]<<[a, u(t.min), u:t]
  @t a=t+1 :: [a]<<[t]
  x.delta=.1 :: [x.delta]<<[]
  x.ct=(x.max-x.min)/x.delta+1.5 :: [x.ct]<<[x.max, x.min, x.delta]
  x.max=1 :: [x.max]<<[]
  x.min=0 :: [x.min]<<[]
  domain x :: [x]<<[x.min, x.max, x.ct, x.delta]
  t.delta=.25 :: [t.delta]<<[]
  t.ct=(t.max-t.min)/t.delta+1.5 :: [t.ct]<<[t.max, t.min, t.delta]
  t.max=3 :: [t.max]<<[]
  t.min=0 :: [t.min]<<[]
  domain t :: [t]<<[t.min, t.max, t.ct, t.delta]
  @x u(t.min)=x :: [u(t.min)]<<[x]
Events to seqence:
Relations to sequence:
Creating vuTools map ...
Adding reuse & query tools ...
Creating MainGraph ...
loopOrder=[t, x]
  addNode u:t seqLoops=(t,x) phase=t#1+x#1 fft=null
  addNode u seqLoops=(t,x) phase=t#1+x#1 fft=t
  addNode a seqLoops=(t) phase=t#1 fft=null
  addNode x.delta seqLoops=() phase=main fft=null
  addNode x.ct seqLoops=() phase=main fft=null
  addNode x.max seqLoops=() phase=main fft=null
  addNode x.min seqLoops=() phase=main fft=null
  addNode x seqLoops=() phase=main fft=null
  addNode t.delta seqLoops=() phase=main fft=null
  addNode t.ct seqLoops=() phase=main fft=null
  addNode t.max seqLoops=() phase=main fft=null
  addNode t.min seqLoops=() phase=main fft=null
  addNode t seqLoops=() phase=main fft=null
  addNode u(t.min) seqLoops=(x) phase=x#1 fft=null
Saving graph pullfinder
Building mainline block ...
Mainline block graph:
building block for phase main
  adding x.delta=.1 to main
  adding x.max=1 to main
  adding x.min=0 to main
  adding t.delta=.25 to main
  adding t.max=3 to main
  adding t.min=0 to main
  adding x.ct=(x.max-x.min)/x.delta+1.5 to main
  adding domain x to main
  adding t.ct=(t.max-t.min)/t.delta+1.5 to main
  adding domain t to main
  subphase t#1 entryEdge=u(t.min)->u
  subphase x#1 entryEdge=null
building block for phase x#1
  adding u(t.min)=x to loop-x
  adding loop-x to main
  subphase t#1 entryEdge=null
building block for phase t#1
  adding a=t+1 to loop-t
  subphase t#1+x#1 entryEdge=null
building block for phase t#1+x#1
  adding u:t=a+u to loop-x
  adding ODE Block-t [u] to loop-x
  adding loop-x to loop-t
  adding loop-t to main
Building ODE Block-t [u] ...
  adding muTool a=t+1
  adding muVar a
  adding muTool u:t=a+u
  adding muVar u:t
  adding a=t+1 to ODE Block-t [u]
  adding u:t=a+u to ODE Block-t [u]
Sequencing phase completed with 0 errors, 0 warnings.

==== Main Calculation Block ====
main
  x.delta=.1
  x.max=1
  x.min=0
  t.delta=.25
  t.max=3
  t.min=0
  x.ct=(x.max-x.min)/x.delta+1.5
  domain x
  t.ct=(t.max-t.min)/t.delta+1.5
  domain t
  loop-x
    u(t.min)=x
  loop-t
    a=t+1
    loop-x
      u:t=a+u
      ODE Block-t vmus=[t, u, a, u:t]
        a=t+1
        u:t=a+u

