==== Planner Log ====
Plan options=[maxBuildTime=120, maxImplicitBlock=10, initNaN=false, abortNaN=false, traceNaN=false, traceVars=, ignoreAllOverspec=false, ignoreAllUnderspec=false]
Loading Variables
  add var: realDomain t
  add var: real t.min
  add var: real t.max
  add var: int t.ct
  add var: real t.delta
  add var: private real u(t)
  add var: real uf
  add var: private real u:t(t)
Loading Constraints
  t.min=0 :: [t.min]
  t.max=3 :: [t.max]
  t.delta=.25 :: [t.delta]
  when (t=t.min) u=1 :: [u(t.min)]
  u:t=(u/(t+1)) :: [u:t, u, t]
  uf=u(t.max) :: [uf, t.max, u(t.max)]
Input      phase completed with 0 errors, 0 warnings.

Toolbox phase starting ...
  add tool: domain t
Toolbox phase - cycle 1:
  check eqn: t.min=0; [t.min]
  add tool: t.min=0
  check eqn: t.max=3; [t.max]
  add tool: t.max=3
  check eqn: t.delta=.25; [t.delta]
  add tool: t.delta=.25
  add tool: t.ct=(t.max-t.min)/t.delta+1.5
  check eqn: when (t=t.min) u=1; [u(t.min)]
  add tool: u(t.min)=1
  check eqn: u:t=(u/(t+1)); [u:t, u]
  check eqn: uf=u(t.max); [uf, u(t.max)]
  add tool: ODE u: []
  updated ODE(u) with u(t.min)=1
Toolbox phase - cycle 1:
  check eqn: u:t=(u/(t+1)); [u:t]
  add tool: u:t=u/(t+1)
  check eqn: uf=u(t.max); [uf, u(t.max)]
  updated ODE(u) with u:t=u/(t+1)
    u is now entirely solved
Toolbox phase - cycle 1:
  check eqn: uf=u(t.max); [uf]
  add tool: uf=u(t.max)
Toolbox phase - all cycles completed
Toolbox    phase completed with 0 errors, 0 warnings.

Sequencing phase starting ...
Tools to sequence:
  @t u:t=u/(t+1) :: [u:t]<<[u, t]
  uf=u(t.max) :: [uf]<<[t.max, u(t.max)]
  @t ODE u: u:t=u/(t+1) :: [u, u(t.max)]<<[t, u(t.min), u:t]
  t.delta=.25 :: [t.delta]<<[]
  t.ct=(t.max-t.min)/t.delta+1.5 :: [t.ct]<<[t.max, t.min, t.delta]
  t.max=3 :: [t.max]<<[]
  t.min=0 :: [t.min]<<[]
  domain t :: [t]<<[t.min, t.max, t.ct, t.delta]
  u(t.min)=1 :: [u(t.min)]<<[]
Events to seqence:
Relations to sequence:
Creating vuTools map ...
Adding reuse & query tools ...
Creating MainGraph ...
loopOrder=[t]
  addNode u:t seqLoops=(t) phase=t#1 fft=null
  addNode uf seqLoops=() phase=main fft=null
  addNode u seqLoops=(t) phase=t#1 fft=t
  addNode t.delta seqLoops=() phase=main fft=null
  addNode t.ct seqLoops=() phase=main fft=null
  addNode t.max seqLoops=() phase=main fft=null
  addNode t.min seqLoops=() phase=main fft=null
  addNode t seqLoops=() phase=main fft=null
  addNode u(t.min) seqLoops=() phase=main fft=null
Saving graph pullfinder
Building mainline block ...
Mainline block graph:
building block for phase main
  adding t.delta=.25 to main
  adding t.max=3 to main
  adding t.min=0 to main
  adding t.ct=(t.max-t.min)/t.delta+1.5 to main
  adding domain t to main
  adding u(t.min)=1 to main
  subphase t#1 entryEdge=null
building block for phase t#1
  adding u:t=u/(t+1) to loop-t
  adding ODE Block-t [u] to loop-t
  adding loop-t to main
  adding uf=u(t.max) to main
Building ODE Block-t [u] ...
  adding muTool u:t=u/(t+1)
  adding muVar u:t
  adding u:t=u/(t+1) to ODE Block-t [u]
Sequencing phase completed with 0 errors, 0 warnings.

==== Main Calculation Block ====
main
  t.delta=.25
  t.max=3
  t.min=0
  t.ct=(t.max-t.min)/t.delta+1.5
  domain t
  u(t.min)=1
  loop-t
    u:t=u/(t+1)
    ODE Block-t vmus=[t, u, u:t]
      u:t=u/(t+1)
  uf=u(t.max)

