// JSim generated model JS100pde_imp_bc
 
import java.lang.Math;
import JSim.util.*;
import JSim.expr.*;
import JSim.data.*;
import JSim.jruntime.*;
import JSim.aserver.*;
import JSim.nml.math.NatMath;
 
// JS100pde_imp_bc model
public class JS100pde_imp_bc extends RTModel {

    // variable declarations
    public RTRealDomain JSt;
    public RTRealNVar JSt__min;
    public RTRealNVar JSt__max;
    public RTIntNVar JSt__ct;
    public RTRealNVar JSt__delta;
    public RTRealDomain JSx;
    public RTRealNVar JSx__min;
    public RTRealNVar JSx__max;
    public RTIntNVar JSx__ct;
    public RTRealNVar JSx__delta;
    public RTRealNVar JSa;
    public RTRealNVar JSu;
     
    // F&P declarations
    
    // solver declarations
    public Fzero2Problem__1t__a fzero2problem__1t__a;
    public PDE1Problem__u pde1problem__u;
    public Fzero2Problem__u__LHBC__a fzero2problem__u__lhbc__a;
     
    // RT model constructor
    public JS100pde_imp_bc(UnitNList u,ASServer.Messenger m) throws Xcept {
        super("JS100pde_imp_bc", u, m);
         
        // units used in model
        units.add("dimensionless", Unit.parse(this, "1  dimensionless"));
        units.add("radian", Unit.parse(this, "1  dimensionless"));
         
        // var instantiation
        JSt__min = new RTRealNVar(this, "t.min","dimensionless",1,null);
        JSt__max = new RTRealNVar(this, "t.max","dimensionless",1,null);
        JSt__ct = new RTIntNVar(this, "t.ct","dimensionless",2,null);
        JSt__delta = new RTRealNVar(this, "t.delta","dimensionless",1,null);
        JSx__min = new RTRealNVar(this, "x.min","dimensionless",1,null);
        JSx__max = new RTRealNVar(this, "x.max","dimensionless",1,null);
        JSx__ct = new RTIntNVar(this, "x.ct","dimensionless",2,null);
        JSx__delta = new RTRealNVar(this, "x.delta","dimensionless",1,null);
        JSt = new RTRealDomain(this, "t","dimensionless",2,JSt__min,JSt__max,JSt__delta,JSt__ct);
        JSx = new RTRealDomain(this, "x","dimensionless",2,JSx__min,JSx__max,JSx__delta,JSx__ct);
        JSa = new RTRealNVar(this, "a","dimensionless",5,new RTRealDomain[] {JSt});
        JSu = new RTRealNVar(this, "u","dimensionless",5,new RTRealDomain[] {JSx,JSt});
         
        // input defaults
        JSt__min.setDefault("0");
        JSt__max.setDefault("1");
        JSt__delta.setDefault("1");
        JSx__min.setDefault("0");
        JSx__max.setDefault("1");
        JSx__delta.setDefault("1");
        
        // F&P initialization
        
        // solver instantiation
        fzero2problem__1t__a = new Fzero2Problem__1t__a(this);
        pde1problem__u = new PDE1Problem__u(this);
        fzero2problem__u__lhbc__a = new Fzero2Problem__u__LHBC__a(this);
        
    }
    
    // simple main methods
    public boolean defaultUnitCorrect() { return false; }
    public boolean allowMPRuns() { return true; }
    public void mainline(RTContext ctxt) throws Xcept { ((XContext) ctxt).mainline(); }
    public RTContext newRunContext(int threadInx, int nproc, RTDataStore s) { return new XContext(this, threadInx, nproc, s); }
    
    // every Nth point support
    public boolean runTimeNthSupported(RTRealDomain x) {
        String xname = x.name();
        if (xname.equals("x")) return false;
        return true;
    }
    
    // Implicit block solving [a]
    public class Fzero2Problem__1t__a extends Fzero2Problem {
        public Fzero2Problem__1t__a(RTModel m) throws Xcept {
            super(m, "Fzero2Problem__1t__a",1);
        }
        public void setBounds(RTContext ctxt,double[] vmin,double[] vmax,double[] vguess) throws Xcept {
            ((XContext) ctxt).setBounds__1t__a(vmin,vmax,vguess);
        }
        public void calcZero(RTContext ctxt,double[] val,double[] zero) throws Xcept {
            ((XContext) ctxt).calcZero__1t__a(val,zero);
            ncallbacks++;
        }
        public void export(RTContext ctxt,double[] val) throws Xcept {
            ((XContext) ctxt).export__1t__a(val);
        }
    }
     
    // PDE problem solving [u]
    public class PDE1Problem__u extends PDE1Problem {
        public PDE1Problem__u(RTModel m) throws Xcept {
            super(m, "PDE1Problem__u");
            setup(JSt,JSx,0,
                new RTRealNVar[] {JSu},
                new RTRealNVar[] {null},
                new RTRealNVar[] {null},
                new RTRealNVar[] {null},
                new RTRealNVar[] {null},
                null, null);
            setSolvedVars(new ASVar[] {JSu});
        }
        public boolean usesPDESolver(int which) {
            switch(which) {
            case ASModel.PDE_LSFEA: return false;
            case ASModel.PDE_MacCormack: return true;
            case ASModel.PDE_Toms731: return true;
            default: return false;
            }
        }
        public void common_LHB(RTContext ctxt,double t,double[] us,double[] f1s,double[] f2s,double[] f3s) throws Xcept {
            npdeCallbacks[ProfileData.common_LHB]++;
            ((XContext) ctxt).common_LHB__u(t,us,f1s,f2s,f3s);
        }
        public void common_RHB(RTContext ctxt,double t,double[] us,double[] f1s,double[] f2s,double[] f3s) throws Xcept {
            npdeCallbacks[ProfileData.common_RHB]++;
            ((XContext) ctxt).common_RHB__u(t,us,f1s,f2s,f3s);
        }
        public void MacCormack_State(RTContext ctxt,double t,double x,double[] us,double[] cxs,double[] cxxs,double[] srcs) throws Xcept {
            npdeCallbacks[ProfileData.MacCormack_State]++;
            ((XContext) ctxt).MacCormack_State__u(t,x,us,cxs,cxxs,srcs);
        }
        public void Toms731_State(RTContext ctxt,double t,double x,double[] us,double[] uxs,double[] cs,double[] qs,double[] rs) throws Xcept {
            npdeCallbacks[ProfileData.Toms731_State]++;
            ((XContext) ctxt).Toms731_State__u(t,x,us,uxs,cs,qs,rs);
        }
        public void Toms731_LHB(RTContext ctxt,double t,double[] us,double[] uxs,double[] betas,double[] gammas) throws Xcept {
            npdeCallbacks[ProfileData.Toms731_LHB]++;
            ((XContext) ctxt).Toms731_LHB__u(t,us,uxs,betas,gammas);
        }
        public void Toms731_RHB(RTContext ctxt,double t,double[] us,double[] uxs,double[] betas,double[] gammas) throws Xcept {
            npdeCallbacks[ProfileData.Toms731_RHB]++;
            ((XContext) ctxt).Toms731_RHB__u(t,us,uxs,betas,gammas);
        }
    }
    
    // Implicit block solving [a]
    public class Fzero2Problem__u__LHBC__a extends Fzero2Problem {
        public Fzero2Problem__u__LHBC__a(RTModel m) throws Xcept {
            super(m, "Fzero2Problem__u__LHBC__a",1);
        }
        public void setBounds(RTContext ctxt,double[] vmin,double[] vmax,double[] vguess) throws Xcept {
            ((XContext) ctxt).setBounds__u__LHBC__a(vmin,vmax,vguess);
        }
        public void calcZero(RTContext ctxt,double[] val,double[] zero) throws Xcept {
            ((XContext) ctxt).calcZero__u__LHBC__a(val,zero);
            ncallbacks++;
        }
        public void export(RTContext ctxt,double[] val) throws Xcept {
            ((XContext) ctxt).export__u__LHBC__a(val);
        }
    }
     
    // model-specific context
    public class XContext extends RTContext {
        // global caches
        private double js0t__min;
        private double js0t__max;
        private double js0t__delta;
        private double js0x__min;
        private double js0x__max;
        private double js0x__delta;
        private double js2a;
        private double js2u__Dx;
        private double js2t;
        private double js2x;
        private double js2u;
        private double js3a;
        
        // context constructor
        public XContext(RTModel m, int threadInx, int nproc, RTDataStore s) { super(m, threadInx, nproc, s, false); }
        
        // trace NaN causes abort?
        public boolean abortNaN() { return false; }
        
        // ctxt mainline
        public void mainline() throws Xcept {
            js0x__delta = realVal(JSx__delta);
            js0x__max = realVal(JSx__max);
            js0x__min = realVal(JSx__min);
            js0t__delta = realVal(JSt__delta);
            js0t__max = realVal(JSt__max);
            js0t__min = realVal(JSt__min);
            set(JSx__ct,(((js0x__max-js0x__min)/js0x__delta)+1.5));
            set(JSx__max,js0x__max = (js0x__min+(js0x__delta*(realVal(JSx__ct)-1))));
            setDomain(JSx);
            set(JSt__ct,(((js0t__max-js0t__min)/js0t__delta)+1.5));
            set(JSt__max,js0t__max = (js0t__min+(js0t__delta*(realVal(JSt__ct)-1))));
            setDomain(JSt);
            setLHBC(JSt);
            fzero2problem__1t__a.solve(this);
            startPhase(3, JSx);
            for (setLHBC(JSx); isSet(JSx); moveRight(JSx)) loop__0x();
            startPhase(4, null);
            startPhase(5, JSt);
            for (setLHBC(JSt); isSet(JSt); moveRight(JSt)) loop__1t();
            startPhase(6, null);
        }
        
        // ctxt loop iteration for domain x
        public void loop__0x() throws Xcept {
            setLHBC(JSt);
            set(JSu,realVal(JSa));
            interruptCheck();
            updatePhase(JSx);
        }
        
        // ctxt loop iteration for domain t
        public void loop__1t() throws Xcept {
            fzero2problem__1t__a.solve(this);
            pde1problem__u.solve(this);
            interruptCheck();
            updatePhase(JSt);
        }
        
        // ctxt methods for Fzero2Problem__1t__a
        public void setBounds__1t__a(double[] vmin,double[] vmax,double[] vguess) throws Xcept {
        }
        public void calcZero__1t__a(double[] vals,double[] zeroes) throws Xcept {
            js2a=vals[0];
            zeroes[0]=(((NatMath.pow(js2a,2)-js2a)+6)-realVal(JSt));
        }
        public void export__1t__a(double[] vals) throws Xcept {
            set(JSa,vals[0]);
        }
        public void MacCormack_State__u(double t,double x,double[] us,double[] cxs,double[] cxxs,double[] srcs) throws Xcept {
            js2t=t;
            js2u=us[0];
            js2x=x;
            interruptCheck();
            cxs[0]=0;
            cxxs[0]=1;
            srcs[0]=0;
        }
        public void Toms731_State__u(double t,double x,double[] us,double[] uxs,double[] cs,double[] qs,double[] rs) throws Xcept {
            js2t=t;
            js2u=us[0];
            js2x=x;
            js2u__Dx=uxs[0];
            interruptCheck();
            cs[0]=1;
            qs[0]=0;
            rs[0]=js2u__Dx;
        }
        public void common_LHB__u(double t,double[] us,double[] f1s,double[] f2s,double[] f3s) throws Xcept {
            js2t=t;
            js2u=us[0];
            js2x=js0x__min;
            fzero2problem__u__lhbc__a.solve(this);
            interruptCheck();
            f1s[0]=1;
            f2s[0]=0;
            f3s[0]=((js2a*(-1))*(-1));
        }
        public void Toms731_LHB__u(double t,double[] us,double[] uxs,double[] betas,double[] gammas) throws Xcept {
            js2t=t;
            js2u=us[0];
            js2u__Dx=uxs[0];
            js2x=js0x__min;
            fzero2problem__u__lhbc__a.solve(this);
            interruptCheck();
            betas[0]=0;
            gammas[0]=(js2u-js2a);
        }
        public void common_RHB__u(double t,double[] us,double[] f1s,double[] f2s,double[] f3s) throws Xcept {
            js2t=t;
            js2u=us[0];
            js2x=js0x__max;
            interruptCheck();
            f1s[0]=0;
            f2s[0]=1;
            f3s[0]=0;
        }
        public void Toms731_RHB__u(double t,double[] us,double[] uxs,double[] betas,double[] gammas) throws Xcept {
            js2t=t;
            js2u=us[0];
            js2u__Dx=uxs[0];
            js2x=js0x__max;
            interruptCheck();
            betas[0]=1;
            gammas[0]=0;
        }
        
        // ctxt methods for Fzero2Problem__u__LHBC__a
        public void setBounds__u__LHBC__a(double[] vmin,double[] vmax,double[] vguess) throws Xcept {
        }
        public void calcZero__u__LHBC__a(double[] vals,double[] zeroes) throws Xcept {
            js3a=vals[0];
            zeroes[0]=(((NatMath.pow(js3a,2)-js3a)+6)-js2t);
        }
        public void export__u__LHBC__a(double[] vals) throws Xcept {
            js2a=vals[0];
        }
        // ctxt methods for F&P
    }
     
}


