// JSim generated model JS100pde_xdom
 
import java.lang.Math;
import JSim.util.*;
import JSim.expr.*;
import JSim.data.*;
import JSim.jruntime.*;
import JSim.aserver.*;
import JSim.nml.math.NatMath;
 
// JS100pde_xdom model
public class JS100pde_xdom extends RTModel {

    // variable declarations
    public RTRealDomain JSt;
    public RTRealNVar JSt__min;
    public RTRealNVar JSt__max;
    public RTIntNVar JSt__ct;
    public RTRealNVar JSt__delta;
    public RTRealDomain JSx;
    public RTRealNVar JSx__min;
    public RTRealNVar JSx__max;
    public RTIntNVar JSx__ct;
    public RTRealNVar JSx__delta;
    public RTRealDomain JSy;
    public RTRealNVar JSy__min;
    public RTRealNVar JSy__max;
    public RTIntNVar JSy__ct;
    public RTRealNVar JSy__delta;
    public RTRealNVar JSu;
    public RTRealNVar JSu__init;
     
    // F&P declarations
    
    // solver declarations
    public PDE1Problem__u pde1problem__u;
     
    // RT model constructor
    public JS100pde_xdom(UnitNList u,ASServer.Messenger m) throws Xcept {
        super("JS100pde_xdom", u, m);
         
        // units used in model
        units.add("dimensionless", Unit.parse(this, "1  dimensionless"));
        units.add("radian", Unit.parse(this, "1  dimensionless"));
         
        // var instantiation
        JSt__min = new RTRealNVar(this, "t.min","dimensionless",1,null);
        JSt__max = new RTRealNVar(this, "t.max","dimensionless",1,null);
        JSt__ct = new RTIntNVar(this, "t.ct","dimensionless",2,null);
        JSt__delta = new RTRealNVar(this, "t.delta","dimensionless",1,null);
        JSx__min = new RTRealNVar(this, "x.min","dimensionless",1,null);
        JSx__max = new RTRealNVar(this, "x.max","dimensionless",1,null);
        JSx__ct = new RTIntNVar(this, "x.ct","dimensionless",2,null);
        JSx__delta = new RTRealNVar(this, "x.delta","dimensionless",1,null);
        JSy__min = new RTRealNVar(this, "y.min","dimensionless",1,null);
        JSy__max = new RTRealNVar(this, "y.max","dimensionless",1,null);
        JSy__ct = new RTIntNVar(this, "y.ct","dimensionless",2,null);
        JSy__delta = new RTRealNVar(this, "y.delta","dimensionless",1,null);
        JSt = new RTRealDomain(this, "t","dimensionless",2,JSt__min,JSt__max,JSt__delta,JSt__ct);
        JSx = new RTRealDomain(this, "x","dimensionless",2,JSx__min,JSx__max,JSx__delta,JSx__ct);
        JSy = new RTRealDomain(this, "y","dimensionless",2,JSy__min,JSy__max,JSy__delta,JSy__ct);
        JSu = new RTRealNVar(this, "u","dimensionless",5,new RTRealDomain[] {JSt,JSx,JSy});
        JSu__init = new RTRealNVar(this, "u__init","dimensionless",1,new RTRealDomain[] {JSx,JSy});
         
        // input defaults
        JSt__min.setDefault("0");
        JSt__max.setDefault("3");
        JSt__delta.setDefault(".1");
        JSx__min.setDefault("0");
        JSx__max.setDefault("1");
        JSx__delta.setDefault(".05");
        JSy__min.setDefault("0");
        JSy__max.setDefault("5");
        JSy__delta.setDefault("1");
        JSu__init.setDefault("0");
        
        // F&P initialization
        
        // solver instantiation
        pde1problem__u = new PDE1Problem__u(this);
        
    }
    
    // simple main methods
    public boolean defaultUnitCorrect() { return false; }
    public boolean allowMPRuns() { return true; }
    public void mainline(RTContext ctxt) throws Xcept { ((XContext) ctxt).mainline(); }
    public RTContext newRunContext(int threadInx, int nproc, RTDataStore s) { return new XContext(this, threadInx, nproc, s); }
    
    // every Nth point support
    public boolean runTimeNthSupported(RTRealDomain x) {
        String xname = x.name();
        if (xname.equals("x")) return false;
        if (xname.equals("t")) return false;
        if (xname.equals("y")) return false;
        return true;
    }
    
    // PDE problem solving [u]
    public class PDE1Problem__u extends PDE1Problem {
        public PDE1Problem__u(RTModel m) throws Xcept {
            super(m, "PDE1Problem__u");
            setup(JSt,JSx,0,
                new RTRealNVar[] {JSu},
                new RTRealNVar[] {null},
                new RTRealNVar[] {null},
                new RTRealNVar[] {null},
                new RTRealNVar[] {null},
                null, null);
            setSolvedVars(new ASVar[] {JSu});
            loopDomains = new RTRealDomain[] {JSy};
        }
        public boolean usesPDESolver(int which) {
            switch(which) {
            case ASModel.PDE_LSFEA: return true;
            case ASModel.PDE_MacCormack: return true;
            case ASModel.PDE_Toms731: return true;
            default: return false;
            }
        }
        public void common_LHB(RTContext ctxt,double t,double[] us,double[] f1s,double[] f2s,double[] f3s) throws Xcept {
            npdeCallbacks[ProfileData.common_LHB]++;
            ((XContext) ctxt).common_LHB__u(t,us,f1s,f2s,f3s);
        }
        public void common_RHB(RTContext ctxt,double t,double[] us,double[] f1s,double[] f2s,double[] f3s) throws Xcept {
            npdeCallbacks[ProfileData.common_RHB]++;
            ((XContext) ctxt).common_RHB__u(t,us,f1s,f2s,f3s);
        }
        public void LSFEA_tstep(RTContext ctxt,double t,double x,double[] us,double[] uts) throws Xcept {
            npdeCallbacks[ProfileData.LSFEA_tstep]++;
            ((XContext) ctxt).LSFEA_tstep__u(t,x,us,uts);
        }
        public void LSFEA_xstep(RTContext ctxt,double t,double x,double[] us,double[] uxcoefs,double[] uxxcoefs) throws Xcept {
            npdeCallbacks[ProfileData.LSFEA_xstep]++;
            ((XContext) ctxt).LSFEA_xstep__u(t,x,us,uxcoefs,uxxcoefs);
        }
        public void MacCormack_State(RTContext ctxt,double t,double x,double[] us,double[] cxs,double[] cxxs,double[] srcs) throws Xcept {
            npdeCallbacks[ProfileData.MacCormack_State]++;
            ((XContext) ctxt).MacCormack_State__u(t,x,us,cxs,cxxs,srcs);
        }
        public void Toms731_State(RTContext ctxt,double t,double x,double[] us,double[] uxs,double[] cs,double[] qs,double[] rs) throws Xcept {
            npdeCallbacks[ProfileData.Toms731_State]++;
            ((XContext) ctxt).Toms731_State__u(t,x,us,uxs,cs,qs,rs);
        }
        public void Toms731_LHB(RTContext ctxt,double t,double[] us,double[] uxs,double[] betas,double[] gammas) throws Xcept {
            npdeCallbacks[ProfileData.Toms731_LHB]++;
            ((XContext) ctxt).Toms731_LHB__u(t,us,uxs,betas,gammas);
        }
        public void Toms731_RHB(RTContext ctxt,double t,double[] us,double[] uxs,double[] betas,double[] gammas) throws Xcept {
            npdeCallbacks[ProfileData.Toms731_RHB]++;
            ((XContext) ctxt).Toms731_RHB__u(t,us,uxs,betas,gammas);
        }
    }
    
    // model-specific context
    public class XContext extends RTContext {
        // global caches
        private double js0t__min;
        private double js0t__max;
        private double js0t__delta;
        private double js0x__min;
        private double js0x__max;
        private double js0x__delta;
        private double js0y__min;
        private double js0y__max;
        private double js0y__delta;
        private double js3u__Dx;
        private double js3t;
        private double js3x;
        private double js3u;
        
        // context constructor
        public XContext(RTModel m, int threadInx, int nproc, RTDataStore s) { super(m, threadInx, nproc, s, false); }
        
        // trace NaN causes abort?
        public boolean abortNaN() { return false; }
        
        // ctxt mainline
        public void mainline() throws Xcept {
            js0y__delta = realVal(JSy__delta);
            js0y__max = realVal(JSy__max);
            js0y__min = realVal(JSy__min);
            js0x__delta = realVal(JSx__delta);
            js0x__max = realVal(JSx__max);
            js0x__min = realVal(JSx__min);
            js0t__delta = realVal(JSt__delta);
            js0t__max = realVal(JSt__max);
            js0t__min = realVal(JSt__min);
            set(JSy__ct,(((js0y__max-js0y__min)/js0y__delta)+1.5));
            set(JSy__max,js0y__max = (js0y__min+(js0y__delta*(realVal(JSy__ct)-1))));
            setDomain(JSy);
            set(JSx__ct,(((js0x__max-js0x__min)/js0x__delta)+1.5));
            set(JSx__max,js0x__max = (js0x__min+(js0x__delta*(realVal(JSx__ct)-1))));
            setDomain(JSx);
            set(JSt__ct,(((js0t__max-js0t__min)/js0t__delta)+1.5));
            set(JSt__max,js0t__max = (js0t__min+(js0t__delta*(realVal(JSt__ct)-1))));
            setDomain(JSt);
            startPhase(3, JSx);
            for (setLHBC(JSx); isSet(JSx); moveRight(JSx)) loop__0x();
            startPhase(4, null);
            startPhase(5, JSt);
            for (setLHBC(JSt); isSet(JSt); moveRight(JSt)) loop__1t();
            startPhase(6, null);
        }
        
        // ctxt loop iteration for domain x
        public void loop__0x() throws Xcept {
            for (setLHBC(JSy); isSet(JSy); moveRight(JSy)) loop__0x__0y();
            interruptCheck();
            updatePhase(JSx);
        }
        
        // ctxt loop iteration for domain y
        public void loop__0x__0y() throws Xcept {
            // input parm: u__init=0
            setLHBC(JSt);
            set(JSu,realVal(JSu__init));
            interruptCheck();
        }
        
        // ctxt loop iteration for domain t
        public void loop__1t() throws Xcept {
            for (setLHBC(JSy); isSet(JSy); moveRight(JSy)) loop__1t__0y();
            interruptCheck();
            updatePhase(JSt);
        }
        
        // ctxt loop iteration for domain y
        public void loop__1t__0y() throws Xcept {
            pde1problem__u.solve(this);
            interruptCheck();
        }
        
        public void LSFEA_tstep__u(double t,double x,double[] us,double[] uts) throws Xcept {
            js3t=t;
            js3u=us[0];
            js3x=x;
            interruptCheck();
            uts[0]=0;
        }
        public void LSFEA_xstep__u(double t,double x,double[] us,double[] uxcoefs,double[] uxxcoefs) throws Xcept {
            js3t=t;
            js3u=us[0];
            js3x=x;
            interruptCheck();
            uxcoefs[0]=0;
            uxxcoefs[0]=1;
        }
        public void MacCormack_State__u(double t,double x,double[] us,double[] cxs,double[] cxxs,double[] srcs) throws Xcept {
            js3t=t;
            js3u=us[0];
            js3x=x;
            interruptCheck();
            cxs[0]=0;
            cxxs[0]=1;
            srcs[0]=0;
        }
        public void Toms731_State__u(double t,double x,double[] us,double[] uxs,double[] cs,double[] qs,double[] rs) throws Xcept {
            js3t=t;
            js3u=us[0];
            js3x=x;
            js3u__Dx=uxs[0];
            interruptCheck();
            cs[0]=1;
            qs[0]=0;
            rs[0]=js3u__Dx;
        }
        public void common_LHB__u(double t,double[] us,double[] f1s,double[] f2s,double[] f3s) throws Xcept {
            js3t=t;
            js3u=us[0];
            js3x=js0x__min;
            interruptCheck();
            f1s[0]=0;
            f2s[0]=1;
            f3s[0]=0;
        }
        public void Toms731_LHB__u(double t,double[] us,double[] uxs,double[] betas,double[] gammas) throws Xcept {
            js3t=t;
            js3u=us[0];
            js3u__Dx=uxs[0];
            js3x=js0x__min;
            interruptCheck();
            betas[0]=1;
            gammas[0]=0;
        }
        public void common_RHB__u(double t,double[] us,double[] f1s,double[] f2s,double[] f3s) throws Xcept {
            js3t=t;
            js3u=us[0];
            js3x=js0x__max;
            interruptCheck();
            f1s[0]=0;
            f2s[0]=1;
            f3s[0]=0;
        }
        public void Toms731_RHB__u(double t,double[] us,double[] uxs,double[] betas,double[] gammas) throws Xcept {
            js3t=t;
            js3u=us[0];
            js3u__Dx=uxs[0];
            js3x=js0x__max;
            interruptCheck();
            betas[0]=1;
            gammas[0]=0;
        }
        
        // ctxt methods for F&P
    }
     
}


