// JSim generated model JS100pde_nopull
 
import java.lang.Math;
import JSim.util.*;
import JSim.expr.*;
import JSim.data.*;
import JSim.jruntime.*;
import JSim.aserver.*;
import JSim.nml.math.NatMath;
 
// JS100pde_nopull model
public class JS100pde_nopull extends RTModel {

    // variable declarations
    public RTRealDomain JSt;
    public RTRealNVar JSt__min;
    public RTRealNVar JSt__max;
    public RTIntNVar JSt__ct;
    public RTRealNVar JSt__delta;
    public RTRealDomain JSx1;
    public RTRealNVar JSx1__min;
    public RTRealNVar JSx1__max;
    public RTIntNVar JSx1__ct;
    public RTRealNVar JSx1__delta;
    public RTRealDomain JSx;
    public RTRealNVar JSx__min;
    public RTRealNVar JSx__max;
    public RTIntNVar JSx__ct;
    public RTRealNVar JSx__delta;
    public RTRealNVar JSA;
    public RTRealNVar JSB;
    public RTRealNVar JSAout;
    public RTRealNVar JSC;
    public RTRealNVar JSA__init;
    public RTRealNVar JSC__init;
     
    // F&P declarations
    
    // solver declarations
    public PDE1Problem__C pde1problem__c;
    public PDE1Problem__A pde1problem__a;
     
    // RT model constructor
    public JS100pde_nopull(UnitNList u,ASServer.Messenger m) throws Xcept {
        super("JS100pde_nopull", u, m);
         
        // units used in model
        units.add("dimensionless", Unit.parse(this, "1  dimensionless"));
        units.add("radian", Unit.parse(this, "1  dimensionless"));
         
        // var instantiation
        JSt__min = new RTRealNVar(this, "t.min","dimensionless",1,null);
        JSt__max = new RTRealNVar(this, "t.max","dimensionless",1,null);
        JSt__ct = new RTIntNVar(this, "t.ct","dimensionless",2,null);
        JSt__delta = new RTRealNVar(this, "t.delta","dimensionless",1,null);
        JSx1__min = new RTRealNVar(this, "x1.min","dimensionless",1,null);
        JSx1__max = new RTRealNVar(this, "x1.max","dimensionless",1,null);
        JSx1__ct = new RTIntNVar(this, "x1.ct","dimensionless",1,null);
        JSx1__delta = new RTRealNVar(this, "x1.delta","dimensionless",2,null);
        JSx__min = new RTRealNVar(this, "x.min","dimensionless",1,null);
        JSx__max = new RTRealNVar(this, "x.max","dimensionless",1,null);
        JSx__ct = new RTIntNVar(this, "x.ct","dimensionless",1,null);
        JSx__delta = new RTRealNVar(this, "x.delta","dimensionless",2,null);
        JSt = new RTRealDomain(this, "t","dimensionless",2,JSt__min,JSt__max,JSt__delta,JSt__ct);
        JSx1 = new RTRealDomain(this, "x1","dimensionless",2,JSx1__min,JSx1__max,JSx1__delta,JSx1__ct);
        JSx = new RTRealDomain(this, "x","dimensionless",2,JSx__min,JSx__max,JSx__delta,JSx__ct);
        JSA = new RTRealNVar(this, "A","dimensionless",7,new RTRealDomain[] {JSt,JSx1});
        JSB = new RTRealNVar(this, "B","dimensionless",7,new RTRealDomain[] {JSt,JSx});
        JSAout = new RTRealNVar(this, "Aout","dimensionless",7,new RTRealDomain[] {JSt});
        JSC = new RTRealNVar(this, "C","dimensionless",7,new RTRealDomain[] {JSt,JSx});
        JSA__init = new RTRealNVar(this, "A__init","dimensionless",1,new RTRealDomain[] {JSx1});
        JSC__init = new RTRealNVar(this, "C__init","dimensionless",1,new RTRealDomain[] {JSx});
         
        // input defaults
        JSt__min.setDefault("0");
        JSt__max.setDefault("30");
        JSt__delta.setDefault(".2");
        JSx1__min.setDefault("0");
        JSx1__max.setDefault(".1");
        JSx1__ct.setDefault("2");
        JSx__min.setDefault(".1");
        JSx__max.setDefault(".2");
        JSx__ct.setDefault("2");
        JSA__init.setDefault("0");
        JSC__init.setDefault("0");
        
        // F&P initialization
        
        // solver instantiation
        pde1problem__c = new PDE1Problem__C(this);
        pde1problem__a = new PDE1Problem__A(this);
        
    }
    
    // simple main methods
    public boolean defaultUnitCorrect() { return false; }
    public boolean allowMPRuns() { return true; }
    public void mainline(RTContext ctxt) throws Xcept { ((XContext) ctxt).mainline(); }
    public RTContext newRunContext(int threadInx, int nproc, RTDataStore s) { return new XContext(this, threadInx, nproc, s); }
    
    // every Nth point support
    public boolean runTimeNthSupported(RTRealDomain x) {
        String xname = x.name();
        if (xname.equals("t")) return false;
        if (xname.equals("x1")) return false;
        if (xname.equals("x")) return false;
        return true;
    }
    
    // PDE problem solving [C, B]
    public class PDE1Problem__C extends PDE1Problem {
        public PDE1Problem__C(RTModel m) throws Xcept {
            super(m, "PDE1Problem__C");
            setup(JSt,JSx,0,
                new RTRealNVar[] {JSC,JSB},
                new RTRealNVar[] {null,null},
                new RTRealNVar[] {null,null},
                new RTRealNVar[] {null,null},
                new RTRealNVar[] {null,null},
                null, null);
            setSolvedVars(new ASVar[] {JSC,JSB});
        }
        public boolean usesPDESolver(int which) {
            switch(which) {
            case ASModel.PDE_LSFEA: return true;
            case ASModel.PDE_MacCormack: return true;
            case ASModel.PDE_Toms731: return true;
            default: return false;
            }
        }
        public void common_LHB(RTContext ctxt,double t,double[] us,double[] f1s,double[] f2s,double[] f3s) throws Xcept {
            npdeCallbacks[ProfileData.common_LHB]++;
            ((XContext) ctxt).common_LHB__C(t,us,f1s,f2s,f3s);
        }
        public void common_RHB(RTContext ctxt,double t,double[] us,double[] f1s,double[] f2s,double[] f3s) throws Xcept {
            npdeCallbacks[ProfileData.common_RHB]++;
            ((XContext) ctxt).common_RHB__C(t,us,f1s,f2s,f3s);
        }
        public void LSFEA_tstep(RTContext ctxt,double t,double x,double[] us,double[] uts) throws Xcept {
            npdeCallbacks[ProfileData.LSFEA_tstep]++;
            ((XContext) ctxt).LSFEA_tstep__C(t,x,us,uts);
        }
        public void LSFEA_xstep(RTContext ctxt,double t,double x,double[] us,double[] uxcoefs,double[] uxxcoefs) throws Xcept {
            npdeCallbacks[ProfileData.LSFEA_xstep]++;
            ((XContext) ctxt).LSFEA_xstep__C(t,x,us,uxcoefs,uxxcoefs);
        }
        public void MacCormack_State(RTContext ctxt,double t,double x,double[] us,double[] cxs,double[] cxxs,double[] srcs) throws Xcept {
            npdeCallbacks[ProfileData.MacCormack_State]++;
            ((XContext) ctxt).MacCormack_State__C(t,x,us,cxs,cxxs,srcs);
        }
        public void Toms731_State(RTContext ctxt,double t,double x,double[] us,double[] uxs,double[] cs,double[] qs,double[] rs) throws Xcept {
            npdeCallbacks[ProfileData.Toms731_State]++;
            ((XContext) ctxt).Toms731_State__C(t,x,us,uxs,cs,qs,rs);
        }
        public void Toms731_LHB(RTContext ctxt,double t,double[] us,double[] uxs,double[] betas,double[] gammas) throws Xcept {
            npdeCallbacks[ProfileData.Toms731_LHB]++;
            ((XContext) ctxt).Toms731_LHB__C(t,us,uxs,betas,gammas);
        }
        public void Toms731_RHB(RTContext ctxt,double t,double[] us,double[] uxs,double[] betas,double[] gammas) throws Xcept {
            npdeCallbacks[ProfileData.Toms731_RHB]++;
            ((XContext) ctxt).Toms731_RHB__C(t,us,uxs,betas,gammas);
        }
    }
    
    // PDE problem solving [A]
    public class PDE1Problem__A extends PDE1Problem {
        public PDE1Problem__A(RTModel m) throws Xcept {
            super(m, "PDE1Problem__A");
            setup(JSt,JSx1,0,
                new RTRealNVar[] {JSA},
                new RTRealNVar[] {null},
                new RTRealNVar[] {null},
                new RTRealNVar[] {null},
                new RTRealNVar[] {null},
                null, null);
            setSolvedVars(new ASVar[] {JSA});
        }
        public boolean usesPDESolver(int which) {
            switch(which) {
            case ASModel.PDE_LSFEA: return true;
            case ASModel.PDE_MacCormack: return true;
            case ASModel.PDE_Toms731: return true;
            default: return false;
            }
        }
        public void common_LHB(RTContext ctxt,double t,double[] us,double[] f1s,double[] f2s,double[] f3s) throws Xcept {
            npdeCallbacks[ProfileData.common_LHB]++;
            ((XContext) ctxt).common_LHB__A(t,us,f1s,f2s,f3s);
        }
        public void common_RHB(RTContext ctxt,double t,double[] us,double[] f1s,double[] f2s,double[] f3s) throws Xcept {
            npdeCallbacks[ProfileData.common_RHB]++;
            ((XContext) ctxt).common_RHB__A(t,us,f1s,f2s,f3s);
        }
        public void LSFEA_tstep(RTContext ctxt,double t,double x,double[] us,double[] uts) throws Xcept {
            npdeCallbacks[ProfileData.LSFEA_tstep]++;
            ((XContext) ctxt).LSFEA_tstep__A(t,x,us,uts);
        }
        public void LSFEA_xstep(RTContext ctxt,double t,double x,double[] us,double[] uxcoefs,double[] uxxcoefs) throws Xcept {
            npdeCallbacks[ProfileData.LSFEA_xstep]++;
            ((XContext) ctxt).LSFEA_xstep__A(t,x,us,uxcoefs,uxxcoefs);
        }
        public void MacCormack_State(RTContext ctxt,double t,double x,double[] us,double[] cxs,double[] cxxs,double[] srcs) throws Xcept {
            npdeCallbacks[ProfileData.MacCormack_State]++;
            ((XContext) ctxt).MacCormack_State__A(t,x,us,cxs,cxxs,srcs);
        }
        public void Toms731_State(RTContext ctxt,double t,double x,double[] us,double[] uxs,double[] cs,double[] qs,double[] rs) throws Xcept {
            npdeCallbacks[ProfileData.Toms731_State]++;
            ((XContext) ctxt).Toms731_State__A(t,x,us,uxs,cs,qs,rs);
        }
        public void Toms731_LHB(RTContext ctxt,double t,double[] us,double[] uxs,double[] betas,double[] gammas) throws Xcept {
            npdeCallbacks[ProfileData.Toms731_LHB]++;
            ((XContext) ctxt).Toms731_LHB__A(t,us,uxs,betas,gammas);
        }
        public void Toms731_RHB(RTContext ctxt,double t,double[] us,double[] uxs,double[] betas,double[] gammas) throws Xcept {
            npdeCallbacks[ProfileData.Toms731_RHB]++;
            ((XContext) ctxt).Toms731_RHB__A(t,us,uxs,betas,gammas);
        }
    }
    
    // model-specific context
    public class XContext extends RTContext {
        // global caches
        private double js0t__min;
        private double js0t__max;
        private double js0t__delta;
        private double js0x1__min;
        private double js0x1__max;
        private double js0x1__ct;
        private double js0x__min;
        private double js0x__max;
        private double js0x__ct;
        private double js2C__Dx;
        private double js2B__Dx;
        private double js2t;
        private double js2x;
        private double js2C;
        private double js2B;
        private double js2A__Dx1;
        private double js2x1;
        private double js2A;
        
        // context constructor
        public XContext(RTModel m, int threadInx, int nproc, RTDataStore s) { super(m, threadInx, nproc, s, false); }
        
        // trace NaN causes abort?
        public boolean abortNaN() { return false; }
        
        // ctxt mainline
        public void mainline() throws Xcept {
            js0x__ct = realVal(JSx__ct);
            js0x__max = realVal(JSx__max);
            js0x__min = realVal(JSx__min);
            js0x1__ct = realVal(JSx1__ct);
            js0x1__max = realVal(JSx1__max);
            js0x1__min = realVal(JSx1__min);
            js0t__delta = realVal(JSt__delta);
            js0t__max = realVal(JSt__max);
            js0t__min = realVal(JSt__min);
            set(JSx__delta,((js0x__max-js0x__min)/(js0x__ct-1)));
            set(JSx__max,js0x__max = (js0x__min+(realVal(JSx__delta)*(js0x__ct-1))));
            setDomain(JSx);
            set(JSx1__delta,((js0x1__max-js0x1__min)/(js0x1__ct-1)));
            set(JSx1__max,js0x1__max = (js0x1__min+(realVal(JSx1__delta)*(js0x1__ct-1))));
            setDomain(JSx1);
            set(JSt__ct,(((js0t__max-js0t__min)/js0t__delta)+1.5));
            set(JSt__max,js0t__max = (js0t__min+(js0t__delta*(realVal(JSt__ct)-1))));
            setDomain(JSt);
            startPhase(3, JSx1);
            for (setLHBC(JSx1); isSet(JSx1); moveRight(JSx1)) loop__0x1();
            startPhase(4, null);
            setLHBC(JSt);
            setRHBC(JSx1);
            set(JSAout,realVal(JSA));
            startPhase(5, JSx);
            for (setLHBC(JSx); isSet(JSx); moveRight(JSx)) loop__1x();
            startPhase(6, null);
            startPhase(7, JSt);
            for (setLHBC(JSt); isSet(JSt); moveRight(JSt)) loop__2t();
            startPhase(8, null);
        }
        
        // ctxt loop iteration for domain x1
        public void loop__0x1() throws Xcept {
            // input parm: A__init=0
            setLHBC(JSt);
            set(JSA,realVal(JSA__init));
            interruptCheck();
            updatePhase(JSx1);
        }
        
        // ctxt loop iteration for domain x
        public void loop__1x() throws Xcept {
            // input parm: C__init=0
            setLHBC(JSt);
            set(JSC,realVal(JSC__init));
            setLHBC(JSt);
            set(JSB,realVal(JSAout));
            interruptCheck();
            updatePhase(JSx);
        }
        
        // ctxt loop iteration for domain t
        public void loop__2t() throws Xcept {
            setRHBC(JSx1);
            set(JSAout,realVal(JSA));
            pde1problem__c.solve(this);
            pde1problem__a.solve(this);
            interruptCheck();
            updatePhase(JSt);
        }
        
        public void LSFEA_tstep__C(double t,double x,double[] us,double[] uts) throws Xcept {
            js2t=t;
            js2C=us[0];
            js2B=us[1];
            js2x=x;
            interruptCheck();
            uts[0]=0;
            uts[1]=0;
        }
        public void LSFEA_xstep__C(double t,double x,double[] us,double[] uxcoefs,double[] uxxcoefs) throws Xcept {
            js2t=t;
            js2C=us[0];
            js2B=us[1];
            js2x=x;
            interruptCheck();
            uxcoefs[0]=0;
            uxxcoefs[0]=1;
            uxcoefs[1]=0;
            uxxcoefs[1]=1;
        }
        public void MacCormack_State__C(double t,double x,double[] us,double[] cxs,double[] cxxs,double[] srcs) throws Xcept {
            js2t=t;
            js2C=us[0];
            js2B=us[1];
            js2x=x;
            interruptCheck();
            cxs[0]=0;
            cxxs[0]=1;
            srcs[0]=0;
            cxs[1]=0;
            cxxs[1]=1;
            srcs[1]=0;
        }
        public void Toms731_State__C(double t,double x,double[] us,double[] uxs,double[] cs,double[] qs,double[] rs) throws Xcept {
            js2t=t;
            js2C=us[0];
            js2B=us[1];
            js2x=x;
            js2C__Dx=uxs[0];
            js2B__Dx=uxs[1];
            interruptCheck();
            cs[0]=1;
            qs[0]=0;
            rs[0]=js2C__Dx;
            cs[1]=1;
            qs[1]=0;
            rs[1]=js2B__Dx;
        }
        public void common_LHB__C(double t,double[] us,double[] f1s,double[] f2s,double[] f3s) throws Xcept {
            js2t=t;
            js2C=us[0];
            js2B=us[1];
            js2x=js0x__min;
            interruptCheck();
            f1s[0]=0;
            f2s[0]=1;
            f3s[0]=0;
            f1s[1]=0;
            f2s[1]=1;
            f3s[1]=0;
        }
        public void Toms731_LHB__C(double t,double[] us,double[] uxs,double[] betas,double[] gammas) throws Xcept {
            js2t=t;
            js2C=us[0];
            js2B=us[1];
            js2C__Dx=uxs[0];
            js2B__Dx=uxs[1];
            js2x=js0x__min;
            interruptCheck();
            betas[0]=1;
            gammas[0]=0;
            betas[1]=1;
            gammas[1]=0;
        }
        public void common_RHB__C(double t,double[] us,double[] f1s,double[] f2s,double[] f3s) throws Xcept {
            js2t=t;
            js2C=us[0];
            js2B=us[1];
            js2x=js0x__max;
            interruptCheck();
            f1s[0]=0;
            f2s[0]=1;
            f3s[0]=0;
            f1s[1]=0;
            f2s[1]=1;
            f3s[1]=0;
        }
        public void Toms731_RHB__C(double t,double[] us,double[] uxs,double[] betas,double[] gammas) throws Xcept {
            js2t=t;
            js2C=us[0];
            js2B=us[1];
            js2C__Dx=uxs[0];
            js2B__Dx=uxs[1];
            js2x=js0x__max;
            interruptCheck();
            betas[0]=1;
            gammas[0]=0;
            betas[1]=1;
            gammas[1]=0;
        }
        
        public void LSFEA_tstep__A(double t,double x,double[] us,double[] uts) throws Xcept {
            js2t=t;
            js2A=us[0];
            js2x1=x;
            interruptCheck();
            uts[0]=0;
        }
        public void LSFEA_xstep__A(double t,double x,double[] us,double[] uxcoefs,double[] uxxcoefs) throws Xcept {
            js2t=t;
            js2A=us[0];
            js2x1=x;
            interruptCheck();
            uxcoefs[0]=0;
            uxxcoefs[0]=1;
        }
        public void MacCormack_State__A(double t,double x,double[] us,double[] cxs,double[] cxxs,double[] srcs) throws Xcept {
            js2t=t;
            js2A=us[0];
            js2x1=x;
            interruptCheck();
            cxs[0]=0;
            cxxs[0]=1;
            srcs[0]=0;
        }
        public void Toms731_State__A(double t,double x,double[] us,double[] uxs,double[] cs,double[] qs,double[] rs) throws Xcept {
            js2t=t;
            js2A=us[0];
            js2x1=x;
            js2A__Dx1=uxs[0];
            interruptCheck();
            cs[0]=1;
            qs[0]=0;
            rs[0]=js2A__Dx1;
        }
        public void common_LHB__A(double t,double[] us,double[] f1s,double[] f2s,double[] f3s) throws Xcept {
            js2t=t;
            js2A=us[0];
            js2x1=js0x1__min;
            interruptCheck();
            f1s[0]=0;
            f2s[0]=1;
            f3s[0]=0;
        }
        public void Toms731_LHB__A(double t,double[] us,double[] uxs,double[] betas,double[] gammas) throws Xcept {
            js2t=t;
            js2A=us[0];
            js2A__Dx1=uxs[0];
            js2x1=js0x1__min;
            interruptCheck();
            betas[0]=1;
            gammas[0]=0;
        }
        public void common_RHB__A(double t,double[] us,double[] f1s,double[] f2s,double[] f3s) throws Xcept {
            js2t=t;
            js2A=us[0];
            js2x1=js0x1__max;
            interruptCheck();
            f1s[0]=0;
            f2s[0]=1;
            f3s[0]=0;
        }
        public void Toms731_RHB__A(double t,double[] us,double[] uxs,double[] betas,double[] gammas) throws Xcept {
            js2t=t;
            js2A=us[0];
            js2A__Dx1=uxs[0];
            js2x1=js0x1__max;
            interruptCheck();
            betas[0]=1;
            gammas[0]=0;
        }
        
        // ctxt methods for F&P
    }
     
}


