==== Planner Log ====
Plan options=[maxBuildTime=120, maxImplicitBlock=10, initNaN=false, abortNaN=false, traceNaN=false, traceVars=, ignoreAllOverspec=false, ignoreAllUnderspec=false]
Loading Variables
  add var: realDomain t
  add var: real t.min
  add var: real t.max
  add var: int t.ct
  add var: real t.delta
  add var: realDomain x
  add var: real x.min
  add var: real x.max
  add var: int x.ct
  add var: real x.delta
  add var: real a(t)
  add var: real u(x,t)
  add var: real u:x(x,t)
  add var: real u:t(x,t)
  add var: real u:x:x(x,t)
Loading Constraints
  t.min=0 :: [t.min]
  t.max=1 :: [t.max]
  t.delta=1 :: [t.delta]
  x.min=0 :: [x.min]
  x.max=1 :: [x.max]
  x.delta=1 :: [x.delta]
  (a^2-a+6)=t :: [a, t]
  when (t=t.min) u=a :: [u(t.min), a(t.min)]
  when (x=x.min) u=a :: [u(x.min), a]
  when (x=x.max) u:x=0 :: [u:x(x.max)]
  u:t=u:x:x :: [u:t, u:x:x]
Input      phase completed with 0 errors, 0 warnings.

Toolbox phase starting ...
  add tool: domain t
  add tool: domain x
Toolbox phase - cycle 1:
  check eqn: t.min=0; [t.min]
  add tool: t.min=0
  check eqn: t.max=1; [t.max]
  add tool: t.max=1
  check eqn: t.delta=1; [t.delta]
  add tool: t.delta=1
  add tool: t.ct=(t.max-t.min)/t.delta+1.5
  check eqn: x.min=0; [x.min]
  add tool: x.min=0
  check eqn: x.max=1; [x.max]
  add tool: x.max=1
  check eqn: x.delta=1; [x.delta]
  add tool: x.delta=1
  add tool: x.ct=(x.max-x.min)/x.delta+1.5
  check eqn: (a^2-a+6)=t; [a]
  Implicit tool non-linear in [a]
  add tool: [(a^2-a+6)=t]
  check eqn: when (t=t.min) u=a; [u(t.min)]
  add tool: u(t.min)=when (t=t.min) a
  check eqn: when (x=x.min) u=a; [u(x.min)]
  add tool: u(x.min)=a
  check eqn: when (x=x.max) u:x=0; [u:x(x.max)]
  add tool: u:x(x.max)=0
  check eqn: u:t=u:x:x; [u:t, u:x:x]
  add tool: PDE u: []
  updated PDE(u) with u(t.min)=when (t=t.min) a
  updated PDE(u) with u(x.min)=a
  updated PDE(u) with u:x(x.max)=0
Toolbox phase - cycle 1:
  check eqn: u:t=u:x:x; [u:t, u:x:x]
Toolbox phase - cycle 2:
Toolbox phase - cycle 3:
  updated PDE(u) with u:t=u:x:x
    u is now entirely solved
Toolbox phase - cycle 1:
Toolbox phase - all cycles completed
PDE(u) factors:  D=1 P=0 B=0 S=0
  LHBC F1=1 F2=0 F3=a*(-1)*(-1)
  RHBC F1=0 F2=1 F3=0
  Solver LSFEA unsupported: Zero advection requires zero f1, f3, g1 and g3
  Solver MacCormack supported
  Solver Toms731 supported
  checking PDE(u) D=1 for differentiability ...
  setting Dx=0
  Tom731  C=1 Q=0 R=u:x
  Toms731 LHBC:  Beta=0 Gamma=0
  Toms731 RHBC:  Beta=1 Gamma=1
Toolbox    phase completed with 0 errors, 0 warnings.

Sequencing phase starting ...
Tools to sequence:
  @t PDE-1D u: u:t=u:x:x :: [u, u(t.max), u(x.max), u(x.min)]<<[a, u(t.min)]
  @t [(a^2-a+6)=t] :: [a]<<[t]
  x.delta=1 :: [x.delta]<<[]
  x.ct=(x.max-x.min)/x.delta+1.5 :: [x.ct]<<[x.max, x.min, x.delta]
  x.max=1 :: [x.max]<<[]
  x.min=0 :: [x.min]<<[]
  domain x :: [x]<<[x.min, x.max, x.ct, x.delta]
  t.delta=1 :: [t.delta]<<[]
  t.ct=(t.max-t.min)/t.delta+1.5 :: [t.ct]<<[t.max, t.min, t.delta]
  t.max=1 :: [t.max]<<[]
  t.min=0 :: [t.min]<<[]
  domain t :: [t]<<[t.min, t.max, t.ct, t.delta]
  @x u(t.min)=when (t=t.min) a :: [u(t.min)]<<[a(t.min)]
Events to seqence:
Relations to sequence:
Creating vuTools map ...
Adding reuse & query tools ...
  adding reuse tool: when (t=t.min) [(a^2-a+6)=t] [a(t.min)]<<[t(min)]
  adding query tool: query [t(min)]<<[t]
Creating MainGraph ...
loopOrder=[t, x]
  addNode u seqLoops=(t) phase=t#1 fft=t
  addNode a seqLoops=(t) phase=t#1 fft=null
  addNode x.delta seqLoops=() phase=main fft=null
  addNode x.ct seqLoops=() phase=main fft=null
  addNode x.max seqLoops=() phase=main fft=null
  addNode x.min seqLoops=() phase=main fft=null
  addNode x seqLoops=() phase=main fft=null
  addNode t.delta seqLoops=() phase=main fft=null
  addNode t.ct seqLoops=() phase=main fft=null
  addNode t.max seqLoops=() phase=main fft=null
  addNode t.min seqLoops=() phase=main fft=null
  addNode t seqLoops=() phase=main fft=null
  addNode u(t.min) seqLoops=(x) phase=x#1 fft=null
  addNode a(t.min) seqLoops=() phase=main fft=null
  addNode t(min) seqLoops=() phase=main fft=null
Saving graph pullfinder
Building mainline block ...
Mainline block graph:
building block for phase main
  adding x.delta=1 to main
  adding x.max=1 to main
  adding x.min=0 to main
  adding t.delta=1 to main
  adding t.max=1 to main
  adding t.min=0 to main
  adding x.ct=(x.max-x.min)/x.delta+1.5 to main
  adding domain x to main
  adding t.ct=(t.max-t.min)/t.delta+1.5 to main
  adding domain t to main
  adding query [t(min)] to main
  adding when (t=t.min) [(a^2-a+6)=t] to main
  subphase t#1 entryEdge=u(t.min)->u
  subphase x#1 entryEdge=null
building block for phase x#1
  adding u(t.min)=when (t=t.min) a to loop-x
  adding loop-x to main
  subphase t#1 entryEdge=null
building block for phase t#1
  adding [(a^2-a+6)=t] to loop-t
  adding PDE Block-t(x) [u] to loop-t
  adding loop-t to main
Building PDE Block-t(x) [u] ...
PDE solver LSFEA: Zero advection requires zero f1, f3, g1 and g3
PDE solver MacCormack: supported
PDE solver Toms731: supported
Building PDE BC x=x.min [u] ...
  adding muTool [(a^2-a+6)=t]
  adding muVar a
  adding [(a^2-a+6)=t] to PDE BC x=x.min [u]
Building PDE BC x=x.max [u] ...
Sequencing phase completed with 0 errors, 0 warnings.

==== Main Calculation Block ====
main
  x.delta=1
  x.max=1
  x.min=0
  t.delta=1
  t.max=1
  t.min=0
  x.ct=(x.max-x.min)/x.delta+1.5
  domain x
  t.ct=(t.max-t.min)/t.delta+1.5
  domain t
  query [t(min)]
  when (t=t.min) [(a^2-a+6)=t]
  loop-x
    u(t.min)=when (t=t.min) a
  loop-t
    [(a^2-a+6)=t]
    PDE Block-t(x) vmus=[t, x, u]
      PDE BC x=x.min vmus=[t, u, a]
        [(a^2-a+6)=t]
      PDE BC x=x.max vmus=[t, u]

