// JSim generated model JS100pde_recirc_x
 
import java.lang.Math;
import JSim.util.*;
import JSim.expr.*;
import JSim.data.*;
import JSim.jruntime.*;
import JSim.aserver.*;
import JSim.nml.math.NatMath;
 
// JS100pde_recirc_x model
public class JS100pde_recirc_x extends RTModel {

    // variable declarations
    public RTRealDomain JSt;
    public RTRealNVar JSt__min;
    public RTRealNVar JSt__max;
    public RTIntNVar JSt__ct;
    public RTRealNVar JSt__delta;
    public RTRealDomain JSx;
    public RTRealNVar JSx__min;
    public RTRealNVar JSx__max;
    public RTIntNVar JSx__ct;
    public RTRealNVar JSx__delta;
    public RTRealNVar JSCin;
    public RTRealNVar JSu;
    public RTRealNVar JSv;
    public RTRealNVar JSuOut;
    public RTRealNVar JSvOut;
    public RTRealNVar JSu__init;
    public RTRealNVar JSv__init;
     
    // F&P declarations
    
    // solver declarations
    public PDE1Problem__v pde1problem__v;
     
    // RT model constructor
    public JS100pde_recirc_x(UnitNList u,ASServer.Messenger m) throws Xcept {
        super("JS100pde_recirc_x", u, m);
         
        // units used in model
        units.add("dimensionless", Unit.parse(this, "1  dimensionless"));
        units.add("radian", Unit.parse(this, "1  dimensionless"));
         
        // var instantiation
        JSt__min = new RTRealNVar(this, "t.min","dimensionless",1,null);
        JSt__max = new RTRealNVar(this, "t.max","dimensionless",1,null);
        JSt__ct = new RTIntNVar(this, "t.ct","dimensionless",2,null);
        JSt__delta = new RTRealNVar(this, "t.delta","dimensionless",1,null);
        JSx__min = new RTRealNVar(this, "x.min","dimensionless",1,null);
        JSx__max = new RTRealNVar(this, "x.max","dimensionless",1,null);
        JSx__ct = new RTIntNVar(this, "x.ct","dimensionless",2,null);
        JSx__delta = new RTRealNVar(this, "x.delta","dimensionless",1,null);
        JSt = new RTRealDomain(this, "t","dimensionless",2,JSt__min,JSt__max,JSt__delta,JSt__ct);
        JSx = new RTRealDomain(this, "x","dimensionless",2,JSx__min,JSx__max,JSx__delta,JSx__ct);
        JSCin = new RTRealNVar(this, "Cin","dimensionless",5,new RTRealDomain[] {JSt});
        JSu = new RTRealNVar(this, "u","dimensionless",5,new RTRealDomain[] {JSt,JSx});
        JSv = new RTRealNVar(this, "v","dimensionless",5,new RTRealDomain[] {JSt,JSx});
        JSuOut = new RTRealNVar(this, "uOut","dimensionless",5,new RTRealDomain[] {JSt});
        JSvOut = new RTRealNVar(this, "vOut","dimensionless",5,new RTRealDomain[] {JSt});
        JSu__init = new RTRealNVar(this, "u__init","dimensionless",1,new RTRealDomain[] {JSx});
        JSv__init = new RTRealNVar(this, "v__init","dimensionless",1,new RTRealDomain[] {JSx});
         
        // input defaults
        JSt__min.setDefault("0");
        JSt__max.setDefault("3");
        JSt__delta.setDefault(".1");
        JSx__min.setDefault("0");
        JSx__max.setDefault("1");
        JSx__delta.setDefault(".05");
        JSu__init.setDefault("0");
        JSv__init.setDefault("0");
        
        // F&P initialization
        
        // solver instantiation
        pde1problem__v = new PDE1Problem__v(this);
        
    }
    
    // simple main methods
    public boolean defaultUnitCorrect() { return false; }
    public boolean allowMPRuns() { return true; }
    public void mainline(RTContext ctxt) throws Xcept { ((XContext) ctxt).mainline(); }
    public RTContext newRunContext(int threadInx, int nproc, RTDataStore s) { return new XContext(this, threadInx, nproc, s); }
    
    // PDE problem solving [v, u]
    public class PDE1Problem__v extends PDE1Problem {
        public PDE1Problem__v(RTModel m) throws Xcept {
            super(m, "PDE1Problem__v");
            setup(JSt,JSx,0,
                new RTRealNVar[] {JSv,JSu},
                new RTRealNVar[] {null,null},
                new RTRealNVar[] {null,null},
                new RTRealNVar[] {null,null},
                new RTRealNVar[] {null,null},
                null, null);
            setSolvedVars(new ASVar[] {JSv,JSu});
        }
        public boolean usesPDESolver(int which) {
            switch(which) {
            case ASModel.PDE_LSFEA: return true;
            case ASModel.PDE_MacCormack: return true;
            case ASModel.PDE_Toms731: return true;
            default: return false;
            }
        }
        public void common_LHB(RTContext ctxt,double t,double[] us,double[] f1s,double[] f2s,double[] f3s) throws Xcept {
            npdeCallbacks[ProfileData.common_LHB]++;
            ((XContext) ctxt).common_LHB__v(t,us,f1s,f2s,f3s);
        }
        public void common_RHB(RTContext ctxt,double t,double[] us,double[] f1s,double[] f2s,double[] f3s) throws Xcept {
            npdeCallbacks[ProfileData.common_RHB]++;
            ((XContext) ctxt).common_RHB__v(t,us,f1s,f2s,f3s);
        }
        public void LSFEA_tstep(RTContext ctxt,double t,double x,double[] us,double[] uts) throws Xcept {
            npdeCallbacks[ProfileData.LSFEA_tstep]++;
            ((XContext) ctxt).LSFEA_tstep__v(t,x,us,uts);
        }
        public void LSFEA_xstep(RTContext ctxt,double t,double x,double[] us,double[] uxcoefs,double[] uxxcoefs) throws Xcept {
            npdeCallbacks[ProfileData.LSFEA_xstep]++;
            ((XContext) ctxt).LSFEA_xstep__v(t,x,us,uxcoefs,uxxcoefs);
        }
        public void MacCormack_State(RTContext ctxt,double t,double x,double[] us,double[] cxs,double[] cxxs,double[] srcs) throws Xcept {
            npdeCallbacks[ProfileData.MacCormack_State]++;
            ((XContext) ctxt).MacCormack_State__v(t,x,us,cxs,cxxs,srcs);
        }
        public void Toms731_State(RTContext ctxt,double t,double x,double[] us,double[] uxs,double[] cs,double[] qs,double[] rs) throws Xcept {
            npdeCallbacks[ProfileData.Toms731_State]++;
            ((XContext) ctxt).Toms731_State__v(t,x,us,uxs,cs,qs,rs);
        }
        public void Toms731_LHB(RTContext ctxt,double t,double[] us,double[] uxs,double[] betas,double[] gammas) throws Xcept {
            npdeCallbacks[ProfileData.Toms731_LHB]++;
            ((XContext) ctxt).Toms731_LHB__v(t,us,uxs,betas,gammas);
        }
        public void Toms731_RHB(RTContext ctxt,double t,double[] us,double[] uxs,double[] betas,double[] gammas) throws Xcept {
            npdeCallbacks[ProfileData.Toms731_RHB]++;
            ((XContext) ctxt).Toms731_RHB__v(t,us,uxs,betas,gammas);
        }
    }
    
    // model-specific context
    public class XContext extends RTContext {
        // global caches
        private double js0t__min;
        private double js0t__max;
        private double js0t__delta;
        private double js0x__min;
        private double js0x__max;
        private double js0x__delta;
        private double js2v__Dx;
        private double js2u__Dx;
        private double js2t;
        private double js2x;
        private double js2v;
        private double js2u;
        private double js2Cin;
        
        // context constructor
        public XContext(RTModel m, int threadInx, int nproc, RTDataStore s) { super(m, threadInx, nproc, s, false); }
        
        // trace NaN causes abort?
        public boolean abortNaN() { return false; }
        
        // ctxt mainline
        public void mainline() throws Xcept {
            js0x__delta = realVal(JSx__delta);
            js0x__max = realVal(JSx__max);
            js0x__min = realVal(JSx__min);
            js0t__delta = realVal(JSt__delta);
            js0t__max = realVal(JSt__max);
            js0t__min = realVal(JSt__min);
            set(JSx__ct,(((js0x__max-js0x__min)/js0x__delta)+1.5));
            set(JSx__max,js0x__max = (js0x__min+(js0x__delta*(realVal(JSx__ct)-1))));
            setDomain(JSx);
            set(JSt__ct,(((js0t__max-js0t__min)/js0t__delta)+1.5));
            set(JSt__max,js0t__max = (js0t__min+(js0t__delta*(realVal(JSt__ct)-1))));
            setDomain(JSt);
            startPhase(3, JSx);
            for (setLHBC(JSx); isSet(JSx); moveRight(JSx)) loop__0x();
            startPhase(4, null);
            startPhase(5, JSt);
            for (setLHBC(JSt); isSet(JSt); moveRight(JSt)) loop__1t();
            startPhase(6, null);
        }
        
        // ctxt loop iteration for domain x
        public void loop__0x() throws Xcept {
            // input parm: u__init=0
            // input parm: v__init=0
            setLHBC(JSt);
            set(JSv,realVal(JSv__init));
            setLHBC(JSt);
            set(JSu,realVal(JSu__init));
            interruptCheck();
            updatePhase(JSx);
        }
        
        // ctxt loop iteration for domain t
        public void loop__1t() throws Xcept {
            setRHBC(JSx);
            set(JSvOut,realVal(JSv));
            setRHBC(JSx);
            set(JSuOut,realVal(JSu));
            set(JSCin,(1-NatMath.exp((realVal(JSt)*(-1)))));
            pde1problem__v.solve(this);
            interruptCheck();
            updatePhase(JSt);
        }
        
        public void LSFEA_tstep__v(double t,double x,double[] us,double[] uts) throws Xcept {
            js2t=t;
            js2v=us[0];
            js2u=us[1];
            js2x=x;
            interruptCheck();
            uts[0]=0;
            uts[1]=0;
        }
        public void LSFEA_xstep__v(double t,double x,double[] us,double[] uxcoefs,double[] uxxcoefs) throws Xcept {
            js2t=t;
            js2v=us[0];
            js2u=us[1];
            js2x=x;
            interruptCheck();
            uxcoefs[0]=((-1)*(-1));
            uxxcoefs[0]=((-1)*(-1));
            uxcoefs[1]=((-1)*(-1));
            uxxcoefs[1]=((-1)*(-1));
        }
        public void MacCormack_State__v(double t,double x,double[] us,double[] cxs,double[] cxxs,double[] srcs) throws Xcept {
            js2t=t;
            js2v=us[0];
            js2u=us[1];
            js2x=x;
            interruptCheck();
            cxs[0]=((-1)*(-1));
            cxxs[0]=((-1)*(-1));
            srcs[0]=0;
            cxs[1]=((-1)*(-1));
            cxxs[1]=((-1)*(-1));
            srcs[1]=0;
        }
        public void Toms731_State__v(double t,double x,double[] us,double[] uxs,double[] cs,double[] qs,double[] rs) throws Xcept {
            js2t=t;
            js2v=us[0];
            js2u=us[1];
            js2x=x;
            js2v__Dx=uxs[0];
            js2u__Dx=uxs[1];
            interruptCheck();
            cs[0]=1;
            qs[0]=js2v__Dx;
            rs[0]=js2v__Dx;
            cs[1]=1;
            qs[1]=js2u__Dx;
            rs[1]=js2u__Dx;
        }
        public void common_LHB__v(double t,double[] us,double[] f1s,double[] f2s,double[] f3s) throws Xcept {
            js2t=t;
            js2v=us[0];
            js2u=us[1];
            js2x=js0x__min;
            js2Cin = (1-NatMath.exp((js2t*(-1))));
            interruptCheck();
            f1s[0]=1;
            f2s[0]=0;
            f3s[0]=((realVal(JSuOut)*(-1))*(-1));
            f1s[1]=1;
            f2s[1]=0;
            f3s[1]=(((js2Cin+realVal(JSvOut))*(-1))*(-1));
        }
        public void Toms731_LHB__v(double t,double[] us,double[] uxs,double[] betas,double[] gammas) throws Xcept {
            js2t=t;
            js2v=us[0];
            js2u=us[1];
            js2v__Dx=uxs[0];
            js2u__Dx=uxs[1];
            js2x=js0x__min;
            js2Cin = (1-NatMath.exp((js2t*(-1))));
            interruptCheck();
            betas[0]=0;
            gammas[0]=(js2v-realVal(JSuOut));
            betas[1]=0;
            gammas[1]=(js2u-(js2Cin+realVal(JSvOut)));
        }
        public void common_RHB__v(double t,double[] us,double[] f1s,double[] f2s,double[] f3s) throws Xcept {
            js2t=t;
            js2v=us[0];
            js2u=us[1];
            js2x=js0x__max;
            interruptCheck();
            f1s[0]=0;
            f2s[0]=1;
            f3s[0]=0;
            f1s[1]=0;
            f2s[1]=1;
            f3s[1]=0;
        }
        public void Toms731_RHB__v(double t,double[] us,double[] uxs,double[] betas,double[] gammas) throws Xcept {
            js2t=t;
            js2v=us[0];
            js2u=us[1];
            js2v__Dx=uxs[0];
            js2u__Dx=uxs[1];
            js2x=js0x__max;
            interruptCheck();
            betas[0]=1;
            gammas[0]=0;
            betas[1]=1;
            gammas[1]=0;
        }
        
        // ctxt methods for F&P
    }
     
}


