==== Planner Log ====
Plan options=[maxBuildTime=120, maxImplicitBlock=10, initNaN=false, abortNaN=false, traceNaN=false, traceVars=, ignoreAllOverspec=false, ignoreAllUnderspec=false]
Loading Variables
  add var: realDomain t
  add var: real t.min
  add var: real t.max
  add var: int t.ct
  add var: real t.delta
  add var: real a
  add var: real v(t)
Loading Constraints
  t.min=0 :: [t.min]
  t.max=6 :: [t.max]
  t.delta=2 :: [t.delta]
  a=12 :: [a]
  fill.1[a, v@t]
Input      phase completed with 0 errors, 0 warnings.

Toolbox phase starting ...
  add tool: domain t
  add tool: procedure fill.1[a, v@t]
Toolbox phase - cycle 1:
  check eqn: t.min=0; [t.min]
  add tool: t.min=0
  check eqn: t.max=6; [t.max]
  add tool: t.max=6
  check eqn: t.delta=2; [t.delta]
  add tool: t.delta=2
  add tool: t.ct=(t.max-t.min)/t.delta+1.5
  check eqn: a=12; [a]
  add tool: a=12
Toolbox phase - all cycles completed
Toolbox    phase completed with 0 errors, 0 warnings.

Sequencing phase starting ...
Tools to sequence:
  procedure fill.1[a, v@t] :: [v]<<[a]
  a=12 :: [a]<<[]
  t.delta=2 :: [t.delta]<<[]
  t.ct=(t.max-t.min)/t.delta+1.5 :: [t.ct]<<[t.max, t.min, t.delta]
  t.max=6 :: [t.max]<<[]
  t.min=0 :: [t.min]<<[]
  domain t :: [t]<<[t.min, t.max, t.ct, t.delta]
Events to seqence:
Relations to sequence:
Creating vuTools map ...
Adding reuse & query tools ...
Creating MainGraph ...
loopOrder=[t]
  addNode v seqLoops=() phase=main fft=null
  addNode a seqLoops=() phase=main fft=null
  addNode t.delta seqLoops=() phase=main fft=null
  addNode t.ct seqLoops=() phase=main fft=null
  addNode t.max seqLoops=() phase=main fft=null
  addNode t.min seqLoops=() phase=main fft=null
  addNode t seqLoops=() phase=main fft=null
Saving graph pullfinder
Building mainline block ...
Mainline block graph:
building block for phase main
  adding a=12 to main
  adding t.delta=2 to main
  adding t.max=6 to main
  adding t.min=0 to main
  adding t.ct=(t.max-t.min)/t.delta+1.5 to main
  adding domain t to main
  adding procedure fill.1[a, v@t] to main
Sequencing phase completed with 0 errors, 0 warnings.

==== Main Calculation Block ====
main
  a=12
  t.delta=2
  t.max=6
  t.min=0
  t.ct=(t.max-t.min)/t.delta+1.5
  domain t
  procedure fill.1[a, v@t]

