==== Planner Log ====
Plan options=[maxBuildTime=120, maxImplicitBlock=10, initNaN=false, abortNaN=false, traceNaN=false, traceVars=, ignoreAllOverspec=false, ignoreAllUnderspec=false, splitBlocks=false, parallelize=false]
Loading Variables
  add var: realDomain t
  add var: real t.min
  add var: real t.max
  add var: int t.ct
  add var: real t.delta
  add var: realState r(t)
  add var: intState i(t)
Loading Constraints
  t.min=0 :: [t.min]
  t.max=10 :: [t.max]
  t.delta=1 :: [t.delta]
  when (t=t.min) r=1.5 :: [r(t.min)]
  when (t=t.min) i=2 :: [i(t.min)]
  event(t>3) [r:=r+1.5, i:=i+1]
Input      phase completed with 0 errors, 0 warnings.

Toolbox phase starting ...
  add tool: domain t
  add tool: state r
  add tool: state i
Toolbox phase - cycle 1:
  check eqn: t.min=0; [t.min]
  add tool: t.min=0
  check eqn: t.max=10; [t.max]
  add tool: t.max=10
  check eqn: t.delta=1; [t.delta]
  add tool: t.delta=1
  add tool: t.ct=(t.max-t.min)/t.delta+1.5
  check eqn: when (t=t.min) r=1.5; [r(t.min)]
  add tool: r(t.min)=1.5
    r is now entirely solved
  check eqn: when (t=t.min) i=2; [i(t.min)]
  add tool: i(t.min)=2
    i is now entirely solved
Toolbox phase - all cycles completed
Toolbox    phase completed with 0 errors, 0 warnings.

Sequencing phase starting ...
Tools to sequence:
  @t state i :: [i]<<[i(t.min)]
  @t state r :: [r]<<[r(t.min)]
  t.delta=1 :: [t.delta]<<[]
  t.ct=(t.max-t.min)/t.delta+1.5 :: [t.ct]<<[t.max, t.min, t.delta]
  t.max=10 :: [t.max]<<[]
  t.min=0 :: [t.min]<<[]
  domain t :: [t]<<[t.min, t.max, t.ct, t.delta]
  i(t.min)=2 :: [i(t.min)]<<[]
  r(t.min)=1.5 :: [r(t.min)]<<[]
Events to seqence:
  @t event(t>3) [r:=r+1.5, i:=i+1] :: [r, i]<<[t, r, i]
Relations to sequence:
Creating vuTools map ...
Adding reuse & query tools ...
Creating MainGraph ...
loopOrder=[t]
  addNode i seqLoops=(t) phase=t#1 fft=t
  addNode r seqLoops=(t) phase=t#1 fft=t
  addNode t.delta seqLoops=() phase=main fft=null
  addNode t.ct seqLoops=() phase=main fft=null
  addNode t.max seqLoops=() phase=main fft=null
  addNode t.min seqLoops=() phase=main fft=null
  addNode t seqLoops=() phase=main fft=null
  addNode i(t.min) seqLoops=() phase=main fft=null
  addNode r(t.min) seqLoops=() phase=main fft=null
  addNode event-1[r, i] seqLoops=(t) phase=t#1 fft=null
Saving graph pullfinder
Building mainline block ...
Mainline block graph:
building block for phase main
  adding t.delta=1 to main
  adding t.max=10 to main
  adding t.min=0 to main
  adding t.ct=(t.max-t.min)/t.delta+1.5 to main
  adding domain t to main
  adding i(t.min)=2 to main
  adding r(t.min)=1.5 to main
  subphase t#1 entryEdge=null
building block for phase t#1
  adding event(t>3) [r:=r+1.5, i:=i+1] to loop-t
  adding state i to loop-t
  adding state r to loop-t
  adding loop-t to main
Sequencing phase completed with 0 errors, 0 warnings.

==== Main Calculation Block ====
main
  t.delta=1
  t.max=10
  t.min=0
  t.ct=(t.max-t.min)/t.delta+1.5
  domain t
  i(t.min)=2
  r(t.min)=1.5
  loop-t
    event(t>3) [r:=r+1.5, i:=i+1]
    state i
    state r

