==== Planner Log ====
Plan options=[maxBuildTime=120, maxImplicitBlock=10, initNaN=false, abortNaN=false, traceNaN=false, traceVars=, ignoreAllOverspec=false, ignoreAllUnderspec=false, splitBlocks=false, parallelize=false]
Loading Variables
  add var: realDomain t
  add var: real t.min
  add var: real t.max
  add var: int t.ct
  add var: real t.delta
  add var: real a
  add var: real u(t)
  add var: real w(t)
Loading Constraints
  t.min=0 :: [t.min]
  t.max=1 :: [t.max]
  t.delta=.1 :: [t.delta]
  a=.1 :: [a]
  u=(t^2) :: [u, t]
  w=u(a) :: [w, a, u(t.expr)*]
Input      phase completed with 0 errors, 0 warnings.

Toolbox phase starting ...
  add tool: domain t
Toolbox phase - cycle 1:
  check eqn: t.min=0; [t.min]
  add tool: t.min=0
  check eqn: t.max=1; [t.max]
  add tool: t.max=1
  check eqn: t.delta=.1; [t.delta]
  add tool: t.delta=.1
  add tool: t.ct=(t.max-t.min)/t.delta+1.5
  check eqn: a=.1; [a]
  add tool: a=.1
  check eqn: u=(t^2); [u]
  add tool: u=t^2
  check eqn: w=u(a); [w]
  add tool: w=u(a)
Toolbox phase - all cycles completed
Toolbox    phase completed with 0 errors, 0 warnings.

Sequencing phase starting ...
Tools to sequence:
  @t w=u(a) :: [w]<<[a, u(t.expr)*]
  @t u=t^2 :: [u]<<[t]
  a=.1 :: [a]<<[]
  t.delta=.1 :: [t.delta]<<[]
  t.ct=(t.max-t.min)/t.delta+1.5 :: [t.ct]<<[t.max, t.min, t.delta]
  t.max=1 :: [t.max]<<[]
  t.min=0 :: [t.min]<<[]
  domain t :: [t]<<[t.min, t.max, t.ct, t.delta]
Events to seqence:
Relations to sequence:
Creating vuTools map ...
Adding reuse & query tools ...
  adding query tool: query [u(t.expr)*]<<[u]
Creating MainGraph ...
loopOrder=[t]
  addNode w seqLoops=(t) phase=t#1 fft=null
  addNode u seqLoops=(t) phase=t#1 fft=null
  addNode a seqLoops=() phase=main fft=null
  addNode t.delta seqLoops=() phase=main fft=null
  addNode t.ct seqLoops=() phase=main fft=null
  addNode t.max seqLoops=() phase=main fft=null
  addNode t.min seqLoops=() phase=main fft=null
  addNode t seqLoops=() phase=main fft=null
  addNode u(t.expr) seqLoops=() phase=main fft=null
Saving graph pullfinder
Saving graph pullfinder
Building mainline block ...
Mainline block graph:
building block for phase main
  adding a=.1 to main
  adding t.delta=.1 to main
  adding t.max=1 to main
  adding t.min=0 to main
  adding t.ct=(t.max-t.min)/t.delta+1.5 to main
  adding domain t to main
  subphase t#1 entryEdge=null
building block for phase t#1
  adding u=t^2 to loop-t
  adding loop-t to main
  subphase t#2 entryEdge=u(t.expr)->w
  adding query [u(t.expr)*] to main
  subphase t#2 entryEdge=null
building block for phase t#2
  adding w=u(a) to loop-t
  adding loop-t to main
Sequencing phase completed with 0 errors, 0 warnings.

==== Main Calculation Block ====
main
  a=.1
  t.delta=.1
  t.max=1
  t.min=0
  t.ct=(t.max-t.min)/t.delta+1.5
  domain t
  loop-t
    u=t^2
  query [u(t.expr)*]
  loop-t
    w=u(a)

