==== Planner Log ====
Plan options=[maxBuildTime=120, maxImplicitBlock=10, initNaN=false, abortNaN=false, traceNaN=false, traceVars=, ignoreAllOverspec=false, ignoreAllUnderspec=false, splitBlocks=false, parallelize=false]
Loading Variables
  add var: realDomain t
  add var: real t.min
  add var: real t.max
  add var: int t.ct
  add var: real t.delta
  add var: real u(t)
  add var: real u1(t)
  add var: real v
Loading Constraints
  t.min=0 :: [t.min]
  t.max=6 :: [t.max]
  t.delta=2 :: [t.delta]
  u=(t*t) :: [u, t]
  u1=u(6-t) :: [u1, t, u(t.xexpr)*]
  v=mysum.1[u(6-t)@t] :: [v, t.min*, u(t.expr)*, t.max*]
Input      phase completed with 0 errors, 0 warnings.

Toolbox phase starting ...
  add tool: domain t
Toolbox phase - cycle 1:
  check eqn: t.min=0; [t.min]
  add tool: t.min=0
  check eqn: t.max=6; [t.max]
  add tool: t.max=6
  check eqn: t.delta=2; [t.delta]
  add tool: t.delta=2
  add tool: t.ct=(t.max-t.min)/t.delta+1.5
  check eqn: u=(t*t); [u]
  add tool: u=t*t
  check eqn: u1=u(6-t); [u1]
  add tool: u1=u(6-t)
  check eqn: v=mysum.1[u(6-t)@t]; [v]
  add tool: v=mysum.1[u(6-t)@t]
Toolbox phase - all cycles completed
Toolbox    phase completed with 0 errors, 0 warnings.

Sequencing phase starting ...
Tools to sequence:
  v=mysum.1[u(6-t)@t] :: [v]<<[t.min*, u(t.expr)*, t.max*]
  @t u1=u(6-t) :: [u1]<<[t, u(t.xexpr)*]
  @t u=t*t :: [u]<<[t]
  t.delta=2 :: [t.delta]<<[]
  t.ct=(t.max-t.min)/t.delta+1.5 :: [t.ct]<<[t.max, t.min, t.delta]
  t.max=6 :: [t.max]<<[]
  t.min=0 :: [t.min]<<[]
  domain t :: [t]<<[t.min, t.max, t.ct, t.delta]
Events to seqence:
Relations to sequence:
Creating vuTools map ...
Adding reuse & query tools ...
  adding query tool: query [u(t.xexpr)*]<<[u]
  adding query tool: query [u(t.expr)*]<<[u]
Creating MainGraph ...
loopOrder=[t]
  addNode v seqLoops=() phase=main fft=null
  addNode u1 seqLoops=(t) phase=t#1 fft=null
  addNode u seqLoops=(t) phase=t#1 fft=null
  addNode t.delta seqLoops=() phase=main fft=null
  addNode t.ct seqLoops=() phase=main fft=null
  addNode t.max seqLoops=() phase=main fft=null
  addNode t.min seqLoops=() phase=main fft=null
  addNode t seqLoops=() phase=main fft=null
  addNode u(t.xexpr) seqLoops=(t) phase=t#1 fft=null
  addNode u(t.expr) seqLoops=() phase=main fft=null
Saving graph pullfinder
Building mainline block ...
Mainline block graph:
building block for phase main
  adding t.delta=2 to main
  adding t.max=6 to main
  adding t.min=0 to main
  adding t.ct=(t.max-t.min)/t.delta+1.5 to main
  adding domain t to main
  subphase t#1 entryEdge=null
building block for phase t#1
  adding u=t*t to loop-t
  adding query [u(t.xexpr)*] to loop-t
  adding u1=u(6-t) to loop-t
  adding loop-t to main
  adding query [u(t.expr)*] to main
  adding v=mysum.1[u(6-t)@t] to main
Sequencing phase completed with 0 errors, 0 warnings.

==== Main Calculation Block ====
main
  t.delta=2
  t.max=6
  t.min=0
  t.ct=(t.max-t.min)/t.delta+1.5
  domain t
  loop-t
    u=t*t
    query [u(t.xexpr)*]
    u1=u(6-t)
  query [u(t.expr)*]
  v=mysum.1[u(6-t)@t]

