==== Planner Log ====
Plan options=[maxBuildTime=120, maxImplicitBlock=10, initNaN=false, abortNaN=false, traceNaN=false, traceVars=, ignoreAllOverspec=false, ignoreAllUnderspec=false]
Loading Variables
  add var: realDomain t
  add var: real t.min
  add var: real t.max
  add var: int t.ct
  add var: real t.delta
  add var: realDomain x
  add var: real x.min
  add var: real x.max
  add var: int x.ct
  add var: real x.delta
  add var: real u(t,x)
  add var: real B
  add var: real D(x)
  add var: real S
  add var: real u:x(t,x)
  add var: real u:t(t,x)
  add var: real u:x:x(t,x)
Loading Constraints
  t.min=0 :: [t.min]
  t.max=5 :: [t.max]
  t.delta=1 :: [t.delta]
  x.min=0 :: [x.min]
  x.max=1 :: [x.max]
  x.delta=.1 :: [x.delta]
  when (t=t.min) u=0 :: [u(t.min)]
  B=1 :: [B]
  D=(x+1) :: [D, x]
  S=0 :: [S]
  when (x=x.min) u=t :: [u(x.min), t]
  when (x=x.max) u:x=0 :: [u:x(x.max)]
  u:t=(D*u:x:x-B*u:x+S) :: [u:t, D, u:x:x, B, u:x, S]
Input      phase completed with 0 errors, 0 warnings.

Toolbox phase starting ...
  add tool: domain t
  add tool: domain x
Toolbox phase - cycle 1:
  check eqn: t.min=0; [t.min]
  add tool: t.min=0
  check eqn: t.max=5; [t.max]
  add tool: t.max=5
  check eqn: t.delta=1; [t.delta]
  add tool: t.delta=1
  add tool: t.ct=(t.max-t.min)/t.delta+1.5
  check eqn: x.min=0; [x.min]
  add tool: x.min=0
  check eqn: x.max=1; [x.max]
  add tool: x.max=1
  check eqn: x.delta=.1; [x.delta]
  add tool: x.delta=.1
  add tool: x.ct=(x.max-x.min)/x.delta+1.5
  check eqn: when (t=t.min) u=0; [u(t.min)]
  add tool: u(t.min)=0
  check eqn: B=1; [B]
  add tool: B=1
  check eqn: D=(x+1); [D]
  add tool: D=x+1
  check eqn: S=0; [S]
  add tool: S=0
  check eqn: when (x=x.min) u=t; [u(x.min)]
  add tool: u(x.min)=t
  check eqn: when (x=x.max) u:x=0; [u:x(x.max)]
  add tool: u:x(x.max)=0
  check eqn: u:t=(D*u:x:x-B*u:x+S); [u:t, u:x:x]
  add tool: PDE u: []
  updated PDE(u) with u(t.min)=0
  updated PDE(u) with u(x.min)=t
  updated PDE(u) with u:x(x.max)=0
Toolbox phase - cycle 1:
  check eqn: u:t=(D*u:x:x-B*u:x+S); [u:t, u:x:x]
Toolbox phase - cycle 2:
Toolbox phase - cycle 3:
  updated PDE(u) with u:t=(D*u:x:x-B*u:x+S)
    u is now entirely solved
Toolbox phase - cycle 1:
Toolbox phase - all cycles completed
  add var: real u__init(x)
  add tool: u__init=0
PDE(u) factors:  D=D*(-1)*(-1) P=(B*u:x*(-1)+S)*(-1)*(-1) B=B*(-1)*(-1)*(-1)*(-1) S=S*(-1)*(-1)
  LHBC F1=1 F2=0 F3=t*(-1)*(-1)
  RHBC F1=0 F2=1 F3=0
  Solver LSFEA unsupported: Diffusion term D*(-1)*(-1) has spatial dependency
  Solver MacCormack supported
  Solver Toms731 supported
  checking PDE(u) D=D*(-1)*(-1) for differentiability ...
  adding variable D:x
  add var: real D:x(x)
  add tool: D:x=1
  setting Dx=0+(0+D:x*(-1))*(-1)
  adding DETool vreq: [D:x]
  Tom731  C=1 Q=D:x*(-1)*(-1)*u:x-(B*u:x*(-1)+S) R=D*u:x
  Toms731 LHBC:  Beta=0 Gamma=0
  Toms731 RHBC:  Beta=1 Gamma=1
Toolbox    phase completed with 0 errors, 0 warnings.

Sequencing phase starting ...
Tools to sequence:
  @x D:x=1 :: [D:x]<<[]
  @x u__init=0 :: [u__init]<<[]
  S=0 :: [S]<<[]
  @x D=x+1 :: [D]<<[x]
  B=1 :: [B]<<[]
  @t PDE-1D u: u:t=(D*u:x:x-B*u:x+S) :: [u, u(t.max), u(x.max), u(x.min)]<<[D, B, S, t, u(t.min), D:x]
  x.delta=.1 :: [x.delta]<<[]
  x.ct=(x.max-x.min)/x.delta+1.5 :: [x.ct]<<[x.max, x.min, x.delta]
  x.max=1 :: [x.max]<<[]
  x.min=0 :: [x.min]<<[]
  domain x :: [x]<<[x.min, x.max, x.ct, x.delta]
  t.delta=1 :: [t.delta]<<[]
  t.ct=(t.max-t.min)/t.delta+1.5 :: [t.ct]<<[t.max, t.min, t.delta]
  t.max=5 :: [t.max]<<[]
  t.min=0 :: [t.min]<<[]
  domain t :: [t]<<[t.min, t.max, t.ct, t.delta]
  @x u(t.min)=u__init :: [u(t.min)]<<[u__init]
Events to seqence:
Relations to sequence:
Creating vuTools map ...
Adding reuse & query tools ...
Creating MainGraph ...
loopOrder=[t, x]
  addNode D:x seqLoops=(x) phase=x#1 fft=null
  addNode u__init seqLoops=(x) phase=x#1 fft=null
  addNode S seqLoops=() phase=main fft=null
  addNode D seqLoops=(x) phase=x#1 fft=null
  addNode B seqLoops=() phase=main fft=null
  addNode u seqLoops=(t) phase=t#1 fft=t
  addNode x.delta seqLoops=() phase=main fft=null
  addNode x.ct seqLoops=() phase=main fft=null
  addNode x.max seqLoops=() phase=main fft=null
  addNode x.min seqLoops=() phase=main fft=null
  addNode x seqLoops=() phase=main fft=null
  addNode t.delta seqLoops=() phase=main fft=null
  addNode t.ct seqLoops=() phase=main fft=null
  addNode t.max seqLoops=() phase=main fft=null
  addNode t.min seqLoops=() phase=main fft=null
  addNode t seqLoops=() phase=main fft=null
  addNode u(t.min) seqLoops=(x) phase=x#1 fft=null
Saving graph pullfinder
Building mainline block ...
Mainline block graph:
building block for phase main
  adding S=0 to main
  adding B=1 to main
  adding x.delta=.1 to main
  adding x.max=1 to main
  adding x.min=0 to main
  adding t.delta=1 to main
  adding t.max=5 to main
  adding t.min=0 to main
  adding x.ct=(x.max-x.min)/x.delta+1.5 to main
  adding domain x to main
  adding t.ct=(t.max-t.min)/t.delta+1.5 to main
  adding domain t to main
  subphase x#1 entryEdge=null
building block for phase x#1
  adding D:x=1 to loop-x
  adding u__init=0 to loop-x
  adding D=x+1 to loop-x
  adding u(t.min)=u__init to loop-x
  adding loop-x to main
  subphase t#1 entryEdge=null
building block for phase t#1
  adding PDE Block-t(x) [u] to loop-t
  adding loop-t to main
Building PDE Block-t(x) [u] ...
PDE solver LSFEA: Diffusion term D*(-1)*(-1) has spatial dependency
PDE solver MacCormack: supported
PDE solver Toms731: supported
  adding muTool D=x+1
  adding muVar D
  adding D=x+1 to PDE Block-t(x) [u]
Building PDE BC x=x.min [u] ...
Building PDE BC x=x.max [u] ...
Sequencing phase completed with 0 errors, 0 warnings.

==== Main Calculation Block ====
main
  S=0
  B=1
  x.delta=.1
  x.max=1
  x.min=0
  t.delta=1
  t.max=5
  t.min=0
  x.ct=(x.max-x.min)/x.delta+1.5
  domain x
  t.ct=(t.max-t.min)/t.delta+1.5
  domain t
  loop-x
    D:x=1
    u__init=0
    D=x+1
    u(t.min)=u__init
  loop-t
    PDE Block-t(x) vmus=[t, x, u, D]
      D=x+1
      PDE BC x=x.min vmus=[t, u]
      PDE BC x=x.max vmus=[t, u]

