<?xml version="1.0" encoding="UTF-8"?>
<html xmlns="http://www.w3.org/1999/xhtml">
  <body>
    <p>
      <math xmlns="http://www.w3.org/1998/Math/MathML">
        <apply>
          <eq/>
          <ci>a</ci>
          <cn>.5</cn>
        </apply>
      </math>
    </p>
    <p>
      <math xmlns="http://www.w3.org/1998/Math/MathML">
        <apply>
          <eq/>
          <ci>b</ci>
          <cn>1</cn>
        </apply>
      </math>
    </p>
    <p>
      <math xmlns="http://www.w3.org/1998/Math/MathML">
        <apply>
          <eq/>
          <ci>t1</ci>
          <apply>
            <sin/>
            <ci>a</ci>
          </apply>
        </apply>
      </math>
    </p>
    <p>
      <math xmlns="http://www.w3.org/1998/Math/MathML">
        <apply>
          <eq/>
          <ci>t2</ci>
          <apply>
            <cos/>
            <ci>a</ci>
          </apply>
        </apply>
      </math>
    </p>
    <p>
      <math xmlns="http://www.w3.org/1998/Math/MathML">
        <apply>
          <eq/>
          <ci>t3</ci>
          <apply>
            <tan/>
            <ci>a</ci>
          </apply>
        </apply>
      </math>
    </p>
    <p>
      <math xmlns="http://www.w3.org/1998/Math/MathML">
        <apply>
          <eq/>
          <ci>t4</ci>
          <apply>
            <arcsin/>
            <ci>a</ci>
          </apply>
        </apply>
      </math>
    </p>
    <p>
      <math xmlns="http://www.w3.org/1998/Math/MathML">
        <apply>
          <eq/>
          <ci>t5</ci>
          <apply>
            <arccos/>
            <ci>a</ci>
          </apply>
        </apply>
      </math>
    </p>
    <p>
      <math xmlns="http://www.w3.org/1998/Math/MathML">
        <apply>
          <eq/>
          <ci>t6</ci>
          <apply>
            <arctan/>
            <apply>
              <divide/>
              <ci>a</ci>
              <cn>1</cn>
            </apply>
          </apply>
        </apply>
      </math>
    </p>
    <p>
      <math xmlns="http://www.w3.org/1998/Math/MathML">
        <apply>
          <eq/>
          <ci>h1</ci>
          <apply>
            <sinh/>
            <ci>a</ci>
          </apply>
        </apply>
      </math>
    </p>
    <p>
      <math xmlns="http://www.w3.org/1998/Math/MathML">
        <apply>
          <eq/>
          <ci>h2</ci>
          <apply>
            <cosh/>
            <ci>a</ci>
          </apply>
        </apply>
      </math>
    </p>
    <p>
      <math xmlns="http://www.w3.org/1998/Math/MathML">
        <apply>
          <eq/>
          <ci>h3</ci>
          <apply>
            <tanh/>
            <ci>a</ci>
          </apply>
        </apply>
      </math>
    </p>
    <p>
      <math xmlns="http://www.w3.org/1998/Math/MathML">
        <apply>
          <eq/>
          <ci>h4</ci>
          <apply>
            <arcsinh/>
            <ci>a</ci>
          </apply>
        </apply>
      </math>
    </p>
    <p>
      <math xmlns="http://www.w3.org/1998/Math/MathML">
        <apply>
          <eq/>
          <ci>h5</ci>
          <apply>
            <arccosh/>
            <ci>a</ci>
          </apply>
        </apply>
      </math>
    </p>
    <p>
      <math xmlns="http://www.w3.org/1998/Math/MathML">
        <apply>
          <eq/>
          <ci>h6</ci>
          <apply>
            <arctanh/>
            <ci>a</ci>
          </apply>
        </apply>
      </math>
    </p>
    <p>
      <math xmlns="http://www.w3.org/1998/Math/MathML">
        <apply>
          <eq/>
          <ci>e1</ci>
          <apply>
            <exp/>
            <ci>a</ci>
          </apply>
        </apply>
      </math>
    </p>
    <p>
      <math xmlns="http://www.w3.org/1998/Math/MathML">
        <apply>
          <eq/>
          <ci>e2</ci>
          <apply>
            <log/>
            <ci>a</ci>
          </apply>
        </apply>
      </math>
    </p>
    <p>
      <math xmlns="http://www.w3.org/1998/Math/MathML">
        <apply>
          <eq/>
          <ci>e3</ci>
          <apply>
            <ln/>
            <ci>a</ci>
          </apply>
        </apply>
      </math>
    </p>
    <p>
      <math xmlns="http://www.w3.org/1998/Math/MathML">
        <apply>
          <eq/>
          <ci>e4</ci>
          <apply>
            <root/>
            <ci>a</ci>
          </apply>
        </apply>
      </math>
    </p>
    <p>
      <math xmlns="http://www.w3.org/1998/Math/MathML">
        <apply>
          <eq/>
          <ci>e5</ci>
          <apply>
            <rem/>
            <ci>a</ci>
            <ci>b</ci>
          </apply>
        </apply>
      </math>
    </p>
    <p>
      <math xmlns="http://www.w3.org/1998/Math/MathML">
        <apply>
          <eq/>
          <ci>e6</ci>
          <apply>
            <ceiling/>
            <ci>a</ci>
          </apply>
        </apply>
      </math>
    </p>
    <p>
      <math xmlns="http://www.w3.org/1998/Math/MathML">
        <apply>
          <eq/>
          <ci>e7</ci>
          <apply>
            <floor/>
            <ci>a</ci>
          </apply>
        </apply>
      </math>
    </p>
    <p>
      <math xmlns="http://www.w3.org/1998/Math/MathML">
        <apply>
          <eq/>
          <ci>e8</ci>
          <apply>
            <floor/>
            <apply>
              <plus/>
              <ci>a</ci>
              <cn>.5</cn>
            </apply>
          </apply>
        </apply>
      </math>
    </p>
    <p>
      <math xmlns="http://www.w3.org/1998/Math/MathML">
        <apply>
          <eq/>
          <ci>ab</ci>
          <piecewise>
            <piece>
              <cn>1</cn>
              <apply>
                <gt/>
                <ci>a</ci>
                <cn>0</cn>
              </apply>
            </piece>
            <otherwise>
              <apply>
                <times/>
                <ci>a</ci>
                <cn>-1</cn>
              </apply>
            </otherwise>
          </piecewise>
        </apply>
      </math>
    </p>
  </body>
</html>

